<?xml version="1.0" encoding="UTF-8"?>
<testsuite name="org.thiki.kanban.acceptanceCriteria.AcceptanceCriteriaControllerTest" tests="7" skipped="0" failures="0" errors="0" timestamp="2017-03-03T13:40:52" hostname="wisdom-HP" time="0.698">
  <properties/>
  <testcase name="create_shouldReturn201WhenCreateACSuccessfully" classname="org.thiki.kanban.acceptanceCriteria.AcceptanceCriteriaControllerTest" time="0.116"/>
  <testcase name="resortAcceptanceCriterias" classname="org.thiki.kanban.acceptanceCriteria.AcceptanceCriteriaControllerTest" time="0.167"/>
  <testcase name="loadACById" classname="org.thiki.kanban.acceptanceCriteria.AcceptanceCriteriaControllerTest" time="0.077"/>
  <testcase name="notAllowedIfSummaryIsEmpty" classname="org.thiki.kanban.acceptanceCriteria.AcceptanceCriteriaControllerTest" time="0.041"/>
  <testcase name="loadAcceptanceCriterias" classname="org.thiki.kanban.acceptanceCriteria.AcceptanceCriteriaControllerTest" time="0.102"/>
  <testcase name="deleteAC" classname="org.thiki.kanban.acceptanceCriteria.AcceptanceCriteriaControllerTest" time="0.041"/>
  <testcase name="updateAC" classname="org.thiki.kanban.acceptanceCriteria.AcceptanceCriteriaControllerTest" time="0.146"/>
  <system-out><![CDATA[2017-03-03 21:40:52.044  INFO 6131 --- [    Test worker] o.s.t.c.support.AbstractContextLoader    : Could not detect default resource locations for test class [org.thiki.kanban.TestBase]: no resource found for suffixes {-context.xml, Context.groovy}.
2017-03-03 21:40:52.048  INFO 6131 --- [    Test worker] WebAppIntegrationTestContextBootstrapper : Loaded default TestExecutionListener class names from location [META-INF/spring.factories]: [org.springframework.test.context.web.ServletTestExecutionListener, org.springframework.test.context.support.DirtiesContextBeforeModesTestExecutionListener, org.springframework.test.context.support.DependencyInjectionTestExecutionListener, org.springframework.test.context.support.DirtiesContextTestExecutionListener, org.springframework.test.context.transaction.TransactionalTestExecutionListener, org.springframework.test.context.jdbc.SqlScriptsTestExecutionListener, org.springframework.boot.test.mock.mockito.MockitoTestExecutionListener, org.springframework.boot.test.mock.mockito.ResetMocksTestExecutionListener]
2017-03-03 21:40:52.049  INFO 6131 --- [    Test worker] WebAppIntegrationTestContextBootstrapper : Using TestExecutionListeners: [org.springframework.test.context.web.ServletTestExecutionListener@521beeda, org.springframework.test.context.support.DirtiesContextBeforeModesTestExecutionListener@61356be, org.springframework.test.context.support.DependencyInjectionTestExecutionListener@57b966b0, org.springframework.test.context.support.DirtiesContextTestExecutionListener@1bf6321, org.springframework.test.context.transaction.TransactionalTestExecutionListener@cdf20f2, org.springframework.test.context.jdbc.SqlScriptsTestExecutionListener@10e53171, org.springframework.boot.test.mock.mockito.ResetMocksTestExecutionListener@cf5593b, org.springframework.boot.test.mock.mockito.MockitoTestExecutionListener@762985ef]
21:40:52.067 [http-nio-9120-exec-9] INFO  o.t.k.f.logback.SessionInterceptor - init session:04ab43a7-0017-11e7-af8b-0014781bc25c
2017-03-03 21:40:52.067  INFO 6131 --- [nio-9120-exec-9] o.t.k.f.logback.SessionInterceptor       : init session:04ab43a7-0017-11e7-af8b-0014781bc25c
21:40:52.068 [http-nio-9120-exec-9] INFO  o.t.k.f.s.i.f.SecurityInterceptor - identification start.userName:someone,uri:/kanban/boards/boardId-foo/stages/stages-fooId/cards/card-fooId/acceptanceCriterias
2017-03-03 21:40:52.068  INFO 6131 --- [nio-9120-exec-9] o.t.k.f.s.i.filter.SecurityInterceptor   : identification start.userName:someone,uri:/kanban/boards/boardId-foo/stages/stages-fooId/cards/card-fooId/acceptanceCriterias
21:40:52.068 [http-nio-9120-exec-9] INFO  o.t.k.f.s.a.AuthenticationInterceptor - authentication start.currentURL:/kanban/boards/boardId-foo/stages/stages-fooId/cards/card-fooId/acceptanceCriterias
2017-03-03 21:40:52.068  INFO 6131 --- [nio-9120-exec-9] o.t.k.f.s.a.AuthenticationInterceptor    : authentication start.currentURL:/kanban/boards/boardId-foo/stages/stages-fooId/cards/card-fooId/acceptanceCriterias
21:40:52.088 [http-nio-9120-exec-9] INFO  o.t.k.a.AcceptanceCriteriaService - User someone adds a acceptance criteria in card [card-fooId],the acceptanceCriteria is:{"finished":false,"summary":"AC-summary"}
2017-03-03 21:40:52.088  INFO 6131 --- [nio-9120-exec-9] o.t.k.a.AcceptanceCriteriaService        : User someone adds a acceptance criteria in card [card-fooId],the acceptanceCriteria is:{"finished":false,"summary":"AC-summary"}
21:40:52.098 [http-nio-9120-exec-9] INFO  o.t.k.a.AcceptanceCriteriaService - Saved acceptanceCriteria:{"author":"someone","creationTime":"2017-03-03 21:40:52.096000","finished":false,"id":"fooId","modificationTime":"2017-03-03 21:40:52.096000","sortNumber":9999,"summary":"AC-summary"}
2017-03-03 21:40:52.098  INFO 6131 --- [nio-9120-exec-9] o.t.k.a.AcceptanceCriteriaService        : Saved acceptanceCriteria:{"author":"someone","creationTime":"2017-03-03 21:40:52.096000","finished":false,"id":"fooId","modificationTime":"2017-03-03 21:40:52.096000","sortNumber":9999,"summary":"AC-summary"}
21:40:52.098 [http-nio-9120-exec-9] INFO  o.t.kanban.activity.ActivityService - Recording operation:{"cardId":"card-fooId","detail":"{\"finished\":false,\"id\":\"fooId\",\"summary\":\"AC-summary\"}","operationTypeCode":"004","operationTypeName":"增加验收标准","summary":"AC-summary","userName":"someone"}
2017-03-03 21:40:52.098  INFO 6131 --- [nio-9120-exec-9] o.thiki.kanban.activity.ActivityService  : Recording operation:{"cardId":"card-fooId","detail":"{\"finished\":false,\"id\":\"fooId\",\"summary\":\"AC-summary\"}","operationTypeCode":"004","operationTypeName":"增加验收标准","summary":"AC-summary","userName":"someone"}
21:40:52.102 [http-nio-9120-exec-9] INFO  o.t.k.a.AcceptanceCriteriaResource - build acceptanceCriterias resource.board:boardId-foo,stageId:stages-fooId,cardId:card-fooId,userName:someone
2017-03-03 21:40:52.102  INFO 6131 --- [nio-9120-exec-9] o.t.k.a.AcceptanceCriteriaResource       : build acceptanceCriterias resource.board:boardId-foo,stageId:stages-fooId,cardId:card-fooId,userName:someone
21:40:52.107 [http-nio-9120-exec-9] INFO  o.t.k.a.AcceptanceCriteriaResource - acceptanceCriterias resource build completed.board:boardId-foo,stageId:stages-fooId,cardId:card-fooId,userName:someone
2017-03-03 21:40:52.107  INFO 6131 --- [nio-9120-exec-9] o.t.k.a.AcceptanceCriteriaResource       : acceptanceCriterias resource build completed.board:boardId-foo,stageId:stages-fooId,cardId:card-fooId,userName:someone
21:40:52.111 [http-nio-9120-exec-9] INFO  o.t.k.f.logback.SessionInterceptor - remove sessionId.
2017-03-03 21:40:52.111  INFO 6131 --- [nio-9120-exec-9] o.t.k.f.logback.SessionInterceptor       : remove sessionId.
21:40:52.187 [http-nio-9120-exec-10] INFO  o.t.k.f.logback.SessionInterceptor - init session:04bd9329-0017-11e7-af8b-0014781bc25c
2017-03-03 21:40:52.187  INFO 6131 --- [io-9120-exec-10] o.t.k.f.logback.SessionInterceptor       : init session:04bd9329-0017-11e7-af8b-0014781bc25c
21:40:52.187 [http-nio-9120-exec-10] INFO  o.t.k.f.s.i.f.SecurityInterceptor - identification start.userName:someone,uri:/kanban/boards/boardId-foo/stages/stages-fooId/cards/card-fooId/acceptanceCriterias/sortNumbers
2017-03-03 21:40:52.187  INFO 6131 --- [io-9120-exec-10] o.t.k.f.s.i.filter.SecurityInterceptor   : identification start.userName:someone,uri:/kanban/boards/boardId-foo/stages/stages-fooId/cards/card-fooId/acceptanceCriterias/sortNumbers
21:40:52.187 [http-nio-9120-exec-10] INFO  o.t.k.f.s.a.AuthenticationInterceptor - authentication start.currentURL:/kanban/boards/boardId-foo/stages/stages-fooId/cards/card-fooId/acceptanceCriterias/sortNumbers
2017-03-03 21:40:52.187  INFO 6131 --- [io-9120-exec-10] o.t.k.f.s.a.AuthenticationInterceptor    : authentication start.currentURL:/kanban/boards/boardId-foo/stages/stages-fooId/cards/card-fooId/acceptanceCriterias/sortNumbers
21:40:52.202 [http-nio-9120-exec-10] INFO  o.t.k.a.AcceptanceCriteriaService - Resorting acceptanceCriterias.acceptanceCriterias:[{"finished":false,"id":"acceptanceCriteria-id1","sortNumber":1}, {"finished":false,"id":"acceptanceCriteria-id2","sortNumber":2}],cardId:card-fooId
2017-03-03 21:40:52.202  INFO 6131 --- [io-9120-exec-10] o.t.k.a.AcceptanceCriteriaService        : Resorting acceptanceCriterias.acceptanceCriterias:[{"finished":false,"id":"acceptanceCriteria-id1","sortNumber":1}, {"finished":false,"id":"acceptanceCriteria-id2","sortNumber":2}],cardId:card-fooId
21:40:52.206 [http-nio-9120-exec-10] INFO  o.t.k.a.AcceptanceCriteriaService - Resorted acceptanceCriterias:[{"author":"someone","creationTime":"2017-03-03 21:40:52.176000","finished":false,"id":"acceptanceCriteria-id1","modificationTime":"2017-03-03 21:40:52.176000","sortNumber":1,"summary":"AC-summary-1"}, {"author":"someone","creationTime":"2017-03-03 21:40:52.176000","finished":false,"id":"acceptanceCriteria-id2","modificationTime":"2017-03-03 21:40:52.176000","sortNumber":2,"summary":"AC-summary-2"}]
2017-03-03 21:40:52.206  INFO 6131 --- [io-9120-exec-10] o.t.k.a.AcceptanceCriteriaService        : Resorted acceptanceCriterias:[{"author":"someone","creationTime":"2017-03-03 21:40:52.176000","finished":false,"id":"acceptanceCriteria-id1","modificationTime":"2017-03-03 21:40:52.176000","sortNumber":1,"summary":"AC-summary-1"}, {"author":"someone","creationTime":"2017-03-03 21:40:52.176000","finished":false,"id":"acceptanceCriteria-id2","modificationTime":"2017-03-03 21:40:52.176000","sortNumber":2,"summary":"AC-summary-2"}]
21:40:52.207 [http-nio-9120-exec-10] INFO  o.t.kanban.activity.ActivityService - Recording operation:{"cardId":"card-fooId","detail":"[{\"author\":\"someone\",\"creationTime\":\"2017-03-03 21:40:52.176000\",\"finished\":false,\"id\":\"acceptanceCriteria-id1\",\"modificationTime\":\"2017-03-03 21:40:52.176000\",\"sortNumber\":1,\"summary\":\"AC-summary-1\"}, {\"author\":\"someone\",\"creationTime\":\"2017-03-03 21:40:52.176000\",\"finished\":false,\"id\":\"acceptanceCriteria-id2\",\"modificationTime\":\"2017-03-03 21:40:52.176000\",\"sortNumber\":2,\"summary\":\"AC-summary-2\"}]|[{\"finished\":false,\"id\":\"acceptanceCriteria-id1\",\"sortNumber\":1}, {\"finished\":false,\"id\":\"acceptanceCriteria-id2\",\"sortNumber\":2}]","operationTypeCode":"013","operationTypeName":"重新排序验收标准","summary":"[{\"author\":\"someone\",\"creationTime\":\"2017-03-03 21:40:52.176000\",\"finished\":false,\"id\":\"acceptanceCriteria-id1\",\"modificationTime\":\"2017-03-03 21:40:52.176000\",\"sortNumber\":1,\"summary\":\"AC-summary-1\"}, {\"author\":\"someone\",\"creationTime\":\"2017-03-03 21:40:52.176000\",\"finished\":false,\"id\":\"acceptanceCriteria-id2\",\"modificationTime\":\"2017-03-03 21:40:52.176000\",\"sortNumber\":2,\"summary\":\"AC-summary-2\"}]","userName":"someone"}
2017-03-03 21:40:52.207  INFO 6131 --- [io-9120-exec-10] o.thiki.kanban.activity.ActivityService  : Recording operation:{"cardId":"card-fooId","detail":"[{\"author\":\"someone\",\"creationTime\":\"2017-03-03 21:40:52.176000\",\"finished\":false,\"id\":\"acceptanceCriteria-id1\",\"modificationTime\":\"2017-03-03 21:40:52.176000\",\"sortNumber\":1,\"summary\":\"AC-summary-1\"}, {\"author\":\"someone\",\"creationTime\":\"2017-03-03 21:40:52.176000\",\"finished\":false,\"id\":\"acceptanceCriteria-id2\",\"modificationTime\":\"2017-03-03 21:40:52.176000\",\"sortNumber\":2,\"summary\":\"AC-summary-2\"}]|[{\"finished\":false,\"id\":\"acceptanceCriteria-id1\",\"sortNumber\":1}, {\"finished\":false,\"id\":\"acceptanceCriteria-id2\",\"sortNumber\":2}]","operationTypeCode":"013","operationTypeName":"重新排序验收标准","summary":"[{\"author\":\"someone\",\"creationTime\":\"2017-03-03 21:40:52.176000\",\"finished\":false,\"id\":\"acceptanceCriteria-id1\",\"modificationTime\":\"2017-03-03 21:40:52.176000\",\"sortNumber\":1,\"summary\":\"AC-summary-1\"}, {\"author\":\"someone\",\"creationTime\":\"2017-03-03 21:40:52.176000\",\"finished\":false,\"id\":\"acceptanceCriteria-id2\",\"modificationTime\":\"2017-03-03 21:40:52.176000\",\"sortNumber\":2,\"summary\":\"AC-summary-2\"}]","userName":"someone"}
21:40:52.210 [http-nio-9120-exec-10] INFO  o.t.k.a.AcceptanceCriteriasResource - build acceptanceCriterias resource.acceptanceCriterias:[{"author":"someone","creationTime":"2017-03-03 21:40:52.176000","finished":false,"id":"acceptanceCriteria-id1","modificationTime":"2017-03-03 21:40:52.176000","sortNumber":1,"summary":"AC-summary-1"}, {"author":"someone","creationTime":"2017-03-03 21:40:52.176000","finished":false,"id":"acceptanceCriteria-id2","modificationTime":"2017-03-03 21:40:52.176000","sortNumber":2,"summary":"AC-summary-2"}],boardId:boardId-foo,stageId:stages-fooId,cardId:card-fooId,userName:someone
2017-03-03 21:40:52.210  INFO 6131 --- [io-9120-exec-10] o.t.k.a.AcceptanceCriteriasResource      : build acceptanceCriterias resource.acceptanceCriterias:[{"author":"someone","creationTime":"2017-03-03 21:40:52.176000","finished":false,"id":"acceptanceCriteria-id1","modificationTime":"2017-03-03 21:40:52.176000","sortNumber":1,"summary":"AC-summary-1"}, {"author":"someone","creationTime":"2017-03-03 21:40:52.176000","finished":false,"id":"acceptanceCriteria-id2","modificationTime":"2017-03-03 21:40:52.176000","sortNumber":2,"summary":"AC-summary-2"}],boardId:boardId-foo,stageId:stages-fooId,cardId:card-fooId,userName:someone
21:40:52.210 [http-nio-9120-exec-10] INFO  o.t.k.a.AcceptanceCriteriaResource - build acceptanceCriterias resource.board:boardId-foo,stageId:stages-fooId,cardId:card-fooId,userName:someone
2017-03-03 21:40:52.210  INFO 6131 --- [io-9120-exec-10] o.t.k.a.AcceptanceCriteriaResource       : build acceptanceCriterias resource.board:boardId-foo,stageId:stages-fooId,cardId:card-fooId,userName:someone
21:40:52.214 [http-nio-9120-exec-10] INFO  o.t.k.a.AcceptanceCriteriaResource - acceptanceCriterias resource build completed.board:boardId-foo,stageId:stages-fooId,cardId:card-fooId,userName:someone
2017-03-03 21:40:52.214  INFO 6131 --- [io-9120-exec-10] o.t.k.a.AcceptanceCriteriaResource       : acceptanceCriterias resource build completed.board:boardId-foo,stageId:stages-fooId,cardId:card-fooId,userName:someone
21:40:52.215 [http-nio-9120-exec-10] INFO  o.t.k.a.AcceptanceCriteriaResource - build acceptanceCriterias resource.board:boardId-foo,stageId:stages-fooId,cardId:card-fooId,userName:someone
2017-03-03 21:40:52.215  INFO 6131 --- [io-9120-exec-10] o.t.k.a.AcceptanceCriteriaResource       : build acceptanceCriterias resource.board:boardId-foo,stageId:stages-fooId,cardId:card-fooId,userName:someone
21:40:52.219 [http-nio-9120-exec-10] INFO  o.t.k.a.AcceptanceCriteriaResource - acceptanceCriterias resource build completed.board:boardId-foo,stageId:stages-fooId,cardId:card-fooId,userName:someone
2017-03-03 21:40:52.219  INFO 6131 --- [io-9120-exec-10] o.t.k.a.AcceptanceCriteriaResource       : acceptanceCriterias resource build completed.board:boardId-foo,stageId:stages-fooId,cardId:card-fooId,userName:someone
21:40:52.245 [http-nio-9120-exec-10] INFO  o.t.k.a.AcceptanceCriteriasResource - acceptanceCriterias resource build completed.boardId:boardId-foo,stageId:stages-fooId,cardId:card-fooId,userName:someone
2017-03-03 21:40:52.245  INFO 6131 --- [io-9120-exec-10] o.t.k.a.AcceptanceCriteriasResource      : acceptanceCriterias resource build completed.boardId:boardId-foo,stageId:stages-fooId,cardId:card-fooId,userName:someone
21:40:52.254 [http-nio-9120-exec-10] INFO  o.t.k.f.logback.SessionInterceptor - remove sessionId.
2017-03-03 21:40:52.254  INFO 6131 --- [io-9120-exec-10] o.t.k.f.logback.SessionInterceptor       : remove sessionId.
21:40:52.354 [http-nio-9120-exec-2] INFO  o.t.k.f.logback.SessionInterceptor - init session:04d70e9b-0017-11e7-af8b-0014781bc25c
2017-03-03 21:40:52.354  INFO 6131 --- [nio-9120-exec-2] o.t.k.f.logback.SessionInterceptor       : init session:04d70e9b-0017-11e7-af8b-0014781bc25c
21:40:52.354 [http-nio-9120-exec-2] INFO  o.t.k.f.s.i.f.SecurityInterceptor - identification start.userName:someone,uri:/kanban/boards/boardId-foo/stages/stages-fooId/cards/card-fooId/acceptanceCriterias/fooId
2017-03-03 21:40:52.354  INFO 6131 --- [nio-9120-exec-2] o.t.k.f.s.i.filter.SecurityInterceptor   : identification start.userName:someone,uri:/kanban/boards/boardId-foo/stages/stages-fooId/cards/card-fooId/acceptanceCriterias/fooId
21:40:52.354 [http-nio-9120-exec-2] INFO  o.t.k.f.s.a.AuthenticationInterceptor - authentication start.currentURL:/kanban/boards/boardId-foo/stages/stages-fooId/cards/card-fooId/acceptanceCriterias/fooId
2017-03-03 21:40:52.354  INFO 6131 --- [nio-9120-exec-2] o.t.k.f.s.a.AuthenticationInterceptor    : authentication start.currentURL:/kanban/boards/boardId-foo/stages/stages-fooId/cards/card-fooId/acceptanceCriterias/fooId
21:40:52.356 [http-nio-9120-exec-2] INFO  o.t.k.a.AcceptanceCriteriaService - Loading acceptanceCriteria by Id:fooId
2017-03-03 21:40:52.356  INFO 6131 --- [nio-9120-exec-2] o.t.k.a.AcceptanceCriteriaService        : Loading acceptanceCriteria by Id:fooId
21:40:52.358 [http-nio-9120-exec-2] INFO  o.t.k.a.AcceptanceCriteriaService - Loaded acceptanceCriteria:{"author":"someone","creationTime":"2017-03-03 21:40:52.345000","finished":false,"id":"fooId","modificationTime":"2017-03-03 21:40:52.345000","sortNumber":9999,"summary":"AC-summary"}
2017-03-03 21:40:52.358  INFO 6131 --- [nio-9120-exec-2] o.t.k.a.AcceptanceCriteriaService        : Loaded acceptanceCriteria:{"author":"someone","creationTime":"2017-03-03 21:40:52.345000","finished":false,"id":"fooId","modificationTime":"2017-03-03 21:40:52.345000","sortNumber":9999,"summary":"AC-summary"}
21:40:52.359 [http-nio-9120-exec-2] INFO  o.t.k.a.AcceptanceCriteriaResource - build acceptanceCriterias resource.board:boardId-foo,stageId:stages-fooId,cardId:card-fooId,userName:someone
2017-03-03 21:40:52.359  INFO 6131 --- [nio-9120-exec-2] o.t.k.a.AcceptanceCriteriaResource       : build acceptanceCriterias resource.board:boardId-foo,stageId:stages-fooId,cardId:card-fooId,userName:someone
21:40:52.363 [http-nio-9120-exec-2] INFO  o.t.k.a.AcceptanceCriteriaResource - acceptanceCriterias resource build completed.board:boardId-foo,stageId:stages-fooId,cardId:card-fooId,userName:someone
2017-03-03 21:40:52.363  INFO 6131 --- [nio-9120-exec-2] o.t.k.a.AcceptanceCriteriaResource       : acceptanceCriterias resource build completed.board:boardId-foo,stageId:stages-fooId,cardId:card-fooId,userName:someone
21:40:52.366 [http-nio-9120-exec-2] INFO  o.t.k.f.logback.SessionInterceptor - remove sessionId.
2017-03-03 21:40:52.366  INFO 6131 --- [nio-9120-exec-2] o.t.k.f.logback.SessionInterceptor       : remove sessionId.
21:40:52.430 [http-nio-9120-exec-3] INFO  o.t.k.f.logback.SessionInterceptor - init session:04e2a75c-0017-11e7-af8b-0014781bc25c
2017-03-03 21:40:52.430  INFO 6131 --- [nio-9120-exec-3] o.t.k.f.logback.SessionInterceptor       : init session:04e2a75c-0017-11e7-af8b-0014781bc25c
21:40:52.430 [http-nio-9120-exec-3] INFO  o.t.k.f.s.i.f.SecurityInterceptor - identification start.userName:someone,uri:/kanban/boards/boardId-foo/stages/stages-fooId/cards/card-fooId/acceptanceCriterias
2017-03-03 21:40:52.430  INFO 6131 --- [nio-9120-exec-3] o.t.k.f.s.i.filter.SecurityInterceptor   : identification start.userName:someone,uri:/kanban/boards/boardId-foo/stages/stages-fooId/cards/card-fooId/acceptanceCriterias
21:40:52.430 [http-nio-9120-exec-3] INFO  o.t.k.f.s.a.AuthenticationInterceptor - authentication start.currentURL:/kanban/boards/boardId-foo/stages/stages-fooId/cards/card-fooId/acceptanceCriterias
2017-03-03 21:40:52.430  INFO 6131 --- [nio-9120-exec-3] o.t.k.f.s.a.AuthenticationInterceptor    : authentication start.currentURL:/kanban/boards/boardId-foo/stages/stages-fooId/cards/card-fooId/acceptanceCriterias
21:40:52.440 [http-nio-9120-exec-3] INFO  o.t.k.f.logback.SessionInterceptor - remove sessionId.
2017-03-03 21:40:52.440  INFO 6131 --- [nio-9120-exec-3] o.t.k.f.logback.SessionInterceptor       : remove sessionId.
21:40:52.441 [http-nio-9120-exec-3] INFO  o.t.k.f.logback.SessionInterceptor - init session:04e4550d-0017-11e7-af8b-0014781bc25c
2017-03-03 21:40:52.441  INFO 6131 --- [nio-9120-exec-3] o.t.k.f.logback.SessionInterceptor       : init session:04e4550d-0017-11e7-af8b-0014781bc25c
21:40:52.442 [http-nio-9120-exec-3] INFO  o.t.k.f.s.i.f.SecurityInterceptor - identification start.userName:someone,uri:/kanban/error/invalidParamsException
2017-03-03 21:40:52.442  INFO 6131 --- [nio-9120-exec-3] o.t.k.f.s.i.filter.SecurityInterceptor   : identification start.userName:someone,uri:/kanban/error/invalidParamsException
21:40:52.442 [http-nio-9120-exec-3] INFO  o.t.k.f.s.a.AuthenticationInterceptor - authentication start.currentURL:/kanban/error/invalidParamsException
2017-03-03 21:40:52.442  INFO 6131 --- [nio-9120-exec-3] o.t.k.f.s.a.AuthenticationInterceptor    : authentication start.currentURL:/kanban/error/invalidParamsException
21:40:52.445 [http-nio-9120-exec-3] INFO  o.t.k.f.logback.SessionInterceptor - remove sessionId.
2017-03-03 21:40:52.445  INFO 6131 --- [nio-9120-exec-3] o.t.k.f.logback.SessionInterceptor       : remove sessionId.
21:40:52.474 [http-nio-9120-exec-4] INFO  o.t.k.f.logback.SessionInterceptor - init session:04e95e1e-0017-11e7-af8b-0014781bc25c
2017-03-03 21:40:52.474  INFO 6131 --- [nio-9120-exec-4] o.t.k.f.logback.SessionInterceptor       : init session:04e95e1e-0017-11e7-af8b-0014781bc25c
21:40:52.474 [http-nio-9120-exec-4] INFO  o.t.k.f.s.i.f.SecurityInterceptor - identification start.userName:someone,uri:/kanban/boards/boardId-foo/stages/stages-fooId/cards/card-fooId/acceptanceCriterias
2017-03-03 21:40:52.474  INFO 6131 --- [nio-9120-exec-4] o.t.k.f.s.i.filter.SecurityInterceptor   : identification start.userName:someone,uri:/kanban/boards/boardId-foo/stages/stages-fooId/cards/card-fooId/acceptanceCriterias
21:40:52.474 [http-nio-9120-exec-4] INFO  o.t.k.f.s.a.AuthenticationInterceptor - authentication start.currentURL:/kanban/boards/boardId-foo/stages/stages-fooId/cards/card-fooId/acceptanceCriterias
2017-03-03 21:40:52.474  INFO 6131 --- [nio-9120-exec-4] o.t.k.f.s.a.AuthenticationInterceptor    : authentication start.currentURL:/kanban/boards/boardId-foo/stages/stages-fooId/cards/card-fooId/acceptanceCriterias
21:40:52.475 [http-nio-9120-exec-4] INFO  o.t.k.a.AcceptanceCriteriaService - Loading acceptanceCriterias by cardId.cardId:card-fooId
2017-03-03 21:40:52.475  INFO 6131 --- [nio-9120-exec-4] o.t.k.a.AcceptanceCriteriaService        : Loading acceptanceCriterias by cardId.cardId:card-fooId
21:40:52.477 [http-nio-9120-exec-4] INFO  o.t.k.a.AcceptanceCriteriaService - Loaded acceptanceCriterias:[{"author":"someone","creationTime":"2017-03-03 21:40:52.465000","finished":false,"id":"fooId","modificationTime":"2017-03-03 21:40:52.465000","sortNumber":9999,"summary":"AC-summary"}]
2017-03-03 21:40:52.477  INFO 6131 --- [nio-9120-exec-4] o.t.k.a.AcceptanceCriteriaService        : Loaded acceptanceCriterias:[{"author":"someone","creationTime":"2017-03-03 21:40:52.465000","finished":false,"id":"fooId","modificationTime":"2017-03-03 21:40:52.465000","sortNumber":9999,"summary":"AC-summary"}]
21:40:52.477 [http-nio-9120-exec-4] INFO  o.t.k.a.AcceptanceCriteriasResource - build acceptanceCriterias resource.acceptanceCriterias:[{"author":"someone","creationTime":"2017-03-03 21:40:52.465000","finished":false,"id":"fooId","modificationTime":"2017-03-03 21:40:52.465000","sortNumber":9999,"summary":"AC-summary"}],boardId:boardId-foo,stageId:stages-fooId,cardId:card-fooId,userName:someone
2017-03-03 21:40:52.477  INFO 6131 --- [nio-9120-exec-4] o.t.k.a.AcceptanceCriteriasResource      : build acceptanceCriterias resource.acceptanceCriterias:[{"author":"someone","creationTime":"2017-03-03 21:40:52.465000","finished":false,"id":"fooId","modificationTime":"2017-03-03 21:40:52.465000","sortNumber":9999,"summary":"AC-summary"}],boardId:boardId-foo,stageId:stages-fooId,cardId:card-fooId,userName:someone
21:40:52.477 [http-nio-9120-exec-4] INFO  o.t.k.a.AcceptanceCriteriaResource - build acceptanceCriterias resource.board:boardId-foo,stageId:stages-fooId,cardId:card-fooId,userName:someone
2017-03-03 21:40:52.477  INFO 6131 --- [nio-9120-exec-4] o.t.k.a.AcceptanceCriteriaResource       : build acceptanceCriterias resource.board:boardId-foo,stageId:stages-fooId,cardId:card-fooId,userName:someone
21:40:52.480 [http-nio-9120-exec-4] INFO  o.t.k.a.AcceptanceCriteriaResource - acceptanceCriterias resource build completed.board:boardId-foo,stageId:stages-fooId,cardId:card-fooId,userName:someone
2017-03-03 21:40:52.480  INFO 6131 --- [nio-9120-exec-4] o.t.k.a.AcceptanceCriteriaResource       : acceptanceCriterias resource build completed.board:boardId-foo,stageId:stages-fooId,cardId:card-fooId,userName:someone
21:40:52.484 [http-nio-9120-exec-4] INFO  o.t.k.a.AcceptanceCriteriasResource - acceptanceCriterias resource build completed.boardId:boardId-foo,stageId:stages-fooId,cardId:card-fooId,userName:someone
2017-03-03 21:40:52.484  INFO 6131 --- [nio-9120-exec-4] o.t.k.a.AcceptanceCriteriasResource      : acceptanceCriterias resource build completed.boardId:boardId-foo,stageId:stages-fooId,cardId:card-fooId,userName:someone
21:40:52.489 [http-nio-9120-exec-4] INFO  o.t.k.f.logback.SessionInterceptor - remove sessionId.
2017-03-03 21:40:52.489  INFO 6131 --- [nio-9120-exec-4] o.t.k.f.logback.SessionInterceptor       : remove sessionId.
21:40:52.575 [http-nio-9120-exec-12] INFO  o.t.k.f.logback.SessionInterceptor - init session:04f8c76f-0017-11e7-af8b-0014781bc25c
2017-03-03 21:40:52.575  INFO 6131 --- [io-9120-exec-12] o.t.k.f.logback.SessionInterceptor       : init session:04f8c76f-0017-11e7-af8b-0014781bc25c
21:40:52.575 [http-nio-9120-exec-12] INFO  o.t.k.f.s.i.f.SecurityInterceptor - identification start.userName:someone,uri:/kanban/boards/boardId-foo/stages/stages-fooId/cards/card-fooId/acceptanceCriterias/fooId
2017-03-03 21:40:52.575  INFO 6131 --- [io-9120-exec-12] o.t.k.f.s.i.filter.SecurityInterceptor   : identification start.userName:someone,uri:/kanban/boards/boardId-foo/stages/stages-fooId/cards/card-fooId/acceptanceCriterias/fooId
21:40:52.575 [http-nio-9120-exec-12] INFO  o.t.k.f.s.a.AuthenticationInterceptor - authentication start.currentURL:/kanban/boards/boardId-foo/stages/stages-fooId/cards/card-fooId/acceptanceCriterias/fooId
2017-03-03 21:40:52.575  INFO 6131 --- [io-9120-exec-12] o.t.k.f.s.a.AuthenticationInterceptor    : authentication start.currentURL:/kanban/boards/boardId-foo/stages/stages-fooId/cards/card-fooId/acceptanceCriterias/fooId
21:40:52.577 [http-nio-9120-exec-12] INFO  o.t.k.a.AcceptanceCriteriaService - Remove acceptanceCriteria.acceptanceCriteriaId:fooId,cardId:card-fooId
2017-03-03 21:40:52.577  INFO 6131 --- [io-9120-exec-12] o.t.k.a.AcceptanceCriteriaService        : Remove acceptanceCriteria.acceptanceCriteriaId:fooId,cardId:card-fooId
21:40:52.578 [http-nio-9120-exec-12] INFO  o.t.kanban.activity.ActivityService - Recording operation:{"cardId":"card-fooId","detail":"AC-summary","operationTypeCode":"006","operationTypeName":"更新验收标准","summary":"AC-summary","userName":"someone"}
2017-03-03 21:40:52.578  INFO 6131 --- [io-9120-exec-12] o.thiki.kanban.activity.ActivityService  : Recording operation:{"cardId":"card-fooId","detail":"AC-summary","operationTypeCode":"006","operationTypeName":"更新验收标准","summary":"AC-summary","userName":"someone"}
21:40:52.582 [http-nio-9120-exec-12] INFO  o.t.k.a.AcceptanceCriteriaResource - build acceptanceCriterias resource.board:boardId-foo,stageId:stages-fooId,cardId:card-fooId,userName:someone
2017-03-03 21:40:52.582  INFO 6131 --- [io-9120-exec-12] o.t.k.a.AcceptanceCriteriaResource       : build acceptanceCriterias resource.board:boardId-foo,stageId:stages-fooId,cardId:card-fooId,userName:someone
21:40:52.585 [http-nio-9120-exec-12] INFO  o.t.k.a.AcceptanceCriteriaResource - acceptanceCriterias resource build completed.board:boardId-foo,stageId:stages-fooId,cardId:card-fooId,userName:someone
2017-03-03 21:40:52.585  INFO 6131 --- [io-9120-exec-12] o.t.k.a.AcceptanceCriteriaResource       : acceptanceCriterias resource build completed.board:boardId-foo,stageId:stages-fooId,cardId:card-fooId,userName:someone
21:40:52.591 [http-nio-9120-exec-12] INFO  o.t.k.f.logback.SessionInterceptor - remove sessionId.
2017-03-03 21:40:52.591  INFO 6131 --- [io-9120-exec-12] o.t.k.f.logback.SessionInterceptor       : remove sessionId.
21:40:52.618 [http-nio-9120-exec-11] INFO  o.t.k.f.logback.SessionInterceptor - init session:04ff5721-0017-11e7-af8b-0014781bc25c
2017-03-03 21:40:52.618  INFO 6131 --- [io-9120-exec-11] o.t.k.f.logback.SessionInterceptor       : init session:04ff5721-0017-11e7-af8b-0014781bc25c
21:40:52.618 [http-nio-9120-exec-11] INFO  o.t.k.f.s.i.f.SecurityInterceptor - identification start.userName:someone,uri:/kanban/boards/boardId-foo/stages/stages-fooId/cards/card-fooId/acceptanceCriterias/fooId
2017-03-03 21:40:52.618  INFO 6131 --- [io-9120-exec-11] o.t.k.f.s.i.filter.SecurityInterceptor   : identification start.userName:someone,uri:/kanban/boards/boardId-foo/stages/stages-fooId/cards/card-fooId/acceptanceCriterias/fooId
21:40:52.618 [http-nio-9120-exec-11] INFO  o.t.k.f.s.a.AuthenticationInterceptor - authentication start.currentURL:/kanban/boards/boardId-foo/stages/stages-fooId/cards/card-fooId/acceptanceCriterias/fooId
2017-03-03 21:40:52.618  INFO 6131 --- [io-9120-exec-11] o.t.k.f.s.a.AuthenticationInterceptor    : authentication start.currentURL:/kanban/boards/boardId-foo/stages/stages-fooId/cards/card-fooId/acceptanceCriterias/fooId
21:40:52.625 [http-nio-9120-exec-11] INFO  o.t.k.a.AcceptanceCriteriaService - Update acceptanceCriteria.acceptanceCriteriaId:fooId,acceptanceCriteria:{"finished":true,"summary":"new-AC-summary"},cardId:card-fooId
2017-03-03 21:40:52.625  INFO 6131 --- [io-9120-exec-11] o.t.k.a.AcceptanceCriteriaService        : Update acceptanceCriteria.acceptanceCriteriaId:fooId,acceptanceCriteria:{"finished":true,"summary":"new-AC-summary"},cardId:card-fooId
21:40:52.628 [http-nio-9120-exec-11] INFO  o.t.k.a.AcceptanceCriteriaService - Updated acceptanceCriteria:{"author":"someone","creationTime":"2017-03-03 21:40:52.610000","finished":true,"id":"fooId","modificationTime":"2017-03-03 21:40:52.610000","sortNumber":9999,"summary":"new-AC-summary"}
2017-03-03 21:40:52.628  INFO 6131 --- [io-9120-exec-11] o.t.k.a.AcceptanceCriteriaService        : Updated acceptanceCriteria:{"author":"someone","creationTime":"2017-03-03 21:40:52.610000","finished":true,"id":"fooId","modificationTime":"2017-03-03 21:40:52.610000","sortNumber":9999,"summary":"new-AC-summary"}
21:40:52.684 [http-nio-9120-exec-11] INFO  o.t.kanban.activity.ActivityService - Recording operation:{"cardId":"card-fooId","detail":"DiffNode(state=CHANGED, type=org.thiki.kanban.acceptanceCriteria.AcceptanceCriteria, 5 children, accessed via root element)","operationTypeCode":"005","operationTypeName":"更新验收标准","summary":"DiffNode(state=CHANGED, type=org.thiki.kanban.acceptanceCriteria.AcceptanceCriteria, 5 children, accessed via root element)","userName":"someone"}
2017-03-03 21:40:52.684  INFO 6131 --- [io-9120-exec-11] o.thiki.kanban.activity.ActivityService  : Recording operation:{"cardId":"card-fooId","detail":"DiffNode(state=CHANGED, type=org.thiki.kanban.acceptanceCriteria.AcceptanceCriteria, 5 children, accessed via root element)","operationTypeCode":"005","operationTypeName":"更新验收标准","summary":"DiffNode(state=CHANGED, type=org.thiki.kanban.acceptanceCriteria.AcceptanceCriteria, 5 children, accessed via root element)","userName":"someone"}
21:40:52.687 [http-nio-9120-exec-11] INFO  o.t.kanban.activity.ActivityService - Recording operation:{"cardId":"card-fooId","detail":"DiffNode(state=CHANGED, type=org.thiki.kanban.acceptanceCriteria.AcceptanceCriteria, 5 children, accessed via root element)","id":"05096942-0017-11e7-af8b-0014781bc25c","operationTypeCode":"016","operationTypeName":"卡片任务全部完成","summary":"DiffNode(state=CHANGED, type=org.thiki.kanban.acceptanceCriteria.AcceptanceCriteria, 5 children, accessed via root element)","userName":"someone"}
2017-03-03 21:40:52.687  INFO 6131 --- [io-9120-exec-11] o.thiki.kanban.activity.ActivityService  : Recording operation:{"cardId":"card-fooId","detail":"DiffNode(state=CHANGED, type=org.thiki.kanban.acceptanceCriteria.AcceptanceCriteria, 5 children, accessed via root element)","id":"05096942-0017-11e7-af8b-0014781bc25c","operationTypeCode":"016","operationTypeName":"卡片任务全部完成","summary":"DiffNode(state=CHANGED, type=org.thiki.kanban.acceptanceCriteria.AcceptanceCriteria, 5 children, accessed via root element)","userName":"someone"}
21:40:52.690 [http-nio-9120-exec-11] INFO  o.t.k.a.AcceptanceCriteriaResource - build acceptanceCriterias resource.board:boardId-foo,stageId:stages-fooId,cardId:card-fooId,userName:someone
2017-03-03 21:40:52.690  INFO 6131 --- [io-9120-exec-11] o.t.k.a.AcceptanceCriteriaResource       : build acceptanceCriterias resource.board:boardId-foo,stageId:stages-fooId,cardId:card-fooId,userName:someone
21:40:52.694 [http-nio-9120-exec-11] INFO  o.t.k.a.AcceptanceCriteriaResource - acceptanceCriterias resource build completed.board:boardId-foo,stageId:stages-fooId,cardId:card-fooId,userName:someone
2017-03-03 21:40:52.694  INFO 6131 --- [io-9120-exec-11] o.t.k.a.AcceptanceCriteriaResource       : acceptanceCriterias resource build completed.board:boardId-foo,stageId:stages-fooId,cardId:card-fooId,userName:someone
21:40:52.699 [http-nio-9120-exec-11] INFO  o.t.k.f.logback.SessionInterceptor - remove sessionId.
2017-03-03 21:40:52.699  INFO 6131 --- [io-9120-exec-11] o.t.k.f.logback.SessionInterceptor       : remove sessionId.
]]></system-out>
  <system-err><![CDATA[]]></system-err>
</testsuite>
