<?xml version="1.0" encoding="UTF-8"?>
<testsuite name="org.thiki.kanban.password.PasswordControllerTest" tests="11" skipped="0" failures="0" errors="0" timestamp="2017-03-03T13:40:47" hostname="wisdom-HP" time="0.732">
  <properties/>
  <testcase name="ResetPasswordIsNotAllowedIfTheApplicationHasBeenAlreadyReset" classname="org.thiki.kanban.password.PasswordControllerTest" time="0.076"/>
  <testcase name="verificationCodeWillBeInvalidIfAlreadyBeingUsed" classname="org.thiki.kanban.password.PasswordControllerTest" time="0.055"/>
  <testcase name="verifyVerificationCode" classname="org.thiki.kanban.password.PasswordControllerTest" time="0.062"/>
  <testcase name="NotAllowedIfEmailIsNotProvide" classname="org.thiki.kanban.password.PasswordControllerTest" time="0.075"/>
  <testcase name="resetPassword" classname="org.thiki.kanban.password.PasswordControllerTest" time="0.064"/>
  <testcase name="discardingUnfinishedPasswordRetrievalApplication" classname="org.thiki.kanban.password.PasswordControllerTest" time="0.079"/>
  <testcase name="verificationCodeTimeOut" classname="org.thiki.kanban.password.PasswordControllerTest" time="0.061"/>
  <testcase name="sendVerificationCode" classname="org.thiki.kanban.password.PasswordControllerTest" time="0.059"/>
  <testcase name="NotAllowedIfEmailFormatIsNotExists" classname="org.thiki.kanban.password.PasswordControllerTest" time="0.07"/>
  <testcase name="NotAllowedIfEmailFormatIsNotCorrect" classname="org.thiki.kanban.password.PasswordControllerTest" time="0.06"/>
  <testcase name="VerificationWillBeFailedIfVerificationCodeIsNotCorrect" classname="org.thiki.kanban.password.PasswordControllerTest" time="0.057"/>
  <system-out><![CDATA[2017-03-03 21:40:47.264  INFO 6131 --- [    Test worker] o.s.t.c.support.AbstractContextLoader    : Could not detect default resource locations for test class [org.thiki.kanban.TestBase]: no resource found for suffixes {-context.xml, Context.groovy}.
2017-03-03 21:40:47.269  INFO 6131 --- [    Test worker] WebAppIntegrationTestContextBootstrapper : Loaded default TestExecutionListener class names from location [META-INF/spring.factories]: [org.springframework.test.context.web.ServletTestExecutionListener, org.springframework.test.context.support.DirtiesContextBeforeModesTestExecutionListener, org.springframework.test.context.support.DependencyInjectionTestExecutionListener, org.springframework.test.context.support.DirtiesContextTestExecutionListener, org.springframework.test.context.transaction.TransactionalTestExecutionListener, org.springframework.test.context.jdbc.SqlScriptsTestExecutionListener, org.springframework.boot.test.mock.mockito.MockitoTestExecutionListener, org.springframework.boot.test.mock.mockito.ResetMocksTestExecutionListener]
2017-03-03 21:40:47.269  INFO 6131 --- [    Test worker] WebAppIntegrationTestContextBootstrapper : Using TestExecutionListeners: [org.springframework.test.context.web.ServletTestExecutionListener@6ffbb977, org.springframework.test.context.support.DirtiesContextBeforeModesTestExecutionListener@169d188a, org.springframework.test.context.support.DependencyInjectionTestExecutionListener@79b984b9, org.springframework.test.context.support.DirtiesContextTestExecutionListener@337449e6, org.springframework.test.context.transaction.TransactionalTestExecutionListener@1766efe, org.springframework.test.context.jdbc.SqlScriptsTestExecutionListener@7f516f12, org.springframework.boot.test.mock.mockito.ResetMocksTestExecutionListener@4a78a00d, org.springframework.boot.test.mock.mockito.MockitoTestExecutionListener@5b52ebdd]
21:40:47.295 [http-nio-9120-exec-10] INFO  o.t.k.f.logback.SessionInterceptor - init session:01d31d08-0017-11e7-af8b-0014781bc25c
2017-03-03 21:40:47.295  INFO 6131 --- [io-9120-exec-10] o.t.k.f.logback.SessionInterceptor       : init session:01d31d08-0017-11e7-af8b-0014781bc25c
21:40:47.295 [http-nio-9120-exec-10] INFO  o.t.k.f.s.i.f.SecurityInterceptor - identification start.userName:null,uri:/kanban/tao/password
2017-03-03 21:40:47.295  INFO 6131 --- [io-9120-exec-10] o.t.k.f.s.i.filter.SecurityInterceptor   : identification start.userName:null,uri:/kanban/tao/password
21:40:47.295 [http-nio-9120-exec-10] INFO  o.t.k.f.s.a.AuthenticationInterceptor - authentication start.currentURL:/kanban/tao/password
2017-03-03 21:40:47.295  INFO 6131 --- [io-9120-exec-10] o.t.k.f.s.a.AuthenticationInterceptor    : authentication start.currentURL:/kanban/tao/password
21:40:47.319 [http-nio-9120-exec-10] INFO  o.t.k.f.logback.SessionInterceptor - remove sessionId.
2017-03-03 21:40:47.319  INFO 6131 --- [io-9120-exec-10] o.t.k.f.logback.SessionInterceptor       : remove sessionId.
21:40:47.321 [http-nio-9120-exec-10] INFO  o.t.k.f.logback.SessionInterceptor - init session:01d714a9-0017-11e7-af8b-0014781bc25c
2017-03-03 21:40:47.321  INFO 6131 --- [io-9120-exec-10] o.t.k.f.logback.SessionInterceptor       : init session:01d714a9-0017-11e7-af8b-0014781bc25c
21:40:47.322 [http-nio-9120-exec-10] INFO  o.t.k.f.s.i.f.SecurityInterceptor - identification start.userName:null,uri:/kanban/error/invalidParamsException
2017-03-03 21:40:47.322  INFO 6131 --- [io-9120-exec-10] o.t.k.f.s.i.filter.SecurityInterceptor   : identification start.userName:null,uri:/kanban/error/invalidParamsException
21:40:47.322 [http-nio-9120-exec-10] INFO  o.t.k.f.s.a.AuthenticationInterceptor - authentication start.currentURL:/kanban/error/invalidParamsException
2017-03-03 21:40:47.322  INFO 6131 --- [io-9120-exec-10] o.t.k.f.s.a.AuthenticationInterceptor    : authentication start.currentURL:/kanban/error/invalidParamsException
21:40:47.325 [http-nio-9120-exec-10] INFO  o.t.k.f.logback.SessionInterceptor - remove sessionId.
2017-03-03 21:40:47.325  INFO 6131 --- [io-9120-exec-10] o.t.k.f.logback.SessionInterceptor       : remove sessionId.
21:40:47.372 [http-nio-9120-exec-1] INFO  o.t.k.f.logback.SessionInterceptor - init session:01dedcda-0017-11e7-af8b-0014781bc25c
2017-03-03 21:40:47.372  INFO 6131 --- [nio-9120-exec-1] o.t.k.f.logback.SessionInterceptor       : init session:01dedcda-0017-11e7-af8b-0014781bc25c
21:40:47.372 [http-nio-9120-exec-1] INFO  o.t.k.f.s.i.f.SecurityInterceptor - identification start.userName:null,uri:/kanban/tao/passwordResetApplication
2017-03-03 21:40:47.372  INFO 6131 --- [nio-9120-exec-1] o.t.k.f.s.i.filter.SecurityInterceptor   : identification start.userName:null,uri:/kanban/tao/passwordResetApplication
21:40:47.372 [http-nio-9120-exec-1] INFO  o.t.k.f.s.a.AuthenticationInterceptor - authentication start.currentURL:/kanban/tao/passwordResetApplication
2017-03-03 21:40:47.372  INFO 6131 --- [nio-9120-exec-1] o.t.k.f.s.a.AuthenticationInterceptor    : authentication start.currentURL:/kanban/tao/passwordResetApplication
21:40:47.382 [http-nio-9120-exec-1] INFO  o.t.k.f.logback.SessionInterceptor - remove sessionId.
2017-03-03 21:40:47.382  INFO 6131 --- [nio-9120-exec-1] o.t.k.f.logback.SessionInterceptor       : remove sessionId.
21:40:47.384 [http-nio-9120-exec-1] INFO  o.t.k.f.logback.SessionInterceptor - init session:01e0b19b-0017-11e7-af8b-0014781bc25c
2017-03-03 21:40:47.384  INFO 6131 --- [nio-9120-exec-1] o.t.k.f.logback.SessionInterceptor       : init session:01e0b19b-0017-11e7-af8b-0014781bc25c
21:40:47.384 [http-nio-9120-exec-1] INFO  o.t.k.f.s.i.f.SecurityInterceptor - identification start.userName:null,uri:/kanban/error/invalidParamsException
2017-03-03 21:40:47.384  INFO 6131 --- [nio-9120-exec-1] o.t.k.f.s.i.filter.SecurityInterceptor   : identification start.userName:null,uri:/kanban/error/invalidParamsException
21:40:47.384 [http-nio-9120-exec-1] INFO  o.t.k.f.s.a.AuthenticationInterceptor - authentication start.currentURL:/kanban/error/invalidParamsException
2017-03-03 21:40:47.384  INFO 6131 --- [nio-9120-exec-1] o.t.k.f.s.a.AuthenticationInterceptor    : authentication start.currentURL:/kanban/error/invalidParamsException
21:40:47.389 [http-nio-9120-exec-1] INFO  o.t.k.f.logback.SessionInterceptor - remove sessionId.
2017-03-03 21:40:47.389  INFO 6131 --- [nio-9120-exec-1] o.t.k.f.logback.SessionInterceptor       : remove sessionId.
21:40:47.428 [http-nio-9120-exec-2] INFO  o.t.k.f.logback.SessionInterceptor - init session:01e7685c-0017-11e7-af8b-0014781bc25c
2017-03-03 21:40:47.428  INFO 6131 --- [nio-9120-exec-2] o.t.k.f.logback.SessionInterceptor       : init session:01e7685c-0017-11e7-af8b-0014781bc25c
21:40:47.429 [http-nio-9120-exec-2] INFO  o.t.k.f.s.i.f.SecurityInterceptor - identification start.userName:null,uri:/kanban/tao/passwordResetApplication
2017-03-03 21:40:47.429  INFO 6131 --- [nio-9120-exec-2] o.t.k.f.s.i.filter.SecurityInterceptor   : identification start.userName:null,uri:/kanban/tao/passwordResetApplication
21:40:47.430 [http-nio-9120-exec-2] INFO  o.t.k.f.s.a.AuthenticationInterceptor - authentication start.currentURL:/kanban/tao/passwordResetApplication
2017-03-03 21:40:47.430  INFO 6131 --- [nio-9120-exec-2] o.t.k.f.s.a.AuthenticationInterceptor    : authentication start.currentURL:/kanban/tao/passwordResetApplication
21:40:47.454 [http-nio-9120-exec-2] INFO  o.t.k.f.logback.SessionInterceptor - remove sessionId.
2017-03-03 21:40:47.454  INFO 6131 --- [nio-9120-exec-2] o.t.k.f.logback.SessionInterceptor       : remove sessionId.
21:40:47.486 [http-nio-9120-exec-3] INFO  o.t.k.f.logback.SessionInterceptor - init session:01f041fd-0017-11e7-af8b-0014781bc25c
2017-03-03 21:40:47.486  INFO 6131 --- [nio-9120-exec-3] o.t.k.f.logback.SessionInterceptor       : init session:01f041fd-0017-11e7-af8b-0014781bc25c
21:40:47.507 [http-nio-9120-exec-3] INFO  o.t.k.f.s.i.f.SecurityInterceptor - identification start.userName:null,uri:/kanban/passwordRetrievalApplication
2017-03-03 21:40:47.507  INFO 6131 --- [nio-9120-exec-3] o.t.k.f.s.i.filter.SecurityInterceptor   : identification start.userName:null,uri:/kanban/passwordRetrievalApplication
21:40:47.508 [http-nio-9120-exec-3] INFO  o.t.k.f.s.a.AuthenticationInterceptor - authentication start.currentURL:/kanban/passwordRetrievalApplication
2017-03-03 21:40:47.508  INFO 6131 --- [nio-9120-exec-3] o.t.k.f.s.a.AuthenticationInterceptor    : authentication start.currentURL:/kanban/passwordRetrievalApplication
21:40:47.521 [http-nio-9120-exec-3] INFO  o.t.k.f.logback.SessionInterceptor - remove sessionId.
2017-03-03 21:40:47.521  INFO 6131 --- [nio-9120-exec-3] o.t.k.f.logback.SessionInterceptor       : remove sessionId.
21:40:47.523 [http-nio-9120-exec-3] INFO  o.t.k.f.logback.SessionInterceptor - init session:01f5e74e-0017-11e7-af8b-0014781bc25c
2017-03-03 21:40:47.523  INFO 6131 --- [nio-9120-exec-3] o.t.k.f.logback.SessionInterceptor       : init session:01f5e74e-0017-11e7-af8b-0014781bc25c
21:40:47.524 [http-nio-9120-exec-3] INFO  o.t.k.f.s.i.f.SecurityInterceptor - identification start.userName:null,uri:/kanban/error/invalidParamsException
2017-03-03 21:40:47.524  INFO 6131 --- [nio-9120-exec-3] o.t.k.f.s.i.filter.SecurityInterceptor   : identification start.userName:null,uri:/kanban/error/invalidParamsException
21:40:47.525 [http-nio-9120-exec-3] INFO  o.t.k.f.s.a.AuthenticationInterceptor - authentication start.currentURL:/kanban/error/invalidParamsException
2017-03-03 21:40:47.525  INFO 6131 --- [nio-9120-exec-3] o.t.k.f.s.a.AuthenticationInterceptor    : authentication start.currentURL:/kanban/error/invalidParamsException
21:40:47.528 [http-nio-9120-exec-3] INFO  o.t.k.f.logback.SessionInterceptor - remove sessionId.
2017-03-03 21:40:47.528  INFO 6131 --- [nio-9120-exec-3] o.t.k.f.logback.SessionInterceptor       : remove sessionId.
21:40:47.566 [http-nio-9120-exec-4] INFO  o.t.k.f.logback.SessionInterceptor - init session:01fc76ff-0017-11e7-af8b-0014781bc25c
2017-03-03 21:40:47.566  INFO 6131 --- [nio-9120-exec-4] o.t.k.f.logback.SessionInterceptor       : init session:01fc76ff-0017-11e7-af8b-0014781bc25c
21:40:47.566 [http-nio-9120-exec-4] INFO  o.t.k.f.s.i.f.SecurityInterceptor - identification start.userName:null,uri:/kanban/tao/password
2017-03-03 21:40:47.566  INFO 6131 --- [nio-9120-exec-4] o.t.k.f.s.i.filter.SecurityInterceptor   : identification start.userName:null,uri:/kanban/tao/password
21:40:47.566 [http-nio-9120-exec-4] INFO  o.t.k.f.s.a.AuthenticationInterceptor - authentication start.currentURL:/kanban/tao/password
2017-03-03 21:40:47.566  INFO 6131 --- [nio-9120-exec-4] o.t.k.f.s.a.AuthenticationInterceptor    : authentication start.currentURL:/kanban/tao/password
21:40:47.594 [http-nio-9120-exec-4] INFO  o.t.k.f.logback.SessionInterceptor - remove sessionId.
2017-03-03 21:40:47.594  INFO 6131 --- [nio-9120-exec-4] o.t.k.f.logback.SessionInterceptor       : remove sessionId.
21:40:47.630 [http-nio-9120-exec-5] INFO  o.t.k.f.logback.SessionInterceptor - init session:02063b00-0017-11e7-af8b-0014781bc25c
2017-03-03 21:40:47.630  INFO 6131 --- [nio-9120-exec-5] o.t.k.f.logback.SessionInterceptor       : init session:02063b00-0017-11e7-af8b-0014781bc25c
21:40:47.631 [http-nio-9120-exec-5] INFO  o.t.k.f.s.i.f.SecurityInterceptor - identification start.userName:null,uri:/kanban/passwordRetrievalApplication
2017-03-03 21:40:47.631  INFO 6131 --- [nio-9120-exec-5] o.t.k.f.s.i.filter.SecurityInterceptor   : identification start.userName:null,uri:/kanban/passwordRetrievalApplication
21:40:47.631 [http-nio-9120-exec-5] INFO  o.t.k.f.s.a.AuthenticationInterceptor - authentication start.currentURL:/kanban/passwordRetrievalApplication
2017-03-03 21:40:47.631  INFO 6131 --- [nio-9120-exec-5] o.t.k.f.s.a.AuthenticationInterceptor    : authentication start.currentURL:/kanban/passwordRetrievalApplication
21:40:47.666 [http-nio-9120-exec-5] INFO  o.t.k.f.logback.SessionInterceptor - remove sessionId.
2017-03-03 21:40:47.666  INFO 6131 --- [nio-9120-exec-5] o.t.k.f.logback.SessionInterceptor       : remove sessionId.
21:40:47.713 [http-nio-9120-exec-6] INFO  o.t.k.f.logback.SessionInterceptor - init session:0212e531-0017-11e7-af8b-0014781bc25c
2017-03-03 21:40:47.713  INFO 6131 --- [nio-9120-exec-6] o.t.k.f.logback.SessionInterceptor       : init session:0212e531-0017-11e7-af8b-0014781bc25c
21:40:47.714 [http-nio-9120-exec-6] INFO  o.t.k.f.s.i.f.SecurityInterceptor - identification start.userName:null,uri:/kanban/tao/passwordResetApplication
2017-03-03 21:40:47.714  INFO 6131 --- [nio-9120-exec-6] o.t.k.f.s.i.filter.SecurityInterceptor   : identification start.userName:null,uri:/kanban/tao/passwordResetApplication
21:40:47.714 [http-nio-9120-exec-6] INFO  o.t.k.f.s.a.AuthenticationInterceptor - authentication start.currentURL:/kanban/tao/passwordResetApplication
2017-03-03 21:40:47.714  INFO 6131 --- [nio-9120-exec-6] o.t.k.f.s.a.AuthenticationInterceptor    : authentication start.currentURL:/kanban/tao/passwordResetApplication
21:40:47.723 [http-nio-9120-exec-6] INFO  o.t.k.f.logback.SessionInterceptor - remove sessionId.
2017-03-03 21:40:47.723  INFO 6131 --- [nio-9120-exec-6] o.t.k.f.logback.SessionInterceptor       : remove sessionId.
21:40:47.725 [http-nio-9120-exec-6] INFO  o.t.k.f.logback.SessionInterceptor - init session:0214b9f2-0017-11e7-af8b-0014781bc25c
2017-03-03 21:40:47.725  INFO 6131 --- [nio-9120-exec-6] o.t.k.f.logback.SessionInterceptor       : init session:0214b9f2-0017-11e7-af8b-0014781bc25c
21:40:47.726 [http-nio-9120-exec-6] INFO  o.t.k.f.s.i.f.SecurityInterceptor - identification start.userName:null,uri:/kanban/error/invalidParamsException
2017-03-03 21:40:47.726  INFO 6131 --- [nio-9120-exec-6] o.t.k.f.s.i.filter.SecurityInterceptor   : identification start.userName:null,uri:/kanban/error/invalidParamsException
21:40:47.727 [http-nio-9120-exec-6] INFO  o.t.k.f.s.a.AuthenticationInterceptor - authentication start.currentURL:/kanban/error/invalidParamsException
2017-03-03 21:40:47.727  INFO 6131 --- [nio-9120-exec-6] o.t.k.f.s.a.AuthenticationInterceptor    : authentication start.currentURL:/kanban/error/invalidParamsException
21:40:47.729 [http-nio-9120-exec-6] INFO  o.t.k.f.logback.SessionInterceptor - remove sessionId.
2017-03-03 21:40:47.729  INFO 6131 --- [nio-9120-exec-6] o.t.k.f.logback.SessionInterceptor       : remove sessionId.
21:40:47.772 [http-nio-9120-exec-8] INFO  o.t.k.f.logback.SessionInterceptor - init session:021be5e3-0017-11e7-af8b-0014781bc25c
2017-03-03 21:40:47.772  INFO 6131 --- [nio-9120-exec-8] o.t.k.f.logback.SessionInterceptor       : init session:021be5e3-0017-11e7-af8b-0014781bc25c
21:40:47.772 [http-nio-9120-exec-8] INFO  o.t.k.f.s.i.f.SecurityInterceptor - identification start.userName:null,uri:/kanban/passwordRetrievalApplication
2017-03-03 21:40:47.772  INFO 6131 --- [nio-9120-exec-8] o.t.k.f.s.i.filter.SecurityInterceptor   : identification start.userName:null,uri:/kanban/passwordRetrievalApplication
21:40:47.772 [http-nio-9120-exec-8] INFO  o.t.k.f.s.a.AuthenticationInterceptor - authentication start.currentURL:/kanban/passwordRetrievalApplication
2017-03-03 21:40:47.772  INFO 6131 --- [nio-9120-exec-8] o.t.k.f.s.a.AuthenticationInterceptor    : authentication start.currentURL:/kanban/passwordRetrievalApplication
21:40:47.798 [http-nio-9120-exec-8] INFO  o.t.k.f.logback.SessionInterceptor - remove sessionId.
2017-03-03 21:40:47.798  INFO 6131 --- [nio-9120-exec-8] o.t.k.f.logback.SessionInterceptor       : remove sessionId.
21:40:47.834 [http-nio-9120-exec-7] INFO  o.t.k.f.logback.SessionInterceptor - init session:022534b4-0017-11e7-af8b-0014781bc25c
2017-03-03 21:40:47.834  INFO 6131 --- [nio-9120-exec-7] o.t.k.f.logback.SessionInterceptor       : init session:022534b4-0017-11e7-af8b-0014781bc25c
21:40:47.834 [http-nio-9120-exec-7] INFO  o.t.k.f.s.i.f.SecurityInterceptor - identification start.userName:null,uri:/kanban/passwordRetrievalApplication
2017-03-03 21:40:47.834  INFO 6131 --- [nio-9120-exec-7] o.t.k.f.s.i.filter.SecurityInterceptor   : identification start.userName:null,uri:/kanban/passwordRetrievalApplication
21:40:47.835 [http-nio-9120-exec-7] INFO  o.t.k.f.s.a.AuthenticationInterceptor - authentication start.currentURL:/kanban/passwordRetrievalApplication
2017-03-03 21:40:47.835  INFO 6131 --- [nio-9120-exec-7] o.t.k.f.s.a.AuthenticationInterceptor    : authentication start.currentURL:/kanban/passwordRetrievalApplication
21:40:47.856 [http-nio-9120-exec-7] INFO  o.t.k.f.logback.SessionInterceptor - remove sessionId.
2017-03-03 21:40:47.856  INFO 6131 --- [nio-9120-exec-7] o.t.k.f.logback.SessionInterceptor       : remove sessionId.
21:40:47.858 [http-nio-9120-exec-7] INFO  o.t.k.f.logback.SessionInterceptor - init session:02290545-0017-11e7-af8b-0014781bc25c
2017-03-03 21:40:47.858  INFO 6131 --- [nio-9120-exec-7] o.t.k.f.logback.SessionInterceptor       : init session:02290545-0017-11e7-af8b-0014781bc25c
21:40:47.859 [http-nio-9120-exec-7] INFO  o.t.k.f.s.i.f.SecurityInterceptor - identification start.userName:null,uri:/kanban/error/invalidParamsException
2017-03-03 21:40:47.859  INFO 6131 --- [nio-9120-exec-7] o.t.k.f.s.i.filter.SecurityInterceptor   : identification start.userName:null,uri:/kanban/error/invalidParamsException
21:40:47.859 [http-nio-9120-exec-7] INFO  o.t.k.f.s.a.AuthenticationInterceptor - authentication start.currentURL:/kanban/error/invalidParamsException
2017-03-03 21:40:47.859  INFO 6131 --- [nio-9120-exec-7] o.t.k.f.s.a.AuthenticationInterceptor    : authentication start.currentURL:/kanban/error/invalidParamsException
21:40:47.863 [http-nio-9120-exec-7] INFO  o.t.k.f.logback.SessionInterceptor - remove sessionId.
2017-03-03 21:40:47.863  INFO 6131 --- [nio-9120-exec-7] o.t.k.f.logback.SessionInterceptor       : remove sessionId.
21:40:47.905 [http-nio-9120-exec-9] INFO  o.t.k.f.logback.SessionInterceptor - init session:02303136-0017-11e7-af8b-0014781bc25c
2017-03-03 21:40:47.905  INFO 6131 --- [nio-9120-exec-9] o.t.k.f.logback.SessionInterceptor       : init session:02303136-0017-11e7-af8b-0014781bc25c
21:40:47.905 [http-nio-9120-exec-9] INFO  o.t.k.f.s.i.f.SecurityInterceptor - identification start.userName:null,uri:/kanban/passwordRetrievalApplication
2017-03-03 21:40:47.905  INFO 6131 --- [nio-9120-exec-9] o.t.k.f.s.i.filter.SecurityInterceptor   : identification start.userName:null,uri:/kanban/passwordRetrievalApplication
21:40:47.905 [http-nio-9120-exec-9] INFO  o.t.k.f.s.a.AuthenticationInterceptor - authentication start.currentURL:/kanban/passwordRetrievalApplication
2017-03-03 21:40:47.905  INFO 6131 --- [nio-9120-exec-9] o.t.k.f.s.a.AuthenticationInterceptor    : authentication start.currentURL:/kanban/passwordRetrievalApplication
21:40:47.916 [http-nio-9120-exec-9] INFO  o.t.k.f.logback.SessionInterceptor - remove sessionId.
2017-03-03 21:40:47.916  INFO 6131 --- [nio-9120-exec-9] o.t.k.f.logback.SessionInterceptor       : remove sessionId.
21:40:47.919 [http-nio-9120-exec-9] INFO  o.t.k.f.logback.SessionInterceptor - init session:02325417-0017-11e7-af8b-0014781bc25c
2017-03-03 21:40:47.919  INFO 6131 --- [nio-9120-exec-9] o.t.k.f.logback.SessionInterceptor       : init session:02325417-0017-11e7-af8b-0014781bc25c
21:40:47.919 [http-nio-9120-exec-9] INFO  o.t.k.f.s.i.f.SecurityInterceptor - identification start.userName:null,uri:/kanban/error/invalidParamsException
2017-03-03 21:40:47.919  INFO 6131 --- [nio-9120-exec-9] o.t.k.f.s.i.filter.SecurityInterceptor   : identification start.userName:null,uri:/kanban/error/invalidParamsException
21:40:47.920 [http-nio-9120-exec-9] INFO  o.t.k.f.s.a.AuthenticationInterceptor - authentication start.currentURL:/kanban/error/invalidParamsException
2017-03-03 21:40:47.920  INFO 6131 --- [nio-9120-exec-9] o.t.k.f.s.a.AuthenticationInterceptor    : authentication start.currentURL:/kanban/error/invalidParamsException
21:40:47.922 [http-nio-9120-exec-9] INFO  o.t.k.f.logback.SessionInterceptor - remove sessionId.
2017-03-03 21:40:47.922  INFO 6131 --- [nio-9120-exec-9] o.t.k.f.logback.SessionInterceptor       : remove sessionId.
21:40:47.967 [http-nio-9120-exec-10] INFO  o.t.k.f.logback.SessionInterceptor - init session:0239a718-0017-11e7-af8b-0014781bc25c
2017-03-03 21:40:47.967  INFO 6131 --- [io-9120-exec-10] o.t.k.f.logback.SessionInterceptor       : init session:0239a718-0017-11e7-af8b-0014781bc25c
21:40:47.968 [http-nio-9120-exec-10] INFO  o.t.k.f.s.i.f.SecurityInterceptor - identification start.userName:null,uri:/kanban/tao/passwordResetApplication
2017-03-03 21:40:47.968  INFO 6131 --- [io-9120-exec-10] o.t.k.f.s.i.filter.SecurityInterceptor   : identification start.userName:null,uri:/kanban/tao/passwordResetApplication
21:40:47.969 [http-nio-9120-exec-10] INFO  o.t.k.f.s.a.AuthenticationInterceptor - authentication start.currentURL:/kanban/tao/passwordResetApplication
2017-03-03 21:40:47.969  INFO 6131 --- [io-9120-exec-10] o.t.k.f.s.a.AuthenticationInterceptor    : authentication start.currentURL:/kanban/tao/passwordResetApplication
21:40:47.977 [http-nio-9120-exec-10] INFO  o.t.k.f.logback.SessionInterceptor - remove sessionId.
2017-03-03 21:40:47.977  INFO 6131 --- [io-9120-exec-10] o.t.k.f.logback.SessionInterceptor       : remove sessionId.
21:40:47.980 [http-nio-9120-exec-10] INFO  o.t.k.f.logback.SessionInterceptor - init session:023ba2e9-0017-11e7-af8b-0014781bc25c
2017-03-03 21:40:47.980  INFO 6131 --- [io-9120-exec-10] o.t.k.f.logback.SessionInterceptor       : init session:023ba2e9-0017-11e7-af8b-0014781bc25c
21:40:47.981 [http-nio-9120-exec-10] INFO  o.t.k.f.s.i.f.SecurityInterceptor - identification start.userName:null,uri:/kanban/error/invalidParamsException
2017-03-03 21:40:47.981  INFO 6131 --- [io-9120-exec-10] o.t.k.f.s.i.filter.SecurityInterceptor   : identification start.userName:null,uri:/kanban/error/invalidParamsException
21:40:47.982 [http-nio-9120-exec-10] INFO  o.t.k.f.s.a.AuthenticationInterceptor - authentication start.currentURL:/kanban/error/invalidParamsException
2017-03-03 21:40:47.982  INFO 6131 --- [io-9120-exec-10] o.t.k.f.s.a.AuthenticationInterceptor    : authentication start.currentURL:/kanban/error/invalidParamsException
21:40:47.984 [http-nio-9120-exec-10] INFO  o.t.k.f.logback.SessionInterceptor - remove sessionId.
2017-03-03 21:40:47.984  INFO 6131 --- [io-9120-exec-10] o.t.k.f.logback.SessionInterceptor       : remove sessionId.
]]></system-out>
  <system-err><![CDATA[]]></system-err>
</testsuite>
