<?xml version="1.0" encoding="UTF-8"?>
<testsuite name="org.thiki.kanban.foundation.common.VerificationCodeServiceTest" tests="1" skipped="0" failures="0" errors="0" timestamp="2017-03-12T11:08:45" hostname="wisdom-HP" time="0.01">
  <properties/>
  <testcase name="generateVerificationCode" classname="org.thiki.kanban.foundation.common.VerificationCodeServiceTest" time="0.01"/>
  <system-out><![CDATA[2017-03-12 19:08:45.541  INFO 6873 --- [    Test worker] o.s.t.c.support.AbstractContextLoader    : Could not detect default resource locations for test class [org.thiki.kanban.TestBase]: no resource found for suffixes {-context.xml, Context.groovy}.
2017-03-12 19:08:45.547  INFO 6873 --- [    Test worker] WebAppIntegrationTestContextBootstrapper : Loaded default TestExecutionListener class names from location [META-INF/spring.factories]: [org.springframework.test.context.web.ServletTestExecutionListener, org.springframework.test.context.support.DirtiesContextBeforeModesTestExecutionListener, org.springframework.test.context.support.DependencyInjectionTestExecutionListener, org.springframework.test.context.support.DirtiesContextTestExecutionListener, org.springframework.test.context.transaction.TransactionalTestExecutionListener, org.springframework.test.context.jdbc.SqlScriptsTestExecutionListener, org.springframework.boot.test.mock.mockito.MockitoTestExecutionListener, org.springframework.boot.test.mock.mockito.ResetMocksTestExecutionListener, org.springframework.boot.test.autoconfigure.restdocs.RestDocsTestExecutionListener, org.springframework.boot.test.autoconfigure.web.client.MockRestServiceServerResetTestExecutionListener, org.springframework.boot.test.autoconfigure.web.servlet.MockMvcPrintOnlyOnFailureTestExecutionListener, org.springframework.boot.test.autoconfigure.web.servlet.WebDriverTestExecutionListener]
2017-03-12 19:08:45.547  INFO 6873 --- [    Test worker] WebAppIntegrationTestContextBootstrapper : Using TestExecutionListeners: [org.springframework.test.context.web.ServletTestExecutionListener@454b1e53, org.springframework.test.context.support.DirtiesContextBeforeModesTestExecutionListener@7eb3d0d9, org.springframework.test.context.support.DependencyInjectionTestExecutionListener@6d33ae36, org.springframework.test.context.support.DirtiesContextTestExecutionListener@d9601aa, org.springframework.test.context.transaction.TransactionalTestExecutionListener@10b22fcd, org.springframework.test.context.jdbc.SqlScriptsTestExecutionListener@7067001a, org.springframework.boot.test.autoconfigure.web.servlet.MockMvcPrintOnlyOnFailureTestExecutionListener@55423e, org.springframework.boot.test.autoconfigure.web.servlet.WebDriverTestExecutionListener@3df398cf, org.springframework.boot.test.autoconfigure.web.client.MockRestServiceServerResetTestExecutionListener@3cbe04fb, org.springframework.boot.test.mock.mockito.MockitoTestExecutionListener@7411b4a6, org.springframework.boot.test.mock.mockito.ResetMocksTestExecutionListener@5e7f5ca8, org.springframework.boot.test.autoconfigure.restdocs.RestDocsTestExecutionListener@7f6b9248]
]]></system-out>
  <system-err><![CDATA[]]></system-err>
</testsuite>
