<?xml version="1.0" encoding="UTF-8"?>
<testsuite name="org.thiki.kanban.projects.InvitationControllerTest" tests="15" skipped="0" failures="0" errors="0" timestamp="2017-03-12T11:08:54" hostname="wisdom-HP" time="1.088">
  <properties/>
  <testcase name="NotAllowedIfInviteeIsEmpty" classname="org.thiki.kanban.projects.InvitationControllerTest" time="0.044"/>
  <testcase name="throwExceptionIfInvitationIsNotExistWhenAcceptingInvitation" classname="org.thiki.kanban.projects.InvitationControllerTest" time="0.061"/>
  <testcase name="inviteOthersWithEmailToJoinTeam" classname="org.thiki.kanban.projects.InvitationControllerTest" time="0.104"/>
  <testcase name="throwExceptionIfInvitationIsNotExistWhenLoadingInvitation" classname="org.thiki.kanban.projects.InvitationControllerTest" time="0.041"/>
  <testcase name="NotAllowedIfInviteeIsAlreadyAMemberOfTheTeam" classname="org.thiki.kanban.projects.InvitationControllerTest" time="0.072"/>
  <testcase name="throwExceptionIfInvitationIsAlreadyAccepted" classname="org.thiki.kanban.projects.InvitationControllerTest" time="0.04"/>
  <testcase name="cancelPreviousInvitationBeforeSendingNewInvitation" classname="org.thiki.kanban.projects.InvitationControllerTest" time="0.098"/>
  <testcase name="loadingInvitationDetailAfterAcceptingInvitation" classname="org.thiki.kanban.projects.InvitationControllerTest" time="0.086"/>
  <testcase name="AcceptInvitation" classname="org.thiki.kanban.projects.InvitationControllerTest" time="0.089"/>
  <testcase name="inviteOthersWithUserNameToJoinTeam" classname="org.thiki.kanban.projects.InvitationControllerTest" time="0.094"/>
  <testcase name="NotAllowedIfInviteeIsNotExist" classname="org.thiki.kanban.projects.InvitationControllerTest" time="0.059"/>
  <testcase name="throwExceptionIfInviteeIsAlreadyAMember" classname="org.thiki.kanban.projects.InvitationControllerTest" time="0.047"/>
  <testcase name="NotAllowedIfInviterIsNotAMemberOfTheTeam" classname="org.thiki.kanban.projects.InvitationControllerTest" time="0.069"/>
  <testcase name="addNotificationAfterSendingInvitation" classname="org.thiki.kanban.projects.InvitationControllerTest" time="0.102"/>
  <testcase name="NotAllowedIfTeamIsNotExist" classname="org.thiki.kanban.projects.InvitationControllerTest" time="0.051"/>
  <system-out><![CDATA[2017-03-12 19:08:54.027  INFO 6873 --- [    Test worker] o.s.t.c.support.AbstractContextLoader    : Could not detect default resource locations for test class [org.thiki.kanban.TestBase]: no resource found for suffixes {-context.xml, Context.groovy}.
2017-03-12 19:08:54.031  INFO 6873 --- [    Test worker] WebAppIntegrationTestContextBootstrapper : Loaded default TestExecutionListener class names from location [META-INF/spring.factories]: [org.springframework.test.context.web.ServletTestExecutionListener, org.springframework.test.context.support.DirtiesContextBeforeModesTestExecutionListener, org.springframework.test.context.support.DependencyInjectionTestExecutionListener, org.springframework.test.context.support.DirtiesContextTestExecutionListener, org.springframework.test.context.transaction.TransactionalTestExecutionListener, org.springframework.test.context.jdbc.SqlScriptsTestExecutionListener, org.springframework.boot.test.mock.mockito.MockitoTestExecutionListener, org.springframework.boot.test.mock.mockito.ResetMocksTestExecutionListener, org.springframework.boot.test.autoconfigure.restdocs.RestDocsTestExecutionListener, org.springframework.boot.test.autoconfigure.web.client.MockRestServiceServerResetTestExecutionListener, org.springframework.boot.test.autoconfigure.web.servlet.MockMvcPrintOnlyOnFailureTestExecutionListener, org.springframework.boot.test.autoconfigure.web.servlet.WebDriverTestExecutionListener]
2017-03-12 19:08:54.031  INFO 6873 --- [    Test worker] WebAppIntegrationTestContextBootstrapper : Using TestExecutionListeners: [org.springframework.test.context.web.ServletTestExecutionListener@23217950, org.springframework.test.context.support.DirtiesContextBeforeModesTestExecutionListener@4d033a8b, org.springframework.test.context.support.DependencyInjectionTestExecutionListener@4bb60d9d, org.springframework.test.context.support.DirtiesContextTestExecutionListener@6fc53786, org.springframework.test.context.transaction.TransactionalTestExecutionListener@470638d7, org.springframework.test.context.jdbc.SqlScriptsTestExecutionListener@138595de, org.springframework.boot.test.autoconfigure.web.servlet.MockMvcPrintOnlyOnFailureTestExecutionListener@6824b8d6, org.springframework.boot.test.autoconfigure.web.servlet.WebDriverTestExecutionListener@2e9bdb53, org.springframework.boot.test.autoconfigure.web.client.MockRestServiceServerResetTestExecutionListener@58ad9ed7, org.springframework.boot.test.mock.mockito.MockitoTestExecutionListener@6739cb79, org.springframework.boot.test.mock.mockito.ResetMocksTestExecutionListener@2a162d40, org.springframework.boot.test.autoconfigure.restdocs.RestDocsTestExecutionListener@5aa73a12]
19:08:54.052 [http-nio-9120-exec-24] INFO  o.t.k.f.logback.SessionInterceptor - init session:47a0564e-0714-11e7-80b3-0014781bc25c
2017-03-12 19:08:54.052  INFO 6873 --- [io-9120-exec-24] o.t.k.f.logback.SessionInterceptor       : init session:47a0564e-0714-11e7-80b3-0014781bc25c
19:08:54.052 [http-nio-9120-exec-24] INFO  o.t.k.f.s.i.f.SecurityInterceptor - identification start.userName:someone,uri:/kanban/projects/foo-project-Id/members/invitation
2017-03-12 19:08:54.052  INFO 6873 --- [io-9120-exec-24] o.t.k.f.s.i.filter.SecurityInterceptor   : identification start.userName:someone,uri:/kanban/projects/foo-project-Id/members/invitation
19:08:54.053 [http-nio-9120-exec-24] INFO  o.t.k.f.s.a.AuthenticationInterceptor - authentication start.currentURL:/kanban/projects/foo-project-Id/members/invitation
2017-03-12 19:08:54.053  INFO 6873 --- [io-9120-exec-24] o.t.k.f.s.a.AuthenticationInterceptor    : authentication start.currentURL:/kanban/projects/foo-project-Id/members/invitation
19:08:54.064 [http-nio-9120-exec-24] INFO  o.t.k.f.logback.SessionInterceptor - remove sessionId.
2017-03-12 19:08:54.064  INFO 6873 --- [io-9120-exec-24] o.t.k.f.logback.SessionInterceptor       : remove sessionId.
19:08:54.066 [http-nio-9120-exec-24] INFO  o.t.k.f.logback.SessionInterceptor - init session:47a2792f-0714-11e7-80b3-0014781bc25c
2017-03-12 19:08:54.066  INFO 6873 --- [io-9120-exec-24] o.t.k.f.logback.SessionInterceptor       : init session:47a2792f-0714-11e7-80b3-0014781bc25c
19:08:54.067 [http-nio-9120-exec-24] INFO  o.t.k.f.s.i.f.SecurityInterceptor - identification start.userName:someone,uri:/kanban/error/invalidParamsException
2017-03-12 19:08:54.067  INFO 6873 --- [io-9120-exec-24] o.t.k.f.s.i.filter.SecurityInterceptor   : identification start.userName:someone,uri:/kanban/error/invalidParamsException
19:08:54.068 [http-nio-9120-exec-24] INFO  o.t.k.f.s.a.AuthenticationInterceptor - authentication start.currentURL:/kanban/error/invalidParamsException
2017-03-12 19:08:54.068  INFO 6873 --- [io-9120-exec-24] o.t.k.f.s.a.AuthenticationInterceptor    : authentication start.currentURL:/kanban/error/invalidParamsException
19:08:54.070 [http-nio-9120-exec-24] INFO  o.t.k.f.logback.SessionInterceptor - remove sessionId.
2017-03-12 19:08:54.070  INFO 6873 --- [io-9120-exec-24] o.t.k.f.logback.SessionInterceptor       : remove sessionId.
19:08:54.096 [http-nio-9120-exec-16] INFO  o.t.k.f.logback.SessionInterceptor - init session:47a70d10-0714-11e7-80b3-0014781bc25c
2017-03-12 19:08:54.096  INFO 6873 --- [io-9120-exec-16] o.t.k.f.logback.SessionInterceptor       : init session:47a70d10-0714-11e7-80b3-0014781bc25c
19:08:54.096 [http-nio-9120-exec-16] INFO  o.t.k.f.s.i.f.SecurityInterceptor - identification start.userName:someone,uri:/kanban/projects/foo-project-Id/members/invitation/invitation-id
2017-03-12 19:08:54.096  INFO 6873 --- [io-9120-exec-16] o.t.k.f.s.i.filter.SecurityInterceptor   : identification start.userName:someone,uri:/kanban/projects/foo-project-Id/members/invitation/invitation-id
19:08:54.097 [http-nio-9120-exec-16] INFO  o.t.k.f.s.a.AuthenticationInterceptor - authentication start.currentURL:/kanban/projects/foo-project-Id/members/invitation/invitation-id
2017-03-12 19:08:54.097  INFO 6873 --- [io-9120-exec-16] o.t.k.f.s.a.AuthenticationInterceptor    : authentication start.currentURL:/kanban/projects/foo-project-Id/members/invitation/invitation-id
19:08:54.114 [http-nio-9120-exec-16] INFO  o.t.k.f.logback.SessionInterceptor - remove sessionId.
2017-03-12 19:08:54.114  INFO 6873 --- [io-9120-exec-16] o.t.k.f.logback.SessionInterceptor       : remove sessionId.
19:08:54.116 [http-nio-9120-exec-16] INFO  o.t.k.f.logback.SessionInterceptor - init session:47aa1a51-0714-11e7-80b3-0014781bc25c
2017-03-12 19:08:54.116  INFO 6873 --- [io-9120-exec-16] o.t.k.f.logback.SessionInterceptor       : init session:47aa1a51-0714-11e7-80b3-0014781bc25c
19:08:54.117 [http-nio-9120-exec-16] INFO  o.t.k.f.s.i.f.SecurityInterceptor - identification start.userName:someone,uri:/kanban/error/invalidParamsException
2017-03-12 19:08:54.117  INFO 6873 --- [io-9120-exec-16] o.t.k.f.s.i.filter.SecurityInterceptor   : identification start.userName:someone,uri:/kanban/error/invalidParamsException
19:08:54.118 [http-nio-9120-exec-16] INFO  o.t.k.f.s.a.AuthenticationInterceptor - authentication start.currentURL:/kanban/error/invalidParamsException
2017-03-12 19:08:54.118  INFO 6873 --- [io-9120-exec-16] o.t.k.f.s.a.AuthenticationInterceptor    : authentication start.currentURL:/kanban/error/invalidParamsException
19:08:54.121 [http-nio-9120-exec-16] INFO  o.t.k.f.logback.SessionInterceptor - remove sessionId.
2017-03-12 19:08:54.121  INFO 6873 --- [io-9120-exec-16] o.t.k.f.logback.SessionInterceptor       : remove sessionId.
19:08:54.164 [http-nio-9120-exec-17] INFO  o.t.k.f.logback.SessionInterceptor - init session:47b16d52-0714-11e7-80b3-0014781bc25c
2017-03-12 19:08:54.164  INFO 6873 --- [io-9120-exec-17] o.t.k.f.logback.SessionInterceptor       : init session:47b16d52-0714-11e7-80b3-0014781bc25c
19:08:54.165 [http-nio-9120-exec-17] INFO  o.t.k.f.s.i.f.SecurityInterceptor - identification start.userName:someone,uri:/kanban/projects/foo-project-Id/members/invitation
2017-03-12 19:08:54.165  INFO 6873 --- [io-9120-exec-17] o.t.k.f.s.i.filter.SecurityInterceptor   : identification start.userName:someone,uri:/kanban/projects/foo-project-Id/members/invitation
19:08:54.165 [http-nio-9120-exec-17] INFO  o.t.k.f.s.a.AuthenticationInterceptor - authentication start.currentURL:/kanban/projects/foo-project-Id/members/invitation
2017-03-12 19:08:54.165  INFO 6873 --- [io-9120-exec-17] o.t.k.f.s.a.AuthenticationInterceptor    : authentication start.currentURL:/kanban/projects/foo-project-Id/members/invitation
19:08:54.186 [http-nio-9120-exec-17] INFO  o.t.k.n.NotificationService - Adding notification:{"content":"someone邀请你加入project-name","displayTime":"","isRead":false,"link":"http://localhost:9120/kanban/projects/foo-project-Id/members/invitation/fooId","receiver":"invitee-user","sender":"someone","type":"project-members-invitation","typeName":"团队邀请"}
2017-03-12 19:08:54.186  INFO 6873 --- [io-9120-exec-17] o.t.k.notification.NotificationService   : Adding notification:{"content":"someone邀请你加入project-name","displayTime":"","isRead":false,"link":"http://localhost:9120/kanban/projects/foo-project-Id/members/invitation/fooId","receiver":"invitee-user","sender":"someone","type":"project-members-invitation","typeName":"团队邀请"}
19:08:54.204 [http-nio-9120-exec-17] INFO  o.t.k.f.logback.SessionInterceptor - remove sessionId.
2017-03-12 19:08:54.204  INFO 6873 --- [io-9120-exec-17] o.t.k.f.logback.SessionInterceptor       : remove sessionId.
19:08:54.266 [http-nio-9120-exec-11] INFO  o.t.k.f.logback.SessionInterceptor - init session:47c0fdb3-0714-11e7-80b3-0014781bc25c
2017-03-12 19:08:54.266  INFO 6873 --- [io-9120-exec-11] o.t.k.f.logback.SessionInterceptor       : init session:47c0fdb3-0714-11e7-80b3-0014781bc25c
19:08:54.267 [http-nio-9120-exec-11] INFO  o.t.k.f.s.i.f.SecurityInterceptor - identification start.userName:someone,uri:/kanban/projects/foo-project-Id/members/invitation/invitation-id
2017-03-12 19:08:54.267  INFO 6873 --- [io-9120-exec-11] o.t.k.f.s.i.filter.SecurityInterceptor   : identification start.userName:someone,uri:/kanban/projects/foo-project-Id/members/invitation/invitation-id
19:08:54.267 [http-nio-9120-exec-11] INFO  o.t.k.f.s.a.AuthenticationInterceptor - authentication start.currentURL:/kanban/projects/foo-project-Id/members/invitation/invitation-id
2017-03-12 19:08:54.267  INFO 6873 --- [io-9120-exec-11] o.t.k.f.s.a.AuthenticationInterceptor    : authentication start.currentURL:/kanban/projects/foo-project-Id/members/invitation/invitation-id
19:08:54.269 [http-nio-9120-exec-11] INFO  o.t.k.f.logback.SessionInterceptor - remove sessionId.
2017-03-12 19:08:54.269  INFO 6873 --- [io-9120-exec-11] o.t.k.f.logback.SessionInterceptor       : remove sessionId.
19:08:54.271 [http-nio-9120-exec-11] INFO  o.t.k.f.logback.SessionInterceptor - init session:47c1c104-0714-11e7-80b3-0014781bc25c
2017-03-12 19:08:54.271  INFO 6873 --- [io-9120-exec-11] o.t.k.f.logback.SessionInterceptor       : init session:47c1c104-0714-11e7-80b3-0014781bc25c
19:08:54.271 [http-nio-9120-exec-11] INFO  o.t.k.f.s.i.f.SecurityInterceptor - identification start.userName:someone,uri:/kanban/error/invalidParamsException
2017-03-12 19:08:54.271  INFO 6873 --- [io-9120-exec-11] o.t.k.f.s.i.filter.SecurityInterceptor   : identification start.userName:someone,uri:/kanban/error/invalidParamsException
19:08:54.272 [http-nio-9120-exec-11] INFO  o.t.k.f.s.a.AuthenticationInterceptor - authentication start.currentURL:/kanban/error/invalidParamsException
2017-03-12 19:08:54.272  INFO 6873 --- [io-9120-exec-11] o.t.k.f.s.a.AuthenticationInterceptor    : authentication start.currentURL:/kanban/error/invalidParamsException
19:08:54.273 [http-nio-9120-exec-11] INFO  o.t.k.f.logback.SessionInterceptor - remove sessionId.
2017-03-12 19:08:54.273  INFO 6873 --- [io-9120-exec-11] o.t.k.f.logback.SessionInterceptor       : remove sessionId.
19:08:54.318 [http-nio-9120-exec-7] INFO  o.t.k.f.logback.SessionInterceptor - init session:47c8ecf5-0714-11e7-80b3-0014781bc25c
2017-03-12 19:08:54.318  INFO 6873 --- [nio-9120-exec-7] o.t.k.f.logback.SessionInterceptor       : init session:47c8ecf5-0714-11e7-80b3-0014781bc25c
19:08:54.320 [http-nio-9120-exec-7] INFO  o.t.k.f.s.i.f.SecurityInterceptor - identification start.userName:someone,uri:/kanban/projects/foo-project-Id/members/invitation
2017-03-12 19:08:54.320  INFO 6873 --- [nio-9120-exec-7] o.t.k.f.s.i.filter.SecurityInterceptor   : identification start.userName:someone,uri:/kanban/projects/foo-project-Id/members/invitation
19:08:54.320 [http-nio-9120-exec-7] INFO  o.t.k.f.s.a.AuthenticationInterceptor - authentication start.currentURL:/kanban/projects/foo-project-Id/members/invitation
2017-03-12 19:08:54.320  INFO 6873 --- [nio-9120-exec-7] o.t.k.f.s.a.AuthenticationInterceptor    : authentication start.currentURL:/kanban/projects/foo-project-Id/members/invitation
19:08:54.340 [http-nio-9120-exec-7] INFO  o.t.k.f.logback.SessionInterceptor - remove sessionId.
2017-03-12 19:08:54.340  INFO 6873 --- [nio-9120-exec-7] o.t.k.f.logback.SessionInterceptor       : remove sessionId.
19:08:54.342 [http-nio-9120-exec-7] INFO  o.t.k.f.logback.SessionInterceptor - init session:47cc9676-0714-11e7-80b3-0014781bc25c
2017-03-12 19:08:54.342  INFO 6873 --- [nio-9120-exec-7] o.t.k.f.logback.SessionInterceptor       : init session:47cc9676-0714-11e7-80b3-0014781bc25c
19:08:54.343 [http-nio-9120-exec-7] INFO  o.t.k.f.s.i.f.SecurityInterceptor - identification start.userName:someone,uri:/kanban/error/invalidParamsException
2017-03-12 19:08:54.343  INFO 6873 --- [nio-9120-exec-7] o.t.k.f.s.i.filter.SecurityInterceptor   : identification start.userName:someone,uri:/kanban/error/invalidParamsException
19:08:54.343 [http-nio-9120-exec-7] INFO  o.t.k.f.s.a.AuthenticationInterceptor - authentication start.currentURL:/kanban/error/invalidParamsException
2017-03-12 19:08:54.343  INFO 6873 --- [nio-9120-exec-7] o.t.k.f.s.a.AuthenticationInterceptor    : authentication start.currentURL:/kanban/error/invalidParamsException
19:08:54.348 [http-nio-9120-exec-7] INFO  o.t.k.f.logback.SessionInterceptor - remove sessionId.
2017-03-12 19:08:54.348  INFO 6873 --- [nio-9120-exec-7] o.t.k.f.logback.SessionInterceptor       : remove sessionId.
19:08:54.383 [http-nio-9120-exec-18] INFO  o.t.k.f.logback.SessionInterceptor - init session:47d2d807-0714-11e7-80b3-0014781bc25c
2017-03-12 19:08:54.383  INFO 6873 --- [io-9120-exec-18] o.t.k.f.logback.SessionInterceptor       : init session:47d2d807-0714-11e7-80b3-0014781bc25c
19:08:54.383 [http-nio-9120-exec-18] INFO  o.t.k.f.s.i.f.SecurityInterceptor - identification start.userName:someone,uri:/kanban/projects/foo-project-Id/members/invitation/invitation-id
2017-03-12 19:08:54.383  INFO 6873 --- [io-9120-exec-18] o.t.k.f.s.i.filter.SecurityInterceptor   : identification start.userName:someone,uri:/kanban/projects/foo-project-Id/members/invitation/invitation-id
19:08:54.383 [http-nio-9120-exec-18] INFO  o.t.k.f.s.a.AuthenticationInterceptor - authentication start.currentURL:/kanban/projects/foo-project-Id/members/invitation/invitation-id
2017-03-12 19:08:54.383  INFO 6873 --- [io-9120-exec-18] o.t.k.f.s.a.AuthenticationInterceptor    : authentication start.currentURL:/kanban/projects/foo-project-Id/members/invitation/invitation-id
19:08:54.386 [http-nio-9120-exec-18] INFO  o.t.k.f.logback.SessionInterceptor - remove sessionId.
2017-03-12 19:08:54.386  INFO 6873 --- [io-9120-exec-18] o.t.k.f.logback.SessionInterceptor       : remove sessionId.
19:08:54.387 [http-nio-9120-exec-18] INFO  o.t.k.f.logback.SessionInterceptor - init session:47d37448-0714-11e7-80b3-0014781bc25c
2017-03-12 19:08:54.387  INFO 6873 --- [io-9120-exec-18] o.t.k.f.logback.SessionInterceptor       : init session:47d37448-0714-11e7-80b3-0014781bc25c
19:08:54.388 [http-nio-9120-exec-18] INFO  o.t.k.f.s.i.f.SecurityInterceptor - identification start.userName:someone,uri:/kanban/error/invalidParamsException
2017-03-12 19:08:54.388  INFO 6873 --- [io-9120-exec-18] o.t.k.f.s.i.filter.SecurityInterceptor   : identification start.userName:someone,uri:/kanban/error/invalidParamsException
19:08:54.388 [http-nio-9120-exec-18] INFO  o.t.k.f.s.a.AuthenticationInterceptor - authentication start.currentURL:/kanban/error/invalidParamsException
2017-03-12 19:08:54.388  INFO 6873 --- [io-9120-exec-18] o.t.k.f.s.a.AuthenticationInterceptor    : authentication start.currentURL:/kanban/error/invalidParamsException
19:08:54.390 [http-nio-9120-exec-18] INFO  o.t.k.f.logback.SessionInterceptor - remove sessionId.
2017-03-12 19:08:54.390  INFO 6873 --- [io-9120-exec-18] o.t.k.f.logback.SessionInterceptor       : remove sessionId.
19:08:54.426 [http-nio-9120-exec-13] INFO  o.t.k.f.logback.SessionInterceptor - init session:47d967b9-0714-11e7-80b3-0014781bc25c
2017-03-12 19:08:54.426  INFO 6873 --- [io-9120-exec-13] o.t.k.f.logback.SessionInterceptor       : init session:47d967b9-0714-11e7-80b3-0014781bc25c
19:08:54.426 [http-nio-9120-exec-13] INFO  o.t.k.f.s.i.f.SecurityInterceptor - identification start.userName:someone,uri:/kanban/projects/foo-project-Id/members/invitation
2017-03-12 19:08:54.426  INFO 6873 --- [io-9120-exec-13] o.t.k.f.s.i.filter.SecurityInterceptor   : identification start.userName:someone,uri:/kanban/projects/foo-project-Id/members/invitation
19:08:54.426 [http-nio-9120-exec-13] INFO  o.t.k.f.s.a.AuthenticationInterceptor - authentication start.currentURL:/kanban/projects/foo-project-Id/members/invitation
2017-03-12 19:08:54.426  INFO 6873 --- [io-9120-exec-13] o.t.k.f.s.a.AuthenticationInterceptor    : authentication start.currentURL:/kanban/projects/foo-project-Id/members/invitation
19:08:54.447 [http-nio-9120-exec-13] INFO  o.t.k.n.NotificationService - Adding notification:{"content":"someone邀请你加入project-name","displayTime":"","isRead":false,"link":"http://localhost:9120/kanban/projects/foo-project-Id/members/invitation/fooId","receiver":"invitee-user","sender":"someone","type":"project-members-invitation","typeName":"团队邀请"}
2017-03-12 19:08:54.447  INFO 6873 --- [io-9120-exec-13] o.t.k.notification.NotificationService   : Adding notification:{"content":"someone邀请你加入project-name","displayTime":"","isRead":false,"link":"http://localhost:9120/kanban/projects/foo-project-Id/members/invitation/fooId","receiver":"invitee-user","sender":"someone","type":"project-members-invitation","typeName":"团队邀请"}
19:08:54.458 [http-nio-9120-exec-13] INFO  o.t.k.f.logback.SessionInterceptor - remove sessionId.
2017-03-12 19:08:54.458  INFO 6873 --- [io-9120-exec-13] o.t.k.f.logback.SessionInterceptor       : remove sessionId.
19:08:54.538 [http-nio-9120-exec-21] INFO  o.t.k.f.logback.SessionInterceptor - init session:47ea7eba-0714-11e7-80b3-0014781bc25c
2017-03-12 19:08:54.538  INFO 6873 --- [io-9120-exec-21] o.t.k.f.logback.SessionInterceptor       : init session:47ea7eba-0714-11e7-80b3-0014781bc25c
19:08:54.539 [http-nio-9120-exec-21] INFO  o.t.k.f.s.i.f.SecurityInterceptor - identification start.userName:someone,uri:/kanban/projects/foo-project-Id/members/invitation/invitation-id
2017-03-12 19:08:54.539  INFO 6873 --- [io-9120-exec-21] o.t.k.f.s.i.filter.SecurityInterceptor   : identification start.userName:someone,uri:/kanban/projects/foo-project-Id/members/invitation/invitation-id
19:08:54.539 [http-nio-9120-exec-21] INFO  o.t.k.f.s.a.AuthenticationInterceptor - authentication start.currentURL:/kanban/projects/foo-project-Id/members/invitation/invitation-id
2017-03-12 19:08:54.539  INFO 6873 --- [io-9120-exec-21] o.t.k.f.s.a.AuthenticationInterceptor    : authentication start.currentURL:/kanban/projects/foo-project-Id/members/invitation/invitation-id
19:08:54.546 [http-nio-9120-exec-21] INFO  o.t.k.f.logback.SessionInterceptor - remove sessionId.
2017-03-12 19:08:54.546  INFO 6873 --- [io-9120-exec-21] o.t.k.f.logback.SessionInterceptor       : remove sessionId.
19:08:54.621 [http-nio-9120-exec-19] INFO  o.t.k.f.logback.SessionInterceptor - init session:47f728eb-0714-11e7-80b3-0014781bc25c
2017-03-12 19:08:54.621  INFO 6873 --- [io-9120-exec-19] o.t.k.f.logback.SessionInterceptor       : init session:47f728eb-0714-11e7-80b3-0014781bc25c
19:08:54.621 [http-nio-9120-exec-19] INFO  o.t.k.f.s.i.f.SecurityInterceptor - identification start.userName:someone,uri:/kanban/projects/foo-project-id/members/invitation/invitation-id
2017-03-12 19:08:54.621  INFO 6873 --- [io-9120-exec-19] o.t.k.f.s.i.filter.SecurityInterceptor   : identification start.userName:someone,uri:/kanban/projects/foo-project-id/members/invitation/invitation-id
19:08:54.621 [http-nio-9120-exec-19] INFO  o.t.k.f.s.a.AuthenticationInterceptor - authentication start.currentURL:/kanban/projects/foo-project-id/members/invitation/invitation-id
2017-03-12 19:08:54.621  INFO 6873 --- [io-9120-exec-19] o.t.k.f.s.a.AuthenticationInterceptor    : authentication start.currentURL:/kanban/projects/foo-project-id/members/invitation/invitation-id
19:08:54.634 [http-nio-9120-exec-19] INFO  o.t.k.f.logback.SessionInterceptor - remove sessionId.
2017-03-12 19:08:54.634  INFO 6873 --- [io-9120-exec-19] o.t.k.f.logback.SessionInterceptor       : remove sessionId.
19:08:54.714 [http-nio-9120-exec-22] INFO  o.t.k.f.logback.SessionInterceptor - init session:480559bc-0714-11e7-80b3-0014781bc25c
2017-03-12 19:08:54.714  INFO 6873 --- [io-9120-exec-22] o.t.k.f.logback.SessionInterceptor       : init session:480559bc-0714-11e7-80b3-0014781bc25c
19:08:54.715 [http-nio-9120-exec-22] INFO  o.t.k.f.s.i.f.SecurityInterceptor - identification start.userName:someone,uri:/kanban/projects/foo-project-Id/members/invitation
2017-03-12 19:08:54.715  INFO 6873 --- [io-9120-exec-22] o.t.k.f.s.i.filter.SecurityInterceptor   : identification start.userName:someone,uri:/kanban/projects/foo-project-Id/members/invitation
19:08:54.716 [http-nio-9120-exec-22] INFO  o.t.k.f.s.a.AuthenticationInterceptor - authentication start.currentURL:/kanban/projects/foo-project-Id/members/invitation
2017-03-12 19:08:54.716  INFO 6873 --- [io-9120-exec-22] o.t.k.f.s.a.AuthenticationInterceptor    : authentication start.currentURL:/kanban/projects/foo-project-Id/members/invitation
19:08:54.741 [http-nio-9120-exec-22] INFO  o.t.k.n.NotificationService - Adding notification:{"content":"someone邀请你加入project-name","displayTime":"","isRead":false,"link":"http://localhost:9120/kanban/projects/foo-project-Id/members/invitation/fooId","receiver":"invitee-user","sender":"someone","type":"project-members-invitation","typeName":"团队邀请"}
2017-03-12 19:08:54.741  INFO 6873 --- [io-9120-exec-22] o.t.k.notification.NotificationService   : Adding notification:{"content":"someone邀请你加入project-name","displayTime":"","isRead":false,"link":"http://localhost:9120/kanban/projects/foo-project-Id/members/invitation/fooId","receiver":"invitee-user","sender":"someone","type":"project-members-invitation","typeName":"团队邀请"}
19:08:54.748 [http-nio-9120-exec-22] INFO  o.t.k.f.logback.SessionInterceptor - remove sessionId.
2017-03-12 19:08:54.748  INFO 6873 --- [io-9120-exec-22] o.t.k.f.logback.SessionInterceptor       : remove sessionId.
19:08:54.807 [http-nio-9120-exec-20] INFO  o.t.k.f.logback.SessionInterceptor - init session:48138a8d-0714-11e7-80b3-0014781bc25c
2017-03-12 19:08:54.807  INFO 6873 --- [io-9120-exec-20] o.t.k.f.logback.SessionInterceptor       : init session:48138a8d-0714-11e7-80b3-0014781bc25c
19:08:54.808 [http-nio-9120-exec-20] INFO  o.t.k.f.s.i.f.SecurityInterceptor - identification start.userName:someone,uri:/kanban/projects/foo-project-Id/members/invitation
2017-03-12 19:08:54.808  INFO 6873 --- [io-9120-exec-20] o.t.k.f.s.i.filter.SecurityInterceptor   : identification start.userName:someone,uri:/kanban/projects/foo-project-Id/members/invitation
19:08:54.808 [http-nio-9120-exec-20] INFO  o.t.k.f.s.a.AuthenticationInterceptor - authentication start.currentURL:/kanban/projects/foo-project-Id/members/invitation
2017-03-12 19:08:54.808  INFO 6873 --- [io-9120-exec-20] o.t.k.f.s.a.AuthenticationInterceptor    : authentication start.currentURL:/kanban/projects/foo-project-Id/members/invitation
19:08:54.826 [http-nio-9120-exec-20] INFO  o.t.k.f.logback.SessionInterceptor - remove sessionId.
2017-03-12 19:08:54.826  INFO 6873 --- [io-9120-exec-20] o.t.k.f.logback.SessionInterceptor       : remove sessionId.
19:08:54.828 [http-nio-9120-exec-20] INFO  o.t.k.f.logback.SessionInterceptor - init session:4816bede-0714-11e7-80b3-0014781bc25c
2017-03-12 19:08:54.828  INFO 6873 --- [io-9120-exec-20] o.t.k.f.logback.SessionInterceptor       : init session:4816bede-0714-11e7-80b3-0014781bc25c
19:08:54.829 [http-nio-9120-exec-20] INFO  o.t.k.f.s.i.f.SecurityInterceptor - identification start.userName:someone,uri:/kanban/error/invalidParamsException
2017-03-12 19:08:54.829  INFO 6873 --- [io-9120-exec-20] o.t.k.f.s.i.filter.SecurityInterceptor   : identification start.userName:someone,uri:/kanban/error/invalidParamsException
19:08:54.829 [http-nio-9120-exec-20] INFO  o.t.k.f.s.a.AuthenticationInterceptor - authentication start.currentURL:/kanban/error/invalidParamsException
2017-03-12 19:08:54.829  INFO 6873 --- [io-9120-exec-20] o.t.k.f.s.a.AuthenticationInterceptor    : authentication start.currentURL:/kanban/error/invalidParamsException
19:08:54.831 [http-nio-9120-exec-20] INFO  o.t.k.f.logback.SessionInterceptor - remove sessionId.
2017-03-12 19:08:54.831  INFO 6873 --- [io-9120-exec-20] o.t.k.f.logback.SessionInterceptor       : remove sessionId.
19:08:54.870 [http-nio-9120-exec-23] INFO  o.t.k.f.logback.SessionInterceptor - init session:481d277f-0714-11e7-80b3-0014781bc25c
2017-03-12 19:08:54.870  INFO 6873 --- [io-9120-exec-23] o.t.k.f.logback.SessionInterceptor       : init session:481d277f-0714-11e7-80b3-0014781bc25c
19:08:54.871 [http-nio-9120-exec-23] INFO  o.t.k.f.s.i.f.SecurityInterceptor - identification start.userName:someone,uri:/kanban/projects/foo-project-Id/members/invitation/invitation-id
2017-03-12 19:08:54.871  INFO 6873 --- [io-9120-exec-23] o.t.k.f.s.i.filter.SecurityInterceptor   : identification start.userName:someone,uri:/kanban/projects/foo-project-Id/members/invitation/invitation-id
19:08:54.871 [http-nio-9120-exec-23] INFO  o.t.k.f.s.a.AuthenticationInterceptor - authentication start.currentURL:/kanban/projects/foo-project-Id/members/invitation/invitation-id
2017-03-12 19:08:54.871  INFO 6873 --- [io-9120-exec-23] o.t.k.f.s.a.AuthenticationInterceptor    : authentication start.currentURL:/kanban/projects/foo-project-Id/members/invitation/invitation-id
19:08:54.873 [http-nio-9120-exec-23] INFO  o.t.k.f.logback.SessionInterceptor - remove sessionId.
2017-03-12 19:08:54.873  INFO 6873 --- [io-9120-exec-23] o.t.k.f.logback.SessionInterceptor       : remove sessionId.
19:08:54.875 [http-nio-9120-exec-23] INFO  o.t.k.f.logback.SessionInterceptor - init session:481dead0-0714-11e7-80b3-0014781bc25c
2017-03-12 19:08:54.875  INFO 6873 --- [io-9120-exec-23] o.t.k.f.logback.SessionInterceptor       : init session:481dead0-0714-11e7-80b3-0014781bc25c
19:08:54.876 [http-nio-9120-exec-23] INFO  o.t.k.f.s.i.f.SecurityInterceptor - identification start.userName:someone,uri:/kanban/error/invalidParamsException
2017-03-12 19:08:54.876  INFO 6873 --- [io-9120-exec-23] o.t.k.f.s.i.filter.SecurityInterceptor   : identification start.userName:someone,uri:/kanban/error/invalidParamsException
19:08:54.876 [http-nio-9120-exec-23] INFO  o.t.k.f.s.a.AuthenticationInterceptor - authentication start.currentURL:/kanban/error/invalidParamsException
2017-03-12 19:08:54.876  INFO 6873 --- [io-9120-exec-23] o.t.k.f.s.a.AuthenticationInterceptor    : authentication start.currentURL:/kanban/error/invalidParamsException
19:08:54.878 [http-nio-9120-exec-23] INFO  o.t.k.f.logback.SessionInterceptor - remove sessionId.
2017-03-12 19:08:54.878  INFO 6873 --- [io-9120-exec-23] o.t.k.f.logback.SessionInterceptor       : remove sessionId.
19:08:54.916 [http-nio-9120-exec-8] INFO  o.t.k.f.logback.SessionInterceptor - init session:48242c61-0714-11e7-80b3-0014781bc25c
2017-03-12 19:08:54.916  INFO 6873 --- [nio-9120-exec-8] o.t.k.f.logback.SessionInterceptor       : init session:48242c61-0714-11e7-80b3-0014781bc25c
19:08:54.916 [http-nio-9120-exec-8] INFO  o.t.k.f.s.i.f.SecurityInterceptor - identification start.userName:someone,uri:/kanban/projects/foo-project-Id/members/invitation
2017-03-12 19:08:54.916  INFO 6873 --- [nio-9120-exec-8] o.t.k.f.s.i.filter.SecurityInterceptor   : identification start.userName:someone,uri:/kanban/projects/foo-project-Id/members/invitation
19:08:54.916 [http-nio-9120-exec-8] INFO  o.t.k.f.s.a.AuthenticationInterceptor - authentication start.currentURL:/kanban/projects/foo-project-Id/members/invitation
2017-03-12 19:08:54.916  INFO 6873 --- [nio-9120-exec-8] o.t.k.f.s.a.AuthenticationInterceptor    : authentication start.currentURL:/kanban/projects/foo-project-Id/members/invitation
19:08:54.942 [http-nio-9120-exec-8] INFO  o.t.k.f.logback.SessionInterceptor - remove sessionId.
2017-03-12 19:08:54.942  INFO 6873 --- [nio-9120-exec-8] o.t.k.f.logback.SessionInterceptor       : remove sessionId.
19:08:54.944 [http-nio-9120-exec-8] INFO  o.t.k.f.logback.SessionInterceptor - init session:48287222-0714-11e7-80b3-0014781bc25c
2017-03-12 19:08:54.944  INFO 6873 --- [nio-9120-exec-8] o.t.k.f.logback.SessionInterceptor       : init session:48287222-0714-11e7-80b3-0014781bc25c
19:08:54.944 [http-nio-9120-exec-8] INFO  o.t.k.f.s.i.f.SecurityInterceptor - identification start.userName:someone,uri:/kanban/error/invalidParamsException
2017-03-12 19:08:54.944  INFO 6873 --- [nio-9120-exec-8] o.t.k.f.s.i.filter.SecurityInterceptor   : identification start.userName:someone,uri:/kanban/error/invalidParamsException
19:08:54.945 [http-nio-9120-exec-8] INFO  o.t.k.f.s.a.AuthenticationInterceptor - authentication start.currentURL:/kanban/error/invalidParamsException
2017-03-12 19:08:54.945  INFO 6873 --- [nio-9120-exec-8] o.t.k.f.s.a.AuthenticationInterceptor    : authentication start.currentURL:/kanban/error/invalidParamsException
19:08:54.947 [http-nio-9120-exec-8] INFO  o.t.k.f.logback.SessionInterceptor - remove sessionId.
2017-03-12 19:08:54.947  INFO 6873 --- [nio-9120-exec-8] o.t.k.f.logback.SessionInterceptor       : remove sessionId.
19:08:54.986 [http-nio-9120-exec-10] INFO  o.t.k.f.logback.SessionInterceptor - init session:482edac3-0714-11e7-80b3-0014781bc25c
2017-03-12 19:08:54.986  INFO 6873 --- [io-9120-exec-10] o.t.k.f.logback.SessionInterceptor       : init session:482edac3-0714-11e7-80b3-0014781bc25c
19:08:54.986 [http-nio-9120-exec-10] INFO  o.t.k.f.s.i.f.SecurityInterceptor - identification start.userName:someone,uri:/kanban/projects/foo-project-Id/members/invitation
2017-03-12 19:08:54.986  INFO 6873 --- [io-9120-exec-10] o.t.k.f.s.i.filter.SecurityInterceptor   : identification start.userName:someone,uri:/kanban/projects/foo-project-Id/members/invitation
19:08:54.986 [http-nio-9120-exec-10] INFO  o.t.k.f.s.a.AuthenticationInterceptor - authentication start.currentURL:/kanban/projects/foo-project-Id/members/invitation
2017-03-12 19:08:54.986  INFO 6873 --- [io-9120-exec-10] o.t.k.f.s.a.AuthenticationInterceptor    : authentication start.currentURL:/kanban/projects/foo-project-Id/members/invitation
19:08:55.011 [http-nio-9120-exec-10] INFO  o.t.k.n.NotificationService - Adding notification:{"content":"someone邀请你加入project-name","displayTime":"","isRead":false,"link":"http://localhost:9120/kanban/projects/foo-project-Id/members/invitation/fooId","receiver":"invitee-user","sender":"someone","type":"project-members-invitation","typeName":"团队邀请"}
2017-03-12 19:08:55.011  INFO 6873 --- [io-9120-exec-10] o.t.k.notification.NotificationService   : Adding notification:{"content":"someone邀请你加入project-name","displayTime":"","isRead":false,"link":"http://localhost:9120/kanban/projects/foo-project-Id/members/invitation/fooId","receiver":"invitee-user","sender":"someone","type":"project-members-invitation","typeName":"团队邀请"}
19:08:55.022 [http-nio-9120-exec-10] INFO  o.t.k.f.logback.SessionInterceptor - remove sessionId.
2017-03-12 19:08:55.022  INFO 6873 --- [io-9120-exec-10] o.t.k.f.logback.SessionInterceptor       : remove sessionId.
19:08:55.087 [http-nio-9120-exec-9] INFO  o.t.k.f.logback.SessionInterceptor - init session:483e4414-0714-11e7-80b3-0014781bc25c
2017-03-12 19:08:55.087  INFO 6873 --- [nio-9120-exec-9] o.t.k.f.logback.SessionInterceptor       : init session:483e4414-0714-11e7-80b3-0014781bc25c
19:08:55.087 [http-nio-9120-exec-9] INFO  o.t.k.f.s.i.f.SecurityInterceptor - identification start.userName:someone,uri:/kanban/projects/foo-project-Id/members/invitation
2017-03-12 19:08:55.087  INFO 6873 --- [nio-9120-exec-9] o.t.k.f.s.i.filter.SecurityInterceptor   : identification start.userName:someone,uri:/kanban/projects/foo-project-Id/members/invitation
19:08:55.087 [http-nio-9120-exec-9] INFO  o.t.k.f.s.a.AuthenticationInterceptor - authentication start.currentURL:/kanban/projects/foo-project-Id/members/invitation
2017-03-12 19:08:55.087  INFO 6873 --- [nio-9120-exec-9] o.t.k.f.s.a.AuthenticationInterceptor    : authentication start.currentURL:/kanban/projects/foo-project-Id/members/invitation
19:08:55.096 [http-nio-9120-exec-9] INFO  o.t.k.f.logback.SessionInterceptor - remove sessionId.
2017-03-12 19:08:55.096  INFO 6873 --- [nio-9120-exec-9] o.t.k.f.logback.SessionInterceptor       : remove sessionId.
19:08:55.098 [http-nio-9120-exec-9] INFO  o.t.k.f.logback.SessionInterceptor - init session:483ff1c5-0714-11e7-80b3-0014781bc25c
2017-03-12 19:08:55.098  INFO 6873 --- [nio-9120-exec-9] o.t.k.f.logback.SessionInterceptor       : init session:483ff1c5-0714-11e7-80b3-0014781bc25c
19:08:55.098 [http-nio-9120-exec-9] INFO  o.t.k.f.s.i.f.SecurityInterceptor - identification start.userName:someone,uri:/kanban/error/invalidParamsException
2017-03-12 19:08:55.098  INFO 6873 --- [nio-9120-exec-9] o.t.k.f.s.i.filter.SecurityInterceptor   : identification start.userName:someone,uri:/kanban/error/invalidParamsException
19:08:55.098 [http-nio-9120-exec-9] INFO  o.t.k.f.s.a.AuthenticationInterceptor - authentication start.currentURL:/kanban/error/invalidParamsException
2017-03-12 19:08:55.098  INFO 6873 --- [nio-9120-exec-9] o.t.k.f.s.a.AuthenticationInterceptor    : authentication start.currentURL:/kanban/error/invalidParamsException
19:08:55.102 [http-nio-9120-exec-9] INFO  o.t.k.f.logback.SessionInterceptor - remove sessionId.
2017-03-12 19:08:55.102  INFO 6873 --- [nio-9120-exec-9] o.t.k.f.logback.SessionInterceptor       : remove sessionId.
]]></system-out>
  <system-err><![CDATA[]]></system-err>
</testsuite>
