<?xml version="1.0" encoding="UTF-8"?>
<testsuite name="org.thiki.kanban.sprint.SprintControllerTest" tests="13" skipped="1" failures="0" errors="0" timestamp="2017-03-12T11:08:43" hostname="wisdom-HP" time="1.577">
  <properties/>
  <testcase name="notAllowedIfUnArchivedSprintExist" classname="org.thiki.kanban.sprint.SprintControllerTest" time="0.122"/>
  <testcase name="should_throw_404_exception_if_active_sprint_is_not_exist" classname="org.thiki.kanban.sprint.SprintControllerTest" time="0.068"/>
  <testcase name="notAllowedIfStartTimeAfterEndTimeWhenUpdating" classname="org.thiki.kanban.sprint.SprintControllerTest" time="0.125"/>
  <testcase name="updateSprint" classname="org.thiki.kanban.sprint.SprintControllerTest" time="0.144"/>
  <testcase name="notAllowedIfStartTimeAfterEndTime" classname="org.thiki.kanban.sprint.SprintControllerTest" time="0.067"/>
  <testcase name="notAllowedIfSprintNameAlreadyExistWhenUpdating" classname="org.thiki.kanban.sprint.SprintControllerTest" time="0.074"/>
  <testcase name="shouldReturn201WhenCreateSprintSuccessfully" classname="org.thiki.kanban.sprint.SprintControllerTest" time="0.14"/>
  <testcase name="calculateRemainDaysWhenLoadingActiveSprint" classname="org.thiki.kanban.sprint.SprintControllerTest" time="0.0">
    <skipped/>
  </testcase>
  <testcase name="notAllowedIfSprintNameAlreadyExist" classname="org.thiki.kanban.sprint.SprintControllerTest" time="0.364"/>
  <testcase name="loadActiveSprint" classname="org.thiki.kanban.sprint.SprintControllerTest" time="0.139"/>
  <testcase name="shouldReturn201WhenArchiveSuccessfully" classname="org.thiki.kanban.sprint.SprintControllerTest" time="0.145"/>
  <testcase name="notAllowedIfSprintDoesNotExistWhenUpdating" classname="org.thiki.kanban.sprint.SprintControllerTest" time="0.092"/>
  <testcase name="notAllowedIfSprintWasAlreadyArchivedWhenCompletingSprint" classname="org.thiki.kanban.sprint.SprintControllerTest" time="0.076"/>
  <system-out><![CDATA[2017-03-12 19:08:43.389  INFO 6873 --- [    Test worker] o.s.t.c.support.AbstractContextLoader    : Could not detect default resource locations for test class [org.thiki.kanban.TestBase]: no resource found for suffixes {-context.xml, Context.groovy}.
2017-03-12 19:08:43.395  INFO 6873 --- [    Test worker] WebAppIntegrationTestContextBootstrapper : Loaded default TestExecutionListener class names from location [META-INF/spring.factories]: [org.springframework.test.context.web.ServletTestExecutionListener, org.springframework.test.context.support.DirtiesContextBeforeModesTestExecutionListener, org.springframework.test.context.support.DependencyInjectionTestExecutionListener, org.springframework.test.context.support.DirtiesContextTestExecutionListener, org.springframework.test.context.transaction.TransactionalTestExecutionListener, org.springframework.test.context.jdbc.SqlScriptsTestExecutionListener, org.springframework.boot.test.mock.mockito.MockitoTestExecutionListener, org.springframework.boot.test.mock.mockito.ResetMocksTestExecutionListener, org.springframework.boot.test.autoconfigure.restdocs.RestDocsTestExecutionListener, org.springframework.boot.test.autoconfigure.web.client.MockRestServiceServerResetTestExecutionListener, org.springframework.boot.test.autoconfigure.web.servlet.MockMvcPrintOnlyOnFailureTestExecutionListener, org.springframework.boot.test.autoconfigure.web.servlet.WebDriverTestExecutionListener]
2017-03-12 19:08:43.396  INFO 6873 --- [    Test worker] WebAppIntegrationTestContextBootstrapper : Using TestExecutionListeners: [org.springframework.test.context.web.ServletTestExecutionListener@12a50d4a, org.springframework.test.context.support.DirtiesContextBeforeModesTestExecutionListener@15acb0fc, org.springframework.test.context.support.DependencyInjectionTestExecutionListener@643412dd, org.springframework.test.context.support.DirtiesContextTestExecutionListener@1ef143dc, org.springframework.test.context.transaction.TransactionalTestExecutionListener@2404c215, org.springframework.test.context.jdbc.SqlScriptsTestExecutionListener@545fad39, org.springframework.boot.test.autoconfigure.web.servlet.MockMvcPrintOnlyOnFailureTestExecutionListener@10b9ef95, org.springframework.boot.test.autoconfigure.web.servlet.WebDriverTestExecutionListener@442b1fd, org.springframework.boot.test.autoconfigure.web.client.MockRestServiceServerResetTestExecutionListener@6d4df0a, org.springframework.boot.test.mock.mockito.MockitoTestExecutionListener@2fcb8c8c, org.springframework.boot.test.mock.mockito.ResetMocksTestExecutionListener@70510ba7, org.springframework.boot.test.autoconfigure.restdocs.RestDocsTestExecutionListener@610d9109]
19:08:43.423 [http-nio-9120-exec-2] INFO  o.t.k.f.logback.SessionInterceptor - init session:414a7b79-0714-11e7-80b3-0014781bc25c
2017-03-12 19:08:43.423  INFO 6873 --- [nio-9120-exec-2] o.t.k.f.logback.SessionInterceptor       : init session:414a7b79-0714-11e7-80b3-0014781bc25c
19:08:43.424 [http-nio-9120-exec-2] INFO  o.t.k.f.s.i.f.SecurityInterceptor - identification start.userName:someone,uri:/kanban/projects/project-fooId/boards/board-fooId/sprints
2017-03-12 19:08:43.424  INFO 6873 --- [nio-9120-exec-2] o.t.k.f.s.i.filter.SecurityInterceptor   : identification start.userName:someone,uri:/kanban/projects/project-fooId/boards/board-fooId/sprints
19:08:43.425 [http-nio-9120-exec-2] INFO  o.t.k.f.s.a.AuthenticationInterceptor - authentication start.currentURL:/kanban/projects/project-fooId/boards/board-fooId/sprints
2017-03-12 19:08:43.425  INFO 6873 --- [nio-9120-exec-2] o.t.k.f.s.a.AuthenticationInterceptor    : authentication start.currentURL:/kanban/projects/project-fooId/boards/board-fooId/sprints
19:08:43.476 [http-nio-9120-exec-2] INFO  o.thiki.kanban.sprint.SprintService - Creating sprint.sprint:{"completed":false,"endTime":"2017-02-05 12:11:44","remainingDays":-35,"sprintName":"sprintName-foo","startTime":"2017-02-03 12:11:44","startTimeAfterEndTime":false,"totalDays":2,"wentDays":37},boardId:board-fooId,userName
2017-03-12 19:08:43.476  INFO 6873 --- [nio-9120-exec-2] org.thiki.kanban.sprint.SprintService    : Creating sprint.sprint:{"completed":false,"endTime":"2017-02-05 12:11:44","remainingDays":-35,"sprintName":"sprintName-foo","startTime":"2017-02-03 12:11:44","startTimeAfterEndTime":false,"totalDays":2,"wentDays":37},boardId:board-fooId,userName
19:08:43.493 [http-nio-9120-exec-2] INFO  o.t.k.f.logback.SessionInterceptor - remove sessionId.
2017-03-12 19:08:43.493  INFO 6873 --- [nio-9120-exec-2] o.t.k.f.logback.SessionInterceptor       : remove sessionId.
19:08:43.496 [http-nio-9120-exec-2] INFO  o.t.k.f.logback.SessionInterceptor - init session:41559f0a-0714-11e7-80b3-0014781bc25c
2017-03-12 19:08:43.496  INFO 6873 --- [nio-9120-exec-2] o.t.k.f.logback.SessionInterceptor       : init session:41559f0a-0714-11e7-80b3-0014781bc25c
19:08:43.496 [http-nio-9120-exec-2] INFO  o.t.k.f.s.i.f.SecurityInterceptor - identification start.userName:someone,uri:/kanban/error/invalidParamsException
2017-03-12 19:08:43.496  INFO 6873 --- [nio-9120-exec-2] o.t.k.f.s.i.filter.SecurityInterceptor   : identification start.userName:someone,uri:/kanban/error/invalidParamsException
19:08:43.496 [http-nio-9120-exec-2] INFO  o.t.k.f.s.a.AuthenticationInterceptor - authentication start.currentURL:/kanban/error/invalidParamsException
2017-03-12 19:08:43.496  INFO 6873 --- [nio-9120-exec-2] o.t.k.f.s.a.AuthenticationInterceptor    : authentication start.currentURL:/kanban/error/invalidParamsException
19:08:43.501 [http-nio-9120-exec-2] INFO  o.t.k.f.logback.SessionInterceptor - remove sessionId.
2017-03-12 19:08:43.501  INFO 6873 --- [nio-9120-exec-2] o.t.k.f.logback.SessionInterceptor       : remove sessionId.
19:08:43.548 [http-nio-9120-exec-4] INFO  o.t.k.f.logback.SessionInterceptor - init session:415d8e4b-0714-11e7-80b3-0014781bc25c
2017-03-12 19:08:43.548  INFO 6873 --- [nio-9120-exec-4] o.t.k.f.logback.SessionInterceptor       : init session:415d8e4b-0714-11e7-80b3-0014781bc25c
19:08:43.549 [http-nio-9120-exec-4] INFO  o.t.k.f.s.i.f.SecurityInterceptor - identification start.userName:someone,uri:/kanban/projects/project-fooId/boards/board-fooId/sprints/activeSprint
2017-03-12 19:08:43.549  INFO 6873 --- [nio-9120-exec-4] o.t.k.f.s.i.filter.SecurityInterceptor   : identification start.userName:someone,uri:/kanban/projects/project-fooId/boards/board-fooId/sprints/activeSprint
19:08:43.550 [http-nio-9120-exec-4] INFO  o.t.k.f.s.a.AuthenticationInterceptor - authentication start.currentURL:/kanban/projects/project-fooId/boards/board-fooId/sprints/activeSprint
2017-03-12 19:08:43.550  INFO 6873 --- [nio-9120-exec-4] o.t.k.f.s.a.AuthenticationInterceptor    : authentication start.currentURL:/kanban/projects/project-fooId/boards/board-fooId/sprints/activeSprint
19:08:43.552 [http-nio-9120-exec-4] INFO  o.thiki.kanban.sprint.SprintService - Loading active sprint.boardId:board-fooId,userName
2017-03-12 19:08:43.552  INFO 6873 --- [nio-9120-exec-4] org.thiki.kanban.sprint.SprintService    : Loading active sprint.boardId:board-fooId,userName
19:08:43.554 [http-nio-9120-exec-4] INFO  o.thiki.kanban.sprint.SprintService - No active sprint was found.boardId:board-fooId
2017-03-12 19:08:43.554  INFO 6873 --- [nio-9120-exec-4] org.thiki.kanban.sprint.SprintService    : No active sprint was found.boardId:board-fooId
19:08:43.556 [http-nio-9120-exec-4] INFO  o.t.k.f.logback.SessionInterceptor - remove sessionId.
2017-03-12 19:08:43.556  INFO 6873 --- [nio-9120-exec-4] o.t.k.f.logback.SessionInterceptor       : remove sessionId.
19:08:43.561 [http-nio-9120-exec-4] INFO  o.t.k.f.logback.SessionInterceptor - init session:415f8a1c-0714-11e7-80b3-0014781bc25c
2017-03-12 19:08:43.561  INFO 6873 --- [nio-9120-exec-4] o.t.k.f.logback.SessionInterceptor       : init session:415f8a1c-0714-11e7-80b3-0014781bc25c
19:08:43.562 [http-nio-9120-exec-4] INFO  o.t.k.f.s.i.f.SecurityInterceptor - identification start.userName:someone,uri:/kanban/error/404
2017-03-12 19:08:43.562  INFO 6873 --- [nio-9120-exec-4] o.t.k.f.s.i.filter.SecurityInterceptor   : identification start.userName:someone,uri:/kanban/error/404
19:08:43.562 [http-nio-9120-exec-4] INFO  o.t.k.f.s.a.AuthenticationInterceptor - authentication start.currentURL:/kanban/error/404
2017-03-12 19:08:43.562  INFO 6873 --- [nio-9120-exec-4] o.t.k.f.s.a.AuthenticationInterceptor    : authentication start.currentURL:/kanban/error/404
19:08:43.570 [http-nio-9120-exec-4] INFO  o.t.k.f.logback.SessionInterceptor - remove sessionId.
2017-03-12 19:08:43.570  INFO 6873 --- [nio-9120-exec-4] o.t.k.f.logback.SessionInterceptor       : remove sessionId.
19:08:43.619 [http-nio-9120-exec-5] INFO  o.t.k.f.logback.SessionInterceptor - init session:416863bd-0714-11e7-80b3-0014781bc25c
2017-03-12 19:08:43.619  INFO 6873 --- [nio-9120-exec-5] o.t.k.f.logback.SessionInterceptor       : init session:416863bd-0714-11e7-80b3-0014781bc25c
19:08:43.619 [http-nio-9120-exec-5] INFO  o.t.k.f.s.i.f.SecurityInterceptor - identification start.userName:someone,uri:/kanban/projects/project-fooId/boards/board-fooId/sprints/fooId
2017-03-12 19:08:43.619  INFO 6873 --- [nio-9120-exec-5] o.t.k.f.s.i.filter.SecurityInterceptor   : identification start.userName:someone,uri:/kanban/projects/project-fooId/boards/board-fooId/sprints/fooId
19:08:43.620 [http-nio-9120-exec-5] INFO  o.t.k.f.s.a.AuthenticationInterceptor - authentication start.currentURL:/kanban/projects/project-fooId/boards/board-fooId/sprints/fooId
2017-03-12 19:08:43.620  INFO 6873 --- [nio-9120-exec-5] o.t.k.f.s.a.AuthenticationInterceptor    : authentication start.currentURL:/kanban/projects/project-fooId/boards/board-fooId/sprints/fooId
19:08:43.629 [http-nio-9120-exec-5] INFO  o.thiki.kanban.sprint.SprintService - Updating sprint.sprintId:fooId,sprint:{"completed":false,"endTime":"2017-02-05 12:11:44","remainingDays":-35,"sprintName":"sprintName-foo","startTime":"2017-02-06 12:11:44","startTimeAfterEndTime":true,"totalDays":-1,"wentDays":34},boardId:board-fooId,userName
2017-03-12 19:08:43.629  INFO 6873 --- [nio-9120-exec-5] org.thiki.kanban.sprint.SprintService    : Updating sprint.sprintId:fooId,sprint:{"completed":false,"endTime":"2017-02-05 12:11:44","remainingDays":-35,"sprintName":"sprintName-foo","startTime":"2017-02-06 12:11:44","startTimeAfterEndTime":true,"totalDays":-1,"wentDays":34},boardId:board-fooId,userName
19:08:43.688 [http-nio-9120-exec-5] INFO  o.thiki.kanban.sprint.SprintService - Sprint startTime is after endTime.startTime:2017-02-06 12:11:44,endTime:2017-02-05 12:11:44
2017-03-12 19:08:43.688  INFO 6873 --- [nio-9120-exec-5] org.thiki.kanban.sprint.SprintService    : Sprint startTime is after endTime.startTime:2017-02-06 12:11:44,endTime:2017-02-05 12:11:44
19:08:43.690 [http-nio-9120-exec-5] INFO  o.t.k.f.logback.SessionInterceptor - remove sessionId.
2017-03-12 19:08:43.690  INFO 6873 --- [nio-9120-exec-5] o.t.k.f.logback.SessionInterceptor       : remove sessionId.
19:08:43.692 [http-nio-9120-exec-5] INFO  o.t.k.f.logback.SessionInterceptor - init session:4173874e-0714-11e7-80b3-0014781bc25c
2017-03-12 19:08:43.692  INFO 6873 --- [nio-9120-exec-5] o.t.k.f.logback.SessionInterceptor       : init session:4173874e-0714-11e7-80b3-0014781bc25c
19:08:43.693 [http-nio-9120-exec-5] INFO  o.t.k.f.s.i.f.SecurityInterceptor - identification start.userName:someone,uri:/kanban/error/invalidParamsException
2017-03-12 19:08:43.693  INFO 6873 --- [nio-9120-exec-5] o.t.k.f.s.i.filter.SecurityInterceptor   : identification start.userName:someone,uri:/kanban/error/invalidParamsException
19:08:43.693 [http-nio-9120-exec-5] INFO  o.t.k.f.s.a.AuthenticationInterceptor - authentication start.currentURL:/kanban/error/invalidParamsException
2017-03-12 19:08:43.693  INFO 6873 --- [nio-9120-exec-5] o.t.k.f.s.a.AuthenticationInterceptor    : authentication start.currentURL:/kanban/error/invalidParamsException
19:08:43.696 [http-nio-9120-exec-5] INFO  o.t.k.f.logback.SessionInterceptor - remove sessionId.
2017-03-12 19:08:43.696  INFO 6873 --- [nio-9120-exec-5] o.t.k.f.logback.SessionInterceptor       : remove sessionId.
19:08:43.745 [http-nio-9120-exec-6] INFO  o.t.k.f.logback.SessionInterceptor - init session:417b9d9f-0714-11e7-80b3-0014781bc25c
2017-03-12 19:08:43.745  INFO 6873 --- [nio-9120-exec-6] o.t.k.f.logback.SessionInterceptor       : init session:417b9d9f-0714-11e7-80b3-0014781bc25c
19:08:43.746 [http-nio-9120-exec-6] INFO  o.t.k.f.s.i.f.SecurityInterceptor - identification start.userName:someone,uri:/kanban/projects/project-fooId/boards/board-fooId/sprints/fooId
2017-03-12 19:08:43.746  INFO 6873 --- [nio-9120-exec-6] o.t.k.f.s.i.filter.SecurityInterceptor   : identification start.userName:someone,uri:/kanban/projects/project-fooId/boards/board-fooId/sprints/fooId
19:08:43.746 [http-nio-9120-exec-6] INFO  o.t.k.f.s.a.AuthenticationInterceptor - authentication start.currentURL:/kanban/projects/project-fooId/boards/board-fooId/sprints/fooId
2017-03-12 19:08:43.746  INFO 6873 --- [nio-9120-exec-6] o.t.k.f.s.a.AuthenticationInterceptor    : authentication start.currentURL:/kanban/projects/project-fooId/boards/board-fooId/sprints/fooId
19:08:43.760 [http-nio-9120-exec-6] INFO  o.thiki.kanban.sprint.SprintService - Updating sprint.sprintId:fooId,sprint:{"completed":false,"endTime":"2017-02-05 12:11:44","remainingDays":-35,"sprintName":"sprintName-foo","startTime":"2017-02-03 12:11:44","startTimeAfterEndTime":false,"totalDays":2,"wentDays":37},boardId:board-fooId,userName
2017-03-12 19:08:43.760  INFO 6873 --- [nio-9120-exec-6] org.thiki.kanban.sprint.SprintService    : Updating sprint.sprintId:fooId,sprint:{"completed":false,"endTime":"2017-02-05 12:11:44","remainingDays":-35,"sprintName":"sprintName-foo","startTime":"2017-02-03 12:11:44","startTimeAfterEndTime":false,"totalDays":2,"wentDays":37},boardId:board-fooId,userName
19:08:43.778 [http-nio-9120-exec-6] INFO  o.thiki.kanban.sprint.SprintService - Saved sprint:{"archiveId":"","completed":false,"creationTime":"2017-03-12 19:08:43.728000","endTime":"2017-02-05 12:11:44.000000","id":"fooId","modificationTime":"2017-03-12 19:08:43.728000","remainingDays":-35,"sprintName":"sprintName-foo","startTime":"2017-02-03 12:11:44.000000","startTimeAfterEndTime":false,"status":1,"totalDays":2,"wentDays":37}
2017-03-12 19:08:43.778  INFO 6873 --- [nio-9120-exec-6] org.thiki.kanban.sprint.SprintService    : Saved sprint:{"archiveId":"","completed":false,"creationTime":"2017-03-12 19:08:43.728000","endTime":"2017-02-05 12:11:44.000000","id":"fooId","modificationTime":"2017-03-12 19:08:43.728000","remainingDays":-35,"sprintName":"sprintName-foo","startTime":"2017-02-03 12:11:44.000000","startTimeAfterEndTime":false,"status":1,"totalDays":2,"wentDays":37}
19:08:43.781 [http-nio-9120-exec-6] INFO  o.thiki.kanban.sprint.SprintResource - build sprint resource.board:board-fooId,userName:someone
2017-03-12 19:08:43.781  INFO 6873 --- [nio-9120-exec-6] org.thiki.kanban.sprint.SprintResource   : build sprint resource.board:board-fooId,userName:someone
19:08:43.797 [http-nio-9120-exec-6] INFO  o.thiki.kanban.sprint.SprintResource - sprint resource building completed.board:board-fooId,userName:someone
2017-03-12 19:08:43.797  INFO 6873 --- [nio-9120-exec-6] org.thiki.kanban.sprint.SprintResource   : sprint resource building completed.board:board-fooId,userName:someone
19:08:43.804 [http-nio-9120-exec-6] INFO  o.t.k.f.logback.SessionInterceptor - remove sessionId.
2017-03-12 19:08:43.804  INFO 6873 --- [nio-9120-exec-6] o.t.k.f.logback.SessionInterceptor       : remove sessionId.
19:08:43.889 [http-nio-9120-exec-7] INFO  o.t.k.f.logback.SessionInterceptor - init session:419196a0-0714-11e7-80b3-0014781bc25c
2017-03-12 19:08:43.889  INFO 6873 --- [nio-9120-exec-7] o.t.k.f.logback.SessionInterceptor       : init session:419196a0-0714-11e7-80b3-0014781bc25c
19:08:43.890 [http-nio-9120-exec-7] INFO  o.t.k.f.s.i.f.SecurityInterceptor - identification start.userName:someone,uri:/kanban/projects/project-fooId/boards/board-fooId/sprints
2017-03-12 19:08:43.890  INFO 6873 --- [nio-9120-exec-7] o.t.k.f.s.i.filter.SecurityInterceptor   : identification start.userName:someone,uri:/kanban/projects/project-fooId/boards/board-fooId/sprints
19:08:43.891 [http-nio-9120-exec-7] INFO  o.t.k.f.s.a.AuthenticationInterceptor - authentication start.currentURL:/kanban/projects/project-fooId/boards/board-fooId/sprints
2017-03-12 19:08:43.891  INFO 6873 --- [nio-9120-exec-7] o.t.k.f.s.a.AuthenticationInterceptor    : authentication start.currentURL:/kanban/projects/project-fooId/boards/board-fooId/sprints
19:08:43.902 [http-nio-9120-exec-7] INFO  o.thiki.kanban.sprint.SprintService - Creating sprint.sprint:{"completed":false,"endTime":"2017-02-05 12:11:44","remainingDays":-35,"sprintName":"sprintName-foo","startTime":"2017-02-06 12:11:44","startTimeAfterEndTime":true,"totalDays":-1,"wentDays":34},boardId:board-fooId,userName
2017-03-12 19:08:43.902  INFO 6873 --- [nio-9120-exec-7] org.thiki.kanban.sprint.SprintService    : Creating sprint.sprint:{"completed":false,"endTime":"2017-02-05 12:11:44","remainingDays":-35,"sprintName":"sprintName-foo","startTime":"2017-02-06 12:11:44","startTimeAfterEndTime":true,"totalDays":-1,"wentDays":34},boardId:board-fooId,userName
19:08:43.904 [http-nio-9120-exec-7] INFO  o.t.k.f.logback.SessionInterceptor - remove sessionId.
2017-03-12 19:08:43.904  INFO 6873 --- [nio-9120-exec-7] o.t.k.f.logback.SessionInterceptor       : remove sessionId.
19:08:43.907 [http-nio-9120-exec-7] INFO  o.t.k.f.logback.SessionInterceptor - init session:419455c1-0714-11e7-80b3-0014781bc25c
2017-03-12 19:08:43.907  INFO 6873 --- [nio-9120-exec-7] o.t.k.f.logback.SessionInterceptor       : init session:419455c1-0714-11e7-80b3-0014781bc25c
19:08:43.908 [http-nio-9120-exec-7] INFO  o.t.k.f.s.i.f.SecurityInterceptor - identification start.userName:someone,uri:/kanban/error/invalidParamsException
2017-03-12 19:08:43.908  INFO 6873 --- [nio-9120-exec-7] o.t.k.f.s.i.filter.SecurityInterceptor   : identification start.userName:someone,uri:/kanban/error/invalidParamsException
19:08:43.908 [http-nio-9120-exec-7] INFO  o.t.k.f.s.a.AuthenticationInterceptor - authentication start.currentURL:/kanban/error/invalidParamsException
2017-03-12 19:08:43.908  INFO 6873 --- [nio-9120-exec-7] o.t.k.f.s.a.AuthenticationInterceptor    : authentication start.currentURL:/kanban/error/invalidParamsException
19:08:43.911 [http-nio-9120-exec-7] INFO  o.t.k.f.logback.SessionInterceptor - remove sessionId.
2017-03-12 19:08:43.911  INFO 6873 --- [nio-9120-exec-7] o.t.k.f.logback.SessionInterceptor       : remove sessionId.
19:08:43.958 [http-nio-9120-exec-8] INFO  o.t.k.f.logback.SessionInterceptor - init session:419bf6e2-0714-11e7-80b3-0014781bc25c
2017-03-12 19:08:43.958  INFO 6873 --- [nio-9120-exec-8] o.t.k.f.logback.SessionInterceptor       : init session:419bf6e2-0714-11e7-80b3-0014781bc25c
19:08:43.958 [http-nio-9120-exec-8] INFO  o.t.k.f.s.i.f.SecurityInterceptor - identification start.userName:someone,uri:/kanban/projects/project-fooId/boards/board-fooId/sprints/fooId
2017-03-12 19:08:43.958  INFO 6873 --- [nio-9120-exec-8] o.t.k.f.s.i.filter.SecurityInterceptor   : identification start.userName:someone,uri:/kanban/projects/project-fooId/boards/board-fooId/sprints/fooId
19:08:43.959 [http-nio-9120-exec-8] INFO  o.t.k.f.s.a.AuthenticationInterceptor - authentication start.currentURL:/kanban/projects/project-fooId/boards/board-fooId/sprints/fooId
2017-03-12 19:08:43.959  INFO 6873 --- [nio-9120-exec-8] o.t.k.f.s.a.AuthenticationInterceptor    : authentication start.currentURL:/kanban/projects/project-fooId/boards/board-fooId/sprints/fooId
19:08:43.969 [http-nio-9120-exec-8] INFO  o.thiki.kanban.sprint.SprintService - Updating sprint.sprintId:fooId,sprint:{"completed":false,"endTime":"2017-02-05 12:11:44","remainingDays":-35,"sprintName":"sprintName-foo","startTime":"2017-02-01 12:11:44","startTimeAfterEndTime":false,"totalDays":4,"wentDays":39},boardId:board-fooId,userName
2017-03-12 19:08:43.969  INFO 6873 --- [nio-9120-exec-8] org.thiki.kanban.sprint.SprintService    : Updating sprint.sprintId:fooId,sprint:{"completed":false,"endTime":"2017-02-05 12:11:44","remainingDays":-35,"sprintName":"sprintName-foo","startTime":"2017-02-01 12:11:44","startTimeAfterEndTime":false,"totalDays":4,"wentDays":39},boardId:board-fooId,userName
19:08:43.973 [http-nio-9120-exec-8] INFO  o.t.k.f.logback.SessionInterceptor - remove sessionId.
2017-03-12 19:08:43.973  INFO 6873 --- [nio-9120-exec-8] o.t.k.f.logback.SessionInterceptor       : remove sessionId.
19:08:43.976 [http-nio-9120-exec-8] INFO  o.t.k.f.logback.SessionInterceptor - init session:419edd13-0714-11e7-80b3-0014781bc25c
2017-03-12 19:08:43.976  INFO 6873 --- [nio-9120-exec-8] o.t.k.f.logback.SessionInterceptor       : init session:419edd13-0714-11e7-80b3-0014781bc25c
19:08:43.977 [http-nio-9120-exec-8] INFO  o.t.k.f.s.i.f.SecurityInterceptor - identification start.userName:someone,uri:/kanban/error/invalidParamsException
2017-03-12 19:08:43.977  INFO 6873 --- [nio-9120-exec-8] o.t.k.f.s.i.filter.SecurityInterceptor   : identification start.userName:someone,uri:/kanban/error/invalidParamsException
19:08:43.978 [http-nio-9120-exec-8] INFO  o.t.k.f.s.a.AuthenticationInterceptor - authentication start.currentURL:/kanban/error/invalidParamsException
2017-03-12 19:08:43.978  INFO 6873 --- [nio-9120-exec-8] o.t.k.f.s.a.AuthenticationInterceptor    : authentication start.currentURL:/kanban/error/invalidParamsException
19:08:43.983 [http-nio-9120-exec-8] INFO  o.t.k.f.logback.SessionInterceptor - remove sessionId.
2017-03-12 19:08:43.983  INFO 6873 --- [nio-9120-exec-8] o.t.k.f.logback.SessionInterceptor       : remove sessionId.
19:08:44.032 [http-nio-9120-exec-9] INFO  o.t.k.f.logback.SessionInterceptor - init session:41a76894-0714-11e7-80b3-0014781bc25c
2017-03-12 19:08:44.032  INFO 6873 --- [nio-9120-exec-9] o.t.k.f.logback.SessionInterceptor       : init session:41a76894-0714-11e7-80b3-0014781bc25c
19:08:44.033 [http-nio-9120-exec-9] INFO  o.t.k.f.s.i.f.SecurityInterceptor - identification start.userName:someone,uri:/kanban/projects/project-fooId/boards/board-fooId/sprints
2017-03-12 19:08:44.033  INFO 6873 --- [nio-9120-exec-9] o.t.k.f.s.i.filter.SecurityInterceptor   : identification start.userName:someone,uri:/kanban/projects/project-fooId/boards/board-fooId/sprints
19:08:44.033 [http-nio-9120-exec-9] INFO  o.t.k.f.s.a.AuthenticationInterceptor - authentication start.currentURL:/kanban/projects/project-fooId/boards/board-fooId/sprints
2017-03-12 19:08:44.033  INFO 6873 --- [nio-9120-exec-9] o.t.k.f.s.a.AuthenticationInterceptor    : authentication start.currentURL:/kanban/projects/project-fooId/boards/board-fooId/sprints
19:08:44.046 [http-nio-9120-exec-9] INFO  o.thiki.kanban.sprint.SprintService - Creating sprint.sprint:{"completed":false,"endTime":"2017-02-05 12:11:44","remainingDays":-35,"sprintName":"sprintName-foo","startTime":"2017-02-04 12:11:44","startTimeAfterEndTime":false,"totalDays":1,"wentDays":36},boardId:board-fooId,userName
2017-03-12 19:08:44.046  INFO 6873 --- [nio-9120-exec-9] org.thiki.kanban.sprint.SprintService    : Creating sprint.sprint:{"completed":false,"endTime":"2017-02-05 12:11:44","remainingDays":-35,"sprintName":"sprintName-foo","startTime":"2017-02-04 12:11:44","startTimeAfterEndTime":false,"totalDays":1,"wentDays":36},boardId:board-fooId,userName
19:08:44.055 [http-nio-9120-exec-9] INFO  o.thiki.kanban.sprint.SprintService - Created sprint:{"archiveId":"","completed":false,"creationTime":"2017-03-12 19:08:44.053000","endTime":"2017-02-05 12:11:44.000000","id":"fooId","modificationTime":"2017-03-12 19:08:44.053000","remainingDays":-35,"sprintName":"sprintName-foo","startTime":"2017-02-04 12:11:44.000000","startTimeAfterEndTime":false,"status":1,"totalDays":1,"wentDays":36}
2017-03-12 19:08:44.055  INFO 6873 --- [nio-9120-exec-9] org.thiki.kanban.sprint.SprintService    : Created sprint:{"archiveId":"","completed":false,"creationTime":"2017-03-12 19:08:44.053000","endTime":"2017-02-05 12:11:44.000000","id":"fooId","modificationTime":"2017-03-12 19:08:44.053000","remainingDays":-35,"sprintName":"sprintName-foo","startTime":"2017-02-04 12:11:44.000000","startTimeAfterEndTime":false,"status":1,"totalDays":1,"wentDays":36}
19:08:44.057 [http-nio-9120-exec-9] INFO  o.thiki.kanban.sprint.SprintResource - build sprint resource.board:board-fooId,userName:someone
2017-03-12 19:08:44.057  INFO 6873 --- [nio-9120-exec-9] org.thiki.kanban.sprint.SprintResource   : build sprint resource.board:board-fooId,userName:someone
19:08:44.061 [http-nio-9120-exec-9] INFO  o.thiki.kanban.sprint.SprintResource - sprint resource building completed.board:board-fooId,userName:someone
2017-03-12 19:08:44.061  INFO 6873 --- [nio-9120-exec-9] org.thiki.kanban.sprint.SprintResource   : sprint resource building completed.board:board-fooId,userName:someone
19:08:44.069 [http-nio-9120-exec-9] INFO  o.t.k.f.logback.SessionInterceptor - remove sessionId.
2017-03-12 19:08:44.069  INFO 6873 --- [nio-9120-exec-9] o.t.k.f.logback.SessionInterceptor       : remove sessionId.
19:08:44.469 [http-nio-9120-exec-5] INFO  o.t.k.f.logback.SessionInterceptor - init session:41ea16e5-0714-11e7-80b3-0014781bc25c
2017-03-12 19:08:44.469  INFO 6873 --- [nio-9120-exec-5] o.t.k.f.logback.SessionInterceptor       : init session:41ea16e5-0714-11e7-80b3-0014781bc25c
19:08:44.470 [http-nio-9120-exec-5] INFO  o.t.k.f.s.i.f.SecurityInterceptor - identification start.userName:someone,uri:/kanban/projects/project-fooId/boards/board-fooId/sprints
2017-03-12 19:08:44.470  INFO 6873 --- [nio-9120-exec-5] o.t.k.f.s.i.filter.SecurityInterceptor   : identification start.userName:someone,uri:/kanban/projects/project-fooId/boards/board-fooId/sprints
19:08:44.470 [http-nio-9120-exec-5] INFO  o.t.k.f.s.a.AuthenticationInterceptor - authentication start.currentURL:/kanban/projects/project-fooId/boards/board-fooId/sprints
2017-03-12 19:08:44.470  INFO 6873 --- [nio-9120-exec-5] o.t.k.f.s.a.AuthenticationInterceptor    : authentication start.currentURL:/kanban/projects/project-fooId/boards/board-fooId/sprints
19:08:44.481 [http-nio-9120-exec-5] INFO  o.thiki.kanban.sprint.SprintService - Creating sprint.sprint:{"completed":false,"endTime":"2017-02-05 12:11:44","remainingDays":-35,"sprintName":"sprintName-foo","startTime":"2017-02-03 12:11:44","startTimeAfterEndTime":false,"totalDays":2,"wentDays":37},boardId:board-fooId,userName
2017-03-12 19:08:44.481  INFO 6873 --- [nio-9120-exec-5] org.thiki.kanban.sprint.SprintService    : Creating sprint.sprint:{"completed":false,"endTime":"2017-02-05 12:11:44","remainingDays":-35,"sprintName":"sprintName-foo","startTime":"2017-02-03 12:11:44","startTimeAfterEndTime":false,"totalDays":2,"wentDays":37},boardId:board-fooId,userName
19:08:44.487 [http-nio-9120-exec-5] INFO  o.t.k.f.logback.SessionInterceptor - remove sessionId.
2017-03-12 19:08:44.487  INFO 6873 --- [nio-9120-exec-5] o.t.k.f.logback.SessionInterceptor       : remove sessionId.
19:08:44.489 [http-nio-9120-exec-5] INFO  o.t.k.f.logback.SessionInterceptor - init session:41ed2426-0714-11e7-80b3-0014781bc25c
2017-03-12 19:08:44.489  INFO 6873 --- [nio-9120-exec-5] o.t.k.f.logback.SessionInterceptor       : init session:41ed2426-0714-11e7-80b3-0014781bc25c
19:08:44.490 [http-nio-9120-exec-5] INFO  o.t.k.f.s.i.f.SecurityInterceptor - identification start.userName:someone,uri:/kanban/error/invalidParamsException
2017-03-12 19:08:44.490  INFO 6873 --- [nio-9120-exec-5] o.t.k.f.s.i.filter.SecurityInterceptor   : identification start.userName:someone,uri:/kanban/error/invalidParamsException
19:08:44.490 [http-nio-9120-exec-5] INFO  o.t.k.f.s.a.AuthenticationInterceptor - authentication start.currentURL:/kanban/error/invalidParamsException
2017-03-12 19:08:44.490  INFO 6873 --- [nio-9120-exec-5] o.t.k.f.s.a.AuthenticationInterceptor    : authentication start.currentURL:/kanban/error/invalidParamsException
19:08:44.495 [http-nio-9120-exec-5] INFO  o.t.k.f.logback.SessionInterceptor - remove sessionId.
2017-03-12 19:08:44.495  INFO 6873 --- [nio-9120-exec-5] o.t.k.f.logback.SessionInterceptor       : remove sessionId.
19:08:44.545 [http-nio-9120-exec-7] INFO  o.t.k.f.logback.SessionInterceptor - init session:41f5afa7-0714-11e7-80b3-0014781bc25c
2017-03-12 19:08:44.545  INFO 6873 --- [nio-9120-exec-7] o.t.k.f.logback.SessionInterceptor       : init session:41f5afa7-0714-11e7-80b3-0014781bc25c
19:08:44.545 [http-nio-9120-exec-7] INFO  o.t.k.f.s.i.f.SecurityInterceptor - identification start.userName:someone,uri:/kanban/projects/project-fooId/boards/board-fooId/sprints/activeSprint
2017-03-12 19:08:44.545  INFO 6873 --- [nio-9120-exec-7] o.t.k.f.s.i.filter.SecurityInterceptor   : identification start.userName:someone,uri:/kanban/projects/project-fooId/boards/board-fooId/sprints/activeSprint
19:08:44.546 [http-nio-9120-exec-7] INFO  o.t.k.f.s.a.AuthenticationInterceptor - authentication start.currentURL:/kanban/projects/project-fooId/boards/board-fooId/sprints/activeSprint
2017-03-12 19:08:44.546  INFO 6873 --- [nio-9120-exec-7] o.t.k.f.s.a.AuthenticationInterceptor    : authentication start.currentURL:/kanban/projects/project-fooId/boards/board-fooId/sprints/activeSprint
19:08:44.547 [http-nio-9120-exec-7] INFO  o.thiki.kanban.sprint.SprintService - Loading active sprint.boardId:board-fooId,userName
2017-03-12 19:08:44.547  INFO 6873 --- [nio-9120-exec-7] org.thiki.kanban.sprint.SprintService    : Loading active sprint.boardId:board-fooId,userName
19:08:44.549 [http-nio-9120-exec-7] INFO  o.thiki.kanban.sprint.SprintService - Active sprint:{"archiveId":"","completed":false,"creationTime":"2017-03-12 19:08:44.528000","endTime":"2017-02-05 12:11:44.000000","id":"fooId","modificationTime":"2017-03-12 19:08:44.528000","remainingDays":-35,"sprintName":"","startTime":"2017-02-04 12:11:44.000000","startTimeAfterEndTime":false,"status":1,"totalDays":1,"wentDays":36}
2017-03-12 19:08:44.549  INFO 6873 --- [nio-9120-exec-7] org.thiki.kanban.sprint.SprintService    : Active sprint:{"archiveId":"","completed":false,"creationTime":"2017-03-12 19:08:44.528000","endTime":"2017-02-05 12:11:44.000000","id":"fooId","modificationTime":"2017-03-12 19:08:44.528000","remainingDays":-35,"sprintName":"","startTime":"2017-02-04 12:11:44.000000","startTimeAfterEndTime":false,"status":1,"totalDays":1,"wentDays":36}
19:08:44.550 [http-nio-9120-exec-7] INFO  o.thiki.kanban.sprint.SprintResource - build sprint resource.board:board-fooId,userName:someone
2017-03-12 19:08:44.550  INFO 6873 --- [nio-9120-exec-7] org.thiki.kanban.sprint.SprintResource   : build sprint resource.board:board-fooId,userName:someone
19:08:44.552 [http-nio-9120-exec-7] INFO  o.thiki.kanban.sprint.SprintResource - sprint resource building completed.board:board-fooId,userName:someone
2017-03-12 19:08:44.552  INFO 6873 --- [nio-9120-exec-7] org.thiki.kanban.sprint.SprintResource   : sprint resource building completed.board:board-fooId,userName:someone
19:08:44.560 [http-nio-9120-exec-7] INFO  o.t.k.f.logback.SessionInterceptor - remove sessionId.
2017-03-12 19:08:44.560  INFO 6873 --- [nio-9120-exec-7] o.t.k.f.logback.SessionInterceptor       : remove sessionId.
19:08:44.690 [http-nio-9120-exec-8] INFO  o.t.k.f.logback.SessionInterceptor - init session:420bcfb8-0714-11e7-80b3-0014781bc25c
2017-03-12 19:08:44.690  INFO 6873 --- [nio-9120-exec-8] o.t.k.f.logback.SessionInterceptor       : init session:420bcfb8-0714-11e7-80b3-0014781bc25c
19:08:44.691 [http-nio-9120-exec-8] INFO  o.t.k.f.s.i.f.SecurityInterceptor - identification start.userName:someone,uri:/kanban/projects/project-fooId/boards/board-fooId/sprints/fooId
2017-03-12 19:08:44.691  INFO 6873 --- [nio-9120-exec-8] o.t.k.f.s.i.filter.SecurityInterceptor   : identification start.userName:someone,uri:/kanban/projects/project-fooId/boards/board-fooId/sprints/fooId
19:08:44.691 [http-nio-9120-exec-8] INFO  o.t.k.f.s.a.AuthenticationInterceptor - authentication start.currentURL:/kanban/projects/project-fooId/boards/board-fooId/sprints/fooId
2017-03-12 19:08:44.691  INFO 6873 --- [nio-9120-exec-8] o.t.k.f.s.a.AuthenticationInterceptor    : authentication start.currentURL:/kanban/projects/project-fooId/boards/board-fooId/sprints/fooId
19:08:44.705 [http-nio-9120-exec-8] INFO  o.thiki.kanban.sprint.SprintService - Updating sprint.sprintId:fooId,sprint:{"completed":true,"endTime":"2017-02-05 12:11:44","remainingDays":-35,"sprintName":"sprintName-foo","startTime":"2017-02-03 12:11:44","startTimeAfterEndTime":false,"status":2,"totalDays":2,"wentDays":37},boardId:board-fooId,userName
2017-03-12 19:08:44.705  INFO 6873 --- [nio-9120-exec-8] org.thiki.kanban.sprint.SprintService    : Updating sprint.sprintId:fooId,sprint:{"completed":true,"endTime":"2017-02-05 12:11:44","remainingDays":-35,"sprintName":"sprintName-foo","startTime":"2017-02-03 12:11:44","startTimeAfterEndTime":false,"status":2,"totalDays":2,"wentDays":37},boardId:board-fooId,userName
19:08:44.711 [http-nio-9120-exec-8] INFO  org.thiki.kanban.stage.StagesService - Archiving stage.boardId:board-fooId
2017-03-12 19:08:44.711  INFO 6873 --- [nio-9120-exec-8] org.thiki.kanban.stage.StagesService     : Archiving stage.boardId:board-fooId
19:08:44.714 [http-nio-9120-exec-8] INFO  org.thiki.kanban.stage.StagesService - Checking whether title is already exist before creating new stage.stage:{"archived":true,"author":"someone","boardId":"board-fooId","inDoneStatus":true,"inProcess":false,"inSprint":false,"status":9,"title":"sprint_name归档","type":9}
2017-03-12 19:08:44.714  INFO 6873 --- [nio-9120-exec-8] org.thiki.kanban.stage.StagesService     : Checking whether title is already exist before creating new stage.stage:{"archived":true,"author":"someone","boardId":"board-fooId","inDoneStatus":true,"inProcess":false,"inSprint":false,"status":9,"title":"sprint_name归档","type":9}
19:08:44.732 [http-nio-9120-exec-8] INFO  org.thiki.kanban.stage.StagesService - Created stage:{"archived":true,"author":"someone","boardId":"board-fooId","creationTime":"2017-03-12 19:08:44.730000","id":"fooId","inDoneStatus":true,"inProcess":false,"inSprint":false,"modificationTime":"2017-03-12 19:08:44.730000","sortNumber":1,"status":9,"title":"sprint_name归档","type":9}
2017-03-12 19:08:44.732  INFO 6873 --- [nio-9120-exec-8] org.thiki.kanban.stage.StagesService     : Created stage:{"archived":true,"author":"someone","boardId":"board-fooId","creationTime":"2017-03-12 19:08:44.730000","id":"fooId","inDoneStatus":true,"inProcess":false,"inSprint":false,"modificationTime":"2017-03-12 19:08:44.730000","sortNumber":1,"status":9,"title":"sprint_name归档","type":9}
19:08:44.732 [http-nio-9120-exec-8] INFO  org.thiki.kanban.stage.StagesService - Transfer the cards of the origin stage to archived stage.
2017-03-12 19:08:44.732  INFO 6873 --- [nio-9120-exec-8] org.thiki.kanban.stage.StagesService     : Transfer the cards of the origin stage to archived stage.
19:08:44.733 [http-nio-9120-exec-8] INFO  o.t.k.a.AcceptanceCriteriaService - Loading cards by stageId:stage_fooId
2017-03-12 19:08:44.733  INFO 6873 --- [nio-9120-exec-8] o.t.k.a.AcceptanceCriteriaService        : Loading cards by stageId:stage_fooId
19:08:44.735 [http-nio-9120-exec-8] INFO  o.t.k.a.AcceptanceCriteriaService - The cards belongs from the stage stage_fooId are []
2017-03-12 19:08:44.735  INFO 6873 --- [nio-9120-exec-8] o.t.k.a.AcceptanceCriteriaService        : The cards belongs from the stage stage_fooId are []
19:08:44.735 [http-nio-9120-exec-8] INFO  org.thiki.kanban.stage.StagesService - Archived stage.stage:{"archived":true,"author":"someone","boardId":"board-fooId","id":"fooId","inDoneStatus":true,"inProcess":false,"inSprint":false,"status":9,"title":"sprint_name归档","type":9}
2017-03-12 19:08:44.735  INFO 6873 --- [nio-9120-exec-8] org.thiki.kanban.stage.StagesService     : Archived stage.stage:{"archived":true,"author":"someone","boardId":"board-fooId","id":"fooId","inDoneStatus":true,"inProcess":false,"inSprint":false,"status":9,"title":"sprint_name归档","type":9}
19:08:44.739 [http-nio-9120-exec-8] INFO  o.thiki.kanban.sprint.SprintService - Saved sprint:{"archiveId":"fooId","competedTime":"2017-03-12 19:08:44.000000","completed":true,"creationTime":"2017-03-12 19:08:44.671000","endTime":"2017-02-05 12:11:44.000000","id":"fooId","modificationTime":"2017-03-12 19:08:44.671000","remainingDays":-35,"sprintName":"sprintName-foo","startTime":"2017-02-03 12:11:44.000000","startTimeAfterEndTime":false,"status":2,"totalDays":2,"wentDays":37}
2017-03-12 19:08:44.739  INFO 6873 --- [nio-9120-exec-8] org.thiki.kanban.sprint.SprintService    : Saved sprint:{"archiveId":"fooId","competedTime":"2017-03-12 19:08:44.000000","completed":true,"creationTime":"2017-03-12 19:08:44.671000","endTime":"2017-02-05 12:11:44.000000","id":"fooId","modificationTime":"2017-03-12 19:08:44.671000","remainingDays":-35,"sprintName":"sprintName-foo","startTime":"2017-02-03 12:11:44.000000","startTimeAfterEndTime":false,"status":2,"totalDays":2,"wentDays":37}
19:08:44.740 [http-nio-9120-exec-8] INFO  o.thiki.kanban.sprint.SprintResource - build sprint resource.board:board-fooId,userName:someone
2017-03-12 19:08:44.740  INFO 6873 --- [nio-9120-exec-8] org.thiki.kanban.sprint.SprintResource   : build sprint resource.board:board-fooId,userName:someone
19:08:44.744 [http-nio-9120-exec-8] INFO  o.thiki.kanban.sprint.SprintResource - sprint resource building completed.board:board-fooId,userName:someone
2017-03-12 19:08:44.744  INFO 6873 --- [nio-9120-exec-8] org.thiki.kanban.sprint.SprintResource   : sprint resource building completed.board:board-fooId,userName:someone
19:08:44.753 [http-nio-9120-exec-8] INFO  o.t.k.f.logback.SessionInterceptor - remove sessionId.
2017-03-12 19:08:44.753  INFO 6873 --- [nio-9120-exec-8] o.t.k.f.logback.SessionInterceptor       : remove sessionId.
19:08:44.832 [http-nio-9120-exec-9] INFO  o.t.k.f.logback.SessionInterceptor - init session:42217a99-0714-11e7-80b3-0014781bc25c
2017-03-12 19:08:44.832  INFO 6873 --- [nio-9120-exec-9] o.t.k.f.logback.SessionInterceptor       : init session:42217a99-0714-11e7-80b3-0014781bc25c
19:08:44.833 [http-nio-9120-exec-9] INFO  o.t.k.f.s.i.f.SecurityInterceptor - identification start.userName:someone,uri:/kanban/projects/project-fooId/boards/board-fooId/sprints/fooId
2017-03-12 19:08:44.833  INFO 6873 --- [nio-9120-exec-9] o.t.k.f.s.i.filter.SecurityInterceptor   : identification start.userName:someone,uri:/kanban/projects/project-fooId/boards/board-fooId/sprints/fooId
19:08:44.834 [http-nio-9120-exec-9] INFO  o.t.k.f.s.a.AuthenticationInterceptor - authentication start.currentURL:/kanban/projects/project-fooId/boards/board-fooId/sprints/fooId
2017-03-12 19:08:44.834  INFO 6873 --- [nio-9120-exec-9] o.t.k.f.s.a.AuthenticationInterceptor    : authentication start.currentURL:/kanban/projects/project-fooId/boards/board-fooId/sprints/fooId
19:08:44.850 [http-nio-9120-exec-9] INFO  o.thiki.kanban.sprint.SprintService - Updating sprint.sprintId:fooId,sprint:{"completed":false,"endTime":"2017-02-05 12:11:44","remainingDays":-35,"sprintName":"sprintName-foo","startTime":"2017-02-03 12:11:44","startTimeAfterEndTime":false,"totalDays":2,"wentDays":37},boardId:board-fooId,userName
2017-03-12 19:08:44.850  INFO 6873 --- [nio-9120-exec-9] org.thiki.kanban.sprint.SprintService    : Updating sprint.sprintId:fooId,sprint:{"completed":false,"endTime":"2017-02-05 12:11:44","remainingDays":-35,"sprintName":"sprintName-foo","startTime":"2017-02-03 12:11:44","startTimeAfterEndTime":false,"totalDays":2,"wentDays":37},boardId:board-fooId,userName
19:08:44.858 [http-nio-9120-exec-9] INFO  o.thiki.kanban.sprint.SprintService - No specified sprint was found.sprintId:fooId
2017-03-12 19:08:44.858  INFO 6873 --- [nio-9120-exec-9] org.thiki.kanban.sprint.SprintService    : No specified sprint was found.sprintId:fooId
19:08:44.859 [http-nio-9120-exec-9] INFO  o.t.k.f.logback.SessionInterceptor - remove sessionId.
2017-03-12 19:08:44.859  INFO 6873 --- [nio-9120-exec-9] o.t.k.f.logback.SessionInterceptor       : remove sessionId.
19:08:44.862 [http-nio-9120-exec-9] INFO  o.t.k.f.logback.SessionInterceptor - init session:42260e7a-0714-11e7-80b3-0014781bc25c
2017-03-12 19:08:44.862  INFO 6873 --- [nio-9120-exec-9] o.t.k.f.logback.SessionInterceptor       : init session:42260e7a-0714-11e7-80b3-0014781bc25c
19:08:44.863 [http-nio-9120-exec-9] INFO  o.t.k.f.s.i.f.SecurityInterceptor - identification start.userName:someone,uri:/kanban/error/invalidParamsException
2017-03-12 19:08:44.863  INFO 6873 --- [nio-9120-exec-9] o.t.k.f.s.i.filter.SecurityInterceptor   : identification start.userName:someone,uri:/kanban/error/invalidParamsException
19:08:44.864 [http-nio-9120-exec-9] INFO  o.t.k.f.s.a.AuthenticationInterceptor - authentication start.currentURL:/kanban/error/invalidParamsException
2017-03-12 19:08:44.864  INFO 6873 --- [nio-9120-exec-9] o.t.k.f.s.a.AuthenticationInterceptor    : authentication start.currentURL:/kanban/error/invalidParamsException
19:08:44.866 [http-nio-9120-exec-9] INFO  o.t.k.f.logback.SessionInterceptor - remove sessionId.
2017-03-12 19:08:44.866  INFO 6873 --- [nio-9120-exec-9] o.t.k.f.logback.SessionInterceptor       : remove sessionId.
19:08:44.927 [http-nio-9120-exec-10] INFO  o.t.k.f.logback.SessionInterceptor - init session:422ff98b-0714-11e7-80b3-0014781bc25c
2017-03-12 19:08:44.927  INFO 6873 --- [io-9120-exec-10] o.t.k.f.logback.SessionInterceptor       : init session:422ff98b-0714-11e7-80b3-0014781bc25c
19:08:44.927 [http-nio-9120-exec-10] INFO  o.t.k.f.s.i.f.SecurityInterceptor - identification start.userName:someone,uri:/kanban/projects/project-fooId/boards/board-fooId/sprints/fooId
2017-03-12 19:08:44.927  INFO 6873 --- [io-9120-exec-10] o.t.k.f.s.i.filter.SecurityInterceptor   : identification start.userName:someone,uri:/kanban/projects/project-fooId/boards/board-fooId/sprints/fooId
19:08:44.927 [http-nio-9120-exec-10] INFO  o.t.k.f.s.a.AuthenticationInterceptor - authentication start.currentURL:/kanban/projects/project-fooId/boards/board-fooId/sprints/fooId
2017-03-12 19:08:44.927  INFO 6873 --- [io-9120-exec-10] o.t.k.f.s.a.AuthenticationInterceptor    : authentication start.currentURL:/kanban/projects/project-fooId/boards/board-fooId/sprints/fooId
19:08:44.936 [http-nio-9120-exec-10] INFO  o.thiki.kanban.sprint.SprintService - Updating sprint.sprintId:fooId,sprint:{"completed":true,"endTime":"2017-02-05 12:11:44","remainingDays":-35,"sprintName":"sprintName-foo","startTime":"2017-02-03 12:11:44","startTimeAfterEndTime":false,"status":2,"totalDays":2,"wentDays":37},boardId:board-fooId,userName
2017-03-12 19:08:44.936  INFO 6873 --- [io-9120-exec-10] org.thiki.kanban.sprint.SprintService    : Updating sprint.sprintId:fooId,sprint:{"completed":true,"endTime":"2017-02-05 12:11:44","remainingDays":-35,"sprintName":"sprintName-foo","startTime":"2017-02-03 12:11:44","startTimeAfterEndTime":false,"status":2,"totalDays":2,"wentDays":37},boardId:board-fooId,userName
19:08:44.942 [http-nio-9120-exec-10] INFO  o.thiki.kanban.sprint.SprintService - Sprint was already archived.sprintId:fooId
2017-03-12 19:08:44.942  INFO 6873 --- [io-9120-exec-10] org.thiki.kanban.sprint.SprintService    : Sprint was already archived.sprintId:fooId
19:08:44.944 [http-nio-9120-exec-10] INFO  o.t.k.f.logback.SessionInterceptor - remove sessionId.
2017-03-12 19:08:44.944  INFO 6873 --- [io-9120-exec-10] o.t.k.f.logback.SessionInterceptor       : remove sessionId.
19:08:44.946 [http-nio-9120-exec-10] INFO  o.t.k.f.logback.SessionInterceptor - init session:4232dfbc-0714-11e7-80b3-0014781bc25c
2017-03-12 19:08:44.946  INFO 6873 --- [io-9120-exec-10] o.t.k.f.logback.SessionInterceptor       : init session:4232dfbc-0714-11e7-80b3-0014781bc25c
19:08:44.947 [http-nio-9120-exec-10] INFO  o.t.k.f.s.i.f.SecurityInterceptor - identification start.userName:someone,uri:/kanban/error/invalidParamsException
2017-03-12 19:08:44.947  INFO 6873 --- [io-9120-exec-10] o.t.k.f.s.i.filter.SecurityInterceptor   : identification start.userName:someone,uri:/kanban/error/invalidParamsException
19:08:44.947 [http-nio-9120-exec-10] INFO  o.t.k.f.s.a.AuthenticationInterceptor - authentication start.currentURL:/kanban/error/invalidParamsException
2017-03-12 19:08:44.947  INFO 6873 --- [io-9120-exec-10] o.t.k.f.s.a.AuthenticationInterceptor    : authentication start.currentURL:/kanban/error/invalidParamsException
19:08:44.950 [http-nio-9120-exec-10] INFO  o.t.k.f.logback.SessionInterceptor - remove sessionId.
2017-03-12 19:08:44.950  INFO 6873 --- [io-9120-exec-10] o.t.k.f.logback.SessionInterceptor       : remove sessionId.
]]></system-out>
  <system-err><![CDATA[]]></system-err>
</testsuite>
