<?xml version="1.0" encoding="UTF-8"?>
<testsuite name="org.thiki.kanban.foundation.security.identification.filter.IdentificationFilterTest" tests="4" skipped="0" failures="0" errors="0" timestamp="2017-03-03T13:40:46" hostname="wisdom-HP" time="0.601">
  <properties/>
  <testcase name="shouldUpdateTokenExpiredTime" classname="org.thiki.kanban.foundation.security.identification.filter.IdentificationFilterTest" time="0.193"/>
  <testcase name="shouldReturnTimeOut" classname="org.thiki.kanban.foundation.security.identification.filter.IdentificationFilterTest" time="0.057"/>
  <testcase name="shouldReturn401WhenAuthIsRequired" classname="org.thiki.kanban.foundation.security.identification.filter.IdentificationFilterTest" time="0.044"/>
  <testcase name="shouldAuthenticatedFailedWhenUserNameIsNotConsistent" classname="org.thiki.kanban.foundation.security.identification.filter.IdentificationFilterTest" time="0.302"/>
  <system-out><![CDATA[2017-03-03 21:40:46.545  INFO 6131 --- [    Test worker] o.s.t.c.support.AbstractContextLoader    : Could not detect default resource locations for test class [org.thiki.kanban.TestBase]: no resource found for suffixes {-context.xml, Context.groovy}.
2017-03-03 21:40:46.550  INFO 6131 --- [    Test worker] WebAppIntegrationTestContextBootstrapper : Loaded default TestExecutionListener class names from location [META-INF/spring.factories]: [org.springframework.test.context.web.ServletTestExecutionListener, org.springframework.test.context.support.DirtiesContextBeforeModesTestExecutionListener, org.springframework.test.context.support.DependencyInjectionTestExecutionListener, org.springframework.test.context.support.DirtiesContextTestExecutionListener, org.springframework.test.context.transaction.TransactionalTestExecutionListener, org.springframework.test.context.jdbc.SqlScriptsTestExecutionListener, org.springframework.boot.test.mock.mockito.MockitoTestExecutionListener, org.springframework.boot.test.mock.mockito.ResetMocksTestExecutionListener]
2017-03-03 21:40:46.550  INFO 6131 --- [    Test worker] WebAppIntegrationTestContextBootstrapper : Using TestExecutionListeners: [org.springframework.test.context.web.ServletTestExecutionListener@66abba61, org.springframework.test.context.support.DirtiesContextBeforeModesTestExecutionListener@4ef0f328, org.springframework.test.context.support.DependencyInjectionTestExecutionListener@290b0b7b, org.springframework.test.context.support.DirtiesContextTestExecutionListener@41752771, org.springframework.test.context.transaction.TransactionalTestExecutionListener@7a36f58c, org.springframework.test.context.jdbc.SqlScriptsTestExecutionListener@33163051, org.springframework.boot.test.mock.mockito.ResetMocksTestExecutionListener@4237a59b, org.springframework.boot.test.mock.mockito.MockitoTestExecutionListener@2a115c03]
21:40:46.613 [http-nio-9120-exec-8] INFO  o.t.k.f.logback.SessionInterceptor - init session:016b0c5f-0017-11e7-af8b-0014781bc25c
2017-03-03 21:40:46.613  INFO 6131 --- [nio-9120-exec-8] o.t.k.f.logback.SessionInterceptor       : init session:016b0c5f-0017-11e7-af8b-0014781bc25c
21:40:46.613 [http-nio-9120-exec-8] INFO  o.t.k.f.s.i.f.SecurityInterceptor - identification start.userName:foo,uri:/kanban/someone/boards
2017-03-03 21:40:46.613  INFO 6131 --- [nio-9120-exec-8] o.t.k.f.s.i.filter.SecurityInterceptor   : identification start.userName:foo,uri:/kanban/someone/boards
21:40:46.642 [http-nio-9120-exec-8] INFO  o.t.k.f.s.i.f.SecurityInterceptor - identification end.
2017-03-03 21:40:46.642  INFO 6131 --- [nio-9120-exec-8] o.t.k.f.s.i.filter.SecurityInterceptor   : identification end.
21:40:46.642 [http-nio-9120-exec-8] INFO  o.t.k.f.s.a.AuthenticationInterceptor - authentication start.currentURL:/kanban/someone/boards
2017-03-03 21:40:46.642  INFO 6131 --- [nio-9120-exec-8] o.t.k.f.s.a.AuthenticationInterceptor    : authentication start.currentURL:/kanban/someone/boards
21:40:46.644 [http-nio-9120-exec-8] INFO  o.t.k.f.s.a.AuthenticationInterceptor - authentication end.
2017-03-03 21:40:46.644  INFO 6131 --- [nio-9120-exec-8] o.t.k.f.s.a.AuthenticationInterceptor    : authentication end.
21:40:46.671 [http-nio-9120-exec-8] INFO  org.thiki.kanban.board.BoardResource - build board resource.board:Board{id='fooId', name='newSummary', projectId='null', author='someone', owner='someone', creationTime='2017-03-03 21:40:46.670000', modificationTime='2017-03-03 21:40:46.670000'},userName:someone
2017-03-03 21:40:46.671  INFO 6131 --- [nio-9120-exec-8] org.thiki.kanban.board.BoardResource     : build board resource.board:Board{id='fooId', name='newSummary', projectId='null', author='someone', owner='someone', creationTime='2017-03-03 21:40:46.670000', modificationTime='2017-03-03 21:40:46.670000'},userName:someone
21:40:46.720 [http-nio-9120-exec-8] INFO  org.thiki.kanban.board.BoardResource - board resource building complete.board:Board{id='fooId', name='newSummary', projectId='null', author='someone', owner='someone', creationTime='2017-03-03 21:40:46.670000', modificationTime='2017-03-03 21:40:46.670000'},userName:someone
2017-03-03 21:40:46.720  INFO 6131 --- [nio-9120-exec-8] org.thiki.kanban.board.BoardResource     : board resource building complete.board:Board{id='fooId', name='newSummary', projectId='null', author='someone', owner='someone', creationTime='2017-03-03 21:40:46.670000', modificationTime='2017-03-03 21:40:46.670000'},userName:someone
21:40:46.738 [http-nio-9120-exec-8] INFO  o.t.k.f.logback.SessionInterceptor - remove sessionId.
2017-03-03 21:40:46.738  INFO 6131 --- [nio-9120-exec-8] o.t.k.f.logback.SessionInterceptor       : remove sessionId.
21:40:46.771 [http-nio-9120-exec-9] INFO  o.t.k.f.logback.SessionInterceptor - init session:01832840-0017-11e7-af8b-0014781bc25c
2017-03-03 21:40:46.771  INFO 6131 --- [nio-9120-exec-9] o.t.k.f.logback.SessionInterceptor       : init session:01832840-0017-11e7-af8b-0014781bc25c
21:40:46.772 [http-nio-9120-exec-9] INFO  o.t.k.f.s.i.f.SecurityInterceptor - identification start.userName:null,uri:/kanban/someone/boards
2017-03-03 21:40:46.772  INFO 6131 --- [nio-9120-exec-9] o.t.k.f.s.i.filter.SecurityInterceptor   : identification start.userName:null,uri:/kanban/someone/boards
21:40:46.778 [http-nio-9120-exec-9] INFO  o.t.k.f.logback.SessionInterceptor - remove sessionId.
2017-03-03 21:40:46.778  INFO 6131 --- [nio-9120-exec-9] o.t.k.f.logback.SessionInterceptor       : remove sessionId.
21:40:46.781 [http-nio-9120-exec-9] INFO  o.t.k.f.logback.SessionInterceptor - init session:0184aee1-0017-11e7-af8b-0014781bc25c
2017-03-03 21:40:46.781  INFO 6131 --- [nio-9120-exec-9] o.t.k.f.logback.SessionInterceptor       : init session:0184aee1-0017-11e7-af8b-0014781bc25c
21:40:46.782 [http-nio-9120-exec-9] INFO  o.t.k.f.s.i.f.SecurityInterceptor - identification start.userName:null,uri:/kanban/error/401
2017-03-03 21:40:46.782  INFO 6131 --- [nio-9120-exec-9] o.t.k.f.s.i.filter.SecurityInterceptor   : identification start.userName:null,uri:/kanban/error/401
21:40:46.782 [http-nio-9120-exec-9] INFO  o.t.k.f.s.a.AuthenticationInterceptor - authentication start.currentURL:/kanban/error/401
2017-03-03 21:40:46.782  INFO 6131 --- [nio-9120-exec-9] o.t.k.f.s.a.AuthenticationInterceptor    : authentication start.currentURL:/kanban/error/401
21:40:46.783 [http-nio-9120-exec-9] INFO  o.t.k.f.s.a.AuthenticationInterceptor - authentication end.
2017-03-03 21:40:46.783  INFO 6131 --- [nio-9120-exec-9] o.t.k.f.s.a.AuthenticationInterceptor    : authentication end.
21:40:46.786 [http-nio-9120-exec-9] INFO  o.t.k.f.logback.SessionInterceptor - remove sessionId.
2017-03-03 21:40:46.786  INFO 6131 --- [nio-9120-exec-9] o.t.k.f.logback.SessionInterceptor       : remove sessionId.
21:40:46.824 [http-nio-9120-exec-10] INFO  o.t.k.f.logback.SessionInterceptor - init session:018b3e92-0017-11e7-af8b-0014781bc25c
2017-03-03 21:40:46.824  INFO 6131 --- [io-9120-exec-10] o.t.k.f.logback.SessionInterceptor       : init session:018b3e92-0017-11e7-af8b-0014781bc25c
21:40:46.824 [http-nio-9120-exec-10] INFO  o.t.k.f.s.i.f.SecurityInterceptor - identification start.userName:null,uri:/kanban/someone/boards
2017-03-03 21:40:46.824  INFO 6131 --- [io-9120-exec-10] o.t.k.f.s.i.filter.SecurityInterceptor   : identification start.userName:null,uri:/kanban/someone/boards
21:40:46.826 [http-nio-9120-exec-10] INFO  o.t.k.f.logback.SessionInterceptor - remove sessionId.
2017-03-03 21:40:46.826  INFO 6131 --- [io-9120-exec-10] o.t.k.f.logback.SessionInterceptor       : remove sessionId.
21:40:46.828 [http-nio-9120-exec-10] INFO  o.t.k.f.logback.SessionInterceptor - init session:018bdad3-0017-11e7-af8b-0014781bc25c
2017-03-03 21:40:46.828  INFO 6131 --- [io-9120-exec-10] o.t.k.f.logback.SessionInterceptor       : init session:018bdad3-0017-11e7-af8b-0014781bc25c
21:40:46.828 [http-nio-9120-exec-10] INFO  o.t.k.f.s.i.f.SecurityInterceptor - identification start.userName:null,uri:/kanban/error/401
2017-03-03 21:40:46.828  INFO 6131 --- [io-9120-exec-10] o.t.k.f.s.i.filter.SecurityInterceptor   : identification start.userName:null,uri:/kanban/error/401
21:40:46.829 [http-nio-9120-exec-10] INFO  o.t.k.f.s.a.AuthenticationInterceptor - authentication start.currentURL:/kanban/error/401
2017-03-03 21:40:46.829  INFO 6131 --- [io-9120-exec-10] o.t.k.f.s.a.AuthenticationInterceptor    : authentication start.currentURL:/kanban/error/401
21:40:46.829 [http-nio-9120-exec-10] INFO  o.t.k.f.s.a.AuthenticationInterceptor - authentication end.
2017-03-03 21:40:46.829  INFO 6131 --- [io-9120-exec-10] o.t.k.f.s.a.AuthenticationInterceptor    : authentication end.
21:40:46.831 [http-nio-9120-exec-10] INFO  o.t.k.f.logback.SessionInterceptor - remove sessionId.
2017-03-03 21:40:46.831  INFO 6131 --- [io-9120-exec-10] o.t.k.f.logback.SessionInterceptor       : remove sessionId.
21:40:46.875 [http-nio-9120-exec-1] INFO  o.t.k.f.logback.SessionInterceptor - init session:019306c4-0017-11e7-af8b-0014781bc25c
2017-03-03 21:40:46.875  INFO 6131 --- [nio-9120-exec-1] o.t.k.f.logback.SessionInterceptor       : init session:019306c4-0017-11e7-af8b-0014781bc25c
21:40:46.875 [http-nio-9120-exec-1] INFO  o.t.k.f.s.i.f.SecurityInterceptor - identification start.userName:fee,uri:/kanban/someone/boards
2017-03-03 21:40:46.875  INFO 6131 --- [nio-9120-exec-1] o.t.k.f.s.i.filter.SecurityInterceptor   : identification start.userName:fee,uri:/kanban/someone/boards
21:40:46.884 [http-nio-9120-exec-1] INFO  o.t.k.f.logback.SessionInterceptor - remove sessionId.
2017-03-03 21:40:46.884  INFO 6131 --- [nio-9120-exec-1] o.t.k.f.logback.SessionInterceptor       : remove sessionId.
21:40:46.887 [http-nio-9120-exec-1] INFO  o.t.k.f.logback.SessionInterceptor - init session:0194db85-0017-11e7-af8b-0014781bc25c
2017-03-03 21:40:46.887  INFO 6131 --- [nio-9120-exec-1] o.t.k.f.logback.SessionInterceptor       : init session:0194db85-0017-11e7-af8b-0014781bc25c
21:40:46.887 [http-nio-9120-exec-1] INFO  o.t.k.f.s.i.f.SecurityInterceptor - identification start.userName:fee,uri:/kanban/error/401
2017-03-03 21:40:46.887  INFO 6131 --- [nio-9120-exec-1] o.t.k.f.s.i.filter.SecurityInterceptor   : identification start.userName:fee,uri:/kanban/error/401
21:40:46.887 [http-nio-9120-exec-1] INFO  o.t.k.f.s.a.AuthenticationInterceptor - authentication start.currentURL:/kanban/error/401
2017-03-03 21:40:46.887  INFO 6131 --- [nio-9120-exec-1] o.t.k.f.s.a.AuthenticationInterceptor    : authentication start.currentURL:/kanban/error/401
21:40:46.887 [http-nio-9120-exec-1] INFO  o.t.k.f.s.a.AuthenticationInterceptor - authentication end.
2017-03-03 21:40:46.887  INFO 6131 --- [nio-9120-exec-1] o.t.k.f.s.a.AuthenticationInterceptor    : authentication end.
21:40:46.892 [http-nio-9120-exec-1] INFO  o.t.k.f.logback.SessionInterceptor - remove sessionId.
2017-03-03 21:40:46.892  INFO 6131 --- [nio-9120-exec-1] o.t.k.f.logback.SessionInterceptor       : remove sessionId.
]]></system-out>
  <system-err><![CDATA[]]></system-err>
</testsuite>
