<?xml version="1.0" encoding="UTF-8"?>
<testsuite name="org.thiki.kanban.publickey.PublicKeyControllerTest" tests="1" skipped="0" failures="0" errors="0" timestamp="2017-03-03T13:40:49" hostname="wisdom-HP" time="0.066">
  <properties/>
  <testcase name="identification_askForAuthenticationWhenUserIsExists" classname="org.thiki.kanban.publickey.PublicKeyControllerTest" time="0.066"/>
  <system-out><![CDATA[2017-03-03 21:40:49.037  INFO 6131 --- [    Test worker] o.s.t.c.support.AbstractContextLoader    : Could not detect default resource locations for test class [org.thiki.kanban.TestBase]: no resource found for suffixes {-context.xml, Context.groovy}.
2017-03-03 21:40:49.040  INFO 6131 --- [    Test worker] WebAppIntegrationTestContextBootstrapper : Loaded default TestExecutionListener class names from location [META-INF/spring.factories]: [org.springframework.test.context.web.ServletTestExecutionListener, org.springframework.test.context.support.DirtiesContextBeforeModesTestExecutionListener, org.springframework.test.context.support.DependencyInjectionTestExecutionListener, org.springframework.test.context.support.DirtiesContextTestExecutionListener, org.springframework.test.context.transaction.TransactionalTestExecutionListener, org.springframework.test.context.jdbc.SqlScriptsTestExecutionListener, org.springframework.boot.test.mock.mockito.MockitoTestExecutionListener, org.springframework.boot.test.mock.mockito.ResetMocksTestExecutionListener]
2017-03-03 21:40:49.040  INFO 6131 --- [    Test worker] WebAppIntegrationTestContextBootstrapper : Using TestExecutionListeners: [org.springframework.test.context.web.ServletTestExecutionListener@15e2c689, org.springframework.test.context.support.DirtiesContextBeforeModesTestExecutionListener@5341be3, org.springframework.test.context.support.DependencyInjectionTestExecutionListener@3f3b8548, org.springframework.test.context.support.DirtiesContextTestExecutionListener@1c0eb89f, org.springframework.test.context.transaction.TransactionalTestExecutionListener@1f5bf319, org.springframework.test.context.jdbc.SqlScriptsTestExecutionListener@3a951812, org.springframework.boot.test.mock.mockito.ResetMocksTestExecutionListener@59e7cbcd, org.springframework.boot.test.mock.mockito.MockitoTestExecutionListener@30c44a2e]
21:40:49.055 [http-nio-9120-exec-1] INFO  o.t.k.f.logback.SessionInterceptor - init session:02dfab2a-0017-11e7-af8b-0014781bc25c
2017-03-03 21:40:49.055  INFO 6131 --- [nio-9120-exec-1] o.t.k.f.logback.SessionInterceptor       : init session:02dfab2a-0017-11e7-af8b-0014781bc25c
21:40:49.056 [http-nio-9120-exec-1] INFO  o.t.k.f.s.i.f.SecurityInterceptor - identification start.userName:null,uri:/kanban/publicKey
2017-03-03 21:40:49.056  INFO 6131 --- [nio-9120-exec-1] o.t.k.f.s.i.filter.SecurityInterceptor   : identification start.userName:null,uri:/kanban/publicKey
21:40:49.056 [http-nio-9120-exec-1] INFO  o.t.k.f.s.a.AuthenticationInterceptor - authentication start.currentURL:/kanban/publicKey
2017-03-03 21:40:49.056  INFO 6131 --- [nio-9120-exec-1] o.t.k.f.s.a.AuthenticationInterceptor    : authentication start.currentURL:/kanban/publicKey
21:40:49.079 [http-nio-9120-exec-1] INFO  o.t.k.f.logback.SessionInterceptor - remove sessionId.
2017-03-03 21:40:49.079  INFO 6131 --- [nio-9120-exec-1] o.t.k.f.logback.SessionInterceptor       : remove sessionId.
]]></system-out>
  <system-err><![CDATA[]]></system-err>
</testsuite>
