<?xml version="1.0" encoding="UTF-8"?>
<testsuite name="org.thiki.kanban.projects.ProjectControllerTest" tests="10" skipped="0" failures="0" errors="0" timestamp="2017-03-12T11:08:55" hostname="wisdom-HP" time="0.61">
  <properties/>
  <testcase name="shouldNoticeClientIfTeamIsNotExist" classname="org.thiki.kanban.projects.ProjectControllerTest" time="0.073"/>
  <testcase name="creationIsNotAllowedIfTeamNameIsEmpty" classname="org.thiki.kanban.projects.ProjectControllerTest" time="0.041"/>
  <testcase name="notAllowedIfTeamIsNotExist" classname="org.thiki.kanban.projects.ProjectControllerTest" time="0.056"/>
  <testcase name="shouldReturnBoardWhenTeamIsExist" classname="org.thiki.kanban.projects.ProjectControllerTest" time="0.075"/>
  <testcase name="creationIsNotAllowedIfTeamNameIsTooLong" classname="org.thiki.kanban.projects.ProjectControllerTest" time="0.036"/>
  <testcase name="loadTheTeamsWhichTheUserIsIn" classname="org.thiki.kanban.projects.ProjectControllerTest" time="0.061"/>
  <testcase name="updateTeam" classname="org.thiki.kanban.projects.ProjectControllerTest" time="0.078"/>
  <testcase name="create_shouldReturn201WhenCreateTeamSuccessfully" classname="org.thiki.kanban.projects.ProjectControllerTest" time="0.065"/>
  <testcase name="creationIsNotAllowedIfTeamNameIsConflict" classname="org.thiki.kanban.projects.ProjectControllerTest" time="0.059"/>
  <testcase name="creationIsNotAllowedIfTeamNameIsNull" classname="org.thiki.kanban.projects.ProjectControllerTest" time="0.048"/>
  <system-out><![CDATA[2017-03-12 19:08:55.130  INFO 6873 --- [    Test worker] o.s.t.c.support.AbstractContextLoader    : Could not detect default resource locations for test class [org.thiki.kanban.TestBase]: no resource found for suffixes {-context.xml, Context.groovy}.
2017-03-12 19:08:55.134  INFO 6873 --- [    Test worker] WebAppIntegrationTestContextBootstrapper : Loaded default TestExecutionListener class names from location [META-INF/spring.factories]: [org.springframework.test.context.web.ServletTestExecutionListener, org.springframework.test.context.support.DirtiesContextBeforeModesTestExecutionListener, org.springframework.test.context.support.DependencyInjectionTestExecutionListener, org.springframework.test.context.support.DirtiesContextTestExecutionListener, org.springframework.test.context.transaction.TransactionalTestExecutionListener, org.springframework.test.context.jdbc.SqlScriptsTestExecutionListener, org.springframework.boot.test.mock.mockito.MockitoTestExecutionListener, org.springframework.boot.test.mock.mockito.ResetMocksTestExecutionListener, org.springframework.boot.test.autoconfigure.restdocs.RestDocsTestExecutionListener, org.springframework.boot.test.autoconfigure.web.client.MockRestServiceServerResetTestExecutionListener, org.springframework.boot.test.autoconfigure.web.servlet.MockMvcPrintOnlyOnFailureTestExecutionListener, org.springframework.boot.test.autoconfigure.web.servlet.WebDriverTestExecutionListener]
2017-03-12 19:08:55.134  INFO 6873 --- [    Test worker] WebAppIntegrationTestContextBootstrapper : Using TestExecutionListeners: [org.springframework.test.context.web.ServletTestExecutionListener@192dad43, org.springframework.test.context.support.DirtiesContextBeforeModesTestExecutionListener@4e712097, org.springframework.test.context.support.DependencyInjectionTestExecutionListener@4a068c53, org.springframework.test.context.support.DirtiesContextTestExecutionListener@7bfcb75f, org.springframework.test.context.transaction.TransactionalTestExecutionListener@fcf5ad6, org.springframework.test.context.jdbc.SqlScriptsTestExecutionListener@48fda620, org.springframework.boot.test.autoconfigure.web.servlet.MockMvcPrintOnlyOnFailureTestExecutionListener@36e7cf78, org.springframework.boot.test.autoconfigure.web.servlet.WebDriverTestExecutionListener@28bfd0b4, org.springframework.boot.test.autoconfigure.web.client.MockRestServiceServerResetTestExecutionListener@5d53369f, org.springframework.boot.test.mock.mockito.MockitoTestExecutionListener@78ba57b3, org.springframework.boot.test.mock.mockito.ResetMocksTestExecutionListener@70aecbd3, org.springframework.boot.test.autoconfigure.restdocs.RestDocsTestExecutionListener@26c29f02]
19:08:55.149 [http-nio-9120-exec-2] INFO  o.t.k.f.logback.SessionInterceptor - init session:4847b9f6-0714-11e7-80b3-0014781bc25c
2017-03-12 19:08:55.149  INFO 6873 --- [nio-9120-exec-2] o.t.k.f.logback.SessionInterceptor       : init session:4847b9f6-0714-11e7-80b3-0014781bc25c
19:08:55.149 [http-nio-9120-exec-2] INFO  o.t.k.f.s.i.f.SecurityInterceptor - identification start.userName:someone,uri:/kanban/projects/fooId
2017-03-12 19:08:55.149  INFO 6873 --- [nio-9120-exec-2] o.t.k.f.s.i.filter.SecurityInterceptor   : identification start.userName:someone,uri:/kanban/projects/fooId
19:08:55.149 [http-nio-9120-exec-2] INFO  o.t.k.f.s.a.AuthenticationInterceptor - authentication start.currentURL:/kanban/projects/fooId
2017-03-12 19:08:55.149  INFO 6873 --- [nio-9120-exec-2] o.t.k.f.s.a.AuthenticationInterceptor    : authentication start.currentURL:/kanban/projects/fooId
19:08:55.166 [http-nio-9120-exec-2] INFO  o.t.k.f.logback.SessionInterceptor - remove sessionId.
2017-03-12 19:08:55.166  INFO 6873 --- [nio-9120-exec-2] o.t.k.f.logback.SessionInterceptor       : remove sessionId.
19:08:55.168 [http-nio-9120-exec-2] INFO  o.t.k.f.logback.SessionInterceptor - init session:484aa027-0714-11e7-80b3-0014781bc25c
2017-03-12 19:08:55.168  INFO 6873 --- [nio-9120-exec-2] o.t.k.f.logback.SessionInterceptor       : init session:484aa027-0714-11e7-80b3-0014781bc25c
19:08:55.170 [http-nio-9120-exec-2] INFO  o.t.k.f.s.i.f.SecurityInterceptor - identification start.userName:someone,uri:/kanban/error/invalidParamsException
2017-03-12 19:08:55.170  INFO 6873 --- [nio-9120-exec-2] o.t.k.f.s.i.filter.SecurityInterceptor   : identification start.userName:someone,uri:/kanban/error/invalidParamsException
19:08:55.171 [http-nio-9120-exec-2] INFO  o.t.k.f.s.a.AuthenticationInterceptor - authentication start.currentURL:/kanban/error/invalidParamsException
2017-03-12 19:08:55.171  INFO 6873 --- [nio-9120-exec-2] o.t.k.f.s.a.AuthenticationInterceptor    : authentication start.currentURL:/kanban/error/invalidParamsException
19:08:55.189 [http-nio-9120-exec-2] INFO  o.t.k.f.logback.SessionInterceptor - remove sessionId.
2017-03-12 19:08:55.189  INFO 6873 --- [nio-9120-exec-2] o.t.k.f.logback.SessionInterceptor       : remove sessionId.
19:08:55.226 [http-nio-9120-exec-6] INFO  o.t.k.f.logback.SessionInterceptor - init session:485379c8-0714-11e7-80b3-0014781bc25c
2017-03-12 19:08:55.226  INFO 6873 --- [nio-9120-exec-6] o.t.k.f.logback.SessionInterceptor       : init session:485379c8-0714-11e7-80b3-0014781bc25c
19:08:55.226 [http-nio-9120-exec-6] INFO  o.t.k.f.s.i.f.SecurityInterceptor - identification start.userName:someone,uri:/kanban/someone/projects
2017-03-12 19:08:55.226  INFO 6873 --- [nio-9120-exec-6] o.t.k.f.s.i.filter.SecurityInterceptor   : identification start.userName:someone,uri:/kanban/someone/projects
19:08:55.227 [http-nio-9120-exec-6] INFO  o.t.k.f.s.a.AuthenticationInterceptor - authentication start.currentURL:/kanban/someone/projects
2017-03-12 19:08:55.227  INFO 6873 --- [nio-9120-exec-6] o.t.k.f.s.a.AuthenticationInterceptor    : authentication start.currentURL:/kanban/someone/projects
19:08:55.234 [http-nio-9120-exec-6] INFO  o.t.k.f.logback.SessionInterceptor - remove sessionId.
2017-03-12 19:08:55.234  INFO 6873 --- [nio-9120-exec-6] o.t.k.f.logback.SessionInterceptor       : remove sessionId.
19:08:55.236 [http-nio-9120-exec-6] INFO  o.t.k.f.logback.SessionInterceptor - init session:48550069-0714-11e7-80b3-0014781bc25c
2017-03-12 19:08:55.236  INFO 6873 --- [nio-9120-exec-6] o.t.k.f.logback.SessionInterceptor       : init session:48550069-0714-11e7-80b3-0014781bc25c
19:08:55.236 [http-nio-9120-exec-6] INFO  o.t.k.f.s.i.f.SecurityInterceptor - identification start.userName:someone,uri:/kanban/error/invalidParamsException
2017-03-12 19:08:55.236  INFO 6873 --- [nio-9120-exec-6] o.t.k.f.s.i.filter.SecurityInterceptor   : identification start.userName:someone,uri:/kanban/error/invalidParamsException
19:08:55.236 [http-nio-9120-exec-6] INFO  o.t.k.f.s.a.AuthenticationInterceptor - authentication start.currentURL:/kanban/error/invalidParamsException
2017-03-12 19:08:55.236  INFO 6873 --- [nio-9120-exec-6] o.t.k.f.s.a.AuthenticationInterceptor    : authentication start.currentURL:/kanban/error/invalidParamsException
19:08:55.239 [http-nio-9120-exec-6] INFO  o.t.k.f.logback.SessionInterceptor - remove sessionId.
2017-03-12 19:08:55.239  INFO 6873 --- [nio-9120-exec-6] o.t.k.f.logback.SessionInterceptor       : remove sessionId.
19:08:55.277 [http-nio-9120-exec-14] INFO  o.t.k.f.logback.SessionInterceptor - init session:485b41fa-0714-11e7-80b3-0014781bc25c
2017-03-12 19:08:55.277  INFO 6873 --- [io-9120-exec-14] o.t.k.f.logback.SessionInterceptor       : init session:485b41fa-0714-11e7-80b3-0014781bc25c
19:08:55.277 [http-nio-9120-exec-14] INFO  o.t.k.f.s.i.f.SecurityInterceptor - identification start.userName:someone,uri:/kanban/projects/project-fooId
2017-03-12 19:08:55.277  INFO 6873 --- [io-9120-exec-14] o.t.k.f.s.i.filter.SecurityInterceptor   : identification start.userName:someone,uri:/kanban/projects/project-fooId
19:08:55.278 [http-nio-9120-exec-14] INFO  o.t.k.f.s.a.AuthenticationInterceptor - authentication start.currentURL:/kanban/projects/project-fooId
2017-03-12 19:08:55.278  INFO 6873 --- [io-9120-exec-14] o.t.k.f.s.a.AuthenticationInterceptor    : authentication start.currentURL:/kanban/projects/project-fooId
19:08:55.286 [http-nio-9120-exec-14] INFO  o.t.k.f.logback.SessionInterceptor - remove sessionId.
2017-03-12 19:08:55.286  INFO 6873 --- [io-9120-exec-14] o.t.k.f.logback.SessionInterceptor       : remove sessionId.
19:08:55.288 [http-nio-9120-exec-14] INFO  o.t.k.f.logback.SessionInterceptor - init session:485cefab-0714-11e7-80b3-0014781bc25c
2017-03-12 19:08:55.288  INFO 6873 --- [io-9120-exec-14] o.t.k.f.logback.SessionInterceptor       : init session:485cefab-0714-11e7-80b3-0014781bc25c
19:08:55.289 [http-nio-9120-exec-14] INFO  o.t.k.f.s.i.f.SecurityInterceptor - identification start.userName:someone,uri:/kanban/error/invalidParamsException
2017-03-12 19:08:55.289  INFO 6873 --- [io-9120-exec-14] o.t.k.f.s.i.filter.SecurityInterceptor   : identification start.userName:someone,uri:/kanban/error/invalidParamsException
19:08:55.289 [http-nio-9120-exec-14] INFO  o.t.k.f.s.a.AuthenticationInterceptor - authentication start.currentURL:/kanban/error/invalidParamsException
2017-03-12 19:08:55.289  INFO 6873 --- [io-9120-exec-14] o.t.k.f.s.a.AuthenticationInterceptor    : authentication start.currentURL:/kanban/error/invalidParamsException
19:08:55.291 [http-nio-9120-exec-14] INFO  o.t.k.f.logback.SessionInterceptor - remove sessionId.
2017-03-12 19:08:55.291  INFO 6873 --- [io-9120-exec-14] o.t.k.f.logback.SessionInterceptor       : remove sessionId.
19:08:55.329 [http-nio-9120-exec-4] INFO  o.t.k.f.logback.SessionInterceptor - init session:4863313c-0714-11e7-80b3-0014781bc25c
2017-03-12 19:08:55.329  INFO 6873 --- [nio-9120-exec-4] o.t.k.f.logback.SessionInterceptor       : init session:4863313c-0714-11e7-80b3-0014781bc25c
19:08:55.330 [http-nio-9120-exec-4] INFO  o.t.k.f.s.i.f.SecurityInterceptor - identification start.userName:someone,uri:/kanban/projects/fooId
2017-03-12 19:08:55.330  INFO 6873 --- [nio-9120-exec-4] o.t.k.f.s.i.filter.SecurityInterceptor   : identification start.userName:someone,uri:/kanban/projects/fooId
19:08:55.330 [http-nio-9120-exec-4] INFO  o.t.k.f.s.a.AuthenticationInterceptor - authentication start.currentURL:/kanban/projects/fooId
2017-03-12 19:08:55.330  INFO 6873 --- [nio-9120-exec-4] o.t.k.f.s.a.AuthenticationInterceptor    : authentication start.currentURL:/kanban/projects/fooId
19:08:55.341 [http-nio-9120-exec-4] INFO  o.t.k.f.logback.SessionInterceptor - remove sessionId.
2017-03-12 19:08:55.341  INFO 6873 --- [nio-9120-exec-4] o.t.k.f.logback.SessionInterceptor       : remove sessionId.
19:08:55.405 [http-nio-9120-exec-5] INFO  o.t.k.f.logback.SessionInterceptor - init session:486ec9fd-0714-11e7-80b3-0014781bc25c
2017-03-12 19:08:55.405  INFO 6873 --- [nio-9120-exec-5] o.t.k.f.logback.SessionInterceptor       : init session:486ec9fd-0714-11e7-80b3-0014781bc25c
19:08:55.406 [http-nio-9120-exec-5] INFO  o.t.k.f.s.i.f.SecurityInterceptor - identification start.userName:someone,uri:/kanban/someone/projects
2017-03-12 19:08:55.406  INFO 6873 --- [nio-9120-exec-5] o.t.k.f.s.i.filter.SecurityInterceptor   : identification start.userName:someone,uri:/kanban/someone/projects
19:08:55.406 [http-nio-9120-exec-5] INFO  o.t.k.f.s.a.AuthenticationInterceptor - authentication start.currentURL:/kanban/someone/projects
2017-03-12 19:08:55.406  INFO 6873 --- [nio-9120-exec-5] o.t.k.f.s.a.AuthenticationInterceptor    : authentication start.currentURL:/kanban/someone/projects
19:08:55.411 [http-nio-9120-exec-5] INFO  o.t.k.f.logback.SessionInterceptor - remove sessionId.
2017-03-12 19:08:55.411  INFO 6873 --- [nio-9120-exec-5] o.t.k.f.logback.SessionInterceptor       : remove sessionId.
19:08:55.413 [http-nio-9120-exec-5] INFO  o.t.k.f.logback.SessionInterceptor - init session:4870027e-0714-11e7-80b3-0014781bc25c
2017-03-12 19:08:55.413  INFO 6873 --- [nio-9120-exec-5] o.t.k.f.logback.SessionInterceptor       : init session:4870027e-0714-11e7-80b3-0014781bc25c
19:08:55.414 [http-nio-9120-exec-5] INFO  o.t.k.f.s.i.f.SecurityInterceptor - identification start.userName:someone,uri:/kanban/error/invalidParamsException
2017-03-12 19:08:55.414  INFO 6873 --- [nio-9120-exec-5] o.t.k.f.s.i.filter.SecurityInterceptor   : identification start.userName:someone,uri:/kanban/error/invalidParamsException
19:08:55.414 [http-nio-9120-exec-5] INFO  o.t.k.f.s.a.AuthenticationInterceptor - authentication start.currentURL:/kanban/error/invalidParamsException
2017-03-12 19:08:55.414  INFO 6873 --- [nio-9120-exec-5] o.t.k.f.s.a.AuthenticationInterceptor    : authentication start.currentURL:/kanban/error/invalidParamsException
19:08:55.416 [http-nio-9120-exec-5] INFO  o.t.k.f.logback.SessionInterceptor - remove sessionId.
2017-03-12 19:08:55.416  INFO 6873 --- [nio-9120-exec-5] o.t.k.f.logback.SessionInterceptor       : remove sessionId.
19:08:55.444 [http-nio-9120-exec-3] INFO  o.t.k.f.logback.SessionInterceptor - init session:4874bd6f-0714-11e7-80b3-0014781bc25c
2017-03-12 19:08:55.444  INFO 6873 --- [nio-9120-exec-3] o.t.k.f.logback.SessionInterceptor       : init session:4874bd6f-0714-11e7-80b3-0014781bc25c
19:08:55.445 [http-nio-9120-exec-3] INFO  o.t.k.f.s.i.f.SecurityInterceptor - identification start.userName:someone,uri:/kanban/someone/projects
2017-03-12 19:08:55.445  INFO 6873 --- [nio-9120-exec-3] o.t.k.f.s.i.filter.SecurityInterceptor   : identification start.userName:someone,uri:/kanban/someone/projects
19:08:55.445 [http-nio-9120-exec-3] INFO  o.t.k.f.s.a.AuthenticationInterceptor - authentication start.currentURL:/kanban/someone/projects
2017-03-12 19:08:55.445  INFO 6873 --- [nio-9120-exec-3] o.t.k.f.s.a.AuthenticationInterceptor    : authentication start.currentURL:/kanban/someone/projects
19:08:55.454 [http-nio-9120-exec-3] INFO  o.t.k.f.logback.SessionInterceptor - remove sessionId.
2017-03-12 19:08:55.454  INFO 6873 --- [nio-9120-exec-3] o.t.k.f.logback.SessionInterceptor       : remove sessionId.
19:08:55.512 [http-nio-9120-exec-12] INFO  o.t.k.f.logback.SessionInterceptor - init session:487f1db0-0714-11e7-80b3-0014781bc25c
2017-03-12 19:08:55.512  INFO 6873 --- [io-9120-exec-12] o.t.k.f.logback.SessionInterceptor       : init session:487f1db0-0714-11e7-80b3-0014781bc25c
19:08:55.512 [http-nio-9120-exec-12] INFO  o.t.k.f.s.i.f.SecurityInterceptor - identification start.userName:someone,uri:/kanban/projects/project-fooId
2017-03-12 19:08:55.512  INFO 6873 --- [io-9120-exec-12] o.t.k.f.s.i.filter.SecurityInterceptor   : identification start.userName:someone,uri:/kanban/projects/project-fooId
19:08:55.512 [http-nio-9120-exec-12] INFO  o.t.k.f.s.a.AuthenticationInterceptor - authentication start.currentURL:/kanban/projects/project-fooId
2017-03-12 19:08:55.512  INFO 6873 --- [io-9120-exec-12] o.t.k.f.s.a.AuthenticationInterceptor    : authentication start.currentURL:/kanban/projects/project-fooId
19:08:55.541 [http-nio-9120-exec-12] INFO  o.t.k.f.logback.SessionInterceptor - remove sessionId.
2017-03-12 19:08:55.541  INFO 6873 --- [io-9120-exec-12] o.t.k.f.logback.SessionInterceptor       : remove sessionId.
19:08:55.584 [http-nio-9120-exec-15] INFO  o.t.k.f.logback.SessionInterceptor - init session:488a1a31-0714-11e7-80b3-0014781bc25c
2017-03-12 19:08:55.584  INFO 6873 --- [io-9120-exec-15] o.t.k.f.logback.SessionInterceptor       : init session:488a1a31-0714-11e7-80b3-0014781bc25c
19:08:55.584 [http-nio-9120-exec-15] INFO  o.t.k.f.s.i.f.SecurityInterceptor - identification start.userName:someone,uri:/kanban/someone/projects
2017-03-12 19:08:55.584  INFO 6873 --- [io-9120-exec-15] o.t.k.f.s.i.filter.SecurityInterceptor   : identification start.userName:someone,uri:/kanban/someone/projects
19:08:55.584 [http-nio-9120-exec-15] INFO  o.t.k.f.s.a.AuthenticationInterceptor - authentication start.currentURL:/kanban/someone/projects
2017-03-12 19:08:55.584  INFO 6873 --- [io-9120-exec-15] o.t.k.f.s.a.AuthenticationInterceptor    : authentication start.currentURL:/kanban/someone/projects
19:08:55.602 [http-nio-9120-exec-15] INFO  o.t.k.f.logback.SessionInterceptor - remove sessionId.
2017-03-12 19:08:55.602  INFO 6873 --- [io-9120-exec-15] o.t.k.f.logback.SessionInterceptor       : remove sessionId.
19:08:55.655 [http-nio-9120-exec-1] INFO  o.t.k.f.logback.SessionInterceptor - init session:4894efa2-0714-11e7-80b3-0014781bc25c
2017-03-12 19:08:55.655  INFO 6873 --- [nio-9120-exec-1] o.t.k.f.logback.SessionInterceptor       : init session:4894efa2-0714-11e7-80b3-0014781bc25c
19:08:55.656 [http-nio-9120-exec-1] INFO  o.t.k.f.s.i.f.SecurityInterceptor - identification start.userName:someone,uri:/kanban/someone/projects
2017-03-12 19:08:55.656  INFO 6873 --- [nio-9120-exec-1] o.t.k.f.s.i.filter.SecurityInterceptor   : identification start.userName:someone,uri:/kanban/someone/projects
19:08:55.656 [http-nio-9120-exec-1] INFO  o.t.k.f.s.a.AuthenticationInterceptor - authentication start.currentURL:/kanban/someone/projects
2017-03-12 19:08:55.656  INFO 6873 --- [nio-9120-exec-1] o.t.k.f.s.a.AuthenticationInterceptor    : authentication start.currentURL:/kanban/someone/projects
19:08:55.666 [http-nio-9120-exec-1] INFO  o.t.k.f.logback.SessionInterceptor - remove sessionId.
2017-03-12 19:08:55.666  INFO 6873 --- [nio-9120-exec-1] o.t.k.f.logback.SessionInterceptor       : remove sessionId.
19:08:55.670 [http-nio-9120-exec-1] INFO  o.t.k.f.logback.SessionInterceptor - init session:48973993-0714-11e7-80b3-0014781bc25c
2017-03-12 19:08:55.670  INFO 6873 --- [nio-9120-exec-1] o.t.k.f.logback.SessionInterceptor       : init session:48973993-0714-11e7-80b3-0014781bc25c
19:08:55.671 [http-nio-9120-exec-1] INFO  o.t.k.f.s.i.f.SecurityInterceptor - identification start.userName:someone,uri:/kanban/error/invalidParamsException
2017-03-12 19:08:55.671  INFO 6873 --- [nio-9120-exec-1] o.t.k.f.s.i.filter.SecurityInterceptor   : identification start.userName:someone,uri:/kanban/error/invalidParamsException
19:08:55.672 [http-nio-9120-exec-1] INFO  o.t.k.f.s.a.AuthenticationInterceptor - authentication start.currentURL:/kanban/error/invalidParamsException
2017-03-12 19:08:55.672  INFO 6873 --- [nio-9120-exec-1] o.t.k.f.s.a.AuthenticationInterceptor    : authentication start.currentURL:/kanban/error/invalidParamsException
19:08:55.679 [http-nio-9120-exec-1] INFO  o.t.k.f.logback.SessionInterceptor - remove sessionId.
2017-03-12 19:08:55.679  INFO 6873 --- [nio-9120-exec-1] o.t.k.f.logback.SessionInterceptor       : remove sessionId.
19:08:55.714 [http-nio-9120-exec-24] INFO  o.t.k.f.logback.SessionInterceptor - init session:489df054-0714-11e7-80b3-0014781bc25c
2017-03-12 19:08:55.714  INFO 6873 --- [io-9120-exec-24] o.t.k.f.logback.SessionInterceptor       : init session:489df054-0714-11e7-80b3-0014781bc25c
19:08:55.714 [http-nio-9120-exec-24] INFO  o.t.k.f.s.i.f.SecurityInterceptor - identification start.userName:someone,uri:/kanban/someone/projects
2017-03-12 19:08:55.714  INFO 6873 --- [io-9120-exec-24] o.t.k.f.s.i.filter.SecurityInterceptor   : identification start.userName:someone,uri:/kanban/someone/projects
19:08:55.714 [http-nio-9120-exec-24] INFO  o.t.k.f.s.a.AuthenticationInterceptor - authentication start.currentURL:/kanban/someone/projects
2017-03-12 19:08:55.714  INFO 6873 --- [io-9120-exec-24] o.t.k.f.s.a.AuthenticationInterceptor    : authentication start.currentURL:/kanban/someone/projects
19:08:55.724 [http-nio-9120-exec-24] INFO  o.t.k.f.logback.SessionInterceptor - remove sessionId.
2017-03-12 19:08:55.724  INFO 6873 --- [io-9120-exec-24] o.t.k.f.logback.SessionInterceptor       : remove sessionId.
19:08:55.726 [http-nio-9120-exec-24] INFO  o.t.k.f.logback.SessionInterceptor - init session:489fc515-0714-11e7-80b3-0014781bc25c
2017-03-12 19:08:55.726  INFO 6873 --- [io-9120-exec-24] o.t.k.f.logback.SessionInterceptor       : init session:489fc515-0714-11e7-80b3-0014781bc25c
19:08:55.727 [http-nio-9120-exec-24] INFO  o.t.k.f.s.i.f.SecurityInterceptor - identification start.userName:someone,uri:/kanban/error/invalidParamsException
2017-03-12 19:08:55.727  INFO 6873 --- [io-9120-exec-24] o.t.k.f.s.i.filter.SecurityInterceptor   : identification start.userName:someone,uri:/kanban/error/invalidParamsException
19:08:55.727 [http-nio-9120-exec-24] INFO  o.t.k.f.s.a.AuthenticationInterceptor - authentication start.currentURL:/kanban/error/invalidParamsException
2017-03-12 19:08:55.727  INFO 6873 --- [io-9120-exec-24] o.t.k.f.s.a.AuthenticationInterceptor    : authentication start.currentURL:/kanban/error/invalidParamsException
19:08:55.731 [http-nio-9120-exec-24] INFO  o.t.k.f.logback.SessionInterceptor - remove sessionId.
2017-03-12 19:08:55.731  INFO 6873 --- [io-9120-exec-24] o.t.k.f.logback.SessionInterceptor       : remove sessionId.
]]></system-out>
  <system-err><![CDATA[]]></system-err>
</testsuite>
