<?xml version="1.0" encoding="UTF-8"?>
<testsuite name="org.thiki.kanban.worktile.WorktileControllerTest" tests="9" skipped="0" failures="0" errors="0" timestamp="2017-03-12T11:09:00" hostname="wisdom-HP" time="0.684">
  <properties/>
  <testcase name="createNewBoard" classname="org.thiki.kanban.worktile.WorktileControllerTest" time="0.132"/>
  <testcase name="throwExceptionIfFileContentIsEmpty" classname="org.thiki.kanban.worktile.WorktileControllerTest" time="0.042"/>
  <testcase name="throwExceptionIfNoExtensionNameWasFound" classname="org.thiki.kanban.worktile.WorktileControllerTest" time="0.042"/>
  <testcase name="throwExceptionIfFileFormatIsInvalid" classname="org.thiki.kanban.worktile.WorktileControllerTest" time="0.05"/>
  <testcase name="throwExceptionIfFileContentFormatIsInvalid" classname="org.thiki.kanban.worktile.WorktileControllerTest" time="0.047"/>
  <testcase name="importCards" classname="org.thiki.kanban.worktile.WorktileControllerTest" time="0.13"/>
  <testcase name="importEntry" classname="org.thiki.kanban.worktile.WorktileControllerTest" time="0.087"/>
  <testcase name="importTodos" classname="org.thiki.kanban.worktile.WorktileControllerTest" time="0.109"/>
  <testcase name="throwExceptionIfNoFileWasUpload" classname="org.thiki.kanban.worktile.WorktileControllerTest" time="0.036"/>
  <system-out><![CDATA[2017-03-12 19:09:00.881  INFO 6873 --- [    Test worker] o.s.t.c.support.AbstractContextLoader    : Could not detect default resource locations for test class [org.thiki.kanban.TestBase]: no resource found for suffixes {-context.xml, Context.groovy}.
2017-03-12 19:09:00.886  INFO 6873 --- [    Test worker] WebAppIntegrationTestContextBootstrapper : Loaded default TestExecutionListener class names from location [META-INF/spring.factories]: [org.springframework.test.context.web.ServletTestExecutionListener, org.springframework.test.context.support.DirtiesContextBeforeModesTestExecutionListener, org.springframework.test.context.support.DependencyInjectionTestExecutionListener, org.springframework.test.context.support.DirtiesContextTestExecutionListener, org.springframework.test.context.transaction.TransactionalTestExecutionListener, org.springframework.test.context.jdbc.SqlScriptsTestExecutionListener, org.springframework.boot.test.mock.mockito.MockitoTestExecutionListener, org.springframework.boot.test.mock.mockito.ResetMocksTestExecutionListener, org.springframework.boot.test.autoconfigure.restdocs.RestDocsTestExecutionListener, org.springframework.boot.test.autoconfigure.web.client.MockRestServiceServerResetTestExecutionListener, org.springframework.boot.test.autoconfigure.web.servlet.MockMvcPrintOnlyOnFailureTestExecutionListener, org.springframework.boot.test.autoconfigure.web.servlet.WebDriverTestExecutionListener]
2017-03-12 19:09:00.887  INFO 6873 --- [    Test worker] WebAppIntegrationTestContextBootstrapper : Using TestExecutionListeners: [org.springframework.test.context.web.ServletTestExecutionListener@5eb23c83, org.springframework.test.context.support.DirtiesContextBeforeModesTestExecutionListener@2832b24a, org.springframework.test.context.support.DependencyInjectionTestExecutionListener@3c140869, org.springframework.test.context.support.DirtiesContextTestExecutionListener@7262026c, org.springframework.test.context.transaction.TransactionalTestExecutionListener@3d7b6e87, org.springframework.test.context.jdbc.SqlScriptsTestExecutionListener@663b80, org.springframework.boot.test.autoconfigure.web.servlet.MockMvcPrintOnlyOnFailureTestExecutionListener@1c2d2ca5, org.springframework.boot.test.autoconfigure.web.servlet.WebDriverTestExecutionListener@7ebe3c2e, org.springframework.boot.test.autoconfigure.web.client.MockRestServiceServerResetTestExecutionListener@18d77a28, org.springframework.boot.test.mock.mockito.MockitoTestExecutionListener@295ce889, org.springframework.boot.test.mock.mockito.ResetMocksTestExecutionListener@5c61b103, org.springframework.boot.test.autoconfigure.restdocs.RestDocsTestExecutionListener@5331b9ed]
19:09:00.902 [http-nio-9120-exec-15] INFO  o.t.k.f.logback.SessionInterceptor - init session:4bb590db-0714-11e7-80b3-0014781bc25c
2017-03-12 19:09:00.902  INFO 6873 --- [io-9120-exec-15] o.t.k.f.logback.SessionInterceptor       : init session:4bb590db-0714-11e7-80b3-0014781bc25c
19:09:00.902 [http-nio-9120-exec-15] INFO  o.t.k.f.s.i.f.SecurityInterceptor - identification start.userName:someone,uri:/kanban/someone/projects/project-fooId/worktileTasks
2017-03-12 19:09:00.902  INFO 6873 --- [io-9120-exec-15] o.t.k.f.s.i.filter.SecurityInterceptor   : identification start.userName:someone,uri:/kanban/someone/projects/project-fooId/worktileTasks
19:09:00.902 [http-nio-9120-exec-15] INFO  o.t.k.f.s.a.AuthenticationInterceptor - authentication start.currentURL:/kanban/someone/projects/project-fooId/worktileTasks
2017-03-12 19:09:00.902  INFO 6873 --- [io-9120-exec-15] o.t.k.f.s.a.AuthenticationInterceptor    : authentication start.currentURL:/kanban/someone/projects/project-fooId/worktileTasks
19:09:00.923 [http-nio-9120-exec-15] INFO  org.thiki.kanban.stage.StagesService - Checking whether title is already exist before creating new stage.stage:{"archived":false,"inDoneStatus":false,"inProcess":false,"inSprint":false,"sortNumber":0,"status":0,"title":"Product Backlog","type":0}
2017-03-12 19:09:00.923  INFO 6873 --- [io-9120-exec-15] org.thiki.kanban.stage.StagesService     : Checking whether title is already exist before creating new stage.stage:{"archived":false,"inDoneStatus":false,"inProcess":false,"inSprint":false,"sortNumber":0,"status":0,"title":"Product Backlog","type":0}
19:09:00.927 [http-nio-9120-exec-15] INFO  org.thiki.kanban.stage.StagesService - Created stage:{"archived":false,"author":"someone","boardId":"fooId","creationTime":"2017-03-12 19:09:00.925000","id":"fooId","inDoneStatus":false,"inProcess":false,"inSprint":false,"modificationTime":"2017-03-12 19:09:00.925000","sortNumber":0,"status":0,"title":"Product Backlog","type":0}
2017-03-12 19:09:00.927  INFO 6873 --- [io-9120-exec-15] org.thiki.kanban.stage.StagesService     : Created stage:{"archived":false,"author":"someone","boardId":"fooId","creationTime":"2017-03-12 19:09:00.925000","id":"fooId","inDoneStatus":false,"inProcess":false,"inSprint":false,"modificationTime":"2017-03-12 19:09:00.925000","sortNumber":0,"status":0,"title":"Product Backlog","type":0}
19:09:00.930 [http-nio-9120-exec-15] INFO  o.t.k.a.AcceptanceCriteriaService - Creating new card:{"author":"someone","elapsedDays":0.0,"stageId":"fooId","summary":"任务名称"}
2017-03-12 19:09:00.930  INFO 6873 --- [io-9120-exec-15] o.t.k.a.AcceptanceCriteriaService        : Creating new card:{"author":"someone","elapsedDays":0.0,"stageId":"fooId","summary":"任务名称"}
19:09:00.938 [http-nio-9120-exec-15] INFO  o.t.k.a.AcceptanceCriteriaService - Created card:{"author":"someone","code":"170301","creationTime":"2017-03-12 19:09:00.937000","elapsedDays":0.0,"id":"fooId","modificationTime":"2017-03-12 19:09:00.937000","sortNumber":0,"stageId":"fooId","summary":"任务名称"}
2017-03-12 19:09:00.938  INFO 6873 --- [io-9120-exec-15] o.t.k.a.AcceptanceCriteriaService        : Created card:{"author":"someone","code":"170301","creationTime":"2017-03-12 19:09:00.937000","elapsedDays":0.0,"id":"fooId","modificationTime":"2017-03-12 19:09:00.937000","sortNumber":0,"stageId":"fooId","summary":"任务名称"}
19:09:00.938 [http-nio-9120-exec-15] INFO  o.t.kanban.activity.ActivityService - Recording operation:{"cardId":"fooId","detail":"{\"author\":\"someone\",\"code\":\"170301\",\"creationTime\":\"2017-03-12 19:09:00.937000\",\"elapsedDays\":0.0,\"id\":\"fooId\",\"modificationTime\":\"2017-03-12 19:09:00.937000\",\"sortNumber\":0,\"stageId\":\"fooId\",\"summary\":\"任务名称\"}","operationTypeCode":"001","operationTypeName":"卡片创建","stageId":"fooId","stageSnapShot":"{\"archived\":false,\"author\":\"someone\",\"boardId\":\"fooId\",\"creationTime\":\"2017-03-12 19:09:00.925000\",\"id\":\"fooId\",\"inDoneStatus\":false,\"inProcess\":false,\"inSprint\":false,\"modificationTime\":\"2017-03-12 19:09:00.925000\",\"sortNumber\":0,\"status\":0,\"title\":\"Product Backlog\",\"type\":0}","summary":"{\"author\":\"someone\",\"code\":\"170301\",\"creationTime\":\"2017-03-12 19:09:00.937000\",\"elapsedDays\":0.0,\"id\":\"fooId\",\"modificationTime\":\"2017-03-12 19:09:00.937000\",\"sortNumber\":0,\"stageId\":\"fooId\",\"summary\":\"任务名称\"}","userName":"someone"}
2017-03-12 19:09:00.938  INFO 6873 --- [io-9120-exec-15] o.thiki.kanban.activity.ActivityService  : Recording operation:{"cardId":"fooId","detail":"{\"author\":\"someone\",\"code\":\"170301\",\"creationTime\":\"2017-03-12 19:09:00.937000\",\"elapsedDays\":0.0,\"id\":\"fooId\",\"modificationTime\":\"2017-03-12 19:09:00.937000\",\"sortNumber\":0,\"stageId\":\"fooId\",\"summary\":\"任务名称\"}","operationTypeCode":"001","operationTypeName":"卡片创建","stageId":"fooId","stageSnapShot":"{\"archived\":false,\"author\":\"someone\",\"boardId\":\"fooId\",\"creationTime\":\"2017-03-12 19:09:00.925000\",\"id\":\"fooId\",\"inDoneStatus\":false,\"inProcess\":false,\"inSprint\":false,\"modificationTime\":\"2017-03-12 19:09:00.925000\",\"sortNumber\":0,\"status\":0,\"title\":\"Product Backlog\",\"type\":0}","summary":"{\"author\":\"someone\",\"code\":\"170301\",\"creationTime\":\"2017-03-12 19:09:00.937000\",\"elapsedDays\":0.0,\"id\":\"fooId\",\"modificationTime\":\"2017-03-12 19:09:00.937000\",\"sortNumber\":0,\"stageId\":\"fooId\",\"summary\":\"任务名称\"}","userName":"someone"}
19:09:00.945 [http-nio-9120-exec-15] INFO  o.t.k.a.AcceptanceCriteriaService - User someone adds a acceptance criteria in card [fooId],the acceptanceCriteria is:{"author":"someone","finished":true,"summary":"todo"}
2017-03-12 19:09:00.945  INFO 6873 --- [io-9120-exec-15] o.t.k.a.AcceptanceCriteriaService        : User someone adds a acceptance criteria in card [fooId],the acceptanceCriteria is:{"author":"someone","finished":true,"summary":"todo"}
19:09:00.949 [http-nio-9120-exec-15] INFO  o.t.k.a.AcceptanceCriteriaService - Saved acceptanceCriteria:{"author":"someone","cardId":"fooId","creationTime":"2017-03-12 19:09:00.947000","finished":true,"id":"fooId","modificationTime":"2017-03-12 19:09:00.947000","sortNumber":9999,"summary":"todo"}
2017-03-12 19:09:00.949  INFO 6873 --- [io-9120-exec-15] o.t.k.a.AcceptanceCriteriaService        : Saved acceptanceCriteria:{"author":"someone","cardId":"fooId","creationTime":"2017-03-12 19:09:00.947000","finished":true,"id":"fooId","modificationTime":"2017-03-12 19:09:00.947000","sortNumber":9999,"summary":"todo"}
19:09:00.949 [http-nio-9120-exec-15] INFO  o.t.kanban.activity.ActivityService - Recording operation:{"cardId":"fooId","detail":"{\"author\":\"someone\",\"finished\":true,\"id\":\"fooId\",\"summary\":\"todo\"}","operationTypeCode":"004","operationTypeName":"增加验收标准","summary":"todo","userName":"someone"}
2017-03-12 19:09:00.949  INFO 6873 --- [io-9120-exec-15] o.thiki.kanban.activity.ActivityService  : Recording operation:{"cardId":"fooId","detail":"{\"author\":\"someone\",\"finished\":true,\"id\":\"fooId\",\"summary\":\"todo\"}","operationTypeCode":"004","operationTypeName":"增加验收标准","summary":"todo","userName":"someone"}
19:09:00.953 [http-nio-9120-exec-15] INFO  org.thiki.kanban.board.BoardResource - build board resource.board:Board{id='fooId', name='worktile2017-03-12', projectId='project-fooId', author='someone', owner='someone', creationTime='2017-03-12 19:09:00.922000', modificationTime='2017-03-12 19:09:00.922000'},userName:someone
2017-03-12 19:09:00.953  INFO 6873 --- [io-9120-exec-15] org.thiki.kanban.board.BoardResource     : build board resource.board:Board{id='fooId', name='worktile2017-03-12', projectId='project-fooId', author='someone', owner='someone', creationTime='2017-03-12 19:09:00.922000', modificationTime='2017-03-12 19:09:00.922000'},userName:someone
19:09:00.969 [http-nio-9120-exec-15] INFO  org.thiki.kanban.board.BoardResource - board resource building complete.board:Board{id='fooId', name='worktile2017-03-12', projectId='project-fooId', author='someone', owner='someone', creationTime='2017-03-12 19:09:00.922000', modificationTime='2017-03-12 19:09:00.922000'},userName:someone
2017-03-12 19:09:00.969  INFO 6873 --- [io-9120-exec-15] org.thiki.kanban.board.BoardResource     : board resource building complete.board:Board{id='fooId', name='worktile2017-03-12', projectId='project-fooId', author='someone', owner='someone', creationTime='2017-03-12 19:09:00.922000', modificationTime='2017-03-12 19:09:00.922000'},userName:someone
19:09:00.973 [http-nio-9120-exec-15] INFO  o.t.k.f.logback.SessionInterceptor - remove sessionId.
2017-03-12 19:09:00.973  INFO 6873 --- [io-9120-exec-15] o.t.k.f.logback.SessionInterceptor       : remove sessionId.
19:09:01.033 [http-nio-9120-exec-7] INFO  o.t.k.f.logback.SessionInterceptor - init session:4bc98e0e-0714-11e7-80b3-0014781bc25c
2017-03-12 19:09:01.033  INFO 6873 --- [nio-9120-exec-7] o.t.k.f.logback.SessionInterceptor       : init session:4bc98e0e-0714-11e7-80b3-0014781bc25c
19:09:01.034 [http-nio-9120-exec-7] INFO  o.t.k.f.s.i.f.SecurityInterceptor - identification start.userName:someone,uri:/kanban/someone/projects/project-fooId/worktileTasks
2017-03-12 19:09:01.034  INFO 6873 --- [nio-9120-exec-7] o.t.k.f.s.i.filter.SecurityInterceptor   : identification start.userName:someone,uri:/kanban/someone/projects/project-fooId/worktileTasks
19:09:01.034 [http-nio-9120-exec-7] INFO  o.t.k.f.s.a.AuthenticationInterceptor - authentication start.currentURL:/kanban/someone/projects/project-fooId/worktileTasks
2017-03-12 19:09:01.034  INFO 6873 --- [nio-9120-exec-7] o.t.k.f.s.a.AuthenticationInterceptor    : authentication start.currentURL:/kanban/someone/projects/project-fooId/worktileTasks
19:09:01.038 [http-nio-9120-exec-7] INFO  o.t.k.f.logback.SessionInterceptor - remove sessionId.
2017-03-12 19:09:01.038  INFO 6873 --- [nio-9120-exec-7] o.t.k.f.logback.SessionInterceptor       : remove sessionId.
19:09:01.040 [http-nio-9120-exec-7] INFO  o.t.k.f.logback.SessionInterceptor - init session:4bca9f7f-0714-11e7-80b3-0014781bc25c
2017-03-12 19:09:01.040  INFO 6873 --- [nio-9120-exec-7] o.t.k.f.logback.SessionInterceptor       : init session:4bca9f7f-0714-11e7-80b3-0014781bc25c
19:09:01.040 [http-nio-9120-exec-7] INFO  o.t.k.f.s.i.f.SecurityInterceptor - identification start.userName:someone,uri:/kanban/error/invalidParamsException
2017-03-12 19:09:01.040  INFO 6873 --- [nio-9120-exec-7] o.t.k.f.s.i.filter.SecurityInterceptor   : identification start.userName:someone,uri:/kanban/error/invalidParamsException
19:09:01.040 [http-nio-9120-exec-7] INFO  o.t.k.f.s.a.AuthenticationInterceptor - authentication start.currentURL:/kanban/error/invalidParamsException
2017-03-12 19:09:01.040  INFO 6873 --- [nio-9120-exec-7] o.t.k.f.s.a.AuthenticationInterceptor    : authentication start.currentURL:/kanban/error/invalidParamsException
19:09:01.042 [http-nio-9120-exec-7] INFO  o.t.k.f.logback.SessionInterceptor - remove sessionId.
2017-03-12 19:09:01.042  INFO 6873 --- [nio-9120-exec-7] o.t.k.f.logback.SessionInterceptor       : remove sessionId.
19:09:01.079 [http-nio-9120-exec-1] INFO  o.t.k.f.logback.SessionInterceptor - init session:4bd092f0-0714-11e7-80b3-0014781bc25c
2017-03-12 19:09:01.079  INFO 6873 --- [nio-9120-exec-1] o.t.k.f.logback.SessionInterceptor       : init session:4bd092f0-0714-11e7-80b3-0014781bc25c
19:09:01.079 [http-nio-9120-exec-1] INFO  o.t.k.f.s.i.f.SecurityInterceptor - identification start.userName:someone,uri:/kanban/someone/projects/project-fooId/worktileTasks
2017-03-12 19:09:01.079  INFO 6873 --- [nio-9120-exec-1] o.t.k.f.s.i.filter.SecurityInterceptor   : identification start.userName:someone,uri:/kanban/someone/projects/project-fooId/worktileTasks
19:09:01.080 [http-nio-9120-exec-1] INFO  o.t.k.f.s.a.AuthenticationInterceptor - authentication start.currentURL:/kanban/someone/projects/project-fooId/worktileTasks
2017-03-12 19:09:01.080  INFO 6873 --- [nio-9120-exec-1] o.t.k.f.s.a.AuthenticationInterceptor    : authentication start.currentURL:/kanban/someone/projects/project-fooId/worktileTasks
19:09:01.081 [http-nio-9120-exec-1] INFO  o.t.k.f.logback.SessionInterceptor - remove sessionId.
2017-03-12 19:09:01.081  INFO 6873 --- [nio-9120-exec-1] o.t.k.f.logback.SessionInterceptor       : remove sessionId.
19:09:01.083 [http-nio-9120-exec-1] INFO  o.t.k.f.logback.SessionInterceptor - init session:4bd12f31-0714-11e7-80b3-0014781bc25c
2017-03-12 19:09:01.083  INFO 6873 --- [nio-9120-exec-1] o.t.k.f.logback.SessionInterceptor       : init session:4bd12f31-0714-11e7-80b3-0014781bc25c
19:09:01.083 [http-nio-9120-exec-1] INFO  o.t.k.f.s.i.f.SecurityInterceptor - identification start.userName:someone,uri:/kanban/error/invalidParamsException
2017-03-12 19:09:01.083  INFO 6873 --- [nio-9120-exec-1] o.t.k.f.s.i.filter.SecurityInterceptor   : identification start.userName:someone,uri:/kanban/error/invalidParamsException
19:09:01.083 [http-nio-9120-exec-1] INFO  o.t.k.f.s.a.AuthenticationInterceptor - authentication start.currentURL:/kanban/error/invalidParamsException
2017-03-12 19:09:01.083  INFO 6873 --- [nio-9120-exec-1] o.t.k.f.s.a.AuthenticationInterceptor    : authentication start.currentURL:/kanban/error/invalidParamsException
19:09:01.085 [http-nio-9120-exec-1] INFO  o.t.k.f.logback.SessionInterceptor - remove sessionId.
2017-03-12 19:09:01.085  INFO 6873 --- [nio-9120-exec-1] o.t.k.f.logback.SessionInterceptor       : remove sessionId.
19:09:01.128 [http-nio-9120-exec-16] INFO  o.t.k.f.logback.SessionInterceptor - init session:4bd80d02-0714-11e7-80b3-0014781bc25c
2017-03-12 19:09:01.128  INFO 6873 --- [io-9120-exec-16] o.t.k.f.logback.SessionInterceptor       : init session:4bd80d02-0714-11e7-80b3-0014781bc25c
19:09:01.129 [http-nio-9120-exec-16] INFO  o.t.k.f.s.i.f.SecurityInterceptor - identification start.userName:someone,uri:/kanban/someone/projects/project-fooId/worktileTasks
2017-03-12 19:09:01.129  INFO 6873 --- [io-9120-exec-16] o.t.k.f.s.i.filter.SecurityInterceptor   : identification start.userName:someone,uri:/kanban/someone/projects/project-fooId/worktileTasks
19:09:01.130 [http-nio-9120-exec-16] INFO  o.t.k.f.s.a.AuthenticationInterceptor - authentication start.currentURL:/kanban/someone/projects/project-fooId/worktileTasks
2017-03-12 19:09:01.130  INFO 6873 --- [io-9120-exec-16] o.t.k.f.s.a.AuthenticationInterceptor    : authentication start.currentURL:/kanban/someone/projects/project-fooId/worktileTasks
19:09:01.132 [http-nio-9120-exec-16] INFO  o.t.k.f.logback.SessionInterceptor - remove sessionId.
2017-03-12 19:09:01.132  INFO 6873 --- [io-9120-exec-16] o.t.k.f.logback.SessionInterceptor       : remove sessionId.
19:09:01.135 [http-nio-9120-exec-16] INFO  o.t.k.f.logback.SessionInterceptor - init session:4bd91e73-0714-11e7-80b3-0014781bc25c
2017-03-12 19:09:01.135  INFO 6873 --- [io-9120-exec-16] o.t.k.f.logback.SessionInterceptor       : init session:4bd91e73-0714-11e7-80b3-0014781bc25c
19:09:01.136 [http-nio-9120-exec-16] INFO  o.t.k.f.s.i.f.SecurityInterceptor - identification start.userName:someone,uri:/kanban/error/invalidParamsException
2017-03-12 19:09:01.136  INFO 6873 --- [io-9120-exec-16] o.t.k.f.s.i.filter.SecurityInterceptor   : identification start.userName:someone,uri:/kanban/error/invalidParamsException
19:09:01.136 [http-nio-9120-exec-16] INFO  o.t.k.f.s.a.AuthenticationInterceptor - authentication start.currentURL:/kanban/error/invalidParamsException
2017-03-12 19:09:01.136  INFO 6873 --- [io-9120-exec-16] o.t.k.f.s.a.AuthenticationInterceptor    : authentication start.currentURL:/kanban/error/invalidParamsException
19:09:01.140 [http-nio-9120-exec-16] INFO  o.t.k.f.logback.SessionInterceptor - remove sessionId.
2017-03-12 19:09:01.140  INFO 6873 --- [io-9120-exec-16] o.t.k.f.logback.SessionInterceptor       : remove sessionId.
19:09:01.175 [http-nio-9120-exec-17] INFO  o.t.k.f.logback.SessionInterceptor - init session:4bdf38f4-0714-11e7-80b3-0014781bc25c
2017-03-12 19:09:01.175  INFO 6873 --- [io-9120-exec-17] o.t.k.f.logback.SessionInterceptor       : init session:4bdf38f4-0714-11e7-80b3-0014781bc25c
19:09:01.176 [http-nio-9120-exec-17] INFO  o.t.k.f.s.i.f.SecurityInterceptor - identification start.userName:someone,uri:/kanban/someone/projects/project-fooId/worktileTasks
2017-03-12 19:09:01.176  INFO 6873 --- [io-9120-exec-17] o.t.k.f.s.i.filter.SecurityInterceptor   : identification start.userName:someone,uri:/kanban/someone/projects/project-fooId/worktileTasks
19:09:01.176 [http-nio-9120-exec-17] INFO  o.t.k.f.s.a.AuthenticationInterceptor - authentication start.currentURL:/kanban/someone/projects/project-fooId/worktileTasks
2017-03-12 19:09:01.176  INFO 6873 --- [io-9120-exec-17] o.t.k.f.s.a.AuthenticationInterceptor    : authentication start.currentURL:/kanban/someone/projects/project-fooId/worktileTasks
19:09:01.178 [http-nio-9120-exec-17] INFO  o.t.k.f.logback.SessionInterceptor - remove sessionId.
2017-03-12 19:09:01.178  INFO 6873 --- [io-9120-exec-17] o.t.k.f.logback.SessionInterceptor       : remove sessionId.
19:09:01.179 [http-nio-9120-exec-17] INFO  o.t.k.f.logback.SessionInterceptor - init session:4bdfd535-0714-11e7-80b3-0014781bc25c
2017-03-12 19:09:01.179  INFO 6873 --- [io-9120-exec-17] o.t.k.f.logback.SessionInterceptor       : init session:4bdfd535-0714-11e7-80b3-0014781bc25c
19:09:01.179 [http-nio-9120-exec-17] INFO  o.t.k.f.s.i.f.SecurityInterceptor - identification start.userName:someone,uri:/kanban/error/invalidParamsException
2017-03-12 19:09:01.179  INFO 6873 --- [io-9120-exec-17] o.t.k.f.s.i.filter.SecurityInterceptor   : identification start.userName:someone,uri:/kanban/error/invalidParamsException
19:09:01.180 [http-nio-9120-exec-17] INFO  o.t.k.f.s.a.AuthenticationInterceptor - authentication start.currentURL:/kanban/error/invalidParamsException
2017-03-12 19:09:01.180  INFO 6873 --- [io-9120-exec-17] o.t.k.f.s.a.AuthenticationInterceptor    : authentication start.currentURL:/kanban/error/invalidParamsException
19:09:01.181 [http-nio-9120-exec-17] INFO  o.t.k.f.logback.SessionInterceptor - remove sessionId.
2017-03-12 19:09:01.181  INFO 6873 --- [io-9120-exec-17] o.t.k.f.logback.SessionInterceptor       : remove sessionId.
19:09:01.222 [http-nio-9120-exec-11] INFO  o.t.k.f.logback.SessionInterceptor - init session:4be664e6-0714-11e7-80b3-0014781bc25c
2017-03-12 19:09:01.222  INFO 6873 --- [io-9120-exec-11] o.t.k.f.logback.SessionInterceptor       : init session:4be664e6-0714-11e7-80b3-0014781bc25c
19:09:01.222 [http-nio-9120-exec-11] INFO  o.t.k.f.s.i.f.SecurityInterceptor - identification start.userName:someone,uri:/kanban/someone/projects/project-fooId/worktileTasks
2017-03-12 19:09:01.222  INFO 6873 --- [io-9120-exec-11] o.t.k.f.s.i.filter.SecurityInterceptor   : identification start.userName:someone,uri:/kanban/someone/projects/project-fooId/worktileTasks
19:09:01.222 [http-nio-9120-exec-11] INFO  o.t.k.f.s.a.AuthenticationInterceptor - authentication start.currentURL:/kanban/someone/projects/project-fooId/worktileTasks
2017-03-12 19:09:01.222  INFO 6873 --- [io-9120-exec-11] o.t.k.f.s.a.AuthenticationInterceptor    : authentication start.currentURL:/kanban/someone/projects/project-fooId/worktileTasks
19:09:01.228 [http-nio-9120-exec-11] INFO  org.thiki.kanban.stage.StagesService - Checking whether title is already exist before creating new stage.stage:{"archived":false,"inDoneStatus":false,"inProcess":false,"inSprint":false,"sortNumber":0,"status":0,"title":"Product Backlog","type":0}
2017-03-12 19:09:01.228  INFO 6873 --- [io-9120-exec-11] org.thiki.kanban.stage.StagesService     : Checking whether title is already exist before creating new stage.stage:{"archived":false,"inDoneStatus":false,"inProcess":false,"inSprint":false,"sortNumber":0,"status":0,"title":"Product Backlog","type":0}
19:09:01.235 [http-nio-9120-exec-11] INFO  org.thiki.kanban.stage.StagesService - Created stage:{"archived":false,"author":"someone","boardId":"fooId","creationTime":"2017-03-12 19:09:01.234000","id":"fooId","inDoneStatus":false,"inProcess":false,"inSprint":false,"modificationTime":"2017-03-12 19:09:01.234000","sortNumber":0,"status":0,"title":"Product Backlog","type":0}
2017-03-12 19:09:01.235  INFO 6873 --- [io-9120-exec-11] org.thiki.kanban.stage.StagesService     : Created stage:{"archived":false,"author":"someone","boardId":"fooId","creationTime":"2017-03-12 19:09:01.234000","id":"fooId","inDoneStatus":false,"inProcess":false,"inSprint":false,"modificationTime":"2017-03-12 19:09:01.234000","sortNumber":0,"status":0,"title":"Product Backlog","type":0}
19:09:01.238 [http-nio-9120-exec-11] INFO  o.t.k.a.AcceptanceCriteriaService - Creating new card:{"author":"someone","elapsedDays":0.0,"stageId":"fooId","summary":"任务名称"}
2017-03-12 19:09:01.238  INFO 6873 --- [io-9120-exec-11] o.t.k.a.AcceptanceCriteriaService        : Creating new card:{"author":"someone","elapsedDays":0.0,"stageId":"fooId","summary":"任务名称"}
19:09:01.251 [http-nio-9120-exec-11] INFO  o.t.k.a.AcceptanceCriteriaService - Created card:{"author":"someone","code":"170301","creationTime":"2017-03-12 19:09:01.249000","elapsedDays":0.0,"id":"fooId","modificationTime":"2017-03-12 19:09:01.249000","sortNumber":0,"stageId":"fooId","summary":"任务名称"}
2017-03-12 19:09:01.251  INFO 6873 --- [io-9120-exec-11] o.t.k.a.AcceptanceCriteriaService        : Created card:{"author":"someone","code":"170301","creationTime":"2017-03-12 19:09:01.249000","elapsedDays":0.0,"id":"fooId","modificationTime":"2017-03-12 19:09:01.249000","sortNumber":0,"stageId":"fooId","summary":"任务名称"}
19:09:01.252 [http-nio-9120-exec-11] INFO  o.t.kanban.activity.ActivityService - Recording operation:{"cardId":"fooId","detail":"{\"author\":\"someone\",\"code\":\"170301\",\"creationTime\":\"2017-03-12 19:09:01.249000\",\"elapsedDays\":0.0,\"id\":\"fooId\",\"modificationTime\":\"2017-03-12 19:09:01.249000\",\"sortNumber\":0,\"stageId\":\"fooId\",\"summary\":\"任务名称\"}","operationTypeCode":"001","operationTypeName":"卡片创建","stageId":"fooId","stageSnapShot":"{\"archived\":false,\"author\":\"someone\",\"boardId\":\"fooId\",\"creationTime\":\"2017-03-12 19:09:01.234000\",\"id\":\"fooId\",\"inDoneStatus\":false,\"inProcess\":false,\"inSprint\":false,\"modificationTime\":\"2017-03-12 19:09:01.234000\",\"sortNumber\":0,\"status\":0,\"title\":\"Product Backlog\",\"type\":0}","summary":"{\"author\":\"someone\",\"code\":\"170301\",\"creationTime\":\"2017-03-12 19:09:01.249000\",\"elapsedDays\":0.0,\"id\":\"fooId\",\"modificationTime\":\"2017-03-12 19:09:01.249000\",\"sortNumber\":0,\"stageId\":\"fooId\",\"summary\":\"任务名称\"}","userName":"someone"}
2017-03-12 19:09:01.252  INFO 6873 --- [io-9120-exec-11] o.thiki.kanban.activity.ActivityService  : Recording operation:{"cardId":"fooId","detail":"{\"author\":\"someone\",\"code\":\"170301\",\"creationTime\":\"2017-03-12 19:09:01.249000\",\"elapsedDays\":0.0,\"id\":\"fooId\",\"modificationTime\":\"2017-03-12 19:09:01.249000\",\"sortNumber\":0,\"stageId\":\"fooId\",\"summary\":\"任务名称\"}","operationTypeCode":"001","operationTypeName":"卡片创建","stageId":"fooId","stageSnapShot":"{\"archived\":false,\"author\":\"someone\",\"boardId\":\"fooId\",\"creationTime\":\"2017-03-12 19:09:01.234000\",\"id\":\"fooId\",\"inDoneStatus\":false,\"inProcess\":false,\"inSprint\":false,\"modificationTime\":\"2017-03-12 19:09:01.234000\",\"sortNumber\":0,\"status\":0,\"title\":\"Product Backlog\",\"type\":0}","summary":"{\"author\":\"someone\",\"code\":\"170301\",\"creationTime\":\"2017-03-12 19:09:01.249000\",\"elapsedDays\":0.0,\"id\":\"fooId\",\"modificationTime\":\"2017-03-12 19:09:01.249000\",\"sortNumber\":0,\"stageId\":\"fooId\",\"summary\":\"任务名称\"}","userName":"someone"}
19:09:01.259 [http-nio-9120-exec-11] INFO  o.t.k.a.AcceptanceCriteriaService - User someone adds a acceptance criteria in card [fooId],the acceptanceCriteria is:{"author":"someone","finished":true,"summary":"todo"}
2017-03-12 19:09:01.259  INFO 6873 --- [io-9120-exec-11] o.t.k.a.AcceptanceCriteriaService        : User someone adds a acceptance criteria in card [fooId],the acceptanceCriteria is:{"author":"someone","finished":true,"summary":"todo"}
19:09:01.262 [http-nio-9120-exec-11] INFO  o.t.k.a.AcceptanceCriteriaService - Saved acceptanceCriteria:{"author":"someone","cardId":"fooId","creationTime":"2017-03-12 19:09:01.261000","finished":true,"id":"fooId","modificationTime":"2017-03-12 19:09:01.261000","sortNumber":9999,"summary":"todo"}
2017-03-12 19:09:01.262  INFO 6873 --- [io-9120-exec-11] o.t.k.a.AcceptanceCriteriaService        : Saved acceptanceCriteria:{"author":"someone","cardId":"fooId","creationTime":"2017-03-12 19:09:01.261000","finished":true,"id":"fooId","modificationTime":"2017-03-12 19:09:01.261000","sortNumber":9999,"summary":"todo"}
19:09:01.263 [http-nio-9120-exec-11] INFO  o.t.kanban.activity.ActivityService - Recording operation:{"cardId":"fooId","detail":"{\"author\":\"someone\",\"finished\":true,\"id\":\"fooId\",\"summary\":\"todo\"}","operationTypeCode":"004","operationTypeName":"增加验收标准","summary":"todo","userName":"someone"}
2017-03-12 19:09:01.263  INFO 6873 --- [io-9120-exec-11] o.thiki.kanban.activity.ActivityService  : Recording operation:{"cardId":"fooId","detail":"{\"author\":\"someone\",\"finished\":true,\"id\":\"fooId\",\"summary\":\"todo\"}","operationTypeCode":"004","operationTypeName":"增加验收标准","summary":"todo","userName":"someone"}
19:09:01.267 [http-nio-9120-exec-11] INFO  org.thiki.kanban.board.BoardResource - build board resource.board:Board{id='fooId', name='worktile2017-03-12', projectId='project-fooId', author='someone', owner='someone', creationTime='2017-03-12 19:09:01.227000', modificationTime='2017-03-12 19:09:01.227000'},userName:someone
2017-03-12 19:09:01.267  INFO 6873 --- [io-9120-exec-11] org.thiki.kanban.board.BoardResource     : build board resource.board:Board{id='fooId', name='worktile2017-03-12', projectId='project-fooId', author='someone', owner='someone', creationTime='2017-03-12 19:09:01.227000', modificationTime='2017-03-12 19:09:01.227000'},userName:someone
19:09:01.282 [http-nio-9120-exec-11] INFO  org.thiki.kanban.board.BoardResource - board resource building complete.board:Board{id='fooId', name='worktile2017-03-12', projectId='project-fooId', author='someone', owner='someone', creationTime='2017-03-12 19:09:01.227000', modificationTime='2017-03-12 19:09:01.227000'},userName:someone
2017-03-12 19:09:01.282  INFO 6873 --- [io-9120-exec-11] org.thiki.kanban.board.BoardResource     : board resource building complete.board:Board{id='fooId', name='worktile2017-03-12', projectId='project-fooId', author='someone', owner='someone', creationTime='2017-03-12 19:09:01.227000', modificationTime='2017-03-12 19:09:01.227000'},userName:someone
19:09:01.286 [http-nio-9120-exec-11] INFO  o.t.k.f.logback.SessionInterceptor - remove sessionId.
2017-03-12 19:09:01.286  INFO 6873 --- [io-9120-exec-11] o.t.k.f.logback.SessionInterceptor       : remove sessionId.
19:09:01.349 [http-nio-9120-exec-18] INFO  o.t.k.f.logback.SessionInterceptor - init session:4bf9c5d9-0714-11e7-80b3-0014781bc25c
2017-03-12 19:09:01.349  INFO 6873 --- [io-9120-exec-18] o.t.k.f.logback.SessionInterceptor       : init session:4bf9c5d9-0714-11e7-80b3-0014781bc25c
19:09:01.349 [http-nio-9120-exec-18] INFO  o.t.k.f.s.i.f.SecurityInterceptor - identification start.userName:someone,uri:/kanban/someone/projects/project-fooId/worktileTasks
2017-03-12 19:09:01.349  INFO 6873 --- [io-9120-exec-18] o.t.k.f.s.i.filter.SecurityInterceptor   : identification start.userName:someone,uri:/kanban/someone/projects/project-fooId/worktileTasks
19:09:01.350 [http-nio-9120-exec-18] INFO  o.t.k.f.s.a.AuthenticationInterceptor - authentication start.currentURL:/kanban/someone/projects/project-fooId/worktileTasks
2017-03-12 19:09:01.350  INFO 6873 --- [io-9120-exec-18] o.t.k.f.s.a.AuthenticationInterceptor    : authentication start.currentURL:/kanban/someone/projects/project-fooId/worktileTasks
19:09:01.353 [http-nio-9120-exec-18] INFO  org.thiki.kanban.stage.StagesService - Checking whether title is already exist before creating new stage.stage:{"archived":false,"inDoneStatus":false,"inProcess":false,"inSprint":false,"sortNumber":0,"status":0,"title":"Product Backlog","type":0}
2017-03-12 19:09:01.353  INFO 6873 --- [io-9120-exec-18] org.thiki.kanban.stage.StagesService     : Checking whether title is already exist before creating new stage.stage:{"archived":false,"inDoneStatus":false,"inProcess":false,"inSprint":false,"sortNumber":0,"status":0,"title":"Product Backlog","type":0}
19:09:01.356 [http-nio-9120-exec-18] INFO  org.thiki.kanban.stage.StagesService - Created stage:{"archived":false,"author":"someone","boardId":"fooId","creationTime":"2017-03-12 19:09:01.355000","id":"fooId","inDoneStatus":false,"inProcess":false,"inSprint":false,"modificationTime":"2017-03-12 19:09:01.355000","sortNumber":0,"status":0,"title":"Product Backlog","type":0}
2017-03-12 19:09:01.356  INFO 6873 --- [io-9120-exec-18] org.thiki.kanban.stage.StagesService     : Created stage:{"archived":false,"author":"someone","boardId":"fooId","creationTime":"2017-03-12 19:09:01.355000","id":"fooId","inDoneStatus":false,"inProcess":false,"inSprint":false,"modificationTime":"2017-03-12 19:09:01.355000","sortNumber":0,"status":0,"title":"Product Backlog","type":0}
19:09:01.356 [http-nio-9120-exec-18] INFO  o.t.k.a.AcceptanceCriteriaService - Creating new card:{"author":"someone","elapsedDays":0.0,"stageId":"fooId","summary":"任务名称"}
2017-03-12 19:09:01.356  INFO 6873 --- [io-9120-exec-18] o.t.k.a.AcceptanceCriteriaService        : Creating new card:{"author":"someone","elapsedDays":0.0,"stageId":"fooId","summary":"任务名称"}
19:09:01.362 [http-nio-9120-exec-18] INFO  o.t.k.a.AcceptanceCriteriaService - Created card:{"author":"someone","code":"170301","creationTime":"2017-03-12 19:09:01.361000","elapsedDays":0.0,"id":"fooId","modificationTime":"2017-03-12 19:09:01.361000","sortNumber":0,"stageId":"fooId","summary":"任务名称"}
2017-03-12 19:09:01.362  INFO 6873 --- [io-9120-exec-18] o.t.k.a.AcceptanceCriteriaService        : Created card:{"author":"someone","code":"170301","creationTime":"2017-03-12 19:09:01.361000","elapsedDays":0.0,"id":"fooId","modificationTime":"2017-03-12 19:09:01.361000","sortNumber":0,"stageId":"fooId","summary":"任务名称"}
19:09:01.363 [http-nio-9120-exec-18] INFO  o.t.kanban.activity.ActivityService - Recording operation:{"cardId":"fooId","detail":"{\"author\":\"someone\",\"code\":\"170301\",\"creationTime\":\"2017-03-12 19:09:01.361000\",\"elapsedDays\":0.0,\"id\":\"fooId\",\"modificationTime\":\"2017-03-12 19:09:01.361000\",\"sortNumber\":0,\"stageId\":\"fooId\",\"summary\":\"任务名称\"}","operationTypeCode":"001","operationTypeName":"卡片创建","stageId":"fooId","stageSnapShot":"{\"archived\":false,\"author\":\"someone\",\"boardId\":\"fooId\",\"creationTime\":\"2017-03-12 19:09:01.355000\",\"id\":\"fooId\",\"inDoneStatus\":false,\"inProcess\":false,\"inSprint\":false,\"modificationTime\":\"2017-03-12 19:09:01.355000\",\"sortNumber\":0,\"status\":0,\"title\":\"Product Backlog\",\"type\":0}","summary":"{\"author\":\"someone\",\"code\":\"170301\",\"creationTime\":\"2017-03-12 19:09:01.361000\",\"elapsedDays\":0.0,\"id\":\"fooId\",\"modificationTime\":\"2017-03-12 19:09:01.361000\",\"sortNumber\":0,\"stageId\":\"fooId\",\"summary\":\"任务名称\"}","userName":"someone"}
2017-03-12 19:09:01.363  INFO 6873 --- [io-9120-exec-18] o.thiki.kanban.activity.ActivityService  : Recording operation:{"cardId":"fooId","detail":"{\"author\":\"someone\",\"code\":\"170301\",\"creationTime\":\"2017-03-12 19:09:01.361000\",\"elapsedDays\":0.0,\"id\":\"fooId\",\"modificationTime\":\"2017-03-12 19:09:01.361000\",\"sortNumber\":0,\"stageId\":\"fooId\",\"summary\":\"任务名称\"}","operationTypeCode":"001","operationTypeName":"卡片创建","stageId":"fooId","stageSnapShot":"{\"archived\":false,\"author\":\"someone\",\"boardId\":\"fooId\",\"creationTime\":\"2017-03-12 19:09:01.355000\",\"id\":\"fooId\",\"inDoneStatus\":false,\"inProcess\":false,\"inSprint\":false,\"modificationTime\":\"2017-03-12 19:09:01.355000\",\"sortNumber\":0,\"status\":0,\"title\":\"Product Backlog\",\"type\":0}","summary":"{\"author\":\"someone\",\"code\":\"170301\",\"creationTime\":\"2017-03-12 19:09:01.361000\",\"elapsedDays\":0.0,\"id\":\"fooId\",\"modificationTime\":\"2017-03-12 19:09:01.361000\",\"sortNumber\":0,\"stageId\":\"fooId\",\"summary\":\"任务名称\"}","userName":"someone"}
19:09:01.366 [http-nio-9120-exec-18] INFO  o.t.k.a.AcceptanceCriteriaService - User someone adds a acceptance criteria in card [fooId],the acceptanceCriteria is:{"author":"someone","finished":true,"summary":"todo"}
2017-03-12 19:09:01.366  INFO 6873 --- [io-9120-exec-18] o.t.k.a.AcceptanceCriteriaService        : User someone adds a acceptance criteria in card [fooId],the acceptanceCriteria is:{"author":"someone","finished":true,"summary":"todo"}
19:09:01.369 [http-nio-9120-exec-18] INFO  o.t.k.a.AcceptanceCriteriaService - Saved acceptanceCriteria:{"author":"someone","cardId":"fooId","creationTime":"2017-03-12 19:09:01.368000","finished":true,"id":"fooId","modificationTime":"2017-03-12 19:09:01.368000","sortNumber":9999,"summary":"todo"}
2017-03-12 19:09:01.369  INFO 6873 --- [io-9120-exec-18] o.t.k.a.AcceptanceCriteriaService        : Saved acceptanceCriteria:{"author":"someone","cardId":"fooId","creationTime":"2017-03-12 19:09:01.368000","finished":true,"id":"fooId","modificationTime":"2017-03-12 19:09:01.368000","sortNumber":9999,"summary":"todo"}
19:09:01.370 [http-nio-9120-exec-18] INFO  o.t.kanban.activity.ActivityService - Recording operation:{"cardId":"fooId","detail":"{\"author\":\"someone\",\"finished\":true,\"id\":\"fooId\",\"summary\":\"todo\"}","operationTypeCode":"004","operationTypeName":"增加验收标准","summary":"todo","userName":"someone"}
2017-03-12 19:09:01.370  INFO 6873 --- [io-9120-exec-18] o.thiki.kanban.activity.ActivityService  : Recording operation:{"cardId":"fooId","detail":"{\"author\":\"someone\",\"finished\":true,\"id\":\"fooId\",\"summary\":\"todo\"}","operationTypeCode":"004","operationTypeName":"增加验收标准","summary":"todo","userName":"someone"}
19:09:01.372 [http-nio-9120-exec-18] INFO  org.thiki.kanban.board.BoardResource - build board resource.board:Board{id='fooId', name='worktile2017-03-12', projectId='project-fooId', author='someone', owner='someone', creationTime='2017-03-12 19:09:01.353000', modificationTime='2017-03-12 19:09:01.353000'},userName:someone
2017-03-12 19:09:01.372  INFO 6873 --- [io-9120-exec-18] org.thiki.kanban.board.BoardResource     : build board resource.board:Board{id='fooId', name='worktile2017-03-12', projectId='project-fooId', author='someone', owner='someone', creationTime='2017-03-12 19:09:01.353000', modificationTime='2017-03-12 19:09:01.353000'},userName:someone
19:09:01.384 [http-nio-9120-exec-18] INFO  org.thiki.kanban.board.BoardResource - board resource building complete.board:Board{id='fooId', name='worktile2017-03-12', projectId='project-fooId', author='someone', owner='someone', creationTime='2017-03-12 19:09:01.353000', modificationTime='2017-03-12 19:09:01.353000'},userName:someone
2017-03-12 19:09:01.384  INFO 6873 --- [io-9120-exec-18] org.thiki.kanban.board.BoardResource     : board resource building complete.board:Board{id='fooId', name='worktile2017-03-12', projectId='project-fooId', author='someone', owner='someone', creationTime='2017-03-12 19:09:01.353000', modificationTime='2017-03-12 19:09:01.353000'},userName:someone
19:09:01.386 [http-nio-9120-exec-18] INFO  o.t.k.f.logback.SessionInterceptor - remove sessionId.
2017-03-12 19:09:01.386  INFO 6873 --- [io-9120-exec-18] o.t.k.f.logback.SessionInterceptor       : remove sessionId.
19:09:01.439 [http-nio-9120-exec-24] INFO  o.t.k.f.logback.SessionInterceptor - init session:4c07817c-0714-11e7-80b3-0014781bc25c
2017-03-12 19:09:01.439  INFO 6873 --- [io-9120-exec-24] o.t.k.f.logback.SessionInterceptor       : init session:4c07817c-0714-11e7-80b3-0014781bc25c
19:09:01.440 [http-nio-9120-exec-24] INFO  o.t.k.f.s.i.f.SecurityInterceptor - identification start.userName:someone,uri:/kanban/someone/projects/project-fooId/worktileTasks
2017-03-12 19:09:01.440  INFO 6873 --- [io-9120-exec-24] o.t.k.f.s.i.filter.SecurityInterceptor   : identification start.userName:someone,uri:/kanban/someone/projects/project-fooId/worktileTasks
19:09:01.440 [http-nio-9120-exec-24] INFO  o.t.k.f.s.a.AuthenticationInterceptor - authentication start.currentURL:/kanban/someone/projects/project-fooId/worktileTasks
2017-03-12 19:09:01.440  INFO 6873 --- [io-9120-exec-24] o.t.k.f.s.a.AuthenticationInterceptor    : authentication start.currentURL:/kanban/someone/projects/project-fooId/worktileTasks
19:09:01.446 [http-nio-9120-exec-24] INFO  org.thiki.kanban.stage.StagesService - Checking whether title is already exist before creating new stage.stage:{"archived":false,"inDoneStatus":false,"inProcess":false,"inSprint":false,"sortNumber":0,"status":0,"title":"Product Backlog","type":0}
2017-03-12 19:09:01.446  INFO 6873 --- [io-9120-exec-24] org.thiki.kanban.stage.StagesService     : Checking whether title is already exist before creating new stage.stage:{"archived":false,"inDoneStatus":false,"inProcess":false,"inSprint":false,"sortNumber":0,"status":0,"title":"Product Backlog","type":0}
19:09:01.450 [http-nio-9120-exec-24] INFO  org.thiki.kanban.stage.StagesService - Created stage:{"archived":false,"author":"someone","boardId":"fooId","creationTime":"2017-03-12 19:09:01.448000","id":"fooId","inDoneStatus":false,"inProcess":false,"inSprint":false,"modificationTime":"2017-03-12 19:09:01.448000","sortNumber":0,"status":0,"title":"Product Backlog","type":0}
2017-03-12 19:09:01.450  INFO 6873 --- [io-9120-exec-24] org.thiki.kanban.stage.StagesService     : Created stage:{"archived":false,"author":"someone","boardId":"fooId","creationTime":"2017-03-12 19:09:01.448000","id":"fooId","inDoneStatus":false,"inProcess":false,"inSprint":false,"modificationTime":"2017-03-12 19:09:01.448000","sortNumber":0,"status":0,"title":"Product Backlog","type":0}
19:09:01.450 [http-nio-9120-exec-24] INFO  o.t.k.a.AcceptanceCriteriaService - Creating new card:{"author":"someone","elapsedDays":0.0,"stageId":"fooId","summary":"任务名称"}
2017-03-12 19:09:01.450  INFO 6873 --- [io-9120-exec-24] o.t.k.a.AcceptanceCriteriaService        : Creating new card:{"author":"someone","elapsedDays":0.0,"stageId":"fooId","summary":"任务名称"}
19:09:01.458 [http-nio-9120-exec-24] INFO  o.t.k.a.AcceptanceCriteriaService - Created card:{"author":"someone","code":"170301","creationTime":"2017-03-12 19:09:01.457000","elapsedDays":0.0,"id":"fooId","modificationTime":"2017-03-12 19:09:01.457000","sortNumber":0,"stageId":"fooId","summary":"任务名称"}
2017-03-12 19:09:01.458  INFO 6873 --- [io-9120-exec-24] o.t.k.a.AcceptanceCriteriaService        : Created card:{"author":"someone","code":"170301","creationTime":"2017-03-12 19:09:01.457000","elapsedDays":0.0,"id":"fooId","modificationTime":"2017-03-12 19:09:01.457000","sortNumber":0,"stageId":"fooId","summary":"任务名称"}
19:09:01.459 [http-nio-9120-exec-24] INFO  o.t.kanban.activity.ActivityService - Recording operation:{"cardId":"fooId","detail":"{\"author\":\"someone\",\"code\":\"170301\",\"creationTime\":\"2017-03-12 19:09:01.457000\",\"elapsedDays\":0.0,\"id\":\"fooId\",\"modificationTime\":\"2017-03-12 19:09:01.457000\",\"sortNumber\":0,\"stageId\":\"fooId\",\"summary\":\"任务名称\"}","operationTypeCode":"001","operationTypeName":"卡片创建","stageId":"fooId","stageSnapShot":"{\"archived\":false,\"author\":\"someone\",\"boardId\":\"fooId\",\"creationTime\":\"2017-03-12 19:09:01.448000\",\"id\":\"fooId\",\"inDoneStatus\":false,\"inProcess\":false,\"inSprint\":false,\"modificationTime\":\"2017-03-12 19:09:01.448000\",\"sortNumber\":0,\"status\":0,\"title\":\"Product Backlog\",\"type\":0}","summary":"{\"author\":\"someone\",\"code\":\"170301\",\"creationTime\":\"2017-03-12 19:09:01.457000\",\"elapsedDays\":0.0,\"id\":\"fooId\",\"modificationTime\":\"2017-03-12 19:09:01.457000\",\"sortNumber\":0,\"stageId\":\"fooId\",\"summary\":\"任务名称\"}","userName":"someone"}
2017-03-12 19:09:01.459  INFO 6873 --- [io-9120-exec-24] o.thiki.kanban.activity.ActivityService  : Recording operation:{"cardId":"fooId","detail":"{\"author\":\"someone\",\"code\":\"170301\",\"creationTime\":\"2017-03-12 19:09:01.457000\",\"elapsedDays\":0.0,\"id\":\"fooId\",\"modificationTime\":\"2017-03-12 19:09:01.457000\",\"sortNumber\":0,\"stageId\":\"fooId\",\"summary\":\"任务名称\"}","operationTypeCode":"001","operationTypeName":"卡片创建","stageId":"fooId","stageSnapShot":"{\"archived\":false,\"author\":\"someone\",\"boardId\":\"fooId\",\"creationTime\":\"2017-03-12 19:09:01.448000\",\"id\":\"fooId\",\"inDoneStatus\":false,\"inProcess\":false,\"inSprint\":false,\"modificationTime\":\"2017-03-12 19:09:01.448000\",\"sortNumber\":0,\"status\":0,\"title\":\"Product Backlog\",\"type\":0}","summary":"{\"author\":\"someone\",\"code\":\"170301\",\"creationTime\":\"2017-03-12 19:09:01.457000\",\"elapsedDays\":0.0,\"id\":\"fooId\",\"modificationTime\":\"2017-03-12 19:09:01.457000\",\"sortNumber\":0,\"stageId\":\"fooId\",\"summary\":\"任务名称\"}","userName":"someone"}
19:09:01.462 [http-nio-9120-exec-24] INFO  o.t.k.a.AcceptanceCriteriaService - User someone adds a acceptance criteria in card [fooId],the acceptanceCriteria is:{"author":"someone","finished":true,"summary":"todo"}
2017-03-12 19:09:01.462  INFO 6873 --- [io-9120-exec-24] o.t.k.a.AcceptanceCriteriaService        : User someone adds a acceptance criteria in card [fooId],the acceptanceCriteria is:{"author":"someone","finished":true,"summary":"todo"}
19:09:01.465 [http-nio-9120-exec-24] INFO  o.t.k.a.AcceptanceCriteriaService - Saved acceptanceCriteria:{"author":"someone","cardId":"fooId","creationTime":"2017-03-12 19:09:01.464000","finished":true,"id":"fooId","modificationTime":"2017-03-12 19:09:01.464000","sortNumber":9999,"summary":"todo"}
2017-03-12 19:09:01.465  INFO 6873 --- [io-9120-exec-24] o.t.k.a.AcceptanceCriteriaService        : Saved acceptanceCriteria:{"author":"someone","cardId":"fooId","creationTime":"2017-03-12 19:09:01.464000","finished":true,"id":"fooId","modificationTime":"2017-03-12 19:09:01.464000","sortNumber":9999,"summary":"todo"}
19:09:01.465 [http-nio-9120-exec-24] INFO  o.t.kanban.activity.ActivityService - Recording operation:{"cardId":"fooId","detail":"{\"author\":\"someone\",\"finished\":true,\"id\":\"fooId\",\"summary\":\"todo\"}","operationTypeCode":"004","operationTypeName":"增加验收标准","summary":"todo","userName":"someone"}
2017-03-12 19:09:01.465  INFO 6873 --- [io-9120-exec-24] o.thiki.kanban.activity.ActivityService  : Recording operation:{"cardId":"fooId","detail":"{\"author\":\"someone\",\"finished\":true,\"id\":\"fooId\",\"summary\":\"todo\"}","operationTypeCode":"004","operationTypeName":"增加验收标准","summary":"todo","userName":"someone"}
19:09:01.469 [http-nio-9120-exec-24] INFO  org.thiki.kanban.board.BoardResource - build board resource.board:Board{id='fooId', name='worktile2017-03-12', projectId='project-fooId', author='someone', owner='someone', creationTime='2017-03-12 19:09:01.444000', modificationTime='2017-03-12 19:09:01.444000'},userName:someone
2017-03-12 19:09:01.469  INFO 6873 --- [io-9120-exec-24] org.thiki.kanban.board.BoardResource     : build board resource.board:Board{id='fooId', name='worktile2017-03-12', projectId='project-fooId', author='someone', owner='someone', creationTime='2017-03-12 19:09:01.444000', modificationTime='2017-03-12 19:09:01.444000'},userName:someone
19:09:01.484 [http-nio-9120-exec-24] INFO  org.thiki.kanban.board.BoardResource - board resource building complete.board:Board{id='fooId', name='worktile2017-03-12', projectId='project-fooId', author='someone', owner='someone', creationTime='2017-03-12 19:09:01.444000', modificationTime='2017-03-12 19:09:01.444000'},userName:someone
2017-03-12 19:09:01.484  INFO 6873 --- [io-9120-exec-24] org.thiki.kanban.board.BoardResource     : board resource building complete.board:Board{id='fooId', name='worktile2017-03-12', projectId='project-fooId', author='someone', owner='someone', creationTime='2017-03-12 19:09:01.444000', modificationTime='2017-03-12 19:09:01.444000'},userName:someone
19:09:01.488 [http-nio-9120-exec-24] INFO  o.t.k.f.logback.SessionInterceptor - remove sessionId.
2017-03-12 19:09:01.488  INFO 6873 --- [io-9120-exec-24] o.t.k.f.logback.SessionInterceptor       : remove sessionId.
19:09:01.549 [http-nio-9120-exec-13] INFO  o.t.k.f.logback.SessionInterceptor - init session:4c184a5f-0714-11e7-80b3-0014781bc25c
2017-03-12 19:09:01.549  INFO 6873 --- [io-9120-exec-13] o.t.k.f.logback.SessionInterceptor       : init session:4c184a5f-0714-11e7-80b3-0014781bc25c
19:09:01.549 [http-nio-9120-exec-13] INFO  o.t.k.f.s.i.f.SecurityInterceptor - identification start.userName:someone,uri:/kanban/someone/projects/project-fooId/worktileTasks
2017-03-12 19:09:01.549  INFO 6873 --- [io-9120-exec-13] o.t.k.f.s.i.filter.SecurityInterceptor   : identification start.userName:someone,uri:/kanban/someone/projects/project-fooId/worktileTasks
19:09:01.549 [http-nio-9120-exec-13] INFO  o.t.k.f.s.a.AuthenticationInterceptor - authentication start.currentURL:/kanban/someone/projects/project-fooId/worktileTasks
2017-03-12 19:09:01.549  INFO 6873 --- [io-9120-exec-13] o.t.k.f.s.a.AuthenticationInterceptor    : authentication start.currentURL:/kanban/someone/projects/project-fooId/worktileTasks
19:09:01.551 [http-nio-9120-exec-13] INFO  o.t.k.f.logback.SessionInterceptor - remove sessionId.
2017-03-12 19:09:01.551  INFO 6873 --- [io-9120-exec-13] o.t.k.f.logback.SessionInterceptor       : remove sessionId.
19:09:01.552 [http-nio-9120-exec-13] INFO  o.t.k.f.logback.SessionInterceptor - init session:4c18bf90-0714-11e7-80b3-0014781bc25c
2017-03-12 19:09:01.552  INFO 6873 --- [io-9120-exec-13] o.t.k.f.logback.SessionInterceptor       : init session:4c18bf90-0714-11e7-80b3-0014781bc25c
19:09:01.552 [http-nio-9120-exec-13] INFO  o.t.k.f.s.i.f.SecurityInterceptor - identification start.userName:someone,uri:/kanban/error/invalidParamsException
2017-03-12 19:09:01.552  INFO 6873 --- [io-9120-exec-13] o.t.k.f.s.i.filter.SecurityInterceptor   : identification start.userName:someone,uri:/kanban/error/invalidParamsException
19:09:01.552 [http-nio-9120-exec-13] INFO  o.t.k.f.s.a.AuthenticationInterceptor - authentication start.currentURL:/kanban/error/invalidParamsException
2017-03-12 19:09:01.552  INFO 6873 --- [io-9120-exec-13] o.t.k.f.s.a.AuthenticationInterceptor    : authentication start.currentURL:/kanban/error/invalidParamsException
19:09:01.554 [http-nio-9120-exec-13] INFO  o.t.k.f.logback.SessionInterceptor - remove sessionId.
2017-03-12 19:09:01.554  INFO 6873 --- [io-9120-exec-13] o.t.k.f.logback.SessionInterceptor       : remove sessionId.
]]></system-out>
  <system-err><![CDATA[]]></system-err>
</testsuite>
