<?xml version="1.0" encoding="UTF-8"?>
<testsuite name="org.thiki.kanban.acceptanceCriteria.AcceptanceCriteriaControllerTest" tests="7" skipped="0" failures="0" errors="0" timestamp="2017-03-12T11:08:52" hostname="wisdom-HP" time="1.322">
  <properties/>
  <testcase name="create_shouldReturn201WhenCreateACSuccessfully" classname="org.thiki.kanban.acceptanceCriteria.AcceptanceCriteriaControllerTest" time="0.205"/>
  <testcase name="resortAcceptanceCriterias" classname="org.thiki.kanban.acceptanceCriteria.AcceptanceCriteriaControllerTest" time="0.243"/>
  <testcase name="loadACById" classname="org.thiki.kanban.acceptanceCriteria.AcceptanceCriteriaControllerTest" time="0.123"/>
  <testcase name="notAllowedIfSummaryIsEmpty" classname="org.thiki.kanban.acceptanceCriteria.AcceptanceCriteriaControllerTest" time="0.059"/>
  <testcase name="loadAcceptanceCriterias" classname="org.thiki.kanban.acceptanceCriteria.AcceptanceCriteriaControllerTest" time="0.18"/>
  <testcase name="deleteAC" classname="org.thiki.kanban.acceptanceCriteria.AcceptanceCriteriaControllerTest" time="0.091"/>
  <testcase name="updateAC" classname="org.thiki.kanban.acceptanceCriteria.AcceptanceCriteriaControllerTest" time="0.4"/>
  <system-out><![CDATA[2017-03-12 19:08:52.691  INFO 6873 --- [    Test worker] o.s.t.c.support.AbstractContextLoader    : Could not detect default resource locations for test class [org.thiki.kanban.TestBase]: no resource found for suffixes {-context.xml, Context.groovy}.
2017-03-12 19:08:52.697  INFO 6873 --- [    Test worker] WebAppIntegrationTestContextBootstrapper : Loaded default TestExecutionListener class names from location [META-INF/spring.factories]: [org.springframework.test.context.web.ServletTestExecutionListener, org.springframework.test.context.support.DirtiesContextBeforeModesTestExecutionListener, org.springframework.test.context.support.DependencyInjectionTestExecutionListener, org.springframework.test.context.support.DirtiesContextTestExecutionListener, org.springframework.test.context.transaction.TransactionalTestExecutionListener, org.springframework.test.context.jdbc.SqlScriptsTestExecutionListener, org.springframework.boot.test.mock.mockito.MockitoTestExecutionListener, org.springframework.boot.test.mock.mockito.ResetMocksTestExecutionListener, org.springframework.boot.test.autoconfigure.restdocs.RestDocsTestExecutionListener, org.springframework.boot.test.autoconfigure.web.client.MockRestServiceServerResetTestExecutionListener, org.springframework.boot.test.autoconfigure.web.servlet.MockMvcPrintOnlyOnFailureTestExecutionListener, org.springframework.boot.test.autoconfigure.web.servlet.WebDriverTestExecutionListener]
2017-03-12 19:08:52.697  INFO 6873 --- [    Test worker] WebAppIntegrationTestContextBootstrapper : Using TestExecutionListeners: [org.springframework.test.context.web.ServletTestExecutionListener@55eec998, org.springframework.test.context.support.DirtiesContextBeforeModesTestExecutionListener@3db1b19d, org.springframework.test.context.support.DependencyInjectionTestExecutionListener@2dd6dddb, org.springframework.test.context.support.DirtiesContextTestExecutionListener@3719d00d, org.springframework.test.context.transaction.TransactionalTestExecutionListener@14987d7f, org.springframework.test.context.jdbc.SqlScriptsTestExecutionListener@24951b28, org.springframework.boot.test.autoconfigure.web.servlet.MockMvcPrintOnlyOnFailureTestExecutionListener@3f362264, org.springframework.boot.test.autoconfigure.web.servlet.WebDriverTestExecutionListener@46561437, org.springframework.boot.test.autoconfigure.web.client.MockRestServiceServerResetTestExecutionListener@11f2ea07, org.springframework.boot.test.mock.mockito.MockitoTestExecutionListener@1d32ef4a, org.springframework.boot.test.mock.mockito.ResetMocksTestExecutionListener@1319cb8a, org.springframework.boot.test.autoconfigure.restdocs.RestDocsTestExecutionListener@65189272]
19:08:52.716 [http-nio-9120-exec-14] INFO  o.t.k.f.logback.SessionInterceptor - init session:46d47ac1-0714-11e7-80b3-0014781bc25c
2017-03-12 19:08:52.716  INFO 6873 --- [io-9120-exec-14] o.t.k.f.logback.SessionInterceptor       : init session:46d47ac1-0714-11e7-80b3-0014781bc25c
19:08:52.716 [http-nio-9120-exec-14] INFO  o.t.k.f.s.i.f.SecurityInterceptor - identification start.userName:someone,uri:/kanban/boards/boardId-foo/stages/stages-fooId/cards/card-fooId/acceptanceCriterias
2017-03-12 19:08:52.716  INFO 6873 --- [io-9120-exec-14] o.t.k.f.s.i.filter.SecurityInterceptor   : identification start.userName:someone,uri:/kanban/boards/boardId-foo/stages/stages-fooId/cards/card-fooId/acceptanceCriterias
19:08:52.717 [http-nio-9120-exec-14] INFO  o.t.k.f.s.a.AuthenticationInterceptor - authentication start.currentURL:/kanban/boards/boardId-foo/stages/stages-fooId/cards/card-fooId/acceptanceCriterias
2017-03-12 19:08:52.717  INFO 6873 --- [io-9120-exec-14] o.t.k.f.s.a.AuthenticationInterceptor    : authentication start.currentURL:/kanban/boards/boardId-foo/stages/stages-fooId/cards/card-fooId/acceptanceCriterias
19:08:52.740 [http-nio-9120-exec-14] INFO  o.t.k.a.AcceptanceCriteriaService - User someone adds a acceptance criteria in card [card-fooId],the acceptanceCriteria is:{"finished":false,"summary":"AC-summary"}
2017-03-12 19:08:52.740  INFO 6873 --- [io-9120-exec-14] o.t.k.a.AcceptanceCriteriaService        : User someone adds a acceptance criteria in card [card-fooId],the acceptanceCriteria is:{"finished":false,"summary":"AC-summary"}
19:08:52.743 [http-nio-9120-exec-14] INFO  o.t.k.a.AcceptanceCriteriaService - Saved acceptanceCriteria:{"author":"someone","cardId":"card-fooId","creationTime":"2017-03-12 19:08:52.742000","finished":false,"id":"fooId","modificationTime":"2017-03-12 19:08:52.742000","sortNumber":9999,"summary":"AC-summary"}
2017-03-12 19:08:52.743  INFO 6873 --- [io-9120-exec-14] o.t.k.a.AcceptanceCriteriaService        : Saved acceptanceCriteria:{"author":"someone","cardId":"card-fooId","creationTime":"2017-03-12 19:08:52.742000","finished":false,"id":"fooId","modificationTime":"2017-03-12 19:08:52.742000","sortNumber":9999,"summary":"AC-summary"}
19:08:52.743 [http-nio-9120-exec-14] INFO  o.t.kanban.activity.ActivityService - Recording operation:{"cardId":"card-fooId","detail":"{\"finished\":false,\"id\":\"fooId\",\"summary\":\"AC-summary\"}","operationTypeCode":"004","operationTypeName":"增加验收标准","summary":"AC-summary","userName":"someone"}
2017-03-12 19:08:52.743  INFO 6873 --- [io-9120-exec-14] o.thiki.kanban.activity.ActivityService  : Recording operation:{"cardId":"card-fooId","detail":"{\"finished\":false,\"id\":\"fooId\",\"summary\":\"AC-summary\"}","operationTypeCode":"004","operationTypeName":"增加验收标准","summary":"AC-summary","userName":"someone"}
19:08:52.746 [http-nio-9120-exec-14] INFO  o.t.k.a.AcceptanceCriteriaResource - build acceptanceCriterias resource.board:boardId-foo,stageId:stages-fooId,cardId:card-fooId,userName:someone
2017-03-12 19:08:52.746  INFO 6873 --- [io-9120-exec-14] o.t.k.a.AcceptanceCriteriaResource       : build acceptanceCriterias resource.board:boardId-foo,stageId:stages-fooId,cardId:card-fooId,userName:someone
19:08:52.758 [http-nio-9120-exec-14] INFO  o.t.k.a.AcceptanceCriteriaResource - acceptanceCriterias resource build completed.board:boardId-foo,stageId:stages-fooId,cardId:card-fooId,userName:someone
2017-03-12 19:08:52.758  INFO 6873 --- [io-9120-exec-14] o.t.k.a.AcceptanceCriteriaResource       : acceptanceCriterias resource build completed.board:boardId-foo,stageId:stages-fooId,cardId:card-fooId,userName:someone
19:08:52.768 [http-nio-9120-exec-14] INFO  o.t.k.f.logback.SessionInterceptor - remove sessionId.
2017-03-12 19:08:52.768  INFO 6873 --- [io-9120-exec-14] o.t.k.f.logback.SessionInterceptor       : remove sessionId.
19:08:52.942 [http-nio-9120-exec-4] INFO  o.t.k.f.logback.SessionInterceptor - init session:46f6f6e3-0714-11e7-80b3-0014781bc25c
2017-03-12 19:08:52.942  INFO 6873 --- [nio-9120-exec-4] o.t.k.f.logback.SessionInterceptor       : init session:46f6f6e3-0714-11e7-80b3-0014781bc25c
19:08:52.942 [http-nio-9120-exec-4] INFO  o.t.k.f.s.i.f.SecurityInterceptor - identification start.userName:someone,uri:/kanban/boards/boardId-foo/stages/stages-fooId/cards/card-fooId/acceptanceCriterias/sortNumbers
2017-03-12 19:08:52.942  INFO 6873 --- [nio-9120-exec-4] o.t.k.f.s.i.filter.SecurityInterceptor   : identification start.userName:someone,uri:/kanban/boards/boardId-foo/stages/stages-fooId/cards/card-fooId/acceptanceCriterias/sortNumbers
19:08:52.943 [http-nio-9120-exec-4] INFO  o.t.k.f.s.a.AuthenticationInterceptor - authentication start.currentURL:/kanban/boards/boardId-foo/stages/stages-fooId/cards/card-fooId/acceptanceCriterias/sortNumbers
2017-03-12 19:08:52.943  INFO 6873 --- [nio-9120-exec-4] o.t.k.f.s.a.AuthenticationInterceptor    : authentication start.currentURL:/kanban/boards/boardId-foo/stages/stages-fooId/cards/card-fooId/acceptanceCriterias/sortNumbers
19:08:52.958 [http-nio-9120-exec-4] INFO  o.t.k.a.AcceptanceCriteriaService - Resorting acceptanceCriterias.acceptanceCriterias:[{"finished":false,"id":"acceptanceCriteria-id1","sortNumber":1}, {"finished":false,"id":"acceptanceCriteria-id2","sortNumber":2}],cardId:card-fooId
2017-03-12 19:08:52.958  INFO 6873 --- [nio-9120-exec-4] o.t.k.a.AcceptanceCriteriaService        : Resorting acceptanceCriterias.acceptanceCriterias:[{"finished":false,"id":"acceptanceCriteria-id1","sortNumber":1}, {"finished":false,"id":"acceptanceCriteria-id2","sortNumber":2}],cardId:card-fooId
19:08:52.963 [http-nio-9120-exec-4] INFO  o.t.k.a.AcceptanceCriteriaService - Resorted acceptanceCriterias:[{"author":"someone","cardId":"card-fooId","creationTime":"2017-03-12 19:08:52.922000","finished":false,"id":"acceptanceCriteria-id1","modificationTime":"2017-03-12 19:08:52.922000","sortNumber":1,"summary":"AC-summary-1"}, {"author":"someone","cardId":"card-fooId","creationTime":"2017-03-12 19:08:52.923000","finished":false,"id":"acceptanceCriteria-id2","modificationTime":"2017-03-12 19:08:52.923000","sortNumber":2,"summary":"AC-summary-2"}]
2017-03-12 19:08:52.963  INFO 6873 --- [nio-9120-exec-4] o.t.k.a.AcceptanceCriteriaService        : Resorted acceptanceCriterias:[{"author":"someone","cardId":"card-fooId","creationTime":"2017-03-12 19:08:52.922000","finished":false,"id":"acceptanceCriteria-id1","modificationTime":"2017-03-12 19:08:52.922000","sortNumber":1,"summary":"AC-summary-1"}, {"author":"someone","cardId":"card-fooId","creationTime":"2017-03-12 19:08:52.923000","finished":false,"id":"acceptanceCriteria-id2","modificationTime":"2017-03-12 19:08:52.923000","sortNumber":2,"summary":"AC-summary-2"}]
19:08:52.964 [http-nio-9120-exec-4] INFO  o.t.kanban.activity.ActivityService - Recording operation:{"cardId":"card-fooId","detail":"[{\"author\":\"someone\",\"cardId\":\"card-fooId\",\"creationTime\":\"2017-03-12 19:08:52.922000\",\"finished\":false,\"id\":\"acceptanceCriteria-id1\",\"modificationTime\":\"2017-03-12 19:08:52.922000\",\"sortNumber\":1,\"summary\":\"AC-summary-1\"}, {\"author\":\"someone\",\"cardId\":\"card-fooId\",\"creationTime\":\"2017-03-12 19:08:52.923000\",\"finished\":false,\"id\":\"acceptanceCriteria-id2\",\"modificationTime\":\"2017-03-12 19:08:52.923000\",\"sortNumber\":2,\"summary\":\"AC-summary-2\"}]|[{\"finished\":false,\"id\":\"acceptanceCriteria-id1\",\"sortNumber\":1}, {\"finished\":false,\"id\":\"acceptanceCriteria-id2\",\"sortNumber\":2}]","operationTypeCode":"013","operationTypeName":"重新排序验收标准","summary":"[{\"author\":\"someone\",\"cardId\":\"card-fooId\",\"creationTime\":\"2017-03-12 19:08:52.922000\",\"finished\":false,\"id\":\"acceptanceCriteria-id1\",\"modificationTime\":\"2017-03-12 19:08:52.922000\",\"sortNumber\":1,\"summary\":\"AC-summary-1\"}, {\"author\":\"someone\",\"cardId\":\"card-fooId\",\"creationTime\":\"2017-03-12 19:08:52.923000\",\"finished\":false,\"id\":\"acceptanceCriteria-id2\",\"modificationTime\":\"2017-03-12 19:08:52.923000\",\"sortNumber\":2,\"summary\":\"AC-summary-2\"}]","userName":"someone"}
2017-03-12 19:08:52.964  INFO 6873 --- [nio-9120-exec-4] o.thiki.kanban.activity.ActivityService  : Recording operation:{"cardId":"card-fooId","detail":"[{\"author\":\"someone\",\"cardId\":\"card-fooId\",\"creationTime\":\"2017-03-12 19:08:52.922000\",\"finished\":false,\"id\":\"acceptanceCriteria-id1\",\"modificationTime\":\"2017-03-12 19:08:52.922000\",\"sortNumber\":1,\"summary\":\"AC-summary-1\"}, {\"author\":\"someone\",\"cardId\":\"card-fooId\",\"creationTime\":\"2017-03-12 19:08:52.923000\",\"finished\":false,\"id\":\"acceptanceCriteria-id2\",\"modificationTime\":\"2017-03-12 19:08:52.923000\",\"sortNumber\":2,\"summary\":\"AC-summary-2\"}]|[{\"finished\":false,\"id\":\"acceptanceCriteria-id1\",\"sortNumber\":1}, {\"finished\":false,\"id\":\"acceptanceCriteria-id2\",\"sortNumber\":2}]","operationTypeCode":"013","operationTypeName":"重新排序验收标准","summary":"[{\"author\":\"someone\",\"cardId\":\"card-fooId\",\"creationTime\":\"2017-03-12 19:08:52.922000\",\"finished\":false,\"id\":\"acceptanceCriteria-id1\",\"modificationTime\":\"2017-03-12 19:08:52.922000\",\"sortNumber\":1,\"summary\":\"AC-summary-1\"}, {\"author\":\"someone\",\"cardId\":\"card-fooId\",\"creationTime\":\"2017-03-12 19:08:52.923000\",\"finished\":false,\"id\":\"acceptanceCriteria-id2\",\"modificationTime\":\"2017-03-12 19:08:52.923000\",\"sortNumber\":2,\"summary\":\"AC-summary-2\"}]","userName":"someone"}
19:08:52.980 [http-nio-9120-exec-4] INFO  o.t.k.a.AcceptanceCriteriasResource - build acceptanceCriterias resource.acceptanceCriterias:[{"author":"someone","cardId":"card-fooId","creationTime":"2017-03-12 19:08:52.922000","finished":false,"id":"acceptanceCriteria-id1","modificationTime":"2017-03-12 19:08:52.922000","sortNumber":1,"summary":"AC-summary-1"}, {"author":"someone","cardId":"card-fooId","creationTime":"2017-03-12 19:08:52.923000","finished":false,"id":"acceptanceCriteria-id2","modificationTime":"2017-03-12 19:08:52.923000","sortNumber":2,"summary":"AC-summary-2"}],boardId:boardId-foo,stageId:stages-fooId,cardId:card-fooId,userName:someone
2017-03-12 19:08:52.980  INFO 6873 --- [nio-9120-exec-4] o.t.k.a.AcceptanceCriteriasResource      : build acceptanceCriterias resource.acceptanceCriterias:[{"author":"someone","cardId":"card-fooId","creationTime":"2017-03-12 19:08:52.922000","finished":false,"id":"acceptanceCriteria-id1","modificationTime":"2017-03-12 19:08:52.922000","sortNumber":1,"summary":"AC-summary-1"}, {"author":"someone","cardId":"card-fooId","creationTime":"2017-03-12 19:08:52.923000","finished":false,"id":"acceptanceCriteria-id2","modificationTime":"2017-03-12 19:08:52.923000","sortNumber":2,"summary":"AC-summary-2"}],boardId:boardId-foo,stageId:stages-fooId,cardId:card-fooId,userName:someone
19:08:52.988 [http-nio-9120-exec-4] INFO  o.t.k.a.AcceptanceCriteriaResource - build acceptanceCriterias resource.board:boardId-foo,stageId:stages-fooId,cardId:card-fooId,userName:someone
2017-03-12 19:08:52.988  INFO 6873 --- [nio-9120-exec-4] o.t.k.a.AcceptanceCriteriaResource       : build acceptanceCriterias resource.board:boardId-foo,stageId:stages-fooId,cardId:card-fooId,userName:someone
19:08:52.993 [http-nio-9120-exec-4] INFO  o.t.k.a.AcceptanceCriteriaResource - acceptanceCriterias resource build completed.board:boardId-foo,stageId:stages-fooId,cardId:card-fooId,userName:someone
2017-03-12 19:08:52.993  INFO 6873 --- [nio-9120-exec-4] o.t.k.a.AcceptanceCriteriaResource       : acceptanceCriterias resource build completed.board:boardId-foo,stageId:stages-fooId,cardId:card-fooId,userName:someone
19:08:52.993 [http-nio-9120-exec-4] INFO  o.t.k.a.AcceptanceCriteriaResource - build acceptanceCriterias resource.board:boardId-foo,stageId:stages-fooId,cardId:card-fooId,userName:someone
2017-03-12 19:08:52.993  INFO 6873 --- [nio-9120-exec-4] o.t.k.a.AcceptanceCriteriaResource       : build acceptanceCriterias resource.board:boardId-foo,stageId:stages-fooId,cardId:card-fooId,userName:someone
19:08:53.019 [http-nio-9120-exec-4] INFO  o.t.k.a.AcceptanceCriteriaResource - acceptanceCriterias resource build completed.board:boardId-foo,stageId:stages-fooId,cardId:card-fooId,userName:someone
2017-03-12 19:08:53.019  INFO 6873 --- [nio-9120-exec-4] o.t.k.a.AcceptanceCriteriaResource       : acceptanceCriterias resource build completed.board:boardId-foo,stageId:stages-fooId,cardId:card-fooId,userName:someone
19:08:53.023 [http-nio-9120-exec-4] INFO  o.t.k.a.AcceptanceCriteriasResource - acceptanceCriterias resource build completed.boardId:boardId-foo,stageId:stages-fooId,cardId:card-fooId,userName:someone
2017-03-12 19:08:53.023  INFO 6873 --- [nio-9120-exec-4] o.t.k.a.AcceptanceCriteriasResource      : acceptanceCriterias resource build completed.boardId:boardId-foo,stageId:stages-fooId,cardId:card-fooId,userName:someone
19:08:53.045 [http-nio-9120-exec-4] INFO  o.t.k.f.logback.SessionInterceptor - remove sessionId.
2017-03-12 19:08:53.045  INFO 6873 --- [nio-9120-exec-4] o.t.k.f.logback.SessionInterceptor       : remove sessionId.
19:08:53.177 [http-nio-9120-exec-5] INFO  o.t.k.f.logback.SessionInterceptor - init session:471ad295-0714-11e7-80b3-0014781bc25c
2017-03-12 19:08:53.177  INFO 6873 --- [nio-9120-exec-5] o.t.k.f.logback.SessionInterceptor       : init session:471ad295-0714-11e7-80b3-0014781bc25c
19:08:53.178 [http-nio-9120-exec-5] INFO  o.t.k.f.s.i.f.SecurityInterceptor - identification start.userName:someone,uri:/kanban/boards/boardId-foo/stages/stages-fooId/cards/card-fooId/acceptanceCriterias/fooId
2017-03-12 19:08:53.178  INFO 6873 --- [nio-9120-exec-5] o.t.k.f.s.i.filter.SecurityInterceptor   : identification start.userName:someone,uri:/kanban/boards/boardId-foo/stages/stages-fooId/cards/card-fooId/acceptanceCriterias/fooId
19:08:53.178 [http-nio-9120-exec-5] INFO  o.t.k.f.s.a.AuthenticationInterceptor - authentication start.currentURL:/kanban/boards/boardId-foo/stages/stages-fooId/cards/card-fooId/acceptanceCriterias/fooId
2017-03-12 19:08:53.178  INFO 6873 --- [nio-9120-exec-5] o.t.k.f.s.a.AuthenticationInterceptor    : authentication start.currentURL:/kanban/boards/boardId-foo/stages/stages-fooId/cards/card-fooId/acceptanceCriterias/fooId
19:08:53.181 [http-nio-9120-exec-5] INFO  o.t.k.a.AcceptanceCriteriaService - Loading acceptanceCriteria by Id:fooId
2017-03-12 19:08:53.181  INFO 6873 --- [nio-9120-exec-5] o.t.k.a.AcceptanceCriteriaService        : Loading acceptanceCriteria by Id:fooId
19:08:53.183 [http-nio-9120-exec-5] INFO  o.t.k.a.AcceptanceCriteriaService - Loaded acceptanceCriteria:{"author":"someone","cardId":"card-fooId","creationTime":"2017-03-12 19:08:53.166000","finished":false,"id":"fooId","modificationTime":"2017-03-12 19:08:53.166000","sortNumber":9999,"summary":"AC-summary"}
2017-03-12 19:08:53.183  INFO 6873 --- [nio-9120-exec-5] o.t.k.a.AcceptanceCriteriaService        : Loaded acceptanceCriteria:{"author":"someone","cardId":"card-fooId","creationTime":"2017-03-12 19:08:53.166000","finished":false,"id":"fooId","modificationTime":"2017-03-12 19:08:53.166000","sortNumber":9999,"summary":"AC-summary"}
19:08:53.187 [http-nio-9120-exec-5] INFO  o.t.k.a.AcceptanceCriteriaResource - build acceptanceCriterias resource.board:boardId-foo,stageId:stages-fooId,cardId:card-fooId,userName:someone
2017-03-12 19:08:53.187  INFO 6873 --- [nio-9120-exec-5] o.t.k.a.AcceptanceCriteriaResource       : build acceptanceCriterias resource.board:boardId-foo,stageId:stages-fooId,cardId:card-fooId,userName:someone
19:08:53.194 [http-nio-9120-exec-5] INFO  o.t.k.a.AcceptanceCriteriaResource - acceptanceCriterias resource build completed.board:boardId-foo,stageId:stages-fooId,cardId:card-fooId,userName:someone
2017-03-12 19:08:53.194  INFO 6873 --- [nio-9120-exec-5] o.t.k.a.AcceptanceCriteriaResource       : acceptanceCriterias resource build completed.board:boardId-foo,stageId:stages-fooId,cardId:card-fooId,userName:someone
19:08:53.200 [http-nio-9120-exec-5] INFO  o.t.k.f.logback.SessionInterceptor - remove sessionId.
2017-03-12 19:08:53.200  INFO 6873 --- [nio-9120-exec-5] o.t.k.f.logback.SessionInterceptor       : remove sessionId.
19:08:53.300 [http-nio-9120-exec-3] INFO  o.t.k.f.logback.SessionInterceptor - init session:472d9746-0714-11e7-80b3-0014781bc25c
2017-03-12 19:08:53.300  INFO 6873 --- [nio-9120-exec-3] o.t.k.f.logback.SessionInterceptor       : init session:472d9746-0714-11e7-80b3-0014781bc25c
19:08:53.301 [http-nio-9120-exec-3] INFO  o.t.k.f.s.i.f.SecurityInterceptor - identification start.userName:someone,uri:/kanban/boards/boardId-foo/stages/stages-fooId/cards/card-fooId/acceptanceCriterias
2017-03-12 19:08:53.301  INFO 6873 --- [nio-9120-exec-3] o.t.k.f.s.i.filter.SecurityInterceptor   : identification start.userName:someone,uri:/kanban/boards/boardId-foo/stages/stages-fooId/cards/card-fooId/acceptanceCriterias
19:08:53.301 [http-nio-9120-exec-3] INFO  o.t.k.f.s.a.AuthenticationInterceptor - authentication start.currentURL:/kanban/boards/boardId-foo/stages/stages-fooId/cards/card-fooId/acceptanceCriterias
2017-03-12 19:08:53.301  INFO 6873 --- [nio-9120-exec-3] o.t.k.f.s.a.AuthenticationInterceptor    : authentication start.currentURL:/kanban/boards/boardId-foo/stages/stages-fooId/cards/card-fooId/acceptanceCriterias
19:08:53.312 [http-nio-9120-exec-3] INFO  o.t.k.f.logback.SessionInterceptor - remove sessionId.
2017-03-12 19:08:53.312  INFO 6873 --- [nio-9120-exec-3] o.t.k.f.logback.SessionInterceptor       : remove sessionId.
19:08:53.314 [http-nio-9120-exec-3] INFO  o.t.k.f.logback.SessionInterceptor - init session:472fba27-0714-11e7-80b3-0014781bc25c
2017-03-12 19:08:53.314  INFO 6873 --- [nio-9120-exec-3] o.t.k.f.logback.SessionInterceptor       : init session:472fba27-0714-11e7-80b3-0014781bc25c
19:08:53.314 [http-nio-9120-exec-3] INFO  o.t.k.f.s.i.f.SecurityInterceptor - identification start.userName:someone,uri:/kanban/error/invalidParamsException
2017-03-12 19:08:53.314  INFO 6873 --- [nio-9120-exec-3] o.t.k.f.s.i.filter.SecurityInterceptor   : identification start.userName:someone,uri:/kanban/error/invalidParamsException
19:08:53.315 [http-nio-9120-exec-3] INFO  o.t.k.f.s.a.AuthenticationInterceptor - authentication start.currentURL:/kanban/error/invalidParamsException
2017-03-12 19:08:53.315  INFO 6873 --- [nio-9120-exec-3] o.t.k.f.s.a.AuthenticationInterceptor    : authentication start.currentURL:/kanban/error/invalidParamsException
19:08:53.322 [http-nio-9120-exec-3] INFO  o.t.k.f.logback.SessionInterceptor - remove sessionId.
2017-03-12 19:08:53.322  INFO 6873 --- [nio-9120-exec-3] o.t.k.f.logback.SessionInterceptor       : remove sessionId.
19:08:53.364 [http-nio-9120-exec-12] INFO  o.t.k.f.logback.SessionInterceptor - init session:47375b48-0714-11e7-80b3-0014781bc25c
2017-03-12 19:08:53.364  INFO 6873 --- [io-9120-exec-12] o.t.k.f.logback.SessionInterceptor       : init session:47375b48-0714-11e7-80b3-0014781bc25c
19:08:53.365 [http-nio-9120-exec-12] INFO  o.t.k.f.s.i.f.SecurityInterceptor - identification start.userName:someone,uri:/kanban/boards/boardId-foo/stages/stages-fooId/cards/card-fooId/acceptanceCriterias
2017-03-12 19:08:53.365  INFO 6873 --- [io-9120-exec-12] o.t.k.f.s.i.filter.SecurityInterceptor   : identification start.userName:someone,uri:/kanban/boards/boardId-foo/stages/stages-fooId/cards/card-fooId/acceptanceCriterias
19:08:53.365 [http-nio-9120-exec-12] INFO  o.t.k.f.s.a.AuthenticationInterceptor - authentication start.currentURL:/kanban/boards/boardId-foo/stages/stages-fooId/cards/card-fooId/acceptanceCriterias
2017-03-12 19:08:53.365  INFO 6873 --- [io-9120-exec-12] o.t.k.f.s.a.AuthenticationInterceptor    : authentication start.currentURL:/kanban/boards/boardId-foo/stages/stages-fooId/cards/card-fooId/acceptanceCriterias
19:08:53.366 [http-nio-9120-exec-12] INFO  o.t.k.a.AcceptanceCriteriaService - Loading acceptanceCriterias by cardId.cardId:card-fooId
2017-03-12 19:08:53.366  INFO 6873 --- [io-9120-exec-12] o.t.k.a.AcceptanceCriteriaService        : Loading acceptanceCriterias by cardId.cardId:card-fooId
19:08:53.368 [http-nio-9120-exec-12] INFO  o.t.k.a.AcceptanceCriteriaService - Loaded acceptanceCriterias:[{"author":"someone","cardId":"card-fooId","creationTime":"2017-03-12 19:08:53.352000","finished":false,"id":"fooId","modificationTime":"2017-03-12 19:08:53.352000","sortNumber":9999,"summary":"AC-summary"}]
2017-03-12 19:08:53.368  INFO 6873 --- [io-9120-exec-12] o.t.k.a.AcceptanceCriteriaService        : Loaded acceptanceCriterias:[{"author":"someone","cardId":"card-fooId","creationTime":"2017-03-12 19:08:53.352000","finished":false,"id":"fooId","modificationTime":"2017-03-12 19:08:53.352000","sortNumber":9999,"summary":"AC-summary"}]
19:08:53.368 [http-nio-9120-exec-12] INFO  o.t.k.a.AcceptanceCriteriasResource - build acceptanceCriterias resource.acceptanceCriterias:[{"author":"someone","cardId":"card-fooId","creationTime":"2017-03-12 19:08:53.352000","finished":false,"id":"fooId","modificationTime":"2017-03-12 19:08:53.352000","sortNumber":9999,"summary":"AC-summary"}],boardId:boardId-foo,stageId:stages-fooId,cardId:card-fooId,userName:someone
2017-03-12 19:08:53.368  INFO 6873 --- [io-9120-exec-12] o.t.k.a.AcceptanceCriteriasResource      : build acceptanceCriterias resource.acceptanceCriterias:[{"author":"someone","cardId":"card-fooId","creationTime":"2017-03-12 19:08:53.352000","finished":false,"id":"fooId","modificationTime":"2017-03-12 19:08:53.352000","sortNumber":9999,"summary":"AC-summary"}],boardId:boardId-foo,stageId:stages-fooId,cardId:card-fooId,userName:someone
19:08:53.368 [http-nio-9120-exec-12] INFO  o.t.k.a.AcceptanceCriteriaResource - build acceptanceCriterias resource.board:boardId-foo,stageId:stages-fooId,cardId:card-fooId,userName:someone
2017-03-12 19:08:53.368  INFO 6873 --- [io-9120-exec-12] o.t.k.a.AcceptanceCriteriaResource       : build acceptanceCriterias resource.board:boardId-foo,stageId:stages-fooId,cardId:card-fooId,userName:someone
19:08:53.375 [http-nio-9120-exec-12] INFO  o.t.k.a.AcceptanceCriteriaResource - acceptanceCriterias resource build completed.board:boardId-foo,stageId:stages-fooId,cardId:card-fooId,userName:someone
2017-03-12 19:08:53.375  INFO 6873 --- [io-9120-exec-12] o.t.k.a.AcceptanceCriteriaResource       : acceptanceCriterias resource build completed.board:boardId-foo,stageId:stages-fooId,cardId:card-fooId,userName:someone
19:08:53.381 [http-nio-9120-exec-12] INFO  o.t.k.a.AcceptanceCriteriasResource - acceptanceCriterias resource build completed.boardId:boardId-foo,stageId:stages-fooId,cardId:card-fooId,userName:someone
2017-03-12 19:08:53.381  INFO 6873 --- [io-9120-exec-12] o.t.k.a.AcceptanceCriteriasResource      : acceptanceCriterias resource build completed.boardId:boardId-foo,stageId:stages-fooId,cardId:card-fooId,userName:someone
19:08:53.385 [http-nio-9120-exec-12] INFO  o.t.k.f.logback.SessionInterceptor - remove sessionId.
2017-03-12 19:08:53.385  INFO 6873 --- [io-9120-exec-12] o.t.k.f.logback.SessionInterceptor       : remove sessionId.
19:08:53.561 [http-nio-9120-exec-15] INFO  o.t.k.f.logback.SessionInterceptor - init session:47556a99-0714-11e7-80b3-0014781bc25c
2017-03-12 19:08:53.561  INFO 6873 --- [io-9120-exec-15] o.t.k.f.logback.SessionInterceptor       : init session:47556a99-0714-11e7-80b3-0014781bc25c
19:08:53.562 [http-nio-9120-exec-15] INFO  o.t.k.f.s.i.f.SecurityInterceptor - identification start.userName:someone,uri:/kanban/boards/boardId-foo/stages/stages-fooId/cards/card-fooId/acceptanceCriterias/fooId
2017-03-12 19:08:53.562  INFO 6873 --- [io-9120-exec-15] o.t.k.f.s.i.filter.SecurityInterceptor   : identification start.userName:someone,uri:/kanban/boards/boardId-foo/stages/stages-fooId/cards/card-fooId/acceptanceCriterias/fooId
19:08:53.563 [http-nio-9120-exec-15] INFO  o.t.k.f.s.a.AuthenticationInterceptor - authentication start.currentURL:/kanban/boards/boardId-foo/stages/stages-fooId/cards/card-fooId/acceptanceCriterias/fooId
2017-03-12 19:08:53.563  INFO 6873 --- [io-9120-exec-15] o.t.k.f.s.a.AuthenticationInterceptor    : authentication start.currentURL:/kanban/boards/boardId-foo/stages/stages-fooId/cards/card-fooId/acceptanceCriterias/fooId
19:08:53.564 [http-nio-9120-exec-15] INFO  o.t.k.a.AcceptanceCriteriaService - Remove acceptanceCriteria.acceptanceCriteriaId:fooId,cardId:card-fooId
2017-03-12 19:08:53.564  INFO 6873 --- [io-9120-exec-15] o.t.k.a.AcceptanceCriteriaService        : Remove acceptanceCriteria.acceptanceCriteriaId:fooId,cardId:card-fooId
19:08:53.566 [http-nio-9120-exec-15] INFO  o.t.kanban.activity.ActivityService - Recording operation:{"cardId":"card-fooId","detail":"AC-summary","operationTypeCode":"006","operationTypeName":"更新验收标准","summary":"AC-summary","userName":"someone"}
2017-03-12 19:08:53.566  INFO 6873 --- [io-9120-exec-15] o.thiki.kanban.activity.ActivityService  : Recording operation:{"cardId":"card-fooId","detail":"AC-summary","operationTypeCode":"006","operationTypeName":"更新验收标准","summary":"AC-summary","userName":"someone"}
19:08:53.573 [http-nio-9120-exec-15] INFO  o.t.k.a.AcceptanceCriteriaResource - build acceptanceCriterias resource.board:boardId-foo,stageId:stages-fooId,cardId:card-fooId,userName:someone
2017-03-12 19:08:53.573  INFO 6873 --- [io-9120-exec-15] o.t.k.a.AcceptanceCriteriaResource       : build acceptanceCriterias resource.board:boardId-foo,stageId:stages-fooId,cardId:card-fooId,userName:someone
19:08:53.580 [http-nio-9120-exec-15] INFO  o.t.k.a.AcceptanceCriteriaResource - acceptanceCriterias resource build completed.board:boardId-foo,stageId:stages-fooId,cardId:card-fooId,userName:someone
2017-03-12 19:08:53.580  INFO 6873 --- [io-9120-exec-15] o.t.k.a.AcceptanceCriteriaResource       : acceptanceCriterias resource build completed.board:boardId-foo,stageId:stages-fooId,cardId:card-fooId,userName:someone
19:08:53.592 [http-nio-9120-exec-15] INFO  o.t.k.f.logback.SessionInterceptor - remove sessionId.
2017-03-12 19:08:53.592  INFO 6873 --- [io-9120-exec-15] o.t.k.f.logback.SessionInterceptor       : remove sessionId.
19:08:53.646 [http-nio-9120-exec-1] INFO  o.t.k.f.logback.SessionInterceptor - init session:476262eb-0714-11e7-80b3-0014781bc25c
2017-03-12 19:08:53.646  INFO 6873 --- [nio-9120-exec-1] o.t.k.f.logback.SessionInterceptor       : init session:476262eb-0714-11e7-80b3-0014781bc25c
19:08:53.646 [http-nio-9120-exec-1] INFO  o.t.k.f.s.i.f.SecurityInterceptor - identification start.userName:someone,uri:/kanban/boards/boardId-foo/stages/stages-fooId/cards/card-fooId/acceptanceCriterias/fooId
2017-03-12 19:08:53.646  INFO 6873 --- [nio-9120-exec-1] o.t.k.f.s.i.filter.SecurityInterceptor   : identification start.userName:someone,uri:/kanban/boards/boardId-foo/stages/stages-fooId/cards/card-fooId/acceptanceCriterias/fooId
19:08:53.646 [http-nio-9120-exec-1] INFO  o.t.k.f.s.a.AuthenticationInterceptor - authentication start.currentURL:/kanban/boards/boardId-foo/stages/stages-fooId/cards/card-fooId/acceptanceCriterias/fooId
2017-03-12 19:08:53.646  INFO 6873 --- [nio-9120-exec-1] o.t.k.f.s.a.AuthenticationInterceptor    : authentication start.currentURL:/kanban/boards/boardId-foo/stages/stages-fooId/cards/card-fooId/acceptanceCriterias/fooId
19:08:53.660 [http-nio-9120-exec-1] INFO  o.t.k.a.AcceptanceCriteriaService - Update acceptanceCriteria.acceptanceCriteriaId:fooId,acceptanceCriteria:{"finished":true,"summary":"new-AC-summary"},cardId:card-fooId
2017-03-12 19:08:53.660  INFO 6873 --- [nio-9120-exec-1] o.t.k.a.AcceptanceCriteriaService        : Update acceptanceCriteria.acceptanceCriteriaId:fooId,acceptanceCriteria:{"finished":true,"summary":"new-AC-summary"},cardId:card-fooId
19:08:53.663 [http-nio-9120-exec-1] INFO  o.t.k.a.AcceptanceCriteriaService - Updated acceptanceCriteria:{"author":"someone","cardId":"card-fooId","creationTime":"2017-03-12 19:08:53.630000","finished":true,"id":"fooId","modificationTime":"2017-03-12 19:08:53.630000","sortNumber":9999,"summary":"new-AC-summary"}
2017-03-12 19:08:53.663  INFO 6873 --- [nio-9120-exec-1] o.t.k.a.AcceptanceCriteriaService        : Updated acceptanceCriteria:{"author":"someone","cardId":"card-fooId","creationTime":"2017-03-12 19:08:53.630000","finished":true,"id":"fooId","modificationTime":"2017-03-12 19:08:53.630000","sortNumber":9999,"summary":"new-AC-summary"}
19:08:53.914 [http-nio-9120-exec-1] INFO  o.t.kanban.activity.ActivityService - Recording operation:{"cardId":"card-fooId","detail":"DiffNode(state=CHANGED, type=org.thiki.kanban.acceptanceCriteria.AcceptanceCriteria, 6 children, accessed via root element)","operationTypeCode":"005","operationTypeName":"更新验收标准","summary":"DiffNode(state=CHANGED, type=org.thiki.kanban.acceptanceCriteria.AcceptanceCriteria, 6 children, accessed via root element)","userName":"someone"}
2017-03-12 19:08:53.914  INFO 6873 --- [nio-9120-exec-1] o.thiki.kanban.activity.ActivityService  : Recording operation:{"cardId":"card-fooId","detail":"DiffNode(state=CHANGED, type=org.thiki.kanban.acceptanceCriteria.AcceptanceCriteria, 6 children, accessed via root element)","operationTypeCode":"005","operationTypeName":"更新验收标准","summary":"DiffNode(state=CHANGED, type=org.thiki.kanban.acceptanceCriteria.AcceptanceCriteria, 6 children, accessed via root element)","userName":"someone"}
19:08:53.923 [http-nio-9120-exec-1] INFO  o.t.kanban.activity.ActivityService - Recording operation:{"cardId":"card-fooId","detail":"DiffNode(state=CHANGED, type=org.thiki.kanban.acceptanceCriteria.AcceptanceCriteria, 6 children, accessed via root element)","id":"478b6ebc-0714-11e7-80b3-0014781bc25c","operationTypeCode":"016","operationTypeName":"卡片任务全部完成","summary":"DiffNode(state=CHANGED, type=org.thiki.kanban.acceptanceCriteria.AcceptanceCriteria, 6 children, accessed via root element)","userName":"someone"}
2017-03-12 19:08:53.923  INFO 6873 --- [nio-9120-exec-1] o.thiki.kanban.activity.ActivityService  : Recording operation:{"cardId":"card-fooId","detail":"DiffNode(state=CHANGED, type=org.thiki.kanban.acceptanceCriteria.AcceptanceCriteria, 6 children, accessed via root element)","id":"478b6ebc-0714-11e7-80b3-0014781bc25c","operationTypeCode":"016","operationTypeName":"卡片任务全部完成","summary":"DiffNode(state=CHANGED, type=org.thiki.kanban.acceptanceCriteria.AcceptanceCriteria, 6 children, accessed via root element)","userName":"someone"}
19:08:53.927 [http-nio-9120-exec-1] INFO  o.t.k.a.AcceptanceCriteriaResource - build acceptanceCriterias resource.board:boardId-foo,stageId:stages-fooId,cardId:card-fooId,userName:someone
2017-03-12 19:08:53.927  INFO 6873 --- [nio-9120-exec-1] o.t.k.a.AcceptanceCriteriaResource       : build acceptanceCriterias resource.board:boardId-foo,stageId:stages-fooId,cardId:card-fooId,userName:someone
19:08:53.936 [http-nio-9120-exec-1] INFO  o.t.k.a.AcceptanceCriteriaResource - acceptanceCriterias resource build completed.board:boardId-foo,stageId:stages-fooId,cardId:card-fooId,userName:someone
2017-03-12 19:08:53.936  INFO 6873 --- [nio-9120-exec-1] o.t.k.a.AcceptanceCriteriaResource       : acceptanceCriterias resource build completed.board:boardId-foo,stageId:stages-fooId,cardId:card-fooId,userName:someone
19:08:53.944 [http-nio-9120-exec-1] INFO  o.t.k.f.logback.SessionInterceptor - remove sessionId.
2017-03-12 19:08:53.944  INFO 6873 --- [nio-9120-exec-1] o.t.k.f.logback.SessionInterceptor       : remove sessionId.
]]></system-out>
  <system-err><![CDATA[]]></system-err>
</testsuite>
