<?xml version="1.0" encoding="UTF-8"?>
<testsuite name="org.thiki.kanban.assignment.AssignmentServiceTest" tests="3" skipped="0" failures="0" errors="0" timestamp="2017-03-12T11:08:47" hostname="wisdom-HP" time="0.15">
  <properties/>
  <testcase name="should_return_all_the_assignments" classname="org.thiki.kanban.assignment.AssignmentServiceTest" time="0.131"/>
  <testcase name="should_not_send_email_and_notification_if_assign_to_oneself" classname="org.thiki.kanban.assignment.AssignmentServiceTest" time="0.014"/>
  <testcase name="should_remove_unSubmit_assignments" classname="org.thiki.kanban.assignment.AssignmentServiceTest" time="0.005"/>
  <system-out><![CDATA[19:08:47.470 [Test worker] INFO  o.t.k.assignment.AssignmentService - Assigning card.assignments:[{"assignee":"assignee-foo1","assigner":"assigner-foo1","cardId":"cardId-foo","selfAssignment":false}, {"assignee":"assignee-foo2","assigner":"assigner-foo2","cardId":"cardId-foo","selfAssignment":false}],cardId:cardId-foo,userName:someone
2017-03-12 19:08:47.470  INFO 6873 --- [    Test worker] o.t.kanban.assignment.AssignmentService  : Assigning card.assignments:[{"assignee":"assignee-foo1","assigner":"assigner-foo1","cardId":"cardId-foo","selfAssignment":false}, {"assignee":"assignee-foo2","assigner":"assigner-foo2","cardId":"cardId-foo","selfAssignment":false}],cardId:cardId-foo,userName:someone
19:08:47.472 [Test worker] INFO  o.t.k.assignment.AssignmentService - Loading assignments of the card:cardId-foo
2017-03-12 19:08:47.472  INFO 6873 --- [    Test worker] o.t.kanban.assignment.AssignmentService  : Loading assignments of the card:cardId-foo
19:08:47.472 [Test worker] INFO  o.t.k.assignment.AssignmentService - The assignments of the card [cardId-foo] are [{"assignee":"assignee-foo1","assigner":"assigner-foo1","cardId":"cardId-foo","selfAssignment":false}, {"assignee":"assignee-foo2","assigner":"assigner-foo2","cardId":"cardId-foo","selfAssignment":false}]
2017-03-12 19:08:47.472  INFO 6873 --- [    Test worker] o.t.kanban.assignment.AssignmentService  : The assignments of the card [cardId-foo] are [{"assignee":"assignee-foo1","assigner":"assigner-foo1","cardId":"cardId-foo","selfAssignment":false}, {"assignee":"assignee-foo2","assigner":"assigner-foo2","cardId":"cardId-foo","selfAssignment":false}]
19:08:47.474 [Test worker] INFO  o.t.k.assignment.AssignmentService - Loading assignments of the card:cardId-foo
2017-03-12 19:08:47.474  INFO 6873 --- [    Test worker] o.t.kanban.assignment.AssignmentService  : Loading assignments of the card:cardId-foo
19:08:47.474 [Test worker] INFO  o.t.k.assignment.AssignmentService - The assignments of the card [cardId-foo] are [{"assignee":"assignee-foo1","assigner":"assigner-foo1","author":"someone","cardId":"cardId-foo","selfAssignment":false}, {"assignee":"assignee-foo2","assigner":"assigner-foo2","author":"someone","cardId":"cardId-foo","selfAssignment":false}]
2017-03-12 19:08:47.474  INFO 6873 --- [    Test worker] o.t.kanban.assignment.AssignmentService  : The assignments of the card [cardId-foo] are [{"assignee":"assignee-foo1","assigner":"assigner-foo1","author":"someone","cardId":"cardId-foo","selfAssignment":false}, {"assignee":"assignee-foo2","assigner":"assigner-foo2","author":"someone","cardId":"cardId-foo","selfAssignment":false}]
19:08:47.474 [Test worker] INFO  o.t.k.assignment.AssignmentService - Assigned card successfully.savedAssignments:[{"assignee":"assignee-foo1","assigner":"assigner-foo1","author":"someone","cardId":"cardId-foo","selfAssignment":false}, {"assignee":"assignee-foo2","assigner":"assigner-foo2","author":"someone","cardId":"cardId-foo","selfAssignment":false}]
2017-03-12 19:08:47.474  INFO 6873 --- [    Test worker] o.t.kanban.assignment.AssignmentService  : Assigned card successfully.savedAssignments:[{"assignee":"assignee-foo1","assigner":"assigner-foo1","author":"someone","cardId":"cardId-foo","selfAssignment":false}, {"assignee":"assignee-foo2","assigner":"assigner-foo2","author":"someone","cardId":"cardId-foo","selfAssignment":false}]
19:08:47.478 [Test worker] INFO  o.t.k.assignment.AssignmentService - Assigning card.assignments:[{"assignee":"assigner-foo1","assigner":"assigner-foo1","cardId":"cardId-foo","selfAssignment":true}],cardId:cardId-foo,userName:someone
2017-03-12 19:08:47.478  INFO 6873 --- [    Test worker] o.t.kanban.assignment.AssignmentService  : Assigning card.assignments:[{"assignee":"assigner-foo1","assigner":"assigner-foo1","cardId":"cardId-foo","selfAssignment":true}],cardId:cardId-foo,userName:someone
19:08:47.478 [Test worker] INFO  o.t.k.assignment.AssignmentService - Loading assignments of the card:cardId-foo
2017-03-12 19:08:47.478  INFO 6873 --- [    Test worker] o.t.kanban.assignment.AssignmentService  : Loading assignments of the card:cardId-foo
19:08:47.479 [Test worker] INFO  o.t.k.assignment.AssignmentService - The assignments of the card [cardId-foo] are [{"assignee":"assigner-foo1","assigner":"assigner-foo1","cardId":"cardId-foo","selfAssignment":true}]
2017-03-12 19:08:47.479  INFO 6873 --- [    Test worker] o.t.kanban.assignment.AssignmentService  : The assignments of the card [cardId-foo] are [{"assignee":"assigner-foo1","assigner":"assigner-foo1","cardId":"cardId-foo","selfAssignment":true}]
19:08:47.479 [Test worker] INFO  o.t.k.assignment.AssignmentService - Loading assignments of the card:cardId-foo
2017-03-12 19:08:47.479  INFO 6873 --- [    Test worker] o.t.kanban.assignment.AssignmentService  : Loading assignments of the card:cardId-foo
19:08:47.479 [Test worker] INFO  o.t.k.assignment.AssignmentService - The assignments of the card [cardId-foo] are [{"assignee":"assigner-foo1","assigner":"assigner-foo1","cardId":"cardId-foo","selfAssignment":true}]
2017-03-12 19:08:47.479  INFO 6873 --- [    Test worker] o.t.kanban.assignment.AssignmentService  : The assignments of the card [cardId-foo] are [{"assignee":"assigner-foo1","assigner":"assigner-foo1","cardId":"cardId-foo","selfAssignment":true}]
19:08:47.480 [Test worker] INFO  o.t.k.assignment.AssignmentService - Assigned card successfully.savedAssignments:[{"assignee":"assigner-foo1","assigner":"assigner-foo1","cardId":"cardId-foo","selfAssignment":true}]
2017-03-12 19:08:47.480  INFO 6873 --- [    Test worker] o.t.kanban.assignment.AssignmentService  : Assigned card successfully.savedAssignments:[{"assignee":"assigner-foo1","assigner":"assigner-foo1","cardId":"cardId-foo","selfAssignment":true}]
19:08:47.492 [Test worker] INFO  o.t.k.assignment.AssignmentService - Assigning card.assignments:[{"assignee":"assignee-foo2","assigner":"assigner-foo2","cardId":"cardId-foo","selfAssignment":false}, {"assignee":"assignee-foo3","assigner":"assigner-foo3","cardId":"cardId-foo","selfAssignment":false}],cardId:cardId-foo,userName:someone
2017-03-12 19:08:47.492  INFO 6873 --- [    Test worker] o.t.kanban.assignment.AssignmentService  : Assigning card.assignments:[{"assignee":"assignee-foo2","assigner":"assigner-foo2","cardId":"cardId-foo","selfAssignment":false}, {"assignee":"assignee-foo3","assigner":"assigner-foo3","cardId":"cardId-foo","selfAssignment":false}],cardId:cardId-foo,userName:someone
19:08:47.493 [Test worker] INFO  o.t.k.assignment.AssignmentService - Loading assignments of the card:cardId-foo
2017-03-12 19:08:47.493  INFO 6873 --- [    Test worker] o.t.kanban.assignment.AssignmentService  : Loading assignments of the card:cardId-foo
19:08:47.493 [Test worker] INFO  o.t.k.assignment.AssignmentService - The assignments of the card [cardId-foo] are [{"assignee":"assignee-foo1","assigner":"assigner-foo1","cardId":"cardId-foo","selfAssignment":false}, {"assignee":"assignee-foo2","assigner":"assigner-foo2","cardId":"cardId-foo","selfAssignment":false}, {"assignee":"assignee-foo3","assigner":"assigner-foo3","cardId":"cardId-foo","selfAssignment":false}]
2017-03-12 19:08:47.493  INFO 6873 --- [    Test worker] o.t.kanban.assignment.AssignmentService  : The assignments of the card [cardId-foo] are [{"assignee":"assignee-foo1","assigner":"assigner-foo1","cardId":"cardId-foo","selfAssignment":false}, {"assignee":"assignee-foo2","assigner":"assigner-foo2","cardId":"cardId-foo","selfAssignment":false}, {"assignee":"assignee-foo3","assigner":"assigner-foo3","cardId":"cardId-foo","selfAssignment":false}]
19:08:47.494 [Test worker] INFO  o.t.k.assignment.AssignmentService - Loading assignments of the card:cardId-foo
2017-03-12 19:08:47.494  INFO 6873 --- [    Test worker] o.t.kanban.assignment.AssignmentService  : Loading assignments of the card:cardId-foo
19:08:47.494 [Test worker] INFO  o.t.k.assignment.AssignmentService - The assignments of the card [cardId-foo] are [{"assignee":"assignee-foo2","assigner":"assigner-foo2","author":"someone","cardId":"cardId-foo","selfAssignment":false}, {"assignee":"assignee-foo3","assigner":"assigner-foo3","author":"someone","cardId":"cardId-foo","selfAssignment":false}]
2017-03-12 19:08:47.494  INFO 6873 --- [    Test worker] o.t.kanban.assignment.AssignmentService  : The assignments of the card [cardId-foo] are [{"assignee":"assignee-foo2","assigner":"assigner-foo2","author":"someone","cardId":"cardId-foo","selfAssignment":false}, {"assignee":"assignee-foo3","assigner":"assigner-foo3","author":"someone","cardId":"cardId-foo","selfAssignment":false}]
19:08:47.494 [Test worker] INFO  o.t.k.assignment.AssignmentService - Assigned card successfully.savedAssignments:[{"assignee":"assignee-foo2","assigner":"assigner-foo2","author":"someone","cardId":"cardId-foo","selfAssignment":false}, {"assignee":"assignee-foo3","assigner":"assigner-foo3","author":"someone","cardId":"cardId-foo","selfAssignment":false}]
2017-03-12 19:08:47.494  INFO 6873 --- [    Test worker] o.t.kanban.assignment.AssignmentService  : Assigned card successfully.savedAssignments:[{"assignee":"assignee-foo2","assigner":"assigner-foo2","author":"someone","cardId":"cardId-foo","selfAssignment":false}, {"assignee":"assignee-foo3","assigner":"assigner-foo3","author":"someone","cardId":"cardId-foo","selfAssignment":false}]
]]></system-out>
  <system-err><![CDATA[]]></system-err>
</testsuite>
