<?xml version="1.0" encoding="UTF-8"?>
<testsuite name="org.thiki.kanban.entrance.EntranceControllerTest" tests="1" skipped="0" failures="0" errors="0" timestamp="2017-03-12T11:08:57" hostname="wisdom-HP" time="0.193">
  <properties/>
  <testcase name="enter_shouldReturnEntranceSuccessfully" classname="org.thiki.kanban.entrance.EntranceControllerTest" time="0.193"/>
  <system-out><![CDATA[2017-03-12 19:08:57.690  INFO 6873 --- [    Test worker] o.s.t.c.support.AbstractContextLoader    : Could not detect default resource locations for test class [org.thiki.kanban.TestBase]: no resource found for suffixes {-context.xml, Context.groovy}.
2017-03-12 19:08:57.708  INFO 6873 --- [    Test worker] WebAppIntegrationTestContextBootstrapper : Loaded default TestExecutionListener class names from location [META-INF/spring.factories]: [org.springframework.test.context.web.ServletTestExecutionListener, org.springframework.test.context.support.DirtiesContextBeforeModesTestExecutionListener, org.springframework.test.context.support.DependencyInjectionTestExecutionListener, org.springframework.test.context.support.DirtiesContextTestExecutionListener, org.springframework.test.context.transaction.TransactionalTestExecutionListener, org.springframework.test.context.jdbc.SqlScriptsTestExecutionListener, org.springframework.boot.test.mock.mockito.MockitoTestExecutionListener, org.springframework.boot.test.mock.mockito.ResetMocksTestExecutionListener, org.springframework.boot.test.autoconfigure.restdocs.RestDocsTestExecutionListener, org.springframework.boot.test.autoconfigure.web.client.MockRestServiceServerResetTestExecutionListener, org.springframework.boot.test.autoconfigure.web.servlet.MockMvcPrintOnlyOnFailureTestExecutionListener, org.springframework.boot.test.autoconfigure.web.servlet.WebDriverTestExecutionListener]
2017-03-12 19:08:57.708  INFO 6873 --- [    Test worker] WebAppIntegrationTestContextBootstrapper : Using TestExecutionListeners: [org.springframework.test.context.web.ServletTestExecutionListener@249240, org.springframework.test.context.support.DirtiesContextBeforeModesTestExecutionListener@35ac1a0, org.springframework.test.context.support.DependencyInjectionTestExecutionListener@118ee5d9, org.springframework.test.context.support.DirtiesContextTestExecutionListener@61c8a9b8, org.springframework.test.context.transaction.TransactionalTestExecutionListener@45da8153, org.springframework.test.context.jdbc.SqlScriptsTestExecutionListener@10580f89, org.springframework.boot.test.autoconfigure.web.servlet.MockMvcPrintOnlyOnFailureTestExecutionListener@761e8076, org.springframework.boot.test.autoconfigure.web.servlet.WebDriverTestExecutionListener@52bf7264, org.springframework.boot.test.autoconfigure.web.client.MockRestServiceServerResetTestExecutionListener@437ea179, org.springframework.boot.test.mock.mockito.MockitoTestExecutionListener@138adad8, org.springframework.boot.test.mock.mockito.ResetMocksTestExecutionListener@1195f5ef, org.springframework.boot.test.autoconfigure.restdocs.RestDocsTestExecutionListener@389089eb]
19:08:57.739 [http-nio-9120-exec-3] INFO  o.t.k.f.logback.SessionInterceptor - init session:49d2edfd-0714-11e7-80b3-0014781bc25c
2017-03-12 19:08:57.739  INFO 6873 --- [nio-9120-exec-3] o.t.k.f.logback.SessionInterceptor       : init session:49d2edfd-0714-11e7-80b3-0014781bc25c
19:08:57.739 [http-nio-9120-exec-3] INFO  o.t.k.f.s.i.f.SecurityInterceptor - identification start.userName:null,uri:/kanban/entrance
2017-03-12 19:08:57.739  INFO 6873 --- [nio-9120-exec-3] o.t.k.f.s.i.filter.SecurityInterceptor   : identification start.userName:null,uri:/kanban/entrance
19:08:57.739 [http-nio-9120-exec-3] INFO  o.t.k.f.s.a.AuthenticationInterceptor - authentication start.currentURL:/kanban/entrance
2017-03-12 19:08:57.739  INFO 6873 --- [nio-9120-exec-3] o.t.k.f.s.a.AuthenticationInterceptor    : authentication start.currentURL:/kanban/entrance
19:08:57.740 [http-nio-9120-exec-3] INFO  o.t.k.f.s.a.AuthenticationInterceptor - authentication end.
2017-03-12 19:08:57.740  INFO 6873 --- [nio-9120-exec-3] o.t.k.f.s.a.AuthenticationInterceptor    : authentication end.
19:08:57.751 [http-nio-9120-exec-3] WARN  o.t.k.entrance.EntranceController - entrance called!
2017-03-12 19:08:57.751  WARN 6873 --- [nio-9120-exec-3] o.t.kanban.entrance.EntranceController   : entrance called!
19:08:57.765 [http-nio-9120-exec-3] INFO  o.t.k.f.logback.SessionInterceptor - remove sessionId.
2017-03-12 19:08:57.765  INFO 6873 --- [nio-9120-exec-3] o.t.k.f.logback.SessionInterceptor       : remove sessionId.
]]></system-out>
  <system-err><![CDATA[]]></system-err>
</testsuite>
