<?xml version="1.0" encoding="UTF-8"?>
<testsuite name="org.thiki.kanban.card.CardsControllerTest" tests="16" skipped="0" failures="0" errors="0" timestamp="2017-03-12T11:08:49" hostname="wisdom-HP" time="1.817">
  <properties/>
  <testcase name="shouldOnlyCountCurrentMonthWhenUpdateCard" classname="org.thiki.kanban.card.CardsControllerTest" time="0.237"/>
  <testcase name="should_failed_if_target_stage_is_in_process_and_card_deadline_is_not_set" classname="org.thiki.kanban.card.CardsControllerTest" time="0.059"/>
  <testcase name="update_shouldThrowResourceNotFoundExceptionWhenCardToUpdateIsNotExist" classname="org.thiki.kanban.card.CardsControllerTest" time="0.047"/>
  <testcase name="create_shouldFailedIfSummaryIsTooLong" classname="org.thiki.kanban.card.CardsControllerTest" time="0.046"/>
  <testcase name="shouldAutoGenerateCodeIfCodeWasNullWhenUpdateCard" classname="org.thiki.kanban.card.CardsControllerTest" time="0.116"/>
  <testcase name="findById_shouldReturnCardSuccessfully" classname="org.thiki.kanban.card.CardsControllerTest" time="0.102"/>
  <testcase name="shouldReturnCardsWhenFindCardsByStageIdSuccessfully" classname="org.thiki.kanban.card.CardsControllerTest" time="0.172"/>
  <testcase name="update_shouldFailedWhenCardIsNotExist" classname="org.thiki.kanban.card.CardsControllerTest" time="0.07"/>
  <testcase name="update_shouldReturn200WhenUpdateCardSuccessfully" classname="org.thiki.kanban.card.CardsControllerTest" time="0.134"/>
  <testcase name="delete_shouldDeleteFailedWhenTheCardIsNotExist" classname="org.thiki.kanban.card.CardsControllerTest" time="0.056"/>
  <testcase name="should_failed_if_stage_is_not_todo_status" classname="org.thiki.kanban.card.CardsControllerTest" time="0.095"/>
  <testcase name="movingWasNotAllowedIfStageExceededTheWipLimit" classname="org.thiki.kanban.card.CardsControllerTest" time="0.088"/>
  <testcase name="delete_shouldDeleteSuccessfullyWhenTheCardIsExist" classname="org.thiki.kanban.card.CardsControllerTest" time="0.035"/>
  <testcase name="create_shouldReturn201WhenCreateCardSuccessfully" classname="org.thiki.kanban.card.CardsControllerTest" time="0.203"/>
  <testcase name="create_shouldFailedIfSummaryIsNull" classname="org.thiki.kanban.card.CardsControllerTest" time="0.057"/>
  <testcase name="update_shouldResortSuccessfullyWhenCardIsFromAntherStage" classname="org.thiki.kanban.card.CardsControllerTest" time="0.257"/>
  <system-out><![CDATA[2017-03-12 19:08:49.898  INFO 6873 --- [    Test worker] o.s.t.c.support.AbstractContextLoader    : Could not detect default resource locations for test class [org.thiki.kanban.TestBase]: no resource found for suffixes {-context.xml, Context.groovy}.
2017-03-12 19:08:49.906  INFO 6873 --- [    Test worker] WebAppIntegrationTestContextBootstrapper : Loaded default TestExecutionListener class names from location [META-INF/spring.factories]: [org.springframework.test.context.web.ServletTestExecutionListener, org.springframework.test.context.support.DirtiesContextBeforeModesTestExecutionListener, org.springframework.test.context.support.DependencyInjectionTestExecutionListener, org.springframework.test.context.support.DirtiesContextTestExecutionListener, org.springframework.test.context.transaction.TransactionalTestExecutionListener, org.springframework.test.context.jdbc.SqlScriptsTestExecutionListener, org.springframework.boot.test.mock.mockito.MockitoTestExecutionListener, org.springframework.boot.test.mock.mockito.ResetMocksTestExecutionListener, org.springframework.boot.test.autoconfigure.restdocs.RestDocsTestExecutionListener, org.springframework.boot.test.autoconfigure.web.client.MockRestServiceServerResetTestExecutionListener, org.springframework.boot.test.autoconfigure.web.servlet.MockMvcPrintOnlyOnFailureTestExecutionListener, org.springframework.boot.test.autoconfigure.web.servlet.WebDriverTestExecutionListener]
2017-03-12 19:08:49.908  INFO 6873 --- [    Test worker] WebAppIntegrationTestContextBootstrapper : Using TestExecutionListeners: [org.springframework.test.context.web.ServletTestExecutionListener@2ad23d0d, org.springframework.test.context.support.DirtiesContextBeforeModesTestExecutionListener@ddc7807, org.springframework.test.context.support.DependencyInjectionTestExecutionListener@36e52cad, org.springframework.test.context.support.DirtiesContextTestExecutionListener@71832b3d, org.springframework.test.context.transaction.TransactionalTestExecutionListener@4a824a55, org.springframework.test.context.jdbc.SqlScriptsTestExecutionListener@24701f42, org.springframework.boot.test.autoconfigure.web.servlet.MockMvcPrintOnlyOnFailureTestExecutionListener@3b6fcf25, org.springframework.boot.test.autoconfigure.web.servlet.WebDriverTestExecutionListener@53ddd1b6, org.springframework.boot.test.autoconfigure.web.client.MockRestServiceServerResetTestExecutionListener@b55e97a, org.springframework.boot.test.mock.mockito.MockitoTestExecutionListener@2ffb6d5d, org.springframework.boot.test.mock.mockito.ResetMocksTestExecutionListener@6aa89960, org.springframework.boot.test.autoconfigure.restdocs.RestDocsTestExecutionListener@5745a5e2]
19:08:49.931 [http-nio-9120-exec-1] INFO  o.t.k.f.logback.SessionInterceptor - init session:452b868a-0714-11e7-80b3-0014781bc25c
2017-03-12 19:08:49.931  INFO 6873 --- [nio-9120-exec-1] o.t.k.f.logback.SessionInterceptor       : init session:452b868a-0714-11e7-80b3-0014781bc25c
19:08:49.932 [http-nio-9120-exec-1] INFO  o.t.k.f.s.i.f.SecurityInterceptor - identification start.userName:someone,uri:/kanban/boards/boardId-foo/stages/1/cards/fooId
2017-03-12 19:08:49.932  INFO 6873 --- [nio-9120-exec-1] o.t.k.f.s.i.filter.SecurityInterceptor   : identification start.userName:someone,uri:/kanban/boards/boardId-foo/stages/1/cards/fooId
19:08:49.932 [http-nio-9120-exec-1] INFO  o.t.k.f.s.a.AuthenticationInterceptor - authentication start.currentURL:/kanban/boards/boardId-foo/stages/1/cards/fooId
2017-03-12 19:08:49.932  INFO 6873 --- [nio-9120-exec-1] o.t.k.f.s.a.AuthenticationInterceptor    : authentication start.currentURL:/kanban/boards/boardId-foo/stages/1/cards/fooId
19:08:49.957 [http-nio-9120-exec-1] INFO  o.t.k.a.AcceptanceCriteriaService - modify card:{"elapsedDays":0.0,"sortNumber":3,"stageId":"1","summary":"newSummary"}
2017-03-12 19:08:49.957  INFO 6873 --- [nio-9120-exec-1] o.t.k.a.AcceptanceCriteriaService        : modify card:{"elapsedDays":0.0,"sortNumber":3,"stageId":"1","summary":"newSummary"}
19:08:49.982 [http-nio-9120-exec-1] INFO  o.t.k.a.AcceptanceCriteriaService - Modified card:{"code":"H170301","creationTime":"2017-03-12 19:08:49.919000","elapsedDays":0.0,"id":"fooId","modificationTime":"2017-03-12 19:08:49.919000","sortNumber":3,"stageId":"1","summary":"newSummary"}
2017-03-12 19:08:49.982  INFO 6873 --- [nio-9120-exec-1] o.t.k.a.AcceptanceCriteriaService        : Modified card:{"code":"H170301","creationTime":"2017-03-12 19:08:49.919000","elapsedDays":0.0,"id":"fooId","modificationTime":"2017-03-12 19:08:49.919000","sortNumber":3,"stageId":"1","summary":"newSummary"}
19:08:49.982 [http-nio-9120-exec-1] INFO  o.t.kanban.activity.ActivityService - Recording operation:{"cardId":"fooId","detail":"{\"author\":\"1\",\"content\":\"play badminton\",\"creationTime\":\"2017-03-12 19:08:49.919000\",\"elapsedDays\":0.0,\"id\":\"fooId\",\"modificationTime\":\"2017-03-12 19:08:49.919000\",\"sortNumber\":0,\"stageId\":\"1\",\"summary\":\"this is the card summary.\"}","operationTypeCode":"002","operationTypeName":"卡片修改","prevStageId":"1","prevStageSnapShot":"","stageId":"1","stageSnapShot":"","summary":"{\"author\":\"1\",\"content\":\"play badminton\",\"creationTime\":\"2017-03-12 19:08:49.919000\",\"elapsedDays\":0.0,\"id\":\"fooId\",\"modificationTime\":\"2017-03-12 19:08:49.919000\",\"sortNumber\":0,\"stageId\":\"1\",\"summary\":\"this is the card summary.\"}","userName":"someone"}
2017-03-12 19:08:49.982  INFO 6873 --- [nio-9120-exec-1] o.thiki.kanban.activity.ActivityService  : Recording operation:{"cardId":"fooId","detail":"{\"author\":\"1\",\"content\":\"play badminton\",\"creationTime\":\"2017-03-12 19:08:49.919000\",\"elapsedDays\":0.0,\"id\":\"fooId\",\"modificationTime\":\"2017-03-12 19:08:49.919000\",\"sortNumber\":0,\"stageId\":\"1\",\"summary\":\"this is the card summary.\"}","operationTypeCode":"002","operationTypeName":"卡片修改","prevStageId":"1","prevStageSnapShot":"","stageId":"1","stageSnapShot":"","summary":"{\"author\":\"1\",\"content\":\"play badminton\",\"creationTime\":\"2017-03-12 19:08:49.919000\",\"elapsedDays\":0.0,\"id\":\"fooId\",\"modificationTime\":\"2017-03-12 19:08:49.919000\",\"sortNumber\":0,\"stageId\":\"1\",\"summary\":\"this is the card summary.\"}","userName":"someone"}
19:08:49.986 [http-nio-9120-exec-1] INFO  org.thiki.kanban.card.CardResource - build card resource.board:boardId-foo,stageId:1,userName:someone
2017-03-12 19:08:49.986  INFO 6873 --- [nio-9120-exec-1] org.thiki.kanban.card.CardResource       : build card resource.board:boardId-foo,stageId:1,userName:someone
19:08:50.005 [http-nio-9120-exec-1] INFO  org.thiki.kanban.card.CardResource - card resource building completed.board:boardId-foo,stageId:1,userName:someone
2017-03-12 19:08:50.005  INFO 6873 --- [nio-9120-exec-1] org.thiki.kanban.card.CardResource       : card resource building completed.board:boardId-foo,stageId:1,userName:someone
19:08:50.012 [http-nio-9120-exec-1] INFO  o.t.k.f.logback.SessionInterceptor - remove sessionId.
2017-03-12 19:08:50.012  INFO 6873 --- [nio-9120-exec-1] o.t.k.f.logback.SessionInterceptor       : remove sessionId.
19:08:50.168 [http-nio-9120-exec-3] INFO  o.t.k.f.logback.SessionInterceptor - init session:454fb05c-0714-11e7-80b3-0014781bc25c
2017-03-12 19:08:50.168  INFO 6873 --- [nio-9120-exec-3] o.t.k.f.logback.SessionInterceptor       : init session:454fb05c-0714-11e7-80b3-0014781bc25c
19:08:50.169 [http-nio-9120-exec-3] INFO  o.t.k.f.s.i.f.SecurityInterceptor - identification start.userName:someone,uri:/kanban/boards/boardId-foo/stages/stage-fooId/cards/fooId
2017-03-12 19:08:50.169  INFO 6873 --- [nio-9120-exec-3] o.t.k.f.s.i.filter.SecurityInterceptor   : identification start.userName:someone,uri:/kanban/boards/boardId-foo/stages/stage-fooId/cards/fooId
19:08:50.169 [http-nio-9120-exec-3] INFO  o.t.k.f.s.a.AuthenticationInterceptor - authentication start.currentURL:/kanban/boards/boardId-foo/stages/stage-fooId/cards/fooId
2017-03-12 19:08:50.169  INFO 6873 --- [nio-9120-exec-3] o.t.k.f.s.a.AuthenticationInterceptor    : authentication start.currentURL:/kanban/boards/boardId-foo/stages/stage-fooId/cards/fooId
19:08:50.177 [http-nio-9120-exec-3] INFO  o.t.k.a.AcceptanceCriteriaService - modify card:{"elapsedDays":0.0,"stageId":"target-stage-fooId","summary":"newSummary"}
2017-03-12 19:08:50.177  INFO 6873 --- [nio-9120-exec-3] o.t.k.a.AcceptanceCriteriaService        : modify card:{"elapsedDays":0.0,"stageId":"target-stage-fooId","summary":"newSummary"}
19:08:50.185 [http-nio-9120-exec-3] INFO  o.t.k.f.logback.SessionInterceptor - remove sessionId.
2017-03-12 19:08:50.185  INFO 6873 --- [nio-9120-exec-3] o.t.k.f.logback.SessionInterceptor       : remove sessionId.
19:08:50.188 [http-nio-9120-exec-3] INFO  o.t.k.f.logback.SessionInterceptor - init session:4552bd9d-0714-11e7-80b3-0014781bc25c
2017-03-12 19:08:50.188  INFO 6873 --- [nio-9120-exec-3] o.t.k.f.logback.SessionInterceptor       : init session:4552bd9d-0714-11e7-80b3-0014781bc25c
19:08:50.189 [http-nio-9120-exec-3] INFO  o.t.k.f.s.i.f.SecurityInterceptor - identification start.userName:someone,uri:/kanban/error/invalidParamsException
2017-03-12 19:08:50.189  INFO 6873 --- [nio-9120-exec-3] o.t.k.f.s.i.filter.SecurityInterceptor   : identification start.userName:someone,uri:/kanban/error/invalidParamsException
19:08:50.190 [http-nio-9120-exec-3] INFO  o.t.k.f.s.a.AuthenticationInterceptor - authentication start.currentURL:/kanban/error/invalidParamsException
2017-03-12 19:08:50.190  INFO 6873 --- [nio-9120-exec-3] o.t.k.f.s.a.AuthenticationInterceptor    : authentication start.currentURL:/kanban/error/invalidParamsException
19:08:50.192 [http-nio-9120-exec-3] INFO  o.t.k.f.logback.SessionInterceptor - remove sessionId.
2017-03-12 19:08:50.192  INFO 6873 --- [nio-9120-exec-3] o.t.k.f.logback.SessionInterceptor       : remove sessionId.
19:08:50.226 [http-nio-9120-exec-4] INFO  o.t.k.f.logback.SessionInterceptor - init session:455889fe-0714-11e7-80b3-0014781bc25c
2017-03-12 19:08:50.226  INFO 6873 --- [nio-9120-exec-4] o.t.k.f.logback.SessionInterceptor       : init session:455889fe-0714-11e7-80b3-0014781bc25c
19:08:50.226 [http-nio-9120-exec-4] INFO  o.t.k.f.s.i.f.SecurityInterceptor - identification start.userName:someone,uri:/kanban/boards/boardId-foo/stages/1/cards/fooId
2017-03-12 19:08:50.226  INFO 6873 --- [nio-9120-exec-4] o.t.k.f.s.i.filter.SecurityInterceptor   : identification start.userName:someone,uri:/kanban/boards/boardId-foo/stages/1/cards/fooId
19:08:50.226 [http-nio-9120-exec-4] INFO  o.t.k.f.s.a.AuthenticationInterceptor - authentication start.currentURL:/kanban/boards/boardId-foo/stages/1/cards/fooId
2017-03-12 19:08:50.226  INFO 6873 --- [nio-9120-exec-4] o.t.k.f.s.a.AuthenticationInterceptor    : authentication start.currentURL:/kanban/boards/boardId-foo/stages/1/cards/fooId
19:08:50.233 [http-nio-9120-exec-4] INFO  o.t.k.a.AcceptanceCriteriaService - modify card:{"elapsedDays":0.0,"summary":"newSummary"}
2017-03-12 19:08:50.233  INFO 6873 --- [nio-9120-exec-4] o.t.k.a.AcceptanceCriteriaService        : modify card:{"elapsedDays":0.0,"summary":"newSummary"}
19:08:50.235 [http-nio-9120-exec-4] INFO  o.t.k.f.logback.SessionInterceptor - remove sessionId.
2017-03-12 19:08:50.235  INFO 6873 --- [nio-9120-exec-4] o.t.k.f.logback.SessionInterceptor       : remove sessionId.
19:08:50.237 [http-nio-9120-exec-4] INFO  o.t.k.f.logback.SessionInterceptor - init session:455a37af-0714-11e7-80b3-0014781bc25c
2017-03-12 19:08:50.237  INFO 6873 --- [nio-9120-exec-4] o.t.k.f.logback.SessionInterceptor       : init session:455a37af-0714-11e7-80b3-0014781bc25c
19:08:50.237 [http-nio-9120-exec-4] INFO  o.t.k.f.s.i.f.SecurityInterceptor - identification start.userName:someone,uri:/kanban/error/invalidParamsException
2017-03-12 19:08:50.237  INFO 6873 --- [nio-9120-exec-4] o.t.k.f.s.i.filter.SecurityInterceptor   : identification start.userName:someone,uri:/kanban/error/invalidParamsException
19:08:50.237 [http-nio-9120-exec-4] INFO  o.t.k.f.s.a.AuthenticationInterceptor - authentication start.currentURL:/kanban/error/invalidParamsException
2017-03-12 19:08:50.237  INFO 6873 --- [nio-9120-exec-4] o.t.k.f.s.a.AuthenticationInterceptor    : authentication start.currentURL:/kanban/error/invalidParamsException
19:08:50.241 [http-nio-9120-exec-4] INFO  o.t.k.f.logback.SessionInterceptor - remove sessionId.
2017-03-12 19:08:50.241  INFO 6873 --- [nio-9120-exec-4] o.t.k.f.logback.SessionInterceptor       : remove sessionId.
19:08:50.274 [http-nio-9120-exec-2] INFO  o.t.k.f.logback.SessionInterceptor - init session:455fdd00-0714-11e7-80b3-0014781bc25c
2017-03-12 19:08:50.274  INFO 6873 --- [nio-9120-exec-2] o.t.k.f.logback.SessionInterceptor       : init session:455fdd00-0714-11e7-80b3-0014781bc25c
19:08:50.275 [http-nio-9120-exec-2] INFO  o.t.k.f.s.i.f.SecurityInterceptor - identification start.userName:someone,uri:/kanban/boards/boardId-foo/cards
2017-03-12 19:08:50.275  INFO 6873 --- [nio-9120-exec-2] o.t.k.f.s.i.filter.SecurityInterceptor   : identification start.userName:someone,uri:/kanban/boards/boardId-foo/cards
19:08:50.275 [http-nio-9120-exec-2] INFO  o.t.k.f.s.a.AuthenticationInterceptor - authentication start.currentURL:/kanban/boards/boardId-foo/cards
2017-03-12 19:08:50.275  INFO 6873 --- [nio-9120-exec-2] o.t.k.f.s.a.AuthenticationInterceptor    : authentication start.currentURL:/kanban/boards/boardId-foo/cards
19:08:50.284 [http-nio-9120-exec-2] INFO  o.t.k.f.logback.SessionInterceptor - remove sessionId.
2017-03-12 19:08:50.284  INFO 6873 --- [nio-9120-exec-2] o.t.k.f.logback.SessionInterceptor       : remove sessionId.
19:08:50.286 [http-nio-9120-exec-2] INFO  o.t.k.f.logback.SessionInterceptor - init session:4561b1c1-0714-11e7-80b3-0014781bc25c
2017-03-12 19:08:50.286  INFO 6873 --- [nio-9120-exec-2] o.t.k.f.logback.SessionInterceptor       : init session:4561b1c1-0714-11e7-80b3-0014781bc25c
19:08:50.287 [http-nio-9120-exec-2] INFO  o.t.k.f.s.i.f.SecurityInterceptor - identification start.userName:someone,uri:/kanban/error/invalidParamsException
2017-03-12 19:08:50.287  INFO 6873 --- [nio-9120-exec-2] o.t.k.f.s.i.filter.SecurityInterceptor   : identification start.userName:someone,uri:/kanban/error/invalidParamsException
19:08:50.288 [http-nio-9120-exec-2] INFO  o.t.k.f.s.a.AuthenticationInterceptor - authentication start.currentURL:/kanban/error/invalidParamsException
2017-03-12 19:08:50.288  INFO 6873 --- [nio-9120-exec-2] o.t.k.f.s.a.AuthenticationInterceptor    : authentication start.currentURL:/kanban/error/invalidParamsException
19:08:50.294 [http-nio-9120-exec-2] INFO  o.t.k.f.logback.SessionInterceptor - remove sessionId.
2017-03-12 19:08:50.294  INFO 6873 --- [nio-9120-exec-2] o.t.k.f.logback.SessionInterceptor       : remove sessionId.
19:08:50.323 [http-nio-9120-exec-6] INFO  o.t.k.f.logback.SessionInterceptor - init session:45675712-0714-11e7-80b3-0014781bc25c
2017-03-12 19:08:50.323  INFO 6873 --- [nio-9120-exec-6] o.t.k.f.logback.SessionInterceptor       : init session:45675712-0714-11e7-80b3-0014781bc25c
19:08:50.323 [http-nio-9120-exec-6] INFO  o.t.k.f.s.i.f.SecurityInterceptor - identification start.userName:someone,uri:/kanban/boards/boardId-foo/stages/1/cards/fooId
2017-03-12 19:08:50.323  INFO 6873 --- [nio-9120-exec-6] o.t.k.f.s.i.filter.SecurityInterceptor   : identification start.userName:someone,uri:/kanban/boards/boardId-foo/stages/1/cards/fooId
19:08:50.324 [http-nio-9120-exec-6] INFO  o.t.k.f.s.a.AuthenticationInterceptor - authentication start.currentURL:/kanban/boards/boardId-foo/stages/1/cards/fooId
2017-03-12 19:08:50.324  INFO 6873 --- [nio-9120-exec-6] o.t.k.f.s.a.AuthenticationInterceptor    : authentication start.currentURL:/kanban/boards/boardId-foo/stages/1/cards/fooId
19:08:50.331 [http-nio-9120-exec-6] INFO  o.t.k.a.AcceptanceCriteriaService - modify card:{"elapsedDays":0.0,"sortNumber":3,"stageId":"1","summary":"newSummary"}
2017-03-12 19:08:50.331  INFO 6873 --- [nio-9120-exec-6] o.t.k.a.AcceptanceCriteriaService        : modify card:{"elapsedDays":0.0,"sortNumber":3,"stageId":"1","summary":"newSummary"}
19:08:50.340 [http-nio-9120-exec-6] INFO  o.t.k.a.AcceptanceCriteriaService - Modified card:{"code":"H170301","creationTime":"2017-03-12 19:08:50.313000","elapsedDays":0.0,"id":"fooId","modificationTime":"2017-03-12 19:08:50.313000","sortNumber":3,"stageId":"1","summary":"newSummary"}
2017-03-12 19:08:50.340  INFO 6873 --- [nio-9120-exec-6] o.t.k.a.AcceptanceCriteriaService        : Modified card:{"code":"H170301","creationTime":"2017-03-12 19:08:50.313000","elapsedDays":0.0,"id":"fooId","modificationTime":"2017-03-12 19:08:50.313000","sortNumber":3,"stageId":"1","summary":"newSummary"}
19:08:50.341 [http-nio-9120-exec-6] INFO  o.t.kanban.activity.ActivityService - Recording operation:{"cardId":"fooId","detail":"{\"author\":\"1\",\"content\":\"play badminton\",\"creationTime\":\"2017-03-12 19:08:50.313000\",\"elapsedDays\":0.0,\"id\":\"fooId\",\"modificationTime\":\"2017-03-12 19:08:50.313000\",\"sortNumber\":0,\"stageId\":\"1\",\"summary\":\"this is the card summary.\"}","operationTypeCode":"002","operationTypeName":"卡片修改","prevStageId":"1","prevStageSnapShot":"","stageId":"1","stageSnapShot":"","summary":"{\"author\":\"1\",\"content\":\"play badminton\",\"creationTime\":\"2017-03-12 19:08:50.313000\",\"elapsedDays\":0.0,\"id\":\"fooId\",\"modificationTime\":\"2017-03-12 19:08:50.313000\",\"sortNumber\":0,\"stageId\":\"1\",\"summary\":\"this is the card summary.\"}","userName":"someone"}
2017-03-12 19:08:50.341  INFO 6873 --- [nio-9120-exec-6] o.thiki.kanban.activity.ActivityService  : Recording operation:{"cardId":"fooId","detail":"{\"author\":\"1\",\"content\":\"play badminton\",\"creationTime\":\"2017-03-12 19:08:50.313000\",\"elapsedDays\":0.0,\"id\":\"fooId\",\"modificationTime\":\"2017-03-12 19:08:50.313000\",\"sortNumber\":0,\"stageId\":\"1\",\"summary\":\"this is the card summary.\"}","operationTypeCode":"002","operationTypeName":"卡片修改","prevStageId":"1","prevStageSnapShot":"","stageId":"1","stageSnapShot":"","summary":"{\"author\":\"1\",\"content\":\"play badminton\",\"creationTime\":\"2017-03-12 19:08:50.313000\",\"elapsedDays\":0.0,\"id\":\"fooId\",\"modificationTime\":\"2017-03-12 19:08:50.313000\",\"sortNumber\":0,\"stageId\":\"1\",\"summary\":\"this is the card summary.\"}","userName":"someone"}
19:08:50.346 [http-nio-9120-exec-6] INFO  org.thiki.kanban.card.CardResource - build card resource.board:boardId-foo,stageId:1,userName:someone
2017-03-12 19:08:50.346  INFO 6873 --- [nio-9120-exec-6] org.thiki.kanban.card.CardResource       : build card resource.board:boardId-foo,stageId:1,userName:someone
19:08:50.354 [http-nio-9120-exec-6] INFO  org.thiki.kanban.card.CardResource - card resource building completed.board:boardId-foo,stageId:1,userName:someone
2017-03-12 19:08:50.354  INFO 6873 --- [nio-9120-exec-6] org.thiki.kanban.card.CardResource       : card resource building completed.board:boardId-foo,stageId:1,userName:someone
19:08:50.360 [http-nio-9120-exec-6] INFO  o.t.k.f.logback.SessionInterceptor - remove sessionId.
2017-03-12 19:08:50.360  INFO 6873 --- [nio-9120-exec-6] o.t.k.f.logback.SessionInterceptor       : remove sessionId.
19:08:50.445 [http-nio-9120-exec-5] INFO  o.t.k.f.logback.SessionInterceptor - init session:4579f4b4-0714-11e7-80b3-0014781bc25c
2017-03-12 19:08:50.445  INFO 6873 --- [nio-9120-exec-5] o.t.k.f.logback.SessionInterceptor       : init session:4579f4b4-0714-11e7-80b3-0014781bc25c
19:08:50.445 [http-nio-9120-exec-5] INFO  o.t.k.f.s.i.f.SecurityInterceptor - identification start.userName:someone,uri:/kanban/boards/boardId-foo/stages/1/cards/1
2017-03-12 19:08:50.445  INFO 6873 --- [nio-9120-exec-5] o.t.k.f.s.i.filter.SecurityInterceptor   : identification start.userName:someone,uri:/kanban/boards/boardId-foo/stages/1/cards/1
19:08:50.446 [http-nio-9120-exec-5] INFO  o.t.k.f.s.a.AuthenticationInterceptor - authentication start.currentURL:/kanban/boards/boardId-foo/stages/1/cards/1
2017-03-12 19:08:50.446  INFO 6873 --- [nio-9120-exec-5] o.t.k.f.s.a.AuthenticationInterceptor    : authentication start.currentURL:/kanban/boards/boardId-foo/stages/1/cards/1
19:08:50.449 [http-nio-9120-exec-5] INFO  org.thiki.kanban.card.CardResource - build card resource.board:boardId-foo,stageId:1,userName:someone
2017-03-12 19:08:50.449  INFO 6873 --- [nio-9120-exec-5] org.thiki.kanban.card.CardResource       : build card resource.board:boardId-foo,stageId:1,userName:someone
19:08:50.458 [http-nio-9120-exec-5] INFO  org.thiki.kanban.card.CardResource - card resource building completed.board:boardId-foo,stageId:1,userName:someone
2017-03-12 19:08:50.458  INFO 6873 --- [nio-9120-exec-5] org.thiki.kanban.card.CardResource       : card resource building completed.board:boardId-foo,stageId:1,userName:someone
19:08:50.462 [http-nio-9120-exec-5] INFO  o.t.k.f.logback.SessionInterceptor - remove sessionId.
2017-03-12 19:08:50.462  INFO 6873 --- [nio-9120-exec-5] o.t.k.f.logback.SessionInterceptor       : remove sessionId.
19:08:50.546 [http-nio-9120-exec-7] INFO  o.t.k.f.logback.SessionInterceptor - init session:45895e05-0714-11e7-80b3-0014781bc25c
2017-03-12 19:08:50.546  INFO 6873 --- [nio-9120-exec-7] o.t.k.f.logback.SessionInterceptor       : init session:45895e05-0714-11e7-80b3-0014781bc25c
19:08:50.546 [http-nio-9120-exec-7] INFO  o.t.k.f.s.i.f.SecurityInterceptor - identification start.userName:someone,uri:/kanban/boards/boardId-foo/stages/fooId/cards
2017-03-12 19:08:50.546  INFO 6873 --- [nio-9120-exec-7] o.t.k.f.s.i.filter.SecurityInterceptor   : identification start.userName:someone,uri:/kanban/boards/boardId-foo/stages/fooId/cards
19:08:50.547 [http-nio-9120-exec-7] INFO  o.t.k.f.s.a.AuthenticationInterceptor - authentication start.currentURL:/kanban/boards/boardId-foo/stages/fooId/cards
2017-03-12 19:08:50.547  INFO 6873 --- [nio-9120-exec-7] o.t.k.f.s.a.AuthenticationInterceptor    : authentication start.currentURL:/kanban/boards/boardId-foo/stages/fooId/cards
19:08:50.548 [http-nio-9120-exec-7] INFO  o.thiki.kanban.card.CardsController - Loading cards by stageId [fooId]
2017-03-12 19:08:50.548  INFO 6873 --- [nio-9120-exec-7] org.thiki.kanban.card.CardsController    : Loading cards by stageId [fooId]
19:08:50.549 [http-nio-9120-exec-7] INFO  o.t.k.a.AcceptanceCriteriaService - Loading cards by stageId:fooId
2017-03-12 19:08:50.549  INFO 6873 --- [nio-9120-exec-7] o.t.k.a.AcceptanceCriteriaService        : Loading cards by stageId:fooId
19:08:50.551 [http-nio-9120-exec-7] INFO  o.t.k.a.AcceptanceCriteriaService - The cards belongs from the stage fooId are [{"author":"someone","content":"play badminton","creationTime":"2017-03-12 19:08:50.536000","elapsedDays":0.0,"id":"card-fooId","modificationTime":"2017-03-12 19:08:50.536000","sortNumber":0,"stageId":"fooId","summary":"this is the card summary."}]
2017-03-12 19:08:50.551  INFO 6873 --- [nio-9120-exec-7] o.t.k.a.AcceptanceCriteriaService        : The cards belongs from the stage fooId are [{"author":"someone","content":"play badminton","creationTime":"2017-03-12 19:08:50.536000","elapsedDays":0.0,"id":"card-fooId","modificationTime":"2017-03-12 19:08:50.536000","sortNumber":0,"stageId":"fooId","summary":"this is the card summary."}]
19:08:50.553 [http-nio-9120-exec-7] INFO  org.thiki.kanban.card.CardResource - build cards resource.board:boardId-foo,stageId:fooId,userName:someone
2017-03-12 19:08:50.553  INFO 6873 --- [nio-9120-exec-7] org.thiki.kanban.card.CardResource       : build cards resource.board:boardId-foo,stageId:fooId,userName:someone
19:08:50.553 [http-nio-9120-exec-7] INFO  org.thiki.kanban.card.CardResource - build card resource.board:boardId-foo,stageId:fooId,userName:someone
2017-03-12 19:08:50.553  INFO 6873 --- [nio-9120-exec-7] org.thiki.kanban.card.CardResource       : build card resource.board:boardId-foo,stageId:fooId,userName:someone
19:08:50.563 [http-nio-9120-exec-7] INFO  org.thiki.kanban.card.CardResource - card resource building completed.board:boardId-foo,stageId:fooId,userName:someone
2017-03-12 19:08:50.563  INFO 6873 --- [nio-9120-exec-7] org.thiki.kanban.card.CardResource       : card resource building completed.board:boardId-foo,stageId:fooId,userName:someone
19:08:50.566 [http-nio-9120-exec-7] INFO  org.thiki.kanban.card.CardResource - cards resource building completed.board:boardId-foo,stageId:fooId,userName:someone
2017-03-12 19:08:50.566  INFO 6873 --- [nio-9120-exec-7] org.thiki.kanban.card.CardResource       : cards resource building completed.board:boardId-foo,stageId:fooId,userName:someone
19:08:50.573 [http-nio-9120-exec-7] INFO  o.t.k.f.logback.SessionInterceptor - remove sessionId.
2017-03-12 19:08:50.573  INFO 6873 --- [nio-9120-exec-7] o.t.k.f.logback.SessionInterceptor       : remove sessionId.
19:08:50.726 [http-nio-9120-exec-8] INFO  o.t.k.f.logback.SessionInterceptor - init session:45a4d546-0714-11e7-80b3-0014781bc25c
2017-03-12 19:08:50.726  INFO 6873 --- [nio-9120-exec-8] o.t.k.f.logback.SessionInterceptor       : init session:45a4d546-0714-11e7-80b3-0014781bc25c
19:08:50.726 [http-nio-9120-exec-8] INFO  o.t.k.f.s.i.f.SecurityInterceptor - identification start.userName:someone,uri:/kanban/boards/boardId-foo/stages/fooId/cards/feeId
2017-03-12 19:08:50.726  INFO 6873 --- [nio-9120-exec-8] o.t.k.f.s.i.filter.SecurityInterceptor   : identification start.userName:someone,uri:/kanban/boards/boardId-foo/stages/fooId/cards/feeId
19:08:50.727 [http-nio-9120-exec-8] INFO  o.t.k.f.s.a.AuthenticationInterceptor - authentication start.currentURL:/kanban/boards/boardId-foo/stages/fooId/cards/feeId
2017-03-12 19:08:50.727  INFO 6873 --- [nio-9120-exec-8] o.t.k.f.s.a.AuthenticationInterceptor    : authentication start.currentURL:/kanban/boards/boardId-foo/stages/fooId/cards/feeId
19:08:50.734 [http-nio-9120-exec-8] INFO  o.t.k.f.logback.SessionInterceptor - remove sessionId.
2017-03-12 19:08:50.734  INFO 6873 --- [nio-9120-exec-8] o.t.k.f.logback.SessionInterceptor       : remove sessionId.
19:08:50.736 [http-nio-9120-exec-8] INFO  o.t.k.f.logback.SessionInterceptor - init session:45a65be7-0714-11e7-80b3-0014781bc25c
2017-03-12 19:08:50.736  INFO 6873 --- [nio-9120-exec-8] o.t.k.f.logback.SessionInterceptor       : init session:45a65be7-0714-11e7-80b3-0014781bc25c
19:08:50.737 [http-nio-9120-exec-8] INFO  o.t.k.f.s.i.f.SecurityInterceptor - identification start.userName:someone,uri:/kanban/error/invalidParamsException
2017-03-12 19:08:50.737  INFO 6873 --- [nio-9120-exec-8] o.t.k.f.s.i.filter.SecurityInterceptor   : identification start.userName:someone,uri:/kanban/error/invalidParamsException
19:08:50.741 [http-nio-9120-exec-8] INFO  o.t.k.f.s.a.AuthenticationInterceptor - authentication start.currentURL:/kanban/error/invalidParamsException
2017-03-12 19:08:50.741  INFO 6873 --- [nio-9120-exec-8] o.t.k.f.s.a.AuthenticationInterceptor    : authentication start.currentURL:/kanban/error/invalidParamsException
19:08:50.749 [http-nio-9120-exec-8] INFO  o.t.k.f.logback.SessionInterceptor - remove sessionId.
2017-03-12 19:08:50.749  INFO 6873 --- [nio-9120-exec-8] o.t.k.f.logback.SessionInterceptor       : remove sessionId.
19:08:50.791 [http-nio-9120-exec-9] INFO  o.t.k.f.logback.SessionInterceptor - init session:45aec058-0714-11e7-80b3-0014781bc25c
2017-03-12 19:08:50.791  INFO 6873 --- [nio-9120-exec-9] o.t.k.f.logback.SessionInterceptor       : init session:45aec058-0714-11e7-80b3-0014781bc25c
19:08:50.791 [http-nio-9120-exec-9] INFO  o.t.k.f.s.i.f.SecurityInterceptor - identification start.userName:someone,uri:/kanban/boards/boardId-foo/stages/1/cards/fooId
2017-03-12 19:08:50.791  INFO 6873 --- [nio-9120-exec-9] o.t.k.f.s.i.filter.SecurityInterceptor   : identification start.userName:someone,uri:/kanban/boards/boardId-foo/stages/1/cards/fooId
19:08:50.792 [http-nio-9120-exec-9] INFO  o.t.k.f.s.a.AuthenticationInterceptor - authentication start.currentURL:/kanban/boards/boardId-foo/stages/1/cards/fooId
2017-03-12 19:08:50.792  INFO 6873 --- [nio-9120-exec-9] o.t.k.f.s.a.AuthenticationInterceptor    : authentication start.currentURL:/kanban/boards/boardId-foo/stages/1/cards/fooId
19:08:50.800 [http-nio-9120-exec-9] INFO  o.t.k.a.AcceptanceCriteriaService - modify card:{"deadline":"2017-02-15","elapsedDays":0.0,"restDays":-24,"sortNumber":3,"stageId":"1","summary":"newSummary"}
2017-03-12 19:08:50.800  INFO 6873 --- [nio-9120-exec-9] o.t.k.a.AcceptanceCriteriaService        : modify card:{"deadline":"2017-02-15","elapsedDays":0.0,"restDays":-24,"sortNumber":3,"stageId":"1","summary":"newSummary"}
19:08:50.811 [http-nio-9120-exec-9] INFO  o.t.k.a.AcceptanceCriteriaService - Modified card:{"code":"H170301","creationTime":"2017-03-12 19:08:50.781000","deadline":"2017-02-15","elapsedDays":0.0,"id":"fooId","modificationTime":"2017-03-12 19:08:50.781000","restDays":-24,"sortNumber":3,"stageId":"1","summary":"newSummary"}
2017-03-12 19:08:50.811  INFO 6873 --- [nio-9120-exec-9] o.t.k.a.AcceptanceCriteriaService        : Modified card:{"code":"H170301","creationTime":"2017-03-12 19:08:50.781000","deadline":"2017-02-15","elapsedDays":0.0,"id":"fooId","modificationTime":"2017-03-12 19:08:50.781000","restDays":-24,"sortNumber":3,"stageId":"1","summary":"newSummary"}
19:08:50.812 [http-nio-9120-exec-9] INFO  o.t.kanban.activity.ActivityService - Recording operation:{"cardId":"fooId","detail":"{\"author\":\"1\",\"content\":\"play badminton\",\"creationTime\":\"2017-03-12 19:08:50.781000\",\"deadline\":\"2017-02-13\",\"elapsedDays\":0.0,\"id\":\"fooId\",\"modificationTime\":\"2017-03-12 19:08:50.781000\",\"restDays\":-26,\"sortNumber\":0,\"stageId\":\"1\",\"summary\":\"this is the card summary.\"}","operationTypeCode":"002","operationTypeName":"卡片修改","prevStageId":"1","prevStageSnapShot":"","stageId":"1","stageSnapShot":"","summary":"{\"author\":\"1\",\"content\":\"play badminton\",\"creationTime\":\"2017-03-12 19:08:50.781000\",\"deadline\":\"2017-02-13\",\"elapsedDays\":0.0,\"id\":\"fooId\",\"modificationTime\":\"2017-03-12 19:08:50.781000\",\"restDays\":-26,\"sortNumber\":0,\"stageId\":\"1\",\"summary\":\"this is the card summary.\"}","userName":"someone"}
2017-03-12 19:08:50.812  INFO 6873 --- [nio-9120-exec-9] o.thiki.kanban.activity.ActivityService  : Recording operation:{"cardId":"fooId","detail":"{\"author\":\"1\",\"content\":\"play badminton\",\"creationTime\":\"2017-03-12 19:08:50.781000\",\"deadline\":\"2017-02-13\",\"elapsedDays\":0.0,\"id\":\"fooId\",\"modificationTime\":\"2017-03-12 19:08:50.781000\",\"restDays\":-26,\"sortNumber\":0,\"stageId\":\"1\",\"summary\":\"this is the card summary.\"}","operationTypeCode":"002","operationTypeName":"卡片修改","prevStageId":"1","prevStageSnapShot":"","stageId":"1","stageSnapShot":"","summary":"{\"author\":\"1\",\"content\":\"play badminton\",\"creationTime\":\"2017-03-12 19:08:50.781000\",\"deadline\":\"2017-02-13\",\"elapsedDays\":0.0,\"id\":\"fooId\",\"modificationTime\":\"2017-03-12 19:08:50.781000\",\"restDays\":-26,\"sortNumber\":0,\"stageId\":\"1\",\"summary\":\"this is the card summary.\"}","userName":"someone"}
19:08:50.815 [http-nio-9120-exec-9] INFO  org.thiki.kanban.card.CardResource - build card resource.board:boardId-foo,stageId:1,userName:someone
2017-03-12 19:08:50.815  INFO 6873 --- [nio-9120-exec-9] org.thiki.kanban.card.CardResource       : build card resource.board:boardId-foo,stageId:1,userName:someone
19:08:50.825 [http-nio-9120-exec-9] INFO  org.thiki.kanban.card.CardResource - card resource building completed.board:boardId-foo,stageId:1,userName:someone
2017-03-12 19:08:50.825  INFO 6873 --- [nio-9120-exec-9] org.thiki.kanban.card.CardResource       : card resource building completed.board:boardId-foo,stageId:1,userName:someone
19:08:50.830 [http-nio-9120-exec-9] INFO  o.t.k.f.logback.SessionInterceptor - remove sessionId.
2017-03-12 19:08:50.830  INFO 6873 --- [nio-9120-exec-9] o.t.k.f.logback.SessionInterceptor       : remove sessionId.
19:08:50.930 [http-nio-9120-exec-10] INFO  o.t.k.f.logback.SessionInterceptor - init session:45c3f60a-0714-11e7-80b3-0014781bc25c
2017-03-12 19:08:50.930  INFO 6873 --- [io-9120-exec-10] o.t.k.f.logback.SessionInterceptor       : init session:45c3f60a-0714-11e7-80b3-0014781bc25c
19:08:50.930 [http-nio-9120-exec-10] INFO  o.t.k.f.s.i.f.SecurityInterceptor - identification start.userName:someone,uri:/kanban/boards/boardId-foo/stages/feeId/cards/non-exists-cardId
2017-03-12 19:08:50.930  INFO 6873 --- [io-9120-exec-10] o.t.k.f.s.i.filter.SecurityInterceptor   : identification start.userName:someone,uri:/kanban/boards/boardId-foo/stages/feeId/cards/non-exists-cardId
19:08:50.930 [http-nio-9120-exec-10] INFO  o.t.k.f.s.a.AuthenticationInterceptor - authentication start.currentURL:/kanban/boards/boardId-foo/stages/feeId/cards/non-exists-cardId
2017-03-12 19:08:50.930  INFO 6873 --- [io-9120-exec-10] o.t.k.f.s.a.AuthenticationInterceptor    : authentication start.currentURL:/kanban/boards/boardId-foo/stages/feeId/cards/non-exists-cardId
19:08:50.934 [http-nio-9120-exec-10] INFO  o.t.k.f.logback.SessionInterceptor - remove sessionId.
2017-03-12 19:08:50.934  INFO 6873 --- [io-9120-exec-10] o.t.k.f.logback.SessionInterceptor       : remove sessionId.
19:08:50.936 [http-nio-9120-exec-10] INFO  o.t.k.f.logback.SessionInterceptor - init session:45c4e06b-0714-11e7-80b3-0014781bc25c
2017-03-12 19:08:50.936  INFO 6873 --- [io-9120-exec-10] o.t.k.f.logback.SessionInterceptor       : init session:45c4e06b-0714-11e7-80b3-0014781bc25c
19:08:50.937 [http-nio-9120-exec-10] INFO  o.t.k.f.s.i.f.SecurityInterceptor - identification start.userName:someone,uri:/kanban/error/invalidParamsException
2017-03-12 19:08:50.937  INFO 6873 --- [io-9120-exec-10] o.t.k.f.s.i.filter.SecurityInterceptor   : identification start.userName:someone,uri:/kanban/error/invalidParamsException
19:08:50.937 [http-nio-9120-exec-10] INFO  o.t.k.f.s.a.AuthenticationInterceptor - authentication start.currentURL:/kanban/error/invalidParamsException
2017-03-12 19:08:50.937  INFO 6873 --- [io-9120-exec-10] o.t.k.f.s.a.AuthenticationInterceptor    : authentication start.currentURL:/kanban/error/invalidParamsException
19:08:50.940 [http-nio-9120-exec-10] INFO  o.t.k.f.logback.SessionInterceptor - remove sessionId.
2017-03-12 19:08:50.940  INFO 6873 --- [io-9120-exec-10] o.t.k.f.logback.SessionInterceptor       : remove sessionId.
19:08:51.020 [http-nio-9120-exec-1] INFO  o.t.k.f.logback.SessionInterceptor - init session:45d18a9c-0714-11e7-80b3-0014781bc25c
2017-03-12 19:08:51.020  INFO 6873 --- [nio-9120-exec-1] o.t.k.f.logback.SessionInterceptor       : init session:45d18a9c-0714-11e7-80b3-0014781bc25c
19:08:51.020 [http-nio-9120-exec-1] INFO  o.t.k.f.s.i.f.SecurityInterceptor - identification start.userName:someone,uri:/kanban/boards/boardId-foo/cards
2017-03-12 19:08:51.020  INFO 6873 --- [nio-9120-exec-1] o.t.k.f.s.i.filter.SecurityInterceptor   : identification start.userName:someone,uri:/kanban/boards/boardId-foo/cards
19:08:51.020 [http-nio-9120-exec-1] INFO  o.t.k.f.s.a.AuthenticationInterceptor - authentication start.currentURL:/kanban/boards/boardId-foo/cards
2017-03-12 19:08:51.020  INFO 6873 --- [nio-9120-exec-1] o.t.k.f.s.a.AuthenticationInterceptor    : authentication start.currentURL:/kanban/boards/boardId-foo/cards
19:08:51.034 [http-nio-9120-exec-1] INFO  o.t.k.a.AcceptanceCriteriaService - Creating new card:{"elapsedDays":0.0,"stageId":"stage-fooId","summary":"summary    "}
2017-03-12 19:08:51.034  INFO 6873 --- [nio-9120-exec-1] o.t.k.a.AcceptanceCriteriaService        : Creating new card:{"elapsedDays":0.0,"stageId":"stage-fooId","summary":"summary    "}
19:08:51.042 [http-nio-9120-exec-1] INFO  o.t.k.f.logback.SessionInterceptor - remove sessionId.
2017-03-12 19:08:51.042  INFO 6873 --- [nio-9120-exec-1] o.t.k.f.logback.SessionInterceptor       : remove sessionId.
19:08:51.045 [http-nio-9120-exec-1] INFO  o.t.k.f.logback.SessionInterceptor - init session:45d5823d-0714-11e7-80b3-0014781bc25c
2017-03-12 19:08:51.045  INFO 6873 --- [nio-9120-exec-1] o.t.k.f.logback.SessionInterceptor       : init session:45d5823d-0714-11e7-80b3-0014781bc25c
19:08:51.046 [http-nio-9120-exec-1] INFO  o.t.k.f.s.i.f.SecurityInterceptor - identification start.userName:someone,uri:/kanban/error/invalidParamsException
2017-03-12 19:08:51.046  INFO 6873 --- [nio-9120-exec-1] o.t.k.f.s.i.filter.SecurityInterceptor   : identification start.userName:someone,uri:/kanban/error/invalidParamsException
19:08:51.046 [http-nio-9120-exec-1] INFO  o.t.k.f.s.a.AuthenticationInterceptor - authentication start.currentURL:/kanban/error/invalidParamsException
2017-03-12 19:08:51.046  INFO 6873 --- [nio-9120-exec-1] o.t.k.f.s.a.AuthenticationInterceptor    : authentication start.currentURL:/kanban/error/invalidParamsException
19:08:51.052 [http-nio-9120-exec-1] INFO  o.t.k.f.logback.SessionInterceptor - remove sessionId.
2017-03-12 19:08:51.052  INFO 6873 --- [nio-9120-exec-1] o.t.k.f.logback.SessionInterceptor       : remove sessionId.
19:08:51.105 [http-nio-9120-exec-3] INFO  o.t.k.f.logback.SessionInterceptor - init session:45dea9fe-0714-11e7-80b3-0014781bc25c
2017-03-12 19:08:51.105  INFO 6873 --- [nio-9120-exec-3] o.t.k.f.logback.SessionInterceptor       : init session:45dea9fe-0714-11e7-80b3-0014781bc25c
19:08:51.105 [http-nio-9120-exec-3] INFO  o.t.k.f.s.i.f.SecurityInterceptor - identification start.userName:someone,uri:/kanban/boards/boardId-foo/stages/1/cards/fooId
2017-03-12 19:08:51.105  INFO 6873 --- [nio-9120-exec-3] o.t.k.f.s.i.filter.SecurityInterceptor   : identification start.userName:someone,uri:/kanban/boards/boardId-foo/stages/1/cards/fooId
19:08:51.105 [http-nio-9120-exec-3] INFO  o.t.k.f.s.a.AuthenticationInterceptor - authentication start.currentURL:/kanban/boards/boardId-foo/stages/1/cards/fooId
2017-03-12 19:08:51.105  INFO 6873 --- [nio-9120-exec-3] o.t.k.f.s.a.AuthenticationInterceptor    : authentication start.currentURL:/kanban/boards/boardId-foo/stages/1/cards/fooId
19:08:51.129 [http-nio-9120-exec-3] INFO  o.t.k.a.AcceptanceCriteriaService - modify card:{"elapsedDays":0.0,"stageId":"stage-fooId","summary":"newSummary"}
2017-03-12 19:08:51.129  INFO 6873 --- [nio-9120-exec-3] o.t.k.a.AcceptanceCriteriaService        : modify card:{"elapsedDays":0.0,"stageId":"stage-fooId","summary":"newSummary"}
19:08:51.137 [http-nio-9120-exec-3] INFO  o.t.k.f.logback.SessionInterceptor - remove sessionId.
2017-03-12 19:08:51.137  INFO 6873 --- [nio-9120-exec-3] o.t.k.f.logback.SessionInterceptor       : remove sessionId.
19:08:51.139 [http-nio-9120-exec-3] INFO  o.t.k.f.logback.SessionInterceptor - init session:45e3da1f-0714-11e7-80b3-0014781bc25c
2017-03-12 19:08:51.139  INFO 6873 --- [nio-9120-exec-3] o.t.k.f.logback.SessionInterceptor       : init session:45e3da1f-0714-11e7-80b3-0014781bc25c
19:08:51.139 [http-nio-9120-exec-3] INFO  o.t.k.f.s.i.f.SecurityInterceptor - identification start.userName:someone,uri:/kanban/error/invalidParamsException
2017-03-12 19:08:51.139  INFO 6873 --- [nio-9120-exec-3] o.t.k.f.s.i.filter.SecurityInterceptor   : identification start.userName:someone,uri:/kanban/error/invalidParamsException
19:08:51.139 [http-nio-9120-exec-3] INFO  o.t.k.f.s.a.AuthenticationInterceptor - authentication start.currentURL:/kanban/error/invalidParamsException
2017-03-12 19:08:51.139  INFO 6873 --- [nio-9120-exec-3] o.t.k.f.s.a.AuthenticationInterceptor    : authentication start.currentURL:/kanban/error/invalidParamsException
19:08:51.143 [http-nio-9120-exec-3] INFO  o.t.k.f.logback.SessionInterceptor - remove sessionId.
2017-03-12 19:08:51.143  INFO 6873 --- [nio-9120-exec-3] o.t.k.f.logback.SessionInterceptor       : remove sessionId.
19:08:51.188 [http-nio-9120-exec-4] INFO  o.t.k.f.logback.SessionInterceptor - init session:45eb5430-0714-11e7-80b3-0014781bc25c
2017-03-12 19:08:51.188  INFO 6873 --- [nio-9120-exec-4] o.t.k.f.logback.SessionInterceptor       : init session:45eb5430-0714-11e7-80b3-0014781bc25c
19:08:51.188 [http-nio-9120-exec-4] INFO  o.t.k.f.s.i.f.SecurityInterceptor - identification start.userName:someone,uri:/kanban/boards/boardId-foo/stages/feeId/cards/fooId
2017-03-12 19:08:51.188  INFO 6873 --- [nio-9120-exec-4] o.t.k.f.s.i.filter.SecurityInterceptor   : identification start.userName:someone,uri:/kanban/boards/boardId-foo/stages/feeId/cards/fooId
19:08:51.188 [http-nio-9120-exec-4] INFO  o.t.k.f.s.a.AuthenticationInterceptor - authentication start.currentURL:/kanban/boards/boardId-foo/stages/feeId/cards/fooId
2017-03-12 19:08:51.188  INFO 6873 --- [nio-9120-exec-4] o.t.k.f.s.a.AuthenticationInterceptor    : authentication start.currentURL:/kanban/boards/boardId-foo/stages/feeId/cards/fooId
19:08:51.191 [http-nio-9120-exec-4] INFO  o.t.k.a.AcceptanceCriteriaService - Deleting card.cardId:fooId
2017-03-12 19:08:51.191  INFO 6873 --- [nio-9120-exec-4] o.t.k.a.AcceptanceCriteriaService        : Deleting card.cardId:fooId
19:08:51.193 [http-nio-9120-exec-4] INFO  org.thiki.kanban.card.CardResource - build card resource.board:boardId-foo,stageId:feeId,userName:someone
2017-03-12 19:08:51.193  INFO 6873 --- [nio-9120-exec-4] org.thiki.kanban.card.CardResource       : build card resource.board:boardId-foo,stageId:feeId,userName:someone
19:08:51.196 [http-nio-9120-exec-4] INFO  org.thiki.kanban.card.CardResource - card resource building completed.board:boardId-foo,stageId:feeId,userName:someone
2017-03-12 19:08:51.196  INFO 6873 --- [nio-9120-exec-4] org.thiki.kanban.card.CardResource       : card resource building completed.board:boardId-foo,stageId:feeId,userName:someone
19:08:51.199 [http-nio-9120-exec-4] INFO  o.t.k.f.logback.SessionInterceptor - remove sessionId.
2017-03-12 19:08:51.199  INFO 6873 --- [nio-9120-exec-4] o.t.k.f.logback.SessionInterceptor       : remove sessionId.
19:08:51.226 [http-nio-9120-exec-2] INFO  o.t.k.f.logback.SessionInterceptor - init session:45f12091-0714-11e7-80b3-0014781bc25c
2017-03-12 19:08:51.226  INFO 6873 --- [nio-9120-exec-2] o.t.k.f.logback.SessionInterceptor       : init session:45f12091-0714-11e7-80b3-0014781bc25c
19:08:51.227 [http-nio-9120-exec-2] INFO  o.t.k.f.s.i.f.SecurityInterceptor - identification start.userName:someone,uri:/kanban/boards/boardId-foo/cards
2017-03-12 19:08:51.227  INFO 6873 --- [nio-9120-exec-2] o.t.k.f.s.i.filter.SecurityInterceptor   : identification start.userName:someone,uri:/kanban/boards/boardId-foo/cards
19:08:51.228 [http-nio-9120-exec-2] INFO  o.t.k.f.s.a.AuthenticationInterceptor - authentication start.currentURL:/kanban/boards/boardId-foo/cards
2017-03-12 19:08:51.228  INFO 6873 --- [nio-9120-exec-2] o.t.k.f.s.a.AuthenticationInterceptor    : authentication start.currentURL:/kanban/boards/boardId-foo/cards
19:08:51.237 [http-nio-9120-exec-2] INFO  o.t.k.a.AcceptanceCriteriaService - Creating new card:{"deadline":"2017-03-17 19:08:51","elapsedDays":0.0,"restDays":5,"size":5,"sizeName":"XL","stageId":"stage-fooId","summary":"summary"}
2017-03-12 19:08:51.237  INFO 6873 --- [nio-9120-exec-2] o.t.k.a.AcceptanceCriteriaService        : Creating new card:{"deadline":"2017-03-17 19:08:51","elapsedDays":0.0,"restDays":5,"size":5,"sizeName":"XL","stageId":"stage-fooId","summary":"summary"}
19:08:51.249 [http-nio-9120-exec-2] INFO  o.t.k.a.AcceptanceCriteriaService - Created card:{"author":"someone","code":"H170301","creationTime":"2017-03-12 19:08:51.247000","deadline":"2017-03-17 19:08:51","elapsedDays":0.0,"id":"fooId","modificationTime":"2017-03-12 19:08:51.247000","restDays":5,"size":5,"sizeName":"XL","sortNumber":0,"stageId":"stage-fooId","summary":"summary"}
2017-03-12 19:08:51.249  INFO 6873 --- [nio-9120-exec-2] o.t.k.a.AcceptanceCriteriaService        : Created card:{"author":"someone","code":"H170301","creationTime":"2017-03-12 19:08:51.247000","deadline":"2017-03-17 19:08:51","elapsedDays":0.0,"id":"fooId","modificationTime":"2017-03-12 19:08:51.247000","restDays":5,"size":5,"sizeName":"XL","sortNumber":0,"stageId":"stage-fooId","summary":"summary"}
19:08:51.251 [http-nio-9120-exec-2] INFO  o.t.kanban.activity.ActivityService - Recording operation:{"cardId":"fooId","detail":"{\"author\":\"someone\",\"code\":\"H170301\",\"creationTime\":\"2017-03-12 19:08:51.247000\",\"deadline\":\"2017-03-17 19:08:51\",\"elapsedDays\":0.0,\"id\":\"fooId\",\"modificationTime\":\"2017-03-12 19:08:51.247000\",\"restDays\":5,\"size\":5,\"sizeName\":\"XL\",\"sortNumber\":0,\"stageId\":\"stage-fooId\",\"summary\":\"summary\"}","operationTypeCode":"001","operationTypeName":"卡片创建","stageId":"stage-fooId","stageSnapShot":"{\"archived\":false,\"author\":\"someone\",\"boardId\":\"boardId-foo\",\"creationTime\":\"2017-03-12 19:08:51.210000\",\"id\":\"stage-fooId\",\"inDoneStatus\":false,\"inProcess\":false,\"inSprint\":false,\"modificationTime\":\"2017-03-12 19:08:51.210000\",\"sortNumber\":0,\"status\":0,\"title\":\"this is the first stage.\",\"type\":0,\"wipLimit\":1}","summary":"{\"author\":\"someone\",\"code\":\"H170301\",\"creationTime\":\"2017-03-12 19:08:51.247000\",\"deadline\":\"2017-03-17 19:08:51\",\"elapsedDays\":0.0,\"id\":\"fooId\",\"modificationTime\":\"2017-03-12 19:08:51.247000\",\"restDays\":5,\"size\":5,\"sizeName\":\"XL\",\"sortNumber\":0,\"stageId\":\"stage-fooId\",\"summary\":\"summary\"}","userName":"someone"}
2017-03-12 19:08:51.251  INFO 6873 --- [nio-9120-exec-2] o.thiki.kanban.activity.ActivityService  : Recording operation:{"cardId":"fooId","detail":"{\"author\":\"someone\",\"code\":\"H170301\",\"creationTime\":\"2017-03-12 19:08:51.247000\",\"deadline\":\"2017-03-17 19:08:51\",\"elapsedDays\":0.0,\"id\":\"fooId\",\"modificationTime\":\"2017-03-12 19:08:51.247000\",\"restDays\":5,\"size\":5,\"sizeName\":\"XL\",\"sortNumber\":0,\"stageId\":\"stage-fooId\",\"summary\":\"summary\"}","operationTypeCode":"001","operationTypeName":"卡片创建","stageId":"stage-fooId","stageSnapShot":"{\"archived\":false,\"author\":\"someone\",\"boardId\":\"boardId-foo\",\"creationTime\":\"2017-03-12 19:08:51.210000\",\"id\":\"stage-fooId\",\"inDoneStatus\":false,\"inProcess\":false,\"inSprint\":false,\"modificationTime\":\"2017-03-12 19:08:51.210000\",\"sortNumber\":0,\"status\":0,\"title\":\"this is the first stage.\",\"type\":0,\"wipLimit\":1}","summary":"{\"author\":\"someone\",\"code\":\"H170301\",\"creationTime\":\"2017-03-12 19:08:51.247000\",\"deadline\":\"2017-03-17 19:08:51\",\"elapsedDays\":0.0,\"id\":\"fooId\",\"modificationTime\":\"2017-03-12 19:08:51.247000\",\"restDays\":5,\"size\":5,\"sizeName\":\"XL\",\"sortNumber\":0,\"stageId\":\"stage-fooId\",\"summary\":\"summary\"}","userName":"someone"}
19:08:51.257 [http-nio-9120-exec-2] INFO  org.thiki.kanban.card.CardResource - build card resource.board:boardId-foo,stageId:stage-fooId,userName:someone
2017-03-12 19:08:51.257  INFO 6873 --- [nio-9120-exec-2] org.thiki.kanban.card.CardResource       : build card resource.board:boardId-foo,stageId:stage-fooId,userName:someone
19:08:51.267 [http-nio-9120-exec-2] INFO  org.thiki.kanban.card.CardResource - card resource building completed.board:boardId-foo,stageId:stage-fooId,userName:someone
2017-03-12 19:08:51.267  INFO 6873 --- [nio-9120-exec-2] org.thiki.kanban.card.CardResource       : card resource building completed.board:boardId-foo,stageId:stage-fooId,userName:someone
19:08:51.270 [http-nio-9120-exec-2] INFO  o.t.k.f.logback.SessionInterceptor - remove sessionId.
2017-03-12 19:08:51.270  INFO 6873 --- [nio-9120-exec-2] o.t.k.f.logback.SessionInterceptor       : remove sessionId.
19:08:51.426 [http-nio-9120-exec-6] INFO  o.t.k.f.logback.SessionInterceptor - init session:460fa513-0714-11e7-80b3-0014781bc25c
2017-03-12 19:08:51.426  INFO 6873 --- [nio-9120-exec-6] o.t.k.f.logback.SessionInterceptor       : init session:460fa513-0714-11e7-80b3-0014781bc25c
19:08:51.426 [http-nio-9120-exec-6] INFO  o.t.k.f.s.i.f.SecurityInterceptor - identification start.userName:someone,uri:/kanban/boards/boardId-foo/cards
2017-03-12 19:08:51.426  INFO 6873 --- [nio-9120-exec-6] o.t.k.f.s.i.filter.SecurityInterceptor   : identification start.userName:someone,uri:/kanban/boards/boardId-foo/cards
19:08:51.427 [http-nio-9120-exec-6] INFO  o.t.k.f.s.a.AuthenticationInterceptor - authentication start.currentURL:/kanban/boards/boardId-foo/cards
2017-03-12 19:08:51.427  INFO 6873 --- [nio-9120-exec-6] o.t.k.f.s.a.AuthenticationInterceptor    : authentication start.currentURL:/kanban/boards/boardId-foo/cards
19:08:51.442 [http-nio-9120-exec-6] INFO  o.t.k.f.logback.SessionInterceptor - remove sessionId.
2017-03-12 19:08:51.442  INFO 6873 --- [nio-9120-exec-6] o.t.k.f.logback.SessionInterceptor       : remove sessionId.
19:08:51.444 [http-nio-9120-exec-6] INFO  o.t.k.f.logback.SessionInterceptor - init session:46126434-0714-11e7-80b3-0014781bc25c
2017-03-12 19:08:51.444  INFO 6873 --- [nio-9120-exec-6] o.t.k.f.logback.SessionInterceptor       : init session:46126434-0714-11e7-80b3-0014781bc25c
19:08:51.445 [http-nio-9120-exec-6] INFO  o.t.k.f.s.i.f.SecurityInterceptor - identification start.userName:someone,uri:/kanban/error/invalidParamsException
2017-03-12 19:08:51.445  INFO 6873 --- [nio-9120-exec-6] o.t.k.f.s.i.filter.SecurityInterceptor   : identification start.userName:someone,uri:/kanban/error/invalidParamsException
19:08:51.446 [http-nio-9120-exec-6] INFO  o.t.k.f.s.a.AuthenticationInterceptor - authentication start.currentURL:/kanban/error/invalidParamsException
2017-03-12 19:08:51.446  INFO 6873 --- [nio-9120-exec-6] o.t.k.f.s.a.AuthenticationInterceptor    : authentication start.currentURL:/kanban/error/invalidParamsException
19:08:51.449 [http-nio-9120-exec-6] INFO  o.t.k.f.logback.SessionInterceptor - remove sessionId.
2017-03-12 19:08:51.449  INFO 6873 --- [nio-9120-exec-6] o.t.k.f.logback.SessionInterceptor       : remove sessionId.
19:08:51.494 [http-nio-9120-exec-5] INFO  o.t.k.f.logback.SessionInterceptor - init session:461a0555-0714-11e7-80b3-0014781bc25c
2017-03-12 19:08:51.494  INFO 6873 --- [nio-9120-exec-5] o.t.k.f.logback.SessionInterceptor       : init session:461a0555-0714-11e7-80b3-0014781bc25c
19:08:51.495 [http-nio-9120-exec-5] INFO  o.t.k.f.s.i.f.SecurityInterceptor - identification start.userName:someone,uri:/kanban/boards/boardId-foo/stages/fooId/cards/fooId6
2017-03-12 19:08:51.495  INFO 6873 --- [nio-9120-exec-5] o.t.k.f.s.i.filter.SecurityInterceptor   : identification start.userName:someone,uri:/kanban/boards/boardId-foo/stages/fooId/cards/fooId6
19:08:51.495 [http-nio-9120-exec-5] INFO  o.t.k.f.s.a.AuthenticationInterceptor - authentication start.currentURL:/kanban/boards/boardId-foo/stages/fooId/cards/fooId6
2017-03-12 19:08:51.495  INFO 6873 --- [nio-9120-exec-5] o.t.k.f.s.a.AuthenticationInterceptor    : authentication start.currentURL:/kanban/boards/boardId-foo/stages/fooId/cards/fooId6
19:08:51.504 [http-nio-9120-exec-5] INFO  o.t.k.a.AcceptanceCriteriaService - modify card:{"code":"code-foo","elapsedDays":0.0,"sortNumber":3,"stageId":"fooId","summary":"newSummary"}
2017-03-12 19:08:51.504  INFO 6873 --- [nio-9120-exec-5] o.t.k.a.AcceptanceCriteriaService        : modify card:{"code":"code-foo","elapsedDays":0.0,"sortNumber":3,"stageId":"fooId","summary":"newSummary"}
19:08:51.534 [http-nio-9120-exec-5] INFO  o.t.k.a.AcceptanceCriteriaService - Modified card:{"code":"H170301","creationTime":"2017-03-12 19:08:51.482000","elapsedDays":0.0,"id":"fooId6","modificationTime":"2017-03-12 19:08:51.482000","sortNumber":3,"stageId":"fooId","summary":"newSummary"}
2017-03-12 19:08:51.534  INFO 6873 --- [nio-9120-exec-5] o.t.k.a.AcceptanceCriteriaService        : Modified card:{"code":"H170301","creationTime":"2017-03-12 19:08:51.482000","elapsedDays":0.0,"id":"fooId6","modificationTime":"2017-03-12 19:08:51.482000","sortNumber":3,"stageId":"fooId","summary":"newSummary"}
19:08:51.538 [http-nio-9120-exec-5] INFO  o.t.kanban.activity.ActivityService - Recording operation:{"cardId":"fooId6","detail":"{\"author\":\"1\",\"content\":\"play badminton\",\"creationTime\":\"2017-03-12 19:08:51.482000\",\"elapsedDays\":0.0,\"id\":\"fooId6\",\"modificationTime\":\"2017-03-12 19:08:51.482000\",\"sortNumber\":3,\"stageId\":\"2\",\"summary\":\"this is the card summary.\"}","operationTypeCode":"012","operationTypeName":"卡片挪动","prevStageId":"2","prevStageSnapShot":"","stageId":"fooId","stageSnapShot":"{\"archived\":false,\"author\":\"someone\",\"boardId\":\"board-id-foo\",\"creationTime\":\"2017-03-12 19:08:51.479000\",\"id\":\"fooId\",\"inDoneStatus\":false,\"inProcess\":false,\"inSprint\":false,\"modificationTime\":\"2017-03-12 19:08:51.479000\",\"sortNumber\":0,\"status\":0,\"title\":\"this is the first stage.\",\"type\":0,\"wipLimit\":-1}","summary":"{\"author\":\"1\",\"content\":\"play badminton\",\"creationTime\":\"2017-03-12 19:08:51.482000\",\"elapsedDays\":0.0,\"id\":\"fooId6\",\"modificationTime\":\"2017-03-12 19:08:51.482000\",\"sortNumber\":3,\"stageId\":\"2\",\"summary\":\"this is the card summary.\"}","userName":"someone"}
2017-03-12 19:08:51.538  INFO 6873 --- [nio-9120-exec-5] o.thiki.kanban.activity.ActivityService  : Recording operation:{"cardId":"fooId6","detail":"{\"author\":\"1\",\"content\":\"play badminton\",\"creationTime\":\"2017-03-12 19:08:51.482000\",\"elapsedDays\":0.0,\"id\":\"fooId6\",\"modificationTime\":\"2017-03-12 19:08:51.482000\",\"sortNumber\":3,\"stageId\":\"2\",\"summary\":\"this is the card summary.\"}","operationTypeCode":"012","operationTypeName":"卡片挪动","prevStageId":"2","prevStageSnapShot":"","stageId":"fooId","stageSnapShot":"{\"archived\":false,\"author\":\"someone\",\"boardId\":\"board-id-foo\",\"creationTime\":\"2017-03-12 19:08:51.479000\",\"id\":\"fooId\",\"inDoneStatus\":false,\"inProcess\":false,\"inSprint\":false,\"modificationTime\":\"2017-03-12 19:08:51.479000\",\"sortNumber\":0,\"status\":0,\"title\":\"this is the first stage.\",\"type\":0,\"wipLimit\":-1}","summary":"{\"author\":\"1\",\"content\":\"play badminton\",\"creationTime\":\"2017-03-12 19:08:51.482000\",\"elapsedDays\":0.0,\"id\":\"fooId6\",\"modificationTime\":\"2017-03-12 19:08:51.482000\",\"sortNumber\":3,\"stageId\":\"2\",\"summary\":\"this is the card summary.\"}","userName":"someone"}
19:08:51.545 [http-nio-9120-exec-5] INFO  org.thiki.kanban.card.CardResource - build card resource.board:boardId-foo,stageId:fooId,userName:someone
2017-03-12 19:08:51.545  INFO 6873 --- [nio-9120-exec-5] org.thiki.kanban.card.CardResource       : build card resource.board:boardId-foo,stageId:fooId,userName:someone
19:08:51.559 [http-nio-9120-exec-5] INFO  org.thiki.kanban.card.CardResource - card resource building completed.board:boardId-foo,stageId:fooId,userName:someone
2017-03-12 19:08:51.559  INFO 6873 --- [nio-9120-exec-5] org.thiki.kanban.card.CardResource       : card resource building completed.board:boardId-foo,stageId:fooId,userName:someone
19:08:51.577 [http-nio-9120-exec-5] INFO  o.t.k.f.logback.SessionInterceptor - remove sessionId.
2017-03-12 19:08:51.577  INFO 6873 --- [nio-9120-exec-5] o.t.k.f.logback.SessionInterceptor       : remove sessionId.
]]></system-out>
  <system-err><![CDATA[]]></system-err>
</testsuite>
