<?xml version="1.0" encoding="UTF-8"?>
<testsuite name="org.thiki.kanban.user.AvatarTest" tests="5" skipped="0" failures="0" errors="0" timestamp="2017-03-12T11:08:56" hostname="wisdom-HP" time="0.428">
  <properties/>
  <testcase name="loadAvatar" classname="org.thiki.kanban.user.AvatarTest" time="0.143"/>
  <testcase name="nowAllowedIfAvatarWasTooBig" classname="org.thiki.kanban.user.AvatarTest" time="0.056"/>
  <testcase name="nowAllowedIfAvatarWasNull" classname="org.thiki.kanban.user.AvatarTest" time="0.046"/>
  <testcase name="loadDefaultAvatar" classname="org.thiki.kanban.user.AvatarTest" time="0.118"/>
  <testcase name="uploadAvatar" classname="org.thiki.kanban.user.AvatarTest" time="0.061"/>
  <system-out><![CDATA[2017-03-12 19:08:56.702  INFO 6873 --- [    Test worker] o.s.t.c.support.AbstractContextLoader    : Could not detect default resource locations for test class [org.thiki.kanban.TestBase]: no resource found for suffixes {-context.xml, Context.groovy}.
2017-03-12 19:08:56.708  INFO 6873 --- [    Test worker] WebAppIntegrationTestContextBootstrapper : Loaded default TestExecutionListener class names from location [META-INF/spring.factories]: [org.springframework.test.context.web.ServletTestExecutionListener, org.springframework.test.context.support.DirtiesContextBeforeModesTestExecutionListener, org.springframework.test.context.support.DependencyInjectionTestExecutionListener, org.springframework.test.context.support.DirtiesContextTestExecutionListener, org.springframework.test.context.transaction.TransactionalTestExecutionListener, org.springframework.test.context.jdbc.SqlScriptsTestExecutionListener, org.springframework.boot.test.mock.mockito.MockitoTestExecutionListener, org.springframework.boot.test.mock.mockito.ResetMocksTestExecutionListener, org.springframework.boot.test.autoconfigure.restdocs.RestDocsTestExecutionListener, org.springframework.boot.test.autoconfigure.web.client.MockRestServiceServerResetTestExecutionListener, org.springframework.boot.test.autoconfigure.web.servlet.MockMvcPrintOnlyOnFailureTestExecutionListener, org.springframework.boot.test.autoconfigure.web.servlet.WebDriverTestExecutionListener]
2017-03-12 19:08:56.708  INFO 6873 --- [    Test worker] WebAppIntegrationTestContextBootstrapper : Using TestExecutionListeners: [org.springframework.test.context.web.ServletTestExecutionListener@3f58398d, org.springframework.test.context.support.DirtiesContextBeforeModesTestExecutionListener@234cc1c7, org.springframework.test.context.support.DependencyInjectionTestExecutionListener@5e55a2b3, org.springframework.test.context.support.DirtiesContextTestExecutionListener@3db4fc6f, org.springframework.test.context.transaction.TransactionalTestExecutionListener@435e2e05, org.springframework.test.context.jdbc.SqlScriptsTestExecutionListener@6d98d50, org.springframework.boot.test.autoconfigure.web.servlet.MockMvcPrintOnlyOnFailureTestExecutionListener@756af702, org.springframework.boot.test.autoconfigure.web.servlet.WebDriverTestExecutionListener@6f273a44, org.springframework.boot.test.autoconfigure.web.client.MockRestServiceServerResetTestExecutionListener@5d3b0fa3, org.springframework.boot.test.mock.mockito.MockitoTestExecutionListener@1742aa59, org.springframework.boot.test.mock.mockito.ResetMocksTestExecutionListener@35329d54, org.springframework.boot.test.autoconfigure.restdocs.RestDocsTestExecutionListener@631164ac]
19:08:56.816 [http-nio-9120-exec-22] INFO  o.t.k.f.logback.SessionInterceptor - init session:49461740-0714-11e7-80b3-0014781bc25c
2017-03-12 19:08:56.816  INFO 6873 --- [io-9120-exec-22] o.t.k.f.logback.SessionInterceptor       : init session:49461740-0714-11e7-80b3-0014781bc25c
19:08:56.816 [http-nio-9120-exec-22] INFO  o.t.k.f.s.i.f.SecurityInterceptor - identification start.userName:someone,uri:/kanban/users/someone/avatar
2017-03-12 19:08:56.816  INFO 6873 --- [io-9120-exec-22] o.t.k.f.s.i.filter.SecurityInterceptor   : identification start.userName:someone,uri:/kanban/users/someone/avatar
19:08:56.816 [http-nio-9120-exec-22] INFO  o.t.k.f.s.a.AuthenticationInterceptor - authentication start.currentURL:/kanban/users/someone/avatar
2017-03-12 19:08:56.816  INFO 6873 --- [io-9120-exec-22] o.t.k.f.s.a.AuthenticationInterceptor    : authentication start.currentURL:/kanban/users/someone/avatar
19:08:56.821 [http-nio-9120-exec-22] INFO  o.t.k.user.profile.AvatarStorage - store avatar,user:someone
2017-03-12 19:08:56.821  INFO 6873 --- [io-9120-exec-22] o.t.kanban.user.profile.AvatarStorage    : store avatar,user:someone
19:08:56.827 [http-nio-9120-exec-22] INFO  o.t.k.f.logback.SessionInterceptor - remove sessionId.
2017-03-12 19:08:56.827  INFO 6873 --- [io-9120-exec-22] o.t.k.f.logback.SessionInterceptor       : remove sessionId.
19:08:56.837 [http-nio-9120-exec-20] INFO  o.t.k.f.logback.SessionInterceptor - init session:49494b91-0714-11e7-80b3-0014781bc25c
2017-03-12 19:08:56.837  INFO 6873 --- [io-9120-exec-20] o.t.k.f.logback.SessionInterceptor       : init session:49494b91-0714-11e7-80b3-0014781bc25c
19:08:56.838 [http-nio-9120-exec-20] INFO  o.t.k.f.s.i.f.SecurityInterceptor - identification start.userName:someone,uri:/kanban/users/someone/avatar
2017-03-12 19:08:56.838  INFO 6873 --- [io-9120-exec-20] o.t.k.f.s.i.filter.SecurityInterceptor   : identification start.userName:someone,uri:/kanban/users/someone/avatar
19:08:56.838 [http-nio-9120-exec-20] INFO  o.t.k.f.s.a.AuthenticationInterceptor - authentication start.currentURL:/kanban/users/someone/avatar
2017-03-12 19:08:56.838  INFO 6873 --- [io-9120-exec-20] o.t.k.f.s.a.AuthenticationInterceptor    : authentication start.currentURL:/kanban/users/someone/avatar
19:08:56.842 [http-nio-9120-exec-20] INFO  org.thiki.kanban.user.UsersService - load avatar by userName:someone
2017-03-12 19:08:56.842  INFO 6873 --- [io-9120-exec-20] org.thiki.kanban.user.UsersService       : load avatar by userName:someone
19:08:56.845 [http-nio-9120-exec-20] INFO  o.t.k.user.profile.AvatarStorage - load avatar,avatarName:someone.jpg
2017-03-12 19:08:56.845  INFO 6873 --- [io-9120-exec-20] o.t.kanban.user.profile.AvatarStorage    : load avatar,avatarName:someone.jpg
2017-03-12 19:08:56.847  WARN 6873 --- [    Test worker] SpecificationImpl$RestAssuredHttpBuilder : Could not parse content-type: Response does not have a content-type header
19:08:56.847 [http-nio-9120-exec-20] INFO  o.t.k.f.logback.SessionInterceptor - remove sessionId.
2017-03-12 19:08:56.847  INFO 6873 --- [io-9120-exec-20] o.t.k.f.logback.SessionInterceptor       : remove sessionId.
19:08:56.882 [http-nio-9120-exec-23] INFO  o.t.k.f.logback.SessionInterceptor - init session:49502962-0714-11e7-80b3-0014781bc25c
2017-03-12 19:08:56.882  INFO 6873 --- [io-9120-exec-23] o.t.k.f.logback.SessionInterceptor       : init session:49502962-0714-11e7-80b3-0014781bc25c
19:08:56.882 [http-nio-9120-exec-23] INFO  o.t.k.f.s.i.f.SecurityInterceptor - identification start.userName:someone,uri:/kanban/users/someone/avatar
2017-03-12 19:08:56.882  INFO 6873 --- [io-9120-exec-23] o.t.k.f.s.i.filter.SecurityInterceptor   : identification start.userName:someone,uri:/kanban/users/someone/avatar
19:08:56.883 [http-nio-9120-exec-23] INFO  o.t.k.f.s.a.AuthenticationInterceptor - authentication start.currentURL:/kanban/users/someone/avatar
2017-03-12 19:08:56.883  INFO 6873 --- [io-9120-exec-23] o.t.k.f.s.a.AuthenticationInterceptor    : authentication start.currentURL:/kanban/users/someone/avatar
19:08:56.885 [http-nio-9120-exec-23] INFO  o.t.k.f.logback.SessionInterceptor - remove sessionId.
2017-03-12 19:08:56.885  INFO 6873 --- [io-9120-exec-23] o.t.k.f.logback.SessionInterceptor       : remove sessionId.
19:08:56.888 [http-nio-9120-exec-23] INFO  o.t.k.f.logback.SessionInterceptor - init session:495113c3-0714-11e7-80b3-0014781bc25c
2017-03-12 19:08:56.888  INFO 6873 --- [io-9120-exec-23] o.t.k.f.logback.SessionInterceptor       : init session:495113c3-0714-11e7-80b3-0014781bc25c
19:08:56.888 [http-nio-9120-exec-23] INFO  o.t.k.f.s.i.f.SecurityInterceptor - identification start.userName:someone,uri:/kanban/error/invalidParamsException
2017-03-12 19:08:56.888  INFO 6873 --- [io-9120-exec-23] o.t.k.f.s.i.filter.SecurityInterceptor   : identification start.userName:someone,uri:/kanban/error/invalidParamsException
19:08:56.889 [http-nio-9120-exec-23] INFO  o.t.k.f.s.a.AuthenticationInterceptor - authentication start.currentURL:/kanban/error/invalidParamsException
2017-03-12 19:08:56.889  INFO 6873 --- [io-9120-exec-23] o.t.k.f.s.a.AuthenticationInterceptor    : authentication start.currentURL:/kanban/error/invalidParamsException
19:08:56.890 [http-nio-9120-exec-23] INFO  o.t.k.f.logback.SessionInterceptor - remove sessionId.
2017-03-12 19:08:56.890  INFO 6873 --- [io-9120-exec-23] o.t.k.f.logback.SessionInterceptor       : remove sessionId.
19:08:56.927 [http-nio-9120-exec-8] INFO  o.t.k.f.logback.SessionInterceptor - init session:49570734-0714-11e7-80b3-0014781bc25c
2017-03-12 19:08:56.927  INFO 6873 --- [nio-9120-exec-8] o.t.k.f.logback.SessionInterceptor       : init session:49570734-0714-11e7-80b3-0014781bc25c
19:08:56.928 [http-nio-9120-exec-8] INFO  o.t.k.f.s.i.f.SecurityInterceptor - identification start.userName:someone,uri:/kanban/users/someone/avatar
2017-03-12 19:08:56.928  INFO 6873 --- [nio-9120-exec-8] o.t.k.f.s.i.filter.SecurityInterceptor   : identification start.userName:someone,uri:/kanban/users/someone/avatar
19:08:56.928 [http-nio-9120-exec-8] INFO  o.t.k.f.s.a.AuthenticationInterceptor - authentication start.currentURL:/kanban/users/someone/avatar
2017-03-12 19:08:56.928  INFO 6873 --- [nio-9120-exec-8] o.t.k.f.s.a.AuthenticationInterceptor    : authentication start.currentURL:/kanban/users/someone/avatar
19:08:56.929 [http-nio-9120-exec-8] INFO  o.t.k.f.logback.SessionInterceptor - remove sessionId.
2017-03-12 19:08:56.929  INFO 6873 --- [nio-9120-exec-8] o.t.k.f.logback.SessionInterceptor       : remove sessionId.
19:08:56.932 [http-nio-9120-exec-8] INFO  o.t.k.f.logback.SessionInterceptor - init session:4957ca85-0714-11e7-80b3-0014781bc25c
2017-03-12 19:08:56.932  INFO 6873 --- [nio-9120-exec-8] o.t.k.f.logback.SessionInterceptor       : init session:4957ca85-0714-11e7-80b3-0014781bc25c
19:08:56.933 [http-nio-9120-exec-8] INFO  o.t.k.f.s.i.f.SecurityInterceptor - identification start.userName:someone,uri:/kanban/error/invalidParamsException
2017-03-12 19:08:56.933  INFO 6873 --- [nio-9120-exec-8] o.t.k.f.s.i.filter.SecurityInterceptor   : identification start.userName:someone,uri:/kanban/error/invalidParamsException
19:08:56.933 [http-nio-9120-exec-8] INFO  o.t.k.f.s.a.AuthenticationInterceptor - authentication start.currentURL:/kanban/error/invalidParamsException
2017-03-12 19:08:56.933  INFO 6873 --- [nio-9120-exec-8] o.t.k.f.s.a.AuthenticationInterceptor    : authentication start.currentURL:/kanban/error/invalidParamsException
19:08:56.938 [http-nio-9120-exec-8] INFO  o.t.k.f.logback.SessionInterceptor - remove sessionId.
2017-03-12 19:08:56.938  INFO 6873 --- [nio-9120-exec-8] o.t.k.f.logback.SessionInterceptor       : remove sessionId.
19:08:56.978 [http-nio-9120-exec-10] INFO  o.t.k.f.logback.SessionInterceptor - init session:495ecf66-0714-11e7-80b3-0014781bc25c
2017-03-12 19:08:56.978  INFO 6873 --- [io-9120-exec-10] o.t.k.f.logback.SessionInterceptor       : init session:495ecf66-0714-11e7-80b3-0014781bc25c
19:08:56.978 [http-nio-9120-exec-10] INFO  o.t.k.f.s.i.f.SecurityInterceptor - identification start.userName:someone,uri:/kanban/users/someone/avatar
2017-03-12 19:08:56.978  INFO 6873 --- [io-9120-exec-10] o.t.k.f.s.i.filter.SecurityInterceptor   : identification start.userName:someone,uri:/kanban/users/someone/avatar
19:08:56.978 [http-nio-9120-exec-10] INFO  o.t.k.f.s.a.AuthenticationInterceptor - authentication start.currentURL:/kanban/users/someone/avatar
2017-03-12 19:08:56.978  INFO 6873 --- [io-9120-exec-10] o.t.k.f.s.a.AuthenticationInterceptor    : authentication start.currentURL:/kanban/users/someone/avatar
19:08:56.979 [http-nio-9120-exec-10] INFO  o.t.k.user.profile.AvatarStorage - store avatar,user:someone
2017-03-12 19:08:56.979  INFO 6873 --- [io-9120-exec-10] o.t.kanban.user.profile.AvatarStorage    : store avatar,user:someone
19:08:56.985 [http-nio-9120-exec-10] INFO  o.t.k.f.logback.SessionInterceptor - remove sessionId.
2017-03-12 19:08:56.985  INFO 6873 --- [io-9120-exec-10] o.t.k.f.logback.SessionInterceptor       : remove sessionId.
19:08:57.064 [http-nio-9120-exec-9] INFO  o.t.k.f.logback.SessionInterceptor - init session:496beec7-0714-11e7-80b3-0014781bc25c
2017-03-12 19:08:57.064  INFO 6873 --- [nio-9120-exec-9] o.t.k.f.logback.SessionInterceptor       : init session:496beec7-0714-11e7-80b3-0014781bc25c
19:08:57.064 [http-nio-9120-exec-9] INFO  o.t.k.f.s.i.f.SecurityInterceptor - identification start.userName:someone,uri:/kanban/users/someone/avatar
2017-03-12 19:08:57.064  INFO 6873 --- [nio-9120-exec-9] o.t.k.f.s.i.filter.SecurityInterceptor   : identification start.userName:someone,uri:/kanban/users/someone/avatar
19:08:57.065 [http-nio-9120-exec-9] INFO  o.t.k.f.s.a.AuthenticationInterceptor - authentication start.currentURL:/kanban/users/someone/avatar
2017-03-12 19:08:57.065  INFO 6873 --- [nio-9120-exec-9] o.t.k.f.s.a.AuthenticationInterceptor    : authentication start.currentURL:/kanban/users/someone/avatar
19:08:57.065 [http-nio-9120-exec-9] INFO  org.thiki.kanban.user.UsersService - load avatar by userName:someone
2017-03-12 19:08:57.065  INFO 6873 --- [nio-9120-exec-9] org.thiki.kanban.user.UsersService       : load avatar by userName:someone
19:08:57.071 [http-nio-9120-exec-9] INFO  o.t.k.user.profile.AvatarStorage - load avatar,avatarName:someone.png
2017-03-12 19:08:57.071  INFO 6873 --- [nio-9120-exec-9] o.t.kanban.user.profile.AvatarStorage    : load avatar,avatarName:someone.png
2017-03-12 19:08:57.072  WARN 6873 --- [    Test worker] SpecificationImpl$RestAssuredHttpBuilder : Could not parse content-type: Response does not have a content-type header
19:08:57.072 [http-nio-9120-exec-9] INFO  o.t.k.f.logback.SessionInterceptor - remove sessionId.
2017-03-12 19:08:57.072  INFO 6873 --- [nio-9120-exec-9] o.t.k.f.logback.SessionInterceptor       : remove sessionId.
19:08:57.094 [http-nio-9120-exec-2] INFO  o.t.k.f.logback.SessionInterceptor - init session:497082a8-0714-11e7-80b3-0014781bc25c
2017-03-12 19:08:57.094  INFO 6873 --- [nio-9120-exec-2] o.t.k.f.logback.SessionInterceptor       : init session:497082a8-0714-11e7-80b3-0014781bc25c
19:08:57.095 [http-nio-9120-exec-2] INFO  o.t.k.f.s.i.f.SecurityInterceptor - identification start.userName:someone,uri:/kanban/users/someone/avatar
2017-03-12 19:08:57.095  INFO 6873 --- [nio-9120-exec-2] o.t.k.f.s.i.filter.SecurityInterceptor   : identification start.userName:someone,uri:/kanban/users/someone/avatar
19:08:57.095 [http-nio-9120-exec-2] INFO  o.t.k.f.s.a.AuthenticationInterceptor - authentication start.currentURL:/kanban/users/someone/avatar
2017-03-12 19:08:57.095  INFO 6873 --- [nio-9120-exec-2] o.t.k.f.s.a.AuthenticationInterceptor    : authentication start.currentURL:/kanban/users/someone/avatar
19:08:57.096 [http-nio-9120-exec-2] INFO  o.t.k.user.profile.AvatarStorage - store avatar,user:someone
2017-03-12 19:08:57.096  INFO 6873 --- [nio-9120-exec-2] o.t.kanban.user.profile.AvatarStorage    : store avatar,user:someone
19:08:57.103 [http-nio-9120-exec-2] INFO  o.t.k.f.logback.SessionInterceptor - remove sessionId.
2017-03-12 19:08:57.103  INFO 6873 --- [nio-9120-exec-2] o.t.k.f.logback.SessionInterceptor       : remove sessionId.
]]></system-out>
  <system-err><![CDATA[]]></system-err>
</testsuite>
