<?xml version="1.0" encoding="UTF-8"?>
<testsuite name="org.thiki.kanban.assignment.AssignmentControllerTest" tests="3" skipped="0" failures="0" errors="0" timestamp="2017-03-03T13:40:48" hostname="wisdom-HP" time="0.422">
  <properties/>
  <testcase name="findByCardId_shouldReturnAssignmentsSuccessfully" classname="org.thiki.kanban.assignment.AssignmentControllerTest" time="0.198"/>
  <testcase name="should_not_allowed_if_card_is_archived" classname="org.thiki.kanban.assignment.AssignmentControllerTest" time="0.086"/>
  <testcase name="assign_shouldReturn201WhenAssigningSuccessfully" classname="org.thiki.kanban.assignment.AssignmentControllerTest" time="0.135"/>
  <system-out><![CDATA[2017-03-03 21:40:48.012  INFO 6131 --- [    Test worker] o.s.t.c.support.AbstractContextLoader    : Could not detect default resource locations for test class [org.thiki.kanban.TestBase]: no resource found for suffixes {-context.xml, Context.groovy}.
2017-03-03 21:40:48.016  INFO 6131 --- [    Test worker] WebAppIntegrationTestContextBootstrapper : Loaded default TestExecutionListener class names from location [META-INF/spring.factories]: [org.springframework.test.context.web.ServletTestExecutionListener, org.springframework.test.context.support.DirtiesContextBeforeModesTestExecutionListener, org.springframework.test.context.support.DependencyInjectionTestExecutionListener, org.springframework.test.context.support.DirtiesContextTestExecutionListener, org.springframework.test.context.transaction.TransactionalTestExecutionListener, org.springframework.test.context.jdbc.SqlScriptsTestExecutionListener, org.springframework.boot.test.mock.mockito.MockitoTestExecutionListener, org.springframework.boot.test.mock.mockito.ResetMocksTestExecutionListener]
2017-03-03 21:40:48.018  INFO 6131 --- [    Test worker] WebAppIntegrationTestContextBootstrapper : Using TestExecutionListeners: [org.springframework.test.context.web.ServletTestExecutionListener@2ae0a6fb, org.springframework.test.context.support.DirtiesContextBeforeModesTestExecutionListener@68c6029f, org.springframework.test.context.support.DependencyInjectionTestExecutionListener@16342d5e, org.springframework.test.context.support.DirtiesContextTestExecutionListener@42559661, org.springframework.test.context.transaction.TransactionalTestExecutionListener@6d2d37ae, org.springframework.test.context.jdbc.SqlScriptsTestExecutionListener@3527026e, org.springframework.boot.test.mock.mockito.ResetMocksTestExecutionListener@2ce8749, org.springframework.boot.test.mock.mockito.MockitoTestExecutionListener@6cc6efef]
21:40:48.048 [http-nio-9120-exec-1] INFO  o.t.k.f.logback.SessionInterceptor - init session:0246032a-0017-11e7-af8b-0014781bc25c
2017-03-03 21:40:48.048  INFO 6131 --- [nio-9120-exec-1] o.t.k.f.logback.SessionInterceptor       : init session:0246032a-0017-11e7-af8b-0014781bc25c
21:40:48.048 [http-nio-9120-exec-1] INFO  o.t.k.f.s.i.f.SecurityInterceptor - identification start.userName:authorId-foo,uri:/kanban/boards/boardId-foo/stages/1/cards/cardId-foo/assignments
2017-03-03 21:40:48.048  INFO 6131 --- [nio-9120-exec-1] o.t.k.f.s.i.filter.SecurityInterceptor   : identification start.userName:authorId-foo,uri:/kanban/boards/boardId-foo/stages/1/cards/cardId-foo/assignments
21:40:48.049 [http-nio-9120-exec-1] INFO  o.t.k.f.s.a.AuthenticationInterceptor - authentication start.currentURL:/kanban/boards/boardId-foo/stages/1/cards/cardId-foo/assignments
2017-03-03 21:40:48.049  INFO 6131 --- [nio-9120-exec-1] o.t.k.f.s.a.AuthenticationInterceptor    : authentication start.currentURL:/kanban/boards/boardId-foo/stages/1/cards/cardId-foo/assignments
21:40:48.072 [http-nio-9120-exec-1] INFO  o.t.k.a.AssignmentController - Loading assignments by board [boardId-foo]
2017-03-03 21:40:48.072  INFO 6131 --- [nio-9120-exec-1] o.t.k.assignment.AssignmentController    : Loading assignments by board [boardId-foo]
21:40:48.078 [http-nio-9120-exec-1] INFO  o.t.k.assignment.AssignmentService - Loading assignments of the card:cardId-foo
2017-03-03 21:40:48.078  INFO 6131 --- [nio-9120-exec-1] o.t.kanban.assignment.AssignmentService  : Loading assignments of the card:cardId-foo
21:40:48.081 [http-nio-9120-exec-1] INFO  o.t.k.assignment.AssignmentService - The assignments of the card [cardId-foo] are [{"assignee":"assigneeId-foo","assigner":"assignerId-foo","author":"authorId-foo","cardId":"cardId-foo","id":"fooId","name":"徐濤"}]
2017-03-03 21:40:48.081  INFO 6131 --- [nio-9120-exec-1] o.t.kanban.assignment.AssignmentService  : The assignments of the card [cardId-foo] are [{"assignee":"assigneeId-foo","assigner":"assignerId-foo","author":"authorId-foo","cardId":"cardId-foo","id":"fooId","name":"徐濤"}]
21:40:48.088 [http-nio-9120-exec-1] INFO  o.t.k.assignment.AssignmentsResource - build assignments resource.boardId:boardId-foo,stageId:1,cardId:cardId-foo,userName:authorId-foo
2017-03-03 21:40:48.088  INFO 6131 --- [nio-9120-exec-1] o.t.k.assignment.AssignmentsResource     : build assignments resource.boardId:boardId-foo,stageId:1,cardId:cardId-foo,userName:authorId-foo
21:40:48.088 [http-nio-9120-exec-1] INFO  o.t.k.assignment.AssignmentResource - build assignment resource.boardId:boardId-foo,stageId:1,cardId:cardId-foo,userName:authorId-foo
2017-03-03 21:40:48.088  INFO 6131 --- [nio-9120-exec-1] o.t.k.assignment.AssignmentResource      : build assignment resource.boardId:boardId-foo,stageId:1,cardId:cardId-foo,userName:authorId-foo
21:40:48.100 [http-nio-9120-exec-1] INFO  o.t.k.assignment.AssignmentResource - assignment resource building completed.boardId:boardId-foo,stageId:1,cardId:cardId-foo,userName:authorId-foo
2017-03-03 21:40:48.100  INFO 6131 --- [nio-9120-exec-1] o.t.k.assignment.AssignmentResource      : assignment resource building completed.boardId:boardId-foo,stageId:1,cardId:cardId-foo,userName:authorId-foo
21:40:48.104 [http-nio-9120-exec-1] INFO  o.t.k.assignment.AssignmentsResource - assignments resource building completed.boardId:boardId-foo,stageId:1,cardId:cardId-foo,userName:authorId-foo
2017-03-03 21:40:48.104  INFO 6131 --- [nio-9120-exec-1] o.t.k.assignment.AssignmentsResource     : assignments resource building completed.boardId:boardId-foo,stageId:1,cardId:cardId-foo,userName:authorId-foo
21:40:48.111 [http-nio-9120-exec-1] INFO  o.t.k.f.logback.SessionInterceptor - remove sessionId.
2017-03-03 21:40:48.111  INFO 6131 --- [nio-9120-exec-1] o.t.k.f.logback.SessionInterceptor       : remove sessionId.
21:40:48.244 [http-nio-9120-exec-2] INFO  o.t.k.f.logback.SessionInterceptor - init session:0263eb6b-0017-11e7-af8b-0014781bc25c
2017-03-03 21:40:48.244  INFO 6131 --- [nio-9120-exec-2] o.t.k.f.logback.SessionInterceptor       : init session:0263eb6b-0017-11e7-af8b-0014781bc25c
21:40:48.245 [http-nio-9120-exec-2] INFO  o.t.k.f.s.i.f.SecurityInterceptor - identification start.userName:authorId-foo,uri:/kanban/boards/boardId-foo/stages/stage-fooId/cards/card-fooId/assignments
2017-03-03 21:40:48.245  INFO 6131 --- [nio-9120-exec-2] o.t.k.f.s.i.filter.SecurityInterceptor   : identification start.userName:authorId-foo,uri:/kanban/boards/boardId-foo/stages/stage-fooId/cards/card-fooId/assignments
21:40:48.245 [http-nio-9120-exec-2] INFO  o.t.k.f.s.a.AuthenticationInterceptor - authentication start.currentURL:/kanban/boards/boardId-foo/stages/stage-fooId/cards/card-fooId/assignments
2017-03-03 21:40:48.245  INFO 6131 --- [nio-9120-exec-2] o.t.k.f.s.a.AuthenticationInterceptor    : authentication start.currentURL:/kanban/boards/boardId-foo/stages/stage-fooId/cards/card-fooId/assignments
21:40:48.267 [http-nio-9120-exec-2] INFO  o.t.k.assignment.AssignmentService - Assigning card.assignments:[{"assignee":"assigneeId","assigner":"assignerId"}],cardId:card-fooId,userName:authorId-foo
2017-03-03 21:40:48.267  INFO 6131 --- [nio-9120-exec-2] o.t.kanban.assignment.AssignmentService  : Assigning card.assignments:[{"assignee":"assigneeId","assigner":"assignerId"}],cardId:card-fooId,userName:authorId-foo
21:40:48.279 [http-nio-9120-exec-2] INFO  o.t.k.f.logback.SessionInterceptor - remove sessionId.
2017-03-03 21:40:48.279  INFO 6131 --- [nio-9120-exec-2] o.t.k.f.logback.SessionInterceptor       : remove sessionId.
21:40:48.282 [http-nio-9120-exec-2] INFO  o.t.k.f.logback.SessionInterceptor - init session:0269b7cc-0017-11e7-af8b-0014781bc25c
2017-03-03 21:40:48.282  INFO 6131 --- [nio-9120-exec-2] o.t.k.f.logback.SessionInterceptor       : init session:0269b7cc-0017-11e7-af8b-0014781bc25c
21:40:48.282 [http-nio-9120-exec-2] INFO  o.t.k.f.s.i.f.SecurityInterceptor - identification start.userName:authorId-foo,uri:/kanban/error/invalidParamsException
2017-03-03 21:40:48.282  INFO 6131 --- [nio-9120-exec-2] o.t.k.f.s.i.filter.SecurityInterceptor   : identification start.userName:authorId-foo,uri:/kanban/error/invalidParamsException
21:40:48.282 [http-nio-9120-exec-2] INFO  o.t.k.f.s.a.AuthenticationInterceptor - authentication start.currentURL:/kanban/error/invalidParamsException
2017-03-03 21:40:48.282  INFO 6131 --- [nio-9120-exec-2] o.t.k.f.s.a.AuthenticationInterceptor    : authentication start.currentURL:/kanban/error/invalidParamsException
21:40:48.286 [http-nio-9120-exec-2] INFO  o.t.k.f.logback.SessionInterceptor - remove sessionId.
2017-03-03 21:40:48.286  INFO 6131 --- [nio-9120-exec-2] o.t.k.f.logback.SessionInterceptor       : remove sessionId.
21:40:48.330 [http-nio-9120-exec-3] INFO  o.t.k.f.logback.SessionInterceptor - init session:02710acd-0017-11e7-af8b-0014781bc25c
2017-03-03 21:40:48.330  INFO 6131 --- [nio-9120-exec-3] o.t.k.f.logback.SessionInterceptor       : init session:02710acd-0017-11e7-af8b-0014781bc25c
21:40:48.331 [http-nio-9120-exec-3] INFO  o.t.k.f.s.i.f.SecurityInterceptor - identification start.userName:someone,uri:/kanban/boards/boardId-foo/stages/stage-fooId/cards/card-fooId/assignments
2017-03-03 21:40:48.331  INFO 6131 --- [nio-9120-exec-3] o.t.k.f.s.i.filter.SecurityInterceptor   : identification start.userName:someone,uri:/kanban/boards/boardId-foo/stages/stage-fooId/cards/card-fooId/assignments
21:40:48.331 [http-nio-9120-exec-3] INFO  o.t.k.f.s.a.AuthenticationInterceptor - authentication start.currentURL:/kanban/boards/boardId-foo/stages/stage-fooId/cards/card-fooId/assignments
2017-03-03 21:40:48.331  INFO 6131 --- [nio-9120-exec-3] o.t.k.f.s.a.AuthenticationInterceptor    : authentication start.currentURL:/kanban/boards/boardId-foo/stages/stage-fooId/cards/card-fooId/assignments
21:40:48.352 [http-nio-9120-exec-3] INFO  o.t.k.assignment.AssignmentService - Assigning card.assignments:[{"assignee":"assigneeId","assigner":"assignerId"}],cardId:card-fooId,userName:someone
2017-03-03 21:40:48.352  INFO 6131 --- [nio-9120-exec-3] o.t.kanban.assignment.AssignmentService  : Assigning card.assignments:[{"assignee":"assigneeId","assigner":"assignerId"}],cardId:card-fooId,userName:someone
21:40:48.356 [http-nio-9120-exec-3] INFO  o.t.k.assignment.AssignmentService - Loading assignments of the card:card-fooId
2017-03-03 21:40:48.356  INFO 6131 --- [nio-9120-exec-3] o.t.kanban.assignment.AssignmentService  : Loading assignments of the card:card-fooId
21:40:48.357 [http-nio-9120-exec-3] INFO  o.t.k.assignment.AssignmentService - The assignments of the card [card-fooId] are []
2017-03-03 21:40:48.357  INFO 6131 --- [nio-9120-exec-3] o.t.kanban.assignment.AssignmentService  : The assignments of the card [card-fooId] are []
21:40:48.363 [http-nio-9120-exec-3] INFO  o.t.k.assignment.AssignmentService - Assigned card successfully.savedAssignments:[{"assignee":"assigneeId","assigner":"assignerId","author":"someone","cardId":"card-fooId","id":"fooId"}]
2017-03-03 21:40:48.363  INFO 6131 --- [nio-9120-exec-3] o.t.kanban.assignment.AssignmentService  : Assigned card successfully.savedAssignments:[{"assignee":"assigneeId","assigner":"assignerId","author":"someone","cardId":"card-fooId","id":"fooId"}]
21:40:48.363 [http-nio-9120-exec-3] INFO  o.t.kanban.activity.ActivityService - Recording operation:{"cardId":"card-fooId","detail":"[{\"assignee\":\"assigneeId\",\"assigner\":\"assignerId\",\"author\":\"someone\",\"cardId\":\"card-fooId\",\"id\":\"fooId\"}]","operationTypeCode":"014","operationTypeName":"认领卡片","summary":"[{\"assignee\":\"assigneeId\",\"assigner\":\"assignerId\",\"author\":\"someone\",\"cardId\":\"card-fooId\",\"id\":\"fooId\"}]","userName":"someone"}
2017-03-03 21:40:48.363  INFO 6131 --- [nio-9120-exec-3] o.thiki.kanban.activity.ActivityService  : Recording operation:{"cardId":"card-fooId","detail":"[{\"assignee\":\"assigneeId\",\"assigner\":\"assignerId\",\"author\":\"someone\",\"cardId\":\"card-fooId\",\"id\":\"fooId\"}]","operationTypeCode":"014","operationTypeName":"认领卡片","summary":"[{\"assignee\":\"assigneeId\",\"assigner\":\"assignerId\",\"author\":\"someone\",\"cardId\":\"card-fooId\",\"id\":\"fooId\"}]","userName":"someone"}
21:40:48.367 [http-nio-9120-exec-3] INFO  o.t.k.assignment.AssignmentsResource - build assignments resource.boardId:boardId-foo,stageId:stage-fooId,cardId:card-fooId,userName:someone
2017-03-03 21:40:48.367  INFO 6131 --- [nio-9120-exec-3] o.t.k.assignment.AssignmentsResource     : build assignments resource.boardId:boardId-foo,stageId:stage-fooId,cardId:card-fooId,userName:someone
21:40:48.367 [http-nio-9120-exec-3] INFO  o.t.k.assignment.AssignmentResource - build assignment resource.boardId:boardId-foo,stageId:stage-fooId,cardId:card-fooId,userName:someone
2017-03-03 21:40:48.367  INFO 6131 --- [nio-9120-exec-3] o.t.k.assignment.AssignmentResource      : build assignment resource.boardId:boardId-foo,stageId:stage-fooId,cardId:card-fooId,userName:someone
21:40:48.374 [http-nio-9120-exec-3] INFO  o.t.k.assignment.AssignmentResource - assignment resource building completed.boardId:boardId-foo,stageId:stage-fooId,cardId:card-fooId,userName:someone
2017-03-03 21:40:48.374  INFO 6131 --- [nio-9120-exec-3] o.t.k.assignment.AssignmentResource      : assignment resource building completed.boardId:boardId-foo,stageId:stage-fooId,cardId:card-fooId,userName:someone
21:40:48.378 [http-nio-9120-exec-3] INFO  o.t.k.assignment.AssignmentsResource - assignments resource building completed.boardId:boardId-foo,stageId:stage-fooId,cardId:card-fooId,userName:someone
2017-03-03 21:40:48.378  INFO 6131 --- [nio-9120-exec-3] o.t.k.assignment.AssignmentsResource     : assignments resource building completed.boardId:boardId-foo,stageId:stage-fooId,cardId:card-fooId,userName:someone
21:40:48.385 [http-nio-9120-exec-3] INFO  o.t.k.f.logback.SessionInterceptor - remove sessionId.
2017-03-03 21:40:48.385  INFO 6131 --- [nio-9120-exec-3] o.t.k.f.logback.SessionInterceptor       : remove sessionId.
]]></system-out>
  <system-err><![CDATA[]]></system-err>
</testsuite>
