<?xml version="1.0" encoding="UTF-8"?>
<testsuite name="org.thiki.kanban.registration.RegistrationControllerTest" tests="4" skipped="0" failures="0" errors="0" timestamp="2017-03-12T11:08:41" hostname="wisdom-HP" time="0.804">
  <properties/>
  <testcase name="registerNewUser_shouldRejectWithConflictWhenUserNameExists" classname="org.thiki.kanban.registration.RegistrationControllerTest" time="0.234"/>
  <testcase name="registerNewUser_shouldFailIfPasswordIsNotEncryptedWithPublicKey" classname="org.thiki.kanban.registration.RegistrationControllerTest" time="0.308"/>
  <testcase name="registerNewUser_shouldRejectWithConflictWhenUserEmailExists" classname="org.thiki.kanban.registration.RegistrationControllerTest" time="0.097"/>
  <testcase name="registerNewUser_shouldReturn201WhenRegisterSuccessfully" classname="org.thiki.kanban.registration.RegistrationControllerTest" time="0.161"/>
  <system-out><![CDATA[2017-03-12 19:08:41.237  INFO 6873 --- [    Test worker] o.s.t.c.support.AbstractContextLoader    : Could not detect default resource locations for test class [org.thiki.kanban.TestBase]: no resource found for suffixes {-context.xml, Context.groovy}.
2017-03-12 19:08:41.246  INFO 6873 --- [    Test worker] WebAppIntegrationTestContextBootstrapper : Loaded default TestExecutionListener class names from location [META-INF/spring.factories]: [org.springframework.test.context.web.ServletTestExecutionListener, org.springframework.test.context.support.DirtiesContextBeforeModesTestExecutionListener, org.springframework.test.context.support.DependencyInjectionTestExecutionListener, org.springframework.test.context.support.DirtiesContextTestExecutionListener, org.springframework.test.context.transaction.TransactionalTestExecutionListener, org.springframework.test.context.jdbc.SqlScriptsTestExecutionListener, org.springframework.boot.test.mock.mockito.MockitoTestExecutionListener, org.springframework.boot.test.mock.mockito.ResetMocksTestExecutionListener, org.springframework.boot.test.autoconfigure.restdocs.RestDocsTestExecutionListener, org.springframework.boot.test.autoconfigure.web.client.MockRestServiceServerResetTestExecutionListener, org.springframework.boot.test.autoconfigure.web.servlet.MockMvcPrintOnlyOnFailureTestExecutionListener, org.springframework.boot.test.autoconfigure.web.servlet.WebDriverTestExecutionListener]
2017-03-12 19:08:41.247  INFO 6873 --- [    Test worker] WebAppIntegrationTestContextBootstrapper : Using TestExecutionListeners: [org.springframework.test.context.web.ServletTestExecutionListener@470d4323, org.springframework.test.context.support.DirtiesContextBeforeModesTestExecutionListener@1579553b, org.springframework.test.context.support.DependencyInjectionTestExecutionListener@69dd4003, org.springframework.test.context.support.DirtiesContextTestExecutionListener@8392b2d, org.springframework.test.context.transaction.TransactionalTestExecutionListener@25807552, org.springframework.test.context.jdbc.SqlScriptsTestExecutionListener@7a0f2c54, org.springframework.boot.test.autoconfigure.web.servlet.MockMvcPrintOnlyOnFailureTestExecutionListener@79d1a64e, org.springframework.boot.test.autoconfigure.web.servlet.WebDriverTestExecutionListener@38f08a1a, org.springframework.boot.test.autoconfigure.web.client.MockRestServiceServerResetTestExecutionListener@1efc42b3, org.springframework.boot.test.mock.mockito.MockitoTestExecutionListener@1d92a0b4, org.springframework.boot.test.mock.mockito.ResetMocksTestExecutionListener@6985969e, org.springframework.boot.test.autoconfigure.restdocs.RestDocsTestExecutionListener@559971ee]
19:08:41.286 [http-nio-9120-exec-3] INFO  o.t.k.f.logback.SessionInterceptor - init session:400466d0-0714-11e7-80b3-0014781bc25c
2017-03-12 19:08:41.286  INFO 6873 --- [nio-9120-exec-3] o.t.k.f.logback.SessionInterceptor       : init session:400466d0-0714-11e7-80b3-0014781bc25c
19:08:41.286 [http-nio-9120-exec-3] INFO  o.t.k.f.s.i.f.SecurityInterceptor - identification start.userName:null,uri:/kanban/registration
2017-03-12 19:08:41.286  INFO 6873 --- [nio-9120-exec-3] o.t.k.f.s.i.filter.SecurityInterceptor   : identification start.userName:null,uri:/kanban/registration
19:08:41.287 [http-nio-9120-exec-3] INFO  o.t.k.f.s.a.AuthenticationInterceptor - authentication start.currentURL:/kanban/registration
2017-03-12 19:08:41.287  INFO 6873 --- [nio-9120-exec-3] o.t.k.f.s.a.AuthenticationInterceptor    : authentication start.currentURL:/kanban/registration
19:08:41.399 [http-nio-9120-exec-3] INFO  o.t.k.f.logback.SessionInterceptor - remove sessionId.
2017-03-12 19:08:41.399  INFO 6873 --- [nio-9120-exec-3] o.t.k.f.logback.SessionInterceptor       : remove sessionId.
19:08:41.413 [http-nio-9120-exec-3] INFO  o.t.k.f.logback.SessionInterceptor - init session:4017a0b1-0714-11e7-80b3-0014781bc25c
2017-03-12 19:08:41.413  INFO 6873 --- [nio-9120-exec-3] o.t.k.f.logback.SessionInterceptor       : init session:4017a0b1-0714-11e7-80b3-0014781bc25c
19:08:41.413 [http-nio-9120-exec-3] INFO  o.t.k.f.s.i.f.SecurityInterceptor - identification start.userName:null,uri:/kanban/error/invalidParamsException
2017-03-12 19:08:41.413  INFO 6873 --- [nio-9120-exec-3] o.t.k.f.s.i.filter.SecurityInterceptor   : identification start.userName:null,uri:/kanban/error/invalidParamsException
19:08:41.413 [http-nio-9120-exec-3] INFO  o.t.k.f.s.a.AuthenticationInterceptor - authentication start.currentURL:/kanban/error/invalidParamsException
2017-03-12 19:08:41.413  INFO 6873 --- [nio-9120-exec-3] o.t.k.f.s.a.AuthenticationInterceptor    : authentication start.currentURL:/kanban/error/invalidParamsException
19:08:41.444 [http-nio-9120-exec-3] INFO  o.t.k.f.logback.SessionInterceptor - remove sessionId.
2017-03-12 19:08:41.444  INFO 6873 --- [nio-9120-exec-3] o.t.k.f.logback.SessionInterceptor       : remove sessionId.
19:08:41.602 [http-nio-9120-exec-4] INFO  o.t.k.f.logback.SessionInterceptor - init session:40349e92-0714-11e7-80b3-0014781bc25c
2017-03-12 19:08:41.602  INFO 6873 --- [nio-9120-exec-4] o.t.k.f.logback.SessionInterceptor       : init session:40349e92-0714-11e7-80b3-0014781bc25c
19:08:41.602 [http-nio-9120-exec-4] INFO  o.t.k.f.s.i.f.SecurityInterceptor - identification start.userName:null,uri:/kanban/registration
2017-03-12 19:08:41.602  INFO 6873 --- [nio-9120-exec-4] o.t.k.f.s.i.filter.SecurityInterceptor   : identification start.userName:null,uri:/kanban/registration
19:08:41.603 [http-nio-9120-exec-4] INFO  o.t.k.f.s.a.AuthenticationInterceptor - authentication start.currentURL:/kanban/registration
2017-03-12 19:08:41.603  INFO 6873 --- [nio-9120-exec-4] o.t.k.f.s.a.AuthenticationInterceptor    : authentication start.currentURL:/kanban/registration
19:08:41.751 [http-nio-9120-exec-4] INFO  o.t.k.f.logback.SessionInterceptor - remove sessionId.
2017-03-12 19:08:41.751  INFO 6873 --- [nio-9120-exec-4] o.t.k.f.logback.SessionInterceptor       : remove sessionId.
19:08:41.756 [http-nio-9120-exec-4] INFO  o.t.k.f.logback.SessionInterceptor - init session:404c1e33-0714-11e7-80b3-0014781bc25c
2017-03-12 19:08:41.756  INFO 6873 --- [nio-9120-exec-4] o.t.k.f.logback.SessionInterceptor       : init session:404c1e33-0714-11e7-80b3-0014781bc25c
19:08:41.756 [http-nio-9120-exec-4] INFO  o.t.k.f.s.i.f.SecurityInterceptor - identification start.userName:null,uri:/kanban/error/invalidParamsException
2017-03-12 19:08:41.756  INFO 6873 --- [nio-9120-exec-4] o.t.k.f.s.i.filter.SecurityInterceptor   : identification start.userName:null,uri:/kanban/error/invalidParamsException
19:08:41.756 [http-nio-9120-exec-4] INFO  o.t.k.f.s.a.AuthenticationInterceptor - authentication start.currentURL:/kanban/error/invalidParamsException
2017-03-12 19:08:41.756  INFO 6873 --- [nio-9120-exec-4] o.t.k.f.s.a.AuthenticationInterceptor    : authentication start.currentURL:/kanban/error/invalidParamsException
19:08:41.763 [http-nio-9120-exec-4] INFO  o.t.k.f.logback.SessionInterceptor - remove sessionId.
2017-03-12 19:08:41.763  INFO 6873 --- [nio-9120-exec-4] o.t.k.f.logback.SessionInterceptor       : remove sessionId.
19:08:41.832 [http-nio-9120-exec-5] INFO  o.t.k.f.logback.SessionInterceptor - init session:4057b6f4-0714-11e7-80b3-0014781bc25c
2017-03-12 19:08:41.832  INFO 6873 --- [nio-9120-exec-5] o.t.k.f.logback.SessionInterceptor       : init session:4057b6f4-0714-11e7-80b3-0014781bc25c
19:08:41.832 [http-nio-9120-exec-5] INFO  o.t.k.f.s.i.f.SecurityInterceptor - identification start.userName:null,uri:/kanban/registration
2017-03-12 19:08:41.832  INFO 6873 --- [nio-9120-exec-5] o.t.k.f.s.i.filter.SecurityInterceptor   : identification start.userName:null,uri:/kanban/registration
19:08:41.833 [http-nio-9120-exec-5] INFO  o.t.k.f.s.a.AuthenticationInterceptor - authentication start.currentURL:/kanban/registration
2017-03-12 19:08:41.833  INFO 6873 --- [nio-9120-exec-5] o.t.k.f.s.a.AuthenticationInterceptor    : authentication start.currentURL:/kanban/registration
19:08:41.857 [http-nio-9120-exec-5] INFO  o.t.k.f.logback.SessionInterceptor - remove sessionId.
2017-03-12 19:08:41.857  INFO 6873 --- [nio-9120-exec-5] o.t.k.f.logback.SessionInterceptor       : remove sessionId.
19:08:41.860 [http-nio-9120-exec-5] INFO  o.t.k.f.logback.SessionInterceptor - init session:405bfcb5-0714-11e7-80b3-0014781bc25c
2017-03-12 19:08:41.860  INFO 6873 --- [nio-9120-exec-5] o.t.k.f.logback.SessionInterceptor       : init session:405bfcb5-0714-11e7-80b3-0014781bc25c
19:08:41.860 [http-nio-9120-exec-5] INFO  o.t.k.f.s.i.f.SecurityInterceptor - identification start.userName:null,uri:/kanban/error/invalidParamsException
2017-03-12 19:08:41.860  INFO 6873 --- [nio-9120-exec-5] o.t.k.f.s.i.filter.SecurityInterceptor   : identification start.userName:null,uri:/kanban/error/invalidParamsException
19:08:41.861 [http-nio-9120-exec-5] INFO  o.t.k.f.s.a.AuthenticationInterceptor - authentication start.currentURL:/kanban/error/invalidParamsException
2017-03-12 19:08:41.861  INFO 6873 --- [nio-9120-exec-5] o.t.k.f.s.a.AuthenticationInterceptor    : authentication start.currentURL:/kanban/error/invalidParamsException
19:08:41.865 [http-nio-9120-exec-5] INFO  o.t.k.f.logback.SessionInterceptor - remove sessionId.
2017-03-12 19:08:41.865  INFO 6873 --- [nio-9120-exec-5] o.t.k.f.logback.SessionInterceptor       : remove sessionId.
19:08:41.929 [http-nio-9120-exec-6] INFO  o.t.k.f.logback.SessionInterceptor - init session:40668406-0714-11e7-80b3-0014781bc25c
2017-03-12 19:08:41.929  INFO 6873 --- [nio-9120-exec-6] o.t.k.f.logback.SessionInterceptor       : init session:40668406-0714-11e7-80b3-0014781bc25c
19:08:41.930 [http-nio-9120-exec-6] INFO  o.t.k.f.s.i.f.SecurityInterceptor - identification start.userName:null,uri:/kanban/registration
2017-03-12 19:08:41.930  INFO 6873 --- [nio-9120-exec-6] o.t.k.f.s.i.filter.SecurityInterceptor   : identification start.userName:null,uri:/kanban/registration
19:08:41.930 [http-nio-9120-exec-6] INFO  o.t.k.f.s.a.AuthenticationInterceptor - authentication start.currentURL:/kanban/registration
2017-03-12 19:08:41.930  INFO 6873 --- [nio-9120-exec-6] o.t.k.f.s.a.AuthenticationInterceptor    : authentication start.currentURL:/kanban/registration
19:08:41.995 [http-nio-9120-exec-6] INFO  o.t.k.f.logback.SessionInterceptor - remove sessionId.
2017-03-12 19:08:41.995  INFO 6873 --- [nio-9120-exec-6] o.t.k.f.logback.SessionInterceptor       : remove sessionId.
]]></system-out>
  <system-err><![CDATA[]]></system-err>
</testsuite>
