<?xml version="1.0" encoding="UTF-8"?>
<testsuite name="org.thiki.kanban.assignment.AssignmentServiceTest" tests="2" skipped="0" failures="0" errors="0" timestamp="2017-03-03T13:40:48" hostname="wisdom-HP" time="0.086">
  <properties/>
  <testcase name="should_return_all_the_assignments" classname="org.thiki.kanban.assignment.AssignmentServiceTest" time="0.082"/>
  <testcase name="should_remove_unSubmit_assignments" classname="org.thiki.kanban.assignment.AssignmentServiceTest" time="0.004"/>
  <system-out><![CDATA[21:40:48.537 [Test worker] INFO  o.t.k.assignment.AssignmentService - Assigning card.assignments:[{"assignee":"assignee-foo1","assigner":"assigner-foo1","cardId":"cardId-foo"}, {"assignee":"assignee-foo2","assigner":"assigner-foo2","cardId":"cardId-foo"}],cardId:cardId-foo,userName:someone
2017-03-03 21:40:48.537  INFO 6131 --- [    Test worker] o.t.kanban.assignment.AssignmentService  : Assigning card.assignments:[{"assignee":"assignee-foo1","assigner":"assigner-foo1","cardId":"cardId-foo"}, {"assignee":"assignee-foo2","assigner":"assigner-foo2","cardId":"cardId-foo"}],cardId:cardId-foo,userName:someone
21:40:48.541 [Test worker] INFO  o.t.k.assignment.AssignmentService - Loading assignments of the card:cardId-foo
2017-03-03 21:40:48.541  INFO 6131 --- [    Test worker] o.t.kanban.assignment.AssignmentService  : Loading assignments of the card:cardId-foo
21:40:48.542 [Test worker] INFO  o.t.k.assignment.AssignmentService - The assignments of the card [cardId-foo] are [{"assignee":"assignee-foo1","assigner":"assigner-foo1","cardId":"cardId-foo"}, {"assignee":"assignee-foo2","assigner":"assigner-foo2","cardId":"cardId-foo"}]
2017-03-03 21:40:48.542  INFO 6131 --- [    Test worker] o.t.kanban.assignment.AssignmentService  : The assignments of the card [cardId-foo] are [{"assignee":"assignee-foo1","assigner":"assigner-foo1","cardId":"cardId-foo"}, {"assignee":"assignee-foo2","assigner":"assigner-foo2","cardId":"cardId-foo"}]
21:40:48.543 [Test worker] INFO  o.t.k.assignment.AssignmentService - Assigned card successfully.savedAssignments:[{"assignee":"assignee-foo1","assigner":"assigner-foo1","author":"someone","cardId":"cardId-foo"}, {"assignee":"assignee-foo2","assigner":"assigner-foo2","author":"someone","cardId":"cardId-foo"}]
2017-03-03 21:40:48.543  INFO 6131 --- [    Test worker] o.t.kanban.assignment.AssignmentService  : Assigned card successfully.savedAssignments:[{"assignee":"assignee-foo1","assigner":"assigner-foo1","author":"someone","cardId":"cardId-foo"}, {"assignee":"assignee-foo2","assigner":"assigner-foo2","author":"someone","cardId":"cardId-foo"}]
21:40:48.545 [Test worker] INFO  o.t.k.assignment.AssignmentService - Assigning card.assignments:[{"assignee":"assignee-foo2","assigner":"assigner-foo2","cardId":"cardId-foo"}, {"assignee":"assignee-foo3","assigner":"assigner-foo3","cardId":"cardId-foo"}],cardId:cardId-foo,userName:someone
2017-03-03 21:40:48.545  INFO 6131 --- [    Test worker] o.t.kanban.assignment.AssignmentService  : Assigning card.assignments:[{"assignee":"assignee-foo2","assigner":"assigner-foo2","cardId":"cardId-foo"}, {"assignee":"assignee-foo3","assigner":"assigner-foo3","cardId":"cardId-foo"}],cardId:cardId-foo,userName:someone
21:40:48.546 [Test worker] INFO  o.t.k.assignment.AssignmentService - Loading assignments of the card:cardId-foo
2017-03-03 21:40:48.546  INFO 6131 --- [    Test worker] o.t.kanban.assignment.AssignmentService  : Loading assignments of the card:cardId-foo
21:40:48.546 [Test worker] INFO  o.t.k.assignment.AssignmentService - The assignments of the card [cardId-foo] are [{"assignee":"assignee-foo1","assigner":"assigner-foo1","cardId":"cardId-foo"}, {"assignee":"assignee-foo2","assigner":"assigner-foo2","cardId":"cardId-foo"}, {"assignee":"assignee-foo3","assigner":"assigner-foo3","cardId":"cardId-foo"}]
2017-03-03 21:40:48.546  INFO 6131 --- [    Test worker] o.t.kanban.assignment.AssignmentService  : The assignments of the card [cardId-foo] are [{"assignee":"assignee-foo1","assigner":"assigner-foo1","cardId":"cardId-foo"}, {"assignee":"assignee-foo2","assigner":"assigner-foo2","cardId":"cardId-foo"}, {"assignee":"assignee-foo3","assigner":"assigner-foo3","cardId":"cardId-foo"}]
21:40:48.547 [Test worker] INFO  o.t.k.assignment.AssignmentService - Assigned card successfully.savedAssignments:[{"assignee":"assignee-foo2","assigner":"assigner-foo2","author":"someone","cardId":"cardId-foo"}, {"assignee":"assignee-foo3","assigner":"assigner-foo3","author":"someone","cardId":"cardId-foo"}]
2017-03-03 21:40:48.547  INFO 6131 --- [    Test worker] o.t.kanban.assignment.AssignmentService  : Assigned card successfully.savedAssignments:[{"assignee":"assignee-foo2","assigner":"assigner-foo2","author":"someone","cardId":"cardId-foo"}, {"assignee":"assignee-foo3","assigner":"assigner-foo3","author":"someone","cardId":"cardId-foo"}]
]]></system-out>
  <system-err><![CDATA[]]></system-err>
</testsuite>
