<?xml version="1.0" encoding="UTF-8"?>
<testsuite name="org.thiki.kanban.card.ModifyCardTest" tests="5" skipped="0" failures="0" errors="0" timestamp="2017-03-12T11:08:52" hostname="wisdom-HP" time="0.666">
  <properties/>
  <testcase name="moveCardToParentCard" classname="org.thiki.kanban.card.ModifyCardTest" time="0.109"/>
  <testcase name="should_not_allowed_if_parent_card_not_exist" classname="org.thiki.kanban.card.ModifyCardTest" time="0.125"/>
  <testcase name="should_not_allowed_if_card_has_child_cards" classname="org.thiki.kanban.card.ModifyCardTest" time="0.122"/>
  <testcase name="should_not_allow_moving_to_done_stage_if_acceptance_criterias_is_not_set" classname="org.thiki.kanban.card.ModifyCardTest" time="0.153"/>
  <testcase name="should_not_allow_moving_to_done_stage_if_acceptance_criterias_is_not_completed" classname="org.thiki.kanban.card.ModifyCardTest" time="0.141"/>
  <system-out><![CDATA[2017-03-12 19:08:52.005  INFO 6873 --- [    Test worker] o.s.t.c.support.AbstractContextLoader    : Could not detect default resource locations for test class [org.thiki.kanban.TestBase]: no resource found for suffixes {-context.xml, Context.groovy}.
2017-03-12 19:08:52.011  INFO 6873 --- [    Test worker] WebAppIntegrationTestContextBootstrapper : Loaded default TestExecutionListener class names from location [META-INF/spring.factories]: [org.springframework.test.context.web.ServletTestExecutionListener, org.springframework.test.context.support.DirtiesContextBeforeModesTestExecutionListener, org.springframework.test.context.support.DependencyInjectionTestExecutionListener, org.springframework.test.context.support.DirtiesContextTestExecutionListener, org.springframework.test.context.transaction.TransactionalTestExecutionListener, org.springframework.test.context.jdbc.SqlScriptsTestExecutionListener, org.springframework.boot.test.mock.mockito.MockitoTestExecutionListener, org.springframework.boot.test.mock.mockito.ResetMocksTestExecutionListener, org.springframework.boot.test.autoconfigure.restdocs.RestDocsTestExecutionListener, org.springframework.boot.test.autoconfigure.web.client.MockRestServiceServerResetTestExecutionListener, org.springframework.boot.test.autoconfigure.web.servlet.MockMvcPrintOnlyOnFailureTestExecutionListener, org.springframework.boot.test.autoconfigure.web.servlet.WebDriverTestExecutionListener]
2017-03-12 19:08:52.012  INFO 6873 --- [    Test worker] WebAppIntegrationTestContextBootstrapper : Using TestExecutionListeners: [org.springframework.test.context.web.ServletTestExecutionListener@2095d7c0, org.springframework.test.context.support.DirtiesContextBeforeModesTestExecutionListener@54ec72c6, org.springframework.test.context.support.DependencyInjectionTestExecutionListener@6d7031f0, org.springframework.test.context.support.DirtiesContextTestExecutionListener@33961f63, org.springframework.test.context.transaction.TransactionalTestExecutionListener@3db3f506, org.springframework.test.context.jdbc.SqlScriptsTestExecutionListener@a7eda34, org.springframework.boot.test.autoconfigure.web.servlet.MockMvcPrintOnlyOnFailureTestExecutionListener@666d953a, org.springframework.boot.test.autoconfigure.web.servlet.WebDriverTestExecutionListener@6503e393, org.springframework.boot.test.autoconfigure.web.client.MockRestServiceServerResetTestExecutionListener@473a21f0, org.springframework.boot.test.mock.mockito.MockitoTestExecutionListener@3b69ec59, org.springframework.boot.test.mock.mockito.ResetMocksTestExecutionListener@31276a4b, org.springframework.boot.test.autoconfigure.restdocs.RestDocsTestExecutionListener@4bc21887]
19:08:52.050 [http-nio-9120-exec-8] INFO  o.t.k.f.logback.SessionInterceptor - init session:466edc17-0714-11e7-80b3-0014781bc25c
2017-03-12 19:08:52.050  INFO 6873 --- [nio-9120-exec-8] o.t.k.f.logback.SessionInterceptor       : init session:466edc17-0714-11e7-80b3-0014781bc25c
19:08:52.051 [http-nio-9120-exec-8] INFO  o.t.k.f.s.i.f.SecurityInterceptor - identification start.userName:someone,uri:/kanban/boards/boardId-foo/stages/1/cards/fooId
2017-03-12 19:08:52.051  INFO 6873 --- [nio-9120-exec-8] o.t.k.f.s.i.filter.SecurityInterceptor   : identification start.userName:someone,uri:/kanban/boards/boardId-foo/stages/1/cards/fooId
19:08:52.051 [http-nio-9120-exec-8] INFO  o.t.k.f.s.a.AuthenticationInterceptor - authentication start.currentURL:/kanban/boards/boardId-foo/stages/1/cards/fooId
2017-03-12 19:08:52.051  INFO 6873 --- [nio-9120-exec-8] o.t.k.f.s.a.AuthenticationInterceptor    : authentication start.currentURL:/kanban/boards/boardId-foo/stages/1/cards/fooId
19:08:52.061 [http-nio-9120-exec-8] INFO  o.t.k.a.AcceptanceCriteriaService - modify card:{"elapsedDays":0.0,"parentId":"card-parent-id","sortNumber":3,"stageId":"fooId","summary":"newSummary"}
2017-03-12 19:08:52.061  INFO 6873 --- [nio-9120-exec-8] o.t.k.a.AcceptanceCriteriaService        : modify card:{"elapsedDays":0.0,"parentId":"card-parent-id","sortNumber":3,"stageId":"fooId","summary":"newSummary"}
19:08:52.072 [http-nio-9120-exec-8] INFO  o.t.k.a.AcceptanceCriteriaService - Modified card:{"code":"code-fee","creationTime":"2017-03-12 19:08:52.027000","elapsedDays":0.0,"id":"fooId","modificationTime":"2017-03-12 19:08:52.027000","parentId":"card-parent-id","sortNumber":3,"stageId":"fooId","summary":"newSummary"}
2017-03-12 19:08:52.072  INFO 6873 --- [nio-9120-exec-8] o.t.k.a.AcceptanceCriteriaService        : Modified card:{"code":"code-fee","creationTime":"2017-03-12 19:08:52.027000","elapsedDays":0.0,"id":"fooId","modificationTime":"2017-03-12 19:08:52.027000","parentId":"card-parent-id","sortNumber":3,"stageId":"fooId","summary":"newSummary"}
19:08:52.073 [http-nio-9120-exec-8] INFO  o.t.kanban.activity.ActivityService - Recording operation:{"cardId":"fooId","detail":"{\"author\":\"someone\",\"code\":\"code-fee\",\"content\":\"play badminton\",\"creationTime\":\"2017-03-12 19:08:52.027000\",\"elapsedDays\":0.0,\"id\":\"fooId\",\"modificationTime\":\"2017-03-12 19:08:52.027000\",\"sortNumber\":0,\"stageId\":\"fooId\",\"summary\":\"this is the card summary.\"}","operationTypeCode":"002","operationTypeName":"卡片修改","prevStageId":"fooId","prevStageSnapShot":"","stageId":"fooId","stageSnapShot":"{\"archived\":false,\"author\":\"someone\",\"boardId\":\"board-id-foo\",\"creationTime\":\"2017-03-12 19:08:52.025000\",\"id\":\"fooId\",\"inDoneStatus\":false,\"inProcess\":false,\"inSprint\":false,\"modificationTime\":\"2017-03-12 19:08:52.025000\",\"sortNumber\":0,\"status\":0,\"title\":\"this is the first stage.\",\"type\":0,\"wipLimit\":-1}","summary":"{\"author\":\"someone\",\"code\":\"code-fee\",\"content\":\"play badminton\",\"creationTime\":\"2017-03-12 19:08:52.027000\",\"elapsedDays\":0.0,\"id\":\"fooId\",\"modificationTime\":\"2017-03-12 19:08:52.027000\",\"sortNumber\":0,\"stageId\":\"fooId\",\"summary\":\"this is the card summary.\"}","userName":"someone"}
2017-03-12 19:08:52.073  INFO 6873 --- [nio-9120-exec-8] o.thiki.kanban.activity.ActivityService  : Recording operation:{"cardId":"fooId","detail":"{\"author\":\"someone\",\"code\":\"code-fee\",\"content\":\"play badminton\",\"creationTime\":\"2017-03-12 19:08:52.027000\",\"elapsedDays\":0.0,\"id\":\"fooId\",\"modificationTime\":\"2017-03-12 19:08:52.027000\",\"sortNumber\":0,\"stageId\":\"fooId\",\"summary\":\"this is the card summary.\"}","operationTypeCode":"002","operationTypeName":"卡片修改","prevStageId":"fooId","prevStageSnapShot":"","stageId":"fooId","stageSnapShot":"{\"archived\":false,\"author\":\"someone\",\"boardId\":\"board-id-foo\",\"creationTime\":\"2017-03-12 19:08:52.025000\",\"id\":\"fooId\",\"inDoneStatus\":false,\"inProcess\":false,\"inSprint\":false,\"modificationTime\":\"2017-03-12 19:08:52.025000\",\"sortNumber\":0,\"status\":0,\"title\":\"this is the first stage.\",\"type\":0,\"wipLimit\":-1}","summary":"{\"author\":\"someone\",\"code\":\"code-fee\",\"content\":\"play badminton\",\"creationTime\":\"2017-03-12 19:08:52.027000\",\"elapsedDays\":0.0,\"id\":\"fooId\",\"modificationTime\":\"2017-03-12 19:08:52.027000\",\"sortNumber\":0,\"stageId\":\"fooId\",\"summary\":\"this is the card summary.\"}","userName":"someone"}
19:08:52.078 [http-nio-9120-exec-8] INFO  org.thiki.kanban.card.CardResource - build card resource.board:boardId-foo,stageId:1,userName:someone
2017-03-12 19:08:52.078  INFO 6873 --- [nio-9120-exec-8] org.thiki.kanban.card.CardResource       : build card resource.board:boardId-foo,stageId:1,userName:someone
19:08:52.087 [http-nio-9120-exec-8] INFO  org.thiki.kanban.card.CardResource - card resource building completed.board:boardId-foo,stageId:1,userName:someone
2017-03-12 19:08:52.087  INFO 6873 --- [nio-9120-exec-8] org.thiki.kanban.card.CardResource       : card resource building completed.board:boardId-foo,stageId:1,userName:someone
19:08:52.103 [http-nio-9120-exec-8] INFO  o.t.k.f.logback.SessionInterceptor - remove sessionId.
2017-03-12 19:08:52.103  INFO 6873 --- [nio-9120-exec-8] o.t.k.f.logback.SessionInterceptor       : remove sessionId.
19:08:52.165 [http-nio-9120-exec-10] INFO  o.t.k.f.logback.SessionInterceptor - init session:46806849-0714-11e7-80b3-0014781bc25c
2017-03-12 19:08:52.165  INFO 6873 --- [io-9120-exec-10] o.t.k.f.logback.SessionInterceptor       : init session:46806849-0714-11e7-80b3-0014781bc25c
19:08:52.165 [http-nio-9120-exec-10] INFO  o.t.k.f.s.i.f.SecurityInterceptor - identification start.userName:someone,uri:/kanban/boards/boardId-foo/stages/1/cards/fooId
2017-03-12 19:08:52.165  INFO 6873 --- [io-9120-exec-10] o.t.k.f.s.i.filter.SecurityInterceptor   : identification start.userName:someone,uri:/kanban/boards/boardId-foo/stages/1/cards/fooId
19:08:52.166 [http-nio-9120-exec-10] INFO  o.t.k.f.s.a.AuthenticationInterceptor - authentication start.currentURL:/kanban/boards/boardId-foo/stages/1/cards/fooId
2017-03-12 19:08:52.166  INFO 6873 --- [io-9120-exec-10] o.t.k.f.s.a.AuthenticationInterceptor    : authentication start.currentURL:/kanban/boards/boardId-foo/stages/1/cards/fooId
19:08:52.192 [http-nio-9120-exec-10] INFO  o.t.k.a.AcceptanceCriteriaService - modify card:{"elapsedDays":0.0,"parentId":"card-parent-id","sortNumber":3,"stageId":"fooId","summary":"newSummary"}
2017-03-12 19:08:52.192  INFO 6873 --- [io-9120-exec-10] o.t.k.a.AcceptanceCriteriaService        : modify card:{"elapsedDays":0.0,"parentId":"card-parent-id","sortNumber":3,"stageId":"fooId","summary":"newSummary"}
19:08:52.197 [http-nio-9120-exec-10] INFO  o.t.k.f.logback.SessionInterceptor - remove sessionId.
2017-03-12 19:08:52.197  INFO 6873 --- [io-9120-exec-10] o.t.k.f.logback.SessionInterceptor       : remove sessionId.
19:08:52.205 [http-nio-9120-exec-10] INFO  o.t.k.f.logback.SessionInterceptor - init session:468682ca-0714-11e7-80b3-0014781bc25c
2017-03-12 19:08:52.205  INFO 6873 --- [io-9120-exec-10] o.t.k.f.logback.SessionInterceptor       : init session:468682ca-0714-11e7-80b3-0014781bc25c
19:08:52.206 [http-nio-9120-exec-10] INFO  o.t.k.f.s.i.f.SecurityInterceptor - identification start.userName:someone,uri:/kanban/error/invalidParamsException
2017-03-12 19:08:52.206  INFO 6873 --- [io-9120-exec-10] o.t.k.f.s.i.filter.SecurityInterceptor   : identification start.userName:someone,uri:/kanban/error/invalidParamsException
19:08:52.207 [http-nio-9120-exec-10] INFO  o.t.k.f.s.a.AuthenticationInterceptor - authentication start.currentURL:/kanban/error/invalidParamsException
2017-03-12 19:08:52.207  INFO 6873 --- [io-9120-exec-10] o.t.k.f.s.a.AuthenticationInterceptor    : authentication start.currentURL:/kanban/error/invalidParamsException
19:08:52.215 [http-nio-9120-exec-10] INFO  o.t.k.f.logback.SessionInterceptor - remove sessionId.
2017-03-12 19:08:52.215  INFO 6873 --- [io-9120-exec-10] o.t.k.f.logback.SessionInterceptor       : remove sessionId.
19:08:52.321 [http-nio-9120-exec-9] INFO  o.t.k.f.logback.SessionInterceptor - init session:4698360b-0714-11e7-80b3-0014781bc25c
2017-03-12 19:08:52.321  INFO 6873 --- [nio-9120-exec-9] o.t.k.f.logback.SessionInterceptor       : init session:4698360b-0714-11e7-80b3-0014781bc25c
19:08:52.321 [http-nio-9120-exec-9] INFO  o.t.k.f.s.i.f.SecurityInterceptor - identification start.userName:someone,uri:/kanban/boards/boardId-foo/stages/1/cards/fooId
2017-03-12 19:08:52.321  INFO 6873 --- [nio-9120-exec-9] o.t.k.f.s.i.filter.SecurityInterceptor   : identification start.userName:someone,uri:/kanban/boards/boardId-foo/stages/1/cards/fooId
19:08:52.322 [http-nio-9120-exec-9] INFO  o.t.k.f.s.a.AuthenticationInterceptor - authentication start.currentURL:/kanban/boards/boardId-foo/stages/1/cards/fooId
2017-03-12 19:08:52.322  INFO 6873 --- [nio-9120-exec-9] o.t.k.f.s.a.AuthenticationInterceptor    : authentication start.currentURL:/kanban/boards/boardId-foo/stages/1/cards/fooId
19:08:52.335 [http-nio-9120-exec-9] INFO  o.t.k.a.AcceptanceCriteriaService - modify card:{"elapsedDays":0.0,"parentId":"card-parent-id","sortNumber":3,"stageId":"fooId","summary":"newSummary"}
2017-03-12 19:08:52.335  INFO 6873 --- [nio-9120-exec-9] o.t.k.a.AcceptanceCriteriaService        : modify card:{"elapsedDays":0.0,"parentId":"card-parent-id","sortNumber":3,"stageId":"fooId","summary":"newSummary"}
19:08:52.348 [http-nio-9120-exec-9] INFO  o.t.k.f.logback.SessionInterceptor - remove sessionId.
2017-03-12 19:08:52.348  INFO 6873 --- [nio-9120-exec-9] o.t.k.f.logback.SessionInterceptor       : remove sessionId.
19:08:52.350 [http-nio-9120-exec-9] INFO  o.t.k.f.logback.SessionInterceptor - init session:469ca2dc-0714-11e7-80b3-0014781bc25c
2017-03-12 19:08:52.350  INFO 6873 --- [nio-9120-exec-9] o.t.k.f.logback.SessionInterceptor       : init session:469ca2dc-0714-11e7-80b3-0014781bc25c
19:08:52.350 [http-nio-9120-exec-9] INFO  o.t.k.f.s.i.f.SecurityInterceptor - identification start.userName:someone,uri:/kanban/error/invalidParamsException
2017-03-12 19:08:52.350  INFO 6873 --- [nio-9120-exec-9] o.t.k.f.s.i.filter.SecurityInterceptor   : identification start.userName:someone,uri:/kanban/error/invalidParamsException
19:08:52.355 [http-nio-9120-exec-9] INFO  o.t.k.f.s.a.AuthenticationInterceptor - authentication start.currentURL:/kanban/error/invalidParamsException
2017-03-12 19:08:52.355  INFO 6873 --- [nio-9120-exec-9] o.t.k.f.s.a.AuthenticationInterceptor    : authentication start.currentURL:/kanban/error/invalidParamsException
19:08:52.358 [http-nio-9120-exec-9] INFO  o.t.k.f.logback.SessionInterceptor - remove sessionId.
2017-03-12 19:08:52.358  INFO 6873 --- [nio-9120-exec-9] o.t.k.f.logback.SessionInterceptor       : remove sessionId.
19:08:52.415 [http-nio-9120-exec-2] INFO  o.t.k.f.logback.SessionInterceptor - init session:46a68ded-0714-11e7-80b3-0014781bc25c
2017-03-12 19:08:52.415  INFO 6873 --- [nio-9120-exec-2] o.t.k.f.logback.SessionInterceptor       : init session:46a68ded-0714-11e7-80b3-0014781bc25c
19:08:52.415 [http-nio-9120-exec-2] INFO  o.t.k.f.s.i.f.SecurityInterceptor - identification start.userName:someone,uri:/kanban/boards/boardId-foo/stages/1/cards/sortNumbers
2017-03-12 19:08:52.415  INFO 6873 --- [nio-9120-exec-2] o.t.k.f.s.i.filter.SecurityInterceptor   : identification start.userName:someone,uri:/kanban/boards/boardId-foo/stages/1/cards/sortNumbers
19:08:52.415 [http-nio-9120-exec-2] INFO  o.t.k.f.s.a.AuthenticationInterceptor - authentication start.currentURL:/kanban/boards/boardId-foo/stages/1/cards/sortNumbers
2017-03-12 19:08:52.415  INFO 6873 --- [nio-9120-exec-2] o.t.k.f.s.a.AuthenticationInterceptor    : authentication start.currentURL:/kanban/boards/boardId-foo/stages/1/cards/sortNumbers
19:08:52.500 [http-nio-9120-exec-2] INFO  o.t.k.a.AcceptanceCriteriaService - Loading acceptanceCriterias by cardId.cardId:card-fooId
2017-03-12 19:08:52.500  INFO 6873 --- [nio-9120-exec-2] o.t.k.a.AcceptanceCriteriaService        : Loading acceptanceCriterias by cardId.cardId:card-fooId
19:08:52.504 [http-nio-9120-exec-2] INFO  o.t.k.a.AcceptanceCriteriaService - Loaded acceptanceCriterias:[]
2017-03-12 19:08:52.504  INFO 6873 --- [nio-9120-exec-2] o.t.k.a.AcceptanceCriteriaService        : Loaded acceptanceCriterias:[]
19:08:52.505 [http-nio-9120-exec-2] INFO  o.t.k.f.logback.SessionInterceptor - remove sessionId.
2017-03-12 19:08:52.505  INFO 6873 --- [nio-9120-exec-2] o.t.k.f.logback.SessionInterceptor       : remove sessionId.
19:08:52.507 [http-nio-9120-exec-2] INFO  o.t.k.f.logback.SessionInterceptor - init session:46b497ae-0714-11e7-80b3-0014781bc25c
2017-03-12 19:08:52.507  INFO 6873 --- [nio-9120-exec-2] o.t.k.f.logback.SessionInterceptor       : init session:46b497ae-0714-11e7-80b3-0014781bc25c
19:08:52.507 [http-nio-9120-exec-2] INFO  o.t.k.f.s.i.f.SecurityInterceptor - identification start.userName:someone,uri:/kanban/error/invalidParamsException
2017-03-12 19:08:52.507  INFO 6873 --- [nio-9120-exec-2] o.t.k.f.s.i.filter.SecurityInterceptor   : identification start.userName:someone,uri:/kanban/error/invalidParamsException
19:08:52.507 [http-nio-9120-exec-2] INFO  o.t.k.f.s.a.AuthenticationInterceptor - authentication start.currentURL:/kanban/error/invalidParamsException
2017-03-12 19:08:52.507  INFO 6873 --- [nio-9120-exec-2] o.t.k.f.s.a.AuthenticationInterceptor    : authentication start.currentURL:/kanban/error/invalidParamsException
19:08:52.509 [http-nio-9120-exec-2] INFO  o.t.k.f.logback.SessionInterceptor - remove sessionId.
2017-03-12 19:08:52.509  INFO 6873 --- [nio-9120-exec-2] o.t.k.f.logback.SessionInterceptor       : remove sessionId.
19:08:52.576 [http-nio-9120-exec-6] INFO  o.t.k.f.logback.SessionInterceptor - init session:46bf1eff-0714-11e7-80b3-0014781bc25c
2017-03-12 19:08:52.576  INFO 6873 --- [nio-9120-exec-6] o.t.k.f.logback.SessionInterceptor       : init session:46bf1eff-0714-11e7-80b3-0014781bc25c
19:08:52.576 [http-nio-9120-exec-6] INFO  o.t.k.f.s.i.f.SecurityInterceptor - identification start.userName:someone,uri:/kanban/boards/boardId-foo/stages/1/cards/sortNumbers
2017-03-12 19:08:52.576  INFO 6873 --- [nio-9120-exec-6] o.t.k.f.s.i.filter.SecurityInterceptor   : identification start.userName:someone,uri:/kanban/boards/boardId-foo/stages/1/cards/sortNumbers
19:08:52.576 [http-nio-9120-exec-6] INFO  o.t.k.f.s.a.AuthenticationInterceptor - authentication start.currentURL:/kanban/boards/boardId-foo/stages/1/cards/sortNumbers
2017-03-12 19:08:52.576  INFO 6873 --- [nio-9120-exec-6] o.t.k.f.s.a.AuthenticationInterceptor    : authentication start.currentURL:/kanban/boards/boardId-foo/stages/1/cards/sortNumbers
19:08:52.617 [http-nio-9120-exec-6] INFO  o.t.k.a.AcceptanceCriteriaService - Loading acceptanceCriterias by cardId.cardId:card-fooId
2017-03-12 19:08:52.617  INFO 6873 --- [nio-9120-exec-6] o.t.k.a.AcceptanceCriteriaService        : Loading acceptanceCriterias by cardId.cardId:card-fooId
19:08:52.623 [http-nio-9120-exec-6] INFO  o.t.k.a.AcceptanceCriteriaService - Loaded acceptanceCriterias:[{"author":"someone","cardId":"card-fooId","creationTime":"2017-03-12 19:08:52.562000","finished":false,"id":"acceptance_criterias-fooId","modificationTime":"2017-03-12 19:08:52.562000","sortNumber":9999,"summary":"summary."}]
2017-03-12 19:08:52.623  INFO 6873 --- [nio-9120-exec-6] o.t.k.a.AcceptanceCriteriaService        : Loaded acceptanceCriterias:[{"author":"someone","cardId":"card-fooId","creationTime":"2017-03-12 19:08:52.562000","finished":false,"id":"acceptance_criterias-fooId","modificationTime":"2017-03-12 19:08:52.562000","sortNumber":9999,"summary":"summary."}]
19:08:52.634 [http-nio-9120-exec-6] INFO  o.t.k.f.logback.SessionInterceptor - remove sessionId.
2017-03-12 19:08:52.634  INFO 6873 --- [nio-9120-exec-6] o.t.k.f.logback.SessionInterceptor       : remove sessionId.
19:08:52.637 [http-nio-9120-exec-6] INFO  o.t.k.f.logback.SessionInterceptor - init session:46c845c0-0714-11e7-80b3-0014781bc25c
2017-03-12 19:08:52.637  INFO 6873 --- [nio-9120-exec-6] o.t.k.f.logback.SessionInterceptor       : init session:46c845c0-0714-11e7-80b3-0014781bc25c
19:08:52.637 [http-nio-9120-exec-6] INFO  o.t.k.f.s.i.f.SecurityInterceptor - identification start.userName:someone,uri:/kanban/error/invalidParamsException
2017-03-12 19:08:52.637  INFO 6873 --- [nio-9120-exec-6] o.t.k.f.s.i.filter.SecurityInterceptor   : identification start.userName:someone,uri:/kanban/error/invalidParamsException
19:08:52.638 [http-nio-9120-exec-6] INFO  o.t.k.f.s.a.AuthenticationInterceptor - authentication start.currentURL:/kanban/error/invalidParamsException
2017-03-12 19:08:52.638  INFO 6873 --- [nio-9120-exec-6] o.t.k.f.s.a.AuthenticationInterceptor    : authentication start.currentURL:/kanban/error/invalidParamsException
19:08:52.643 [http-nio-9120-exec-6] INFO  o.t.k.f.logback.SessionInterceptor - remove sessionId.
2017-03-12 19:08:52.643  INFO 6873 --- [nio-9120-exec-6] o.t.k.f.logback.SessionInterceptor       : remove sessionId.
]]></system-out>
  <system-err><![CDATA[]]></system-err>
</testsuite>
