<?xml version="1.0" encoding="UTF-8"?>
<testsuite name="org.thiki.kanban.assignment.AssignmentControllerTest" tests="3" skipped="0" failures="0" errors="0" timestamp="2017-03-12T11:08:46" hostname="wisdom-HP" time="0.802">
  <properties/>
  <testcase name="findByCardId_shouldReturnAssignmentsSuccessfully" classname="org.thiki.kanban.assignment.AssignmentControllerTest" time="0.34"/>
  <testcase name="should_not_allowed_if_card_is_archived" classname="org.thiki.kanban.assignment.AssignmentControllerTest" time="0.173"/>
  <testcase name="assign_shouldReturn201WhenAssigningSuccessfully" classname="org.thiki.kanban.assignment.AssignmentControllerTest" time="0.287"/>
  <system-out><![CDATA[2017-03-12 19:08:46.489  INFO 6873 --- [    Test worker] o.s.t.c.support.AbstractContextLoader    : Could not detect default resource locations for test class [org.thiki.kanban.TestBase]: no resource found for suffixes {-context.xml, Context.groovy}.
2017-03-12 19:08:46.497  INFO 6873 --- [    Test worker] WebAppIntegrationTestContextBootstrapper : Loaded default TestExecutionListener class names from location [META-INF/spring.factories]: [org.springframework.test.context.web.ServletTestExecutionListener, org.springframework.test.context.support.DirtiesContextBeforeModesTestExecutionListener, org.springframework.test.context.support.DependencyInjectionTestExecutionListener, org.springframework.test.context.support.DirtiesContextTestExecutionListener, org.springframework.test.context.transaction.TransactionalTestExecutionListener, org.springframework.test.context.jdbc.SqlScriptsTestExecutionListener, org.springframework.boot.test.mock.mockito.MockitoTestExecutionListener, org.springframework.boot.test.mock.mockito.ResetMocksTestExecutionListener, org.springframework.boot.test.autoconfigure.restdocs.RestDocsTestExecutionListener, org.springframework.boot.test.autoconfigure.web.client.MockRestServiceServerResetTestExecutionListener, org.springframework.boot.test.autoconfigure.web.servlet.MockMvcPrintOnlyOnFailureTestExecutionListener, org.springframework.boot.test.autoconfigure.web.servlet.WebDriverTestExecutionListener]
2017-03-12 19:08:46.499  INFO 6873 --- [    Test worker] WebAppIntegrationTestContextBootstrapper : Using TestExecutionListeners: [org.springframework.test.context.web.ServletTestExecutionListener@38338732, org.springframework.test.context.support.DirtiesContextBeforeModesTestExecutionListener@4906268e, org.springframework.test.context.support.DependencyInjectionTestExecutionListener@569f9a20, org.springframework.test.context.support.DirtiesContextTestExecutionListener@58ffe0b4, org.springframework.test.context.transaction.TransactionalTestExecutionListener@7cd1f68e, org.springframework.test.context.jdbc.SqlScriptsTestExecutionListener@41b9dcc, org.springframework.boot.test.autoconfigure.web.servlet.MockMvcPrintOnlyOnFailureTestExecutionListener@2eff59f5, org.springframework.boot.test.autoconfigure.web.servlet.WebDriverTestExecutionListener@9a2e6de, org.springframework.boot.test.autoconfigure.web.client.MockRestServiceServerResetTestExecutionListener@7a3414e2, org.springframework.boot.test.mock.mockito.MockitoTestExecutionListener@22991395, org.springframework.boot.test.mock.mockito.ResetMocksTestExecutionListener@767dd6c2, org.springframework.boot.test.autoconfigure.restdocs.RestDocsTestExecutionListener@68774ac5]
19:08:46.553 [http-nio-9120-exec-8] INFO  o.t.k.f.logback.SessionInterceptor - init session:43281549-0714-11e7-80b3-0014781bc25c
2017-03-12 19:08:46.553  INFO 6873 --- [nio-9120-exec-8] o.t.k.f.logback.SessionInterceptor       : init session:43281549-0714-11e7-80b3-0014781bc25c
19:08:46.553 [http-nio-9120-exec-8] INFO  o.t.k.f.s.i.f.SecurityInterceptor - identification start.userName:authorId-foo,uri:/kanban/boards/boardId-foo/stages/1/cards/cardId-foo/assignments
2017-03-12 19:08:46.553  INFO 6873 --- [nio-9120-exec-8] o.t.k.f.s.i.filter.SecurityInterceptor   : identification start.userName:authorId-foo,uri:/kanban/boards/boardId-foo/stages/1/cards/cardId-foo/assignments
19:08:46.554 [http-nio-9120-exec-8] INFO  o.t.k.f.s.a.AuthenticationInterceptor - authentication start.currentURL:/kanban/boards/boardId-foo/stages/1/cards/cardId-foo/assignments
2017-03-12 19:08:46.554  INFO 6873 --- [nio-9120-exec-8] o.t.k.f.s.a.AuthenticationInterceptor    : authentication start.currentURL:/kanban/boards/boardId-foo/stages/1/cards/cardId-foo/assignments
19:08:46.569 [http-nio-9120-exec-8] INFO  o.t.k.a.AssignmentController - Loading assignments by board [boardId-foo]
2017-03-12 19:08:46.569  INFO 6873 --- [nio-9120-exec-8] o.t.k.assignment.AssignmentController    : Loading assignments by board [boardId-foo]
19:08:46.569 [http-nio-9120-exec-8] INFO  o.t.k.assignment.AssignmentService - Loading assignments of the card:cardId-foo
2017-03-12 19:08:46.569  INFO 6873 --- [nio-9120-exec-8] o.t.kanban.assignment.AssignmentService  : Loading assignments of the card:cardId-foo
19:08:46.574 [http-nio-9120-exec-8] INFO  o.t.k.assignment.AssignmentService - The assignments of the card [cardId-foo] are [{"assignee":"assigneeId-foo","assigner":"assignerId-foo","author":"authorId-foo","cardId":"cardId-foo","creationTime":"2017-03-12 19:08:46.519000","id":"fooId","modificationTime":"2017-03-12 19:08:46.519000","selfAssignment":false}]
2017-03-12 19:08:46.574  INFO 6873 --- [nio-9120-exec-8] o.t.kanban.assignment.AssignmentService  : The assignments of the card [cardId-foo] are [{"assignee":"assigneeId-foo","assigner":"assignerId-foo","author":"authorId-foo","cardId":"cardId-foo","creationTime":"2017-03-12 19:08:46.519000","id":"fooId","modificationTime":"2017-03-12 19:08:46.519000","selfAssignment":false}]
19:08:46.580 [http-nio-9120-exec-8] INFO  o.t.k.assignment.AssignmentsResource - build assignments resource.boardId:boardId-foo,stageId:1,cardId:cardId-foo,userName:authorId-foo
2017-03-12 19:08:46.580  INFO 6873 --- [nio-9120-exec-8] o.t.k.assignment.AssignmentsResource     : build assignments resource.boardId:boardId-foo,stageId:1,cardId:cardId-foo,userName:authorId-foo
19:08:46.580 [http-nio-9120-exec-8] INFO  o.t.k.assignment.AssignmentResource - build assignment resource.boardId:boardId-foo,stageId:1,cardId:cardId-foo,userName:authorId-foo
2017-03-12 19:08:46.580  INFO 6873 --- [nio-9120-exec-8] o.t.k.assignment.AssignmentResource      : build assignment resource.boardId:boardId-foo,stageId:1,cardId:cardId-foo,userName:authorId-foo
19:08:46.612 [http-nio-9120-exec-8] INFO  o.t.k.assignment.AssignmentResource - assignment resource building completed.boardId:boardId-foo,stageId:1,cardId:cardId-foo,userName:authorId-foo
2017-03-12 19:08:46.612  INFO 6873 --- [nio-9120-exec-8] o.t.k.assignment.AssignmentResource      : assignment resource building completed.boardId:boardId-foo,stageId:1,cardId:cardId-foo,userName:authorId-foo
19:08:46.617 [http-nio-9120-exec-8] INFO  o.t.k.assignment.AssignmentsResource - assignments resource building completed.boardId:boardId-foo,stageId:1,cardId:cardId-foo,userName:authorId-foo
2017-03-12 19:08:46.617  INFO 6873 --- [nio-9120-exec-8] o.t.k.assignment.AssignmentsResource     : assignments resource building completed.boardId:boardId-foo,stageId:1,cardId:cardId-foo,userName:authorId-foo
19:08:46.627 [http-nio-9120-exec-8] INFO  o.t.k.f.logback.SessionInterceptor - remove sessionId.
2017-03-12 19:08:46.627  INFO 6873 --- [nio-9120-exec-8] o.t.k.f.logback.SessionInterceptor       : remove sessionId.
19:08:46.878 [http-nio-9120-exec-9] INFO  o.t.k.f.logback.SessionInterceptor - init session:4359ac9a-0714-11e7-80b3-0014781bc25c
2017-03-12 19:08:46.878  INFO 6873 --- [nio-9120-exec-9] o.t.k.f.logback.SessionInterceptor       : init session:4359ac9a-0714-11e7-80b3-0014781bc25c
19:08:46.879 [http-nio-9120-exec-9] INFO  o.t.k.f.s.i.f.SecurityInterceptor - identification start.userName:authorId-foo,uri:/kanban/boards/boardId-foo/stages/stage-fooId/cards/card-fooId/assignments
2017-03-12 19:08:46.879  INFO 6873 --- [nio-9120-exec-9] o.t.k.f.s.i.filter.SecurityInterceptor   : identification start.userName:authorId-foo,uri:/kanban/boards/boardId-foo/stages/stage-fooId/cards/card-fooId/assignments
19:08:46.879 [http-nio-9120-exec-9] INFO  o.t.k.f.s.a.AuthenticationInterceptor - authentication start.currentURL:/kanban/boards/boardId-foo/stages/stage-fooId/cards/card-fooId/assignments
2017-03-12 19:08:46.879  INFO 6873 --- [nio-9120-exec-9] o.t.k.f.s.a.AuthenticationInterceptor    : authentication start.currentURL:/kanban/boards/boardId-foo/stages/stage-fooId/cards/card-fooId/assignments
19:08:46.931 [http-nio-9120-exec-9] INFO  o.t.k.assignment.AssignmentService - Assigning card.assignments:[{"assignee":"assigneeId","assigner":"assignerId","selfAssignment":false}],cardId:card-fooId,userName:authorId-foo
2017-03-12 19:08:46.931  INFO 6873 --- [nio-9120-exec-9] o.t.kanban.assignment.AssignmentService  : Assigning card.assignments:[{"assignee":"assigneeId","assigner":"assignerId","selfAssignment":false}],cardId:card-fooId,userName:authorId-foo
19:08:46.953 [http-nio-9120-exec-9] INFO  o.t.k.f.logback.SessionInterceptor - remove sessionId.
2017-03-12 19:08:46.953  INFO 6873 --- [nio-9120-exec-9] o.t.k.f.logback.SessionInterceptor       : remove sessionId.
19:08:46.959 [http-nio-9120-exec-9] INFO  o.t.k.f.logback.SessionInterceptor - init session:43656c6b-0714-11e7-80b3-0014781bc25c
2017-03-12 19:08:46.959  INFO 6873 --- [nio-9120-exec-9] o.t.k.f.logback.SessionInterceptor       : init session:43656c6b-0714-11e7-80b3-0014781bc25c
19:08:46.960 [http-nio-9120-exec-9] INFO  o.t.k.f.s.i.f.SecurityInterceptor - identification start.userName:authorId-foo,uri:/kanban/error/invalidParamsException
2017-03-12 19:08:46.960  INFO 6873 --- [nio-9120-exec-9] o.t.k.f.s.i.filter.SecurityInterceptor   : identification start.userName:authorId-foo,uri:/kanban/error/invalidParamsException
19:08:46.960 [http-nio-9120-exec-9] INFO  o.t.k.f.s.a.AuthenticationInterceptor - authentication start.currentURL:/kanban/error/invalidParamsException
2017-03-12 19:08:46.960  INFO 6873 --- [nio-9120-exec-9] o.t.k.f.s.a.AuthenticationInterceptor    : authentication start.currentURL:/kanban/error/invalidParamsException
19:08:46.965 [http-nio-9120-exec-9] INFO  o.t.k.f.logback.SessionInterceptor - remove sessionId.
2017-03-12 19:08:46.965  INFO 6873 --- [nio-9120-exec-9] o.t.k.f.logback.SessionInterceptor       : remove sessionId.
19:08:47.043 [http-nio-9120-exec-10] INFO  o.t.k.f.logback.SessionInterceptor - init session:4372d9ec-0714-11e7-80b3-0014781bc25c
2017-03-12 19:08:47.043  INFO 6873 --- [io-9120-exec-10] o.t.k.f.logback.SessionInterceptor       : init session:4372d9ec-0714-11e7-80b3-0014781bc25c
19:08:47.044 [http-nio-9120-exec-10] INFO  o.t.k.f.s.i.f.SecurityInterceptor - identification start.userName:someone,uri:/kanban/boards/boardId-foo/stages/stage-fooId/cards/card-fooId/assignments
2017-03-12 19:08:47.044  INFO 6873 --- [io-9120-exec-10] o.t.k.f.s.i.filter.SecurityInterceptor   : identification start.userName:someone,uri:/kanban/boards/boardId-foo/stages/stage-fooId/cards/card-fooId/assignments
19:08:47.046 [http-nio-9120-exec-10] INFO  o.t.k.f.s.a.AuthenticationInterceptor - authentication start.currentURL:/kanban/boards/boardId-foo/stages/stage-fooId/cards/card-fooId/assignments
2017-03-12 19:08:47.046  INFO 6873 --- [io-9120-exec-10] o.t.k.f.s.a.AuthenticationInterceptor    : authentication start.currentURL:/kanban/boards/boardId-foo/stages/stage-fooId/cards/card-fooId/assignments
19:08:47.072 [http-nio-9120-exec-10] INFO  o.t.k.assignment.AssignmentService - Assigning card.assignments:[{"assignee":"assigneeId","assigner":"assignerId","selfAssignment":false}],cardId:card-fooId,userName:someone
2017-03-12 19:08:47.072  INFO 6873 --- [io-9120-exec-10] o.t.kanban.assignment.AssignmentService  : Assigning card.assignments:[{"assignee":"assigneeId","assigner":"assignerId","selfAssignment":false}],cardId:card-fooId,userName:someone
19:08:47.086 [http-nio-9120-exec-10] INFO  o.t.k.assignment.AssignmentService - Loading assignments of the card:card-fooId
2017-03-12 19:08:47.086  INFO 6873 --- [io-9120-exec-10] o.t.kanban.assignment.AssignmentService  : Loading assignments of the card:card-fooId
19:08:47.093 [http-nio-9120-exec-10] INFO  o.t.k.assignment.AssignmentService - The assignments of the card [card-fooId] are []
2017-03-12 19:08:47.093  INFO 6873 --- [io-9120-exec-10] o.t.kanban.assignment.AssignmentService  : The assignments of the card [card-fooId] are []
19:08:47.121 [http-nio-9120-exec-10] INFO  o.t.k.n.NotificationService - Sending email after notifying notification:{"content":"assignerId邀请您参与协作处理看板【board-name】中的卡片：0000000。请知悉。","displayTime":"","isRead":false,"receiver":"assigneeId","sender":"assignerId","title":"assignerId邀请您处理卡片:0000000","type":"assignment","typeName":"卡片处理"},mailEntity:org.thiki.kanban.assignment.AssignmentMail@e3ba6a
2017-03-12 19:08:47.121  INFO 6873 --- [io-9120-exec-10] o.t.k.notification.NotificationService   : Sending email after notifying notification:{"content":"assignerId邀请您参与协作处理看板【board-name】中的卡片：0000000。请知悉。","displayTime":"","isRead":false,"receiver":"assigneeId","sender":"assignerId","title":"assignerId邀请您处理卡片:0000000","type":"assignment","typeName":"卡片处理"},mailEntity:org.thiki.kanban.assignment.AssignmentMail@e3ba6a
19:08:47.134 [http-nio-9120-exec-10] INFO  o.t.k.n.NotificationService - Adding notification:{"content":"assignerId邀请您参与协作处理看板【board-name】中的卡片：0000000。请知悉。","displayTime":"","isRead":false,"receiver":"assigneeId","sender":"assignerId","title":"assignerId邀请您处理卡片:0000000","type":"assignment","typeName":"卡片处理"}
2017-03-12 19:08:47.134  INFO 6873 --- [io-9120-exec-10] o.t.k.notification.NotificationService   : Adding notification:{"content":"assignerId邀请您参与协作处理看板【board-name】中的卡片：0000000。请知悉。","displayTime":"","isRead":false,"receiver":"assigneeId","sender":"assignerId","title":"assignerId邀请您处理卡片:0000000","type":"assignment","typeName":"卡片处理"}
19:08:47.139 [http-nio-9120-exec-10] INFO  o.t.k.assignment.AssignmentService - Loading assignments of the card:card-fooId
2017-03-12 19:08:47.139  INFO 6873 --- [io-9120-exec-10] o.t.kanban.assignment.AssignmentService  : Loading assignments of the card:card-fooId
19:08:47.141 [http-nio-9120-exec-10] INFO  o.t.k.assignment.AssignmentService - The assignments of the card [card-fooId] are [{"assignee":"assigneeId","assigner":"assignerId","author":"someone","cardId":"card-fooId","creationTime":"2017-03-12 19:08:47.102000","id":"fooId","modificationTime":"2017-03-12 19:08:47.102000","selfAssignment":false}]
2017-03-12 19:08:47.141  INFO 6873 --- [io-9120-exec-10] o.t.kanban.assignment.AssignmentService  : The assignments of the card [card-fooId] are [{"assignee":"assigneeId","assigner":"assignerId","author":"someone","cardId":"card-fooId","creationTime":"2017-03-12 19:08:47.102000","id":"fooId","modificationTime":"2017-03-12 19:08:47.102000","selfAssignment":false}]
19:08:47.142 [http-nio-9120-exec-10] INFO  o.t.k.assignment.AssignmentService - Assigned card successfully.savedAssignments:[{"assignee":"assigneeId","assigner":"assignerId","author":"someone","cardId":"card-fooId","creationTime":"2017-03-12 19:08:47.102000","id":"fooId","modificationTime":"2017-03-12 19:08:47.102000","selfAssignment":false}]
2017-03-12 19:08:47.142  INFO 6873 --- [io-9120-exec-10] o.t.kanban.assignment.AssignmentService  : Assigned card successfully.savedAssignments:[{"assignee":"assigneeId","assigner":"assignerId","author":"someone","cardId":"card-fooId","creationTime":"2017-03-12 19:08:47.102000","id":"fooId","modificationTime":"2017-03-12 19:08:47.102000","selfAssignment":false}]
19:08:47.143 [http-nio-9120-exec-10] INFO  o.t.kanban.activity.ActivityService - Recording operation:{"cardId":"card-fooId","detail":"[{\"assignee\":\"assigneeId\",\"assigner\":\"assignerId\",\"author\":\"someone\",\"cardId\":\"card-fooId\",\"creationTime\":\"2017-03-12 19:08:47.102000\",\"id\":\"fooId\",\"modificationTime\":\"2017-03-12 19:08:47.102000\",\"selfAssignment\":false}]","operationTypeCode":"014","operationTypeName":"认领卡片","summary":"[{\"assignee\":\"assigneeId\",\"assigner\":\"assignerId\",\"author\":\"someone\",\"cardId\":\"card-fooId\",\"creationTime\":\"2017-03-12 19:08:47.102000\",\"id\":\"fooId\",\"modificationTime\":\"2017-03-12 19:08:47.102000\",\"selfAssignment\":false}]","userName":"someone"}
2017-03-12 19:08:47.143  INFO 6873 --- [io-9120-exec-10] o.thiki.kanban.activity.ActivityService  : Recording operation:{"cardId":"card-fooId","detail":"[{\"assignee\":\"assigneeId\",\"assigner\":\"assignerId\",\"author\":\"someone\",\"cardId\":\"card-fooId\",\"creationTime\":\"2017-03-12 19:08:47.102000\",\"id\":\"fooId\",\"modificationTime\":\"2017-03-12 19:08:47.102000\",\"selfAssignment\":false}]","operationTypeCode":"014","operationTypeName":"认领卡片","summary":"[{\"assignee\":\"assigneeId\",\"assigner\":\"assignerId\",\"author\":\"someone\",\"cardId\":\"card-fooId\",\"creationTime\":\"2017-03-12 19:08:47.102000\",\"id\":\"fooId\",\"modificationTime\":\"2017-03-12 19:08:47.102000\",\"selfAssignment\":false}]","userName":"someone"}
19:08:47.148 [http-nio-9120-exec-10] INFO  o.t.k.assignment.AssignmentsResource - build assignments resource.boardId:boardId-foo,stageId:stage-fooId,cardId:card-fooId,userName:someone
2017-03-12 19:08:47.148  INFO 6873 --- [io-9120-exec-10] o.t.k.assignment.AssignmentsResource     : build assignments resource.boardId:boardId-foo,stageId:stage-fooId,cardId:card-fooId,userName:someone
19:08:47.149 [http-nio-9120-exec-10] INFO  o.t.k.assignment.AssignmentResource - build assignment resource.boardId:boardId-foo,stageId:stage-fooId,cardId:card-fooId,userName:someone
2017-03-12 19:08:47.149  INFO 6873 --- [io-9120-exec-10] o.t.k.assignment.AssignmentResource      : build assignment resource.boardId:boardId-foo,stageId:stage-fooId,cardId:card-fooId,userName:someone
19:08:47.156 [http-nio-9120-exec-10] INFO  o.t.k.assignment.AssignmentResource - assignment resource building completed.boardId:boardId-foo,stageId:stage-fooId,cardId:card-fooId,userName:someone
2017-03-12 19:08:47.156  INFO 6873 --- [io-9120-exec-10] o.t.k.assignment.AssignmentResource      : assignment resource building completed.boardId:boardId-foo,stageId:stage-fooId,cardId:card-fooId,userName:someone
19:08:47.163 [http-nio-9120-exec-10] INFO  o.t.k.assignment.AssignmentsResource - assignments resource building completed.boardId:boardId-foo,stageId:stage-fooId,cardId:card-fooId,userName:someone
2017-03-12 19:08:47.163  INFO 6873 --- [io-9120-exec-10] o.t.k.assignment.AssignmentsResource     : assignments resource building completed.boardId:boardId-foo,stageId:stage-fooId,cardId:card-fooId,userName:someone
19:08:47.172 [http-nio-9120-exec-10] INFO  o.t.k.f.logback.SessionInterceptor - remove sessionId.
2017-03-12 19:08:47.172  INFO 6873 --- [io-9120-exec-10] o.t.k.f.logback.SessionInterceptor       : remove sessionId.
]]></system-out>
  <system-err><![CDATA[]]></system-err>
</testsuite>
