<?xml version="1.0" encoding="UTF-8"?>
<testsuite name="org.thiki.kanban.page.PageControllerTest" tests="8" skipped="0" failures="0" errors="0" timestamp="2017-03-12T11:08:49" hostname="wisdom-HP" time="0.786">
  <properties/>
  <testcase name="notAllowedIfPageWasNotFoundWhenLoadingPage" classname="org.thiki.kanban.page.PageControllerTest" time="0.113"/>
  <testcase name="notAllowedIfPageWasNotFoundWhenRemovingPage" classname="org.thiki.kanban.page.PageControllerTest" time="0.064"/>
  <testcase name="create_shouldReturn201WhenCreatePageSuccessfully" classname="org.thiki.kanban.page.PageControllerTest" time="0.164"/>
  <testcase name="notAllowedIfPageWasNotFoundWhenModifyingPage" classname="org.thiki.kanban.page.PageControllerTest" time="0.055"/>
  <testcase name="removePage" classname="org.thiki.kanban.page.PageControllerTest" time="0.027"/>
  <testcase name="modifyPage" classname="org.thiki.kanban.page.PageControllerTest" time="0.108"/>
  <testcase name="loadPages" classname="org.thiki.kanban.page.PageControllerTest" time="0.095"/>
  <testcase name="loadPageById" classname="org.thiki.kanban.page.PageControllerTest" time="0.148"/>
  <system-out><![CDATA[2017-03-12 19:08:49.083  INFO 6873 --- [    Test worker] o.s.t.c.support.AbstractContextLoader    : Could not detect default resource locations for test class [org.thiki.kanban.TestBase]: no resource found for suffixes {-context.xml, Context.groovy}.
2017-03-12 19:08:49.097  INFO 6873 --- [    Test worker] WebAppIntegrationTestContextBootstrapper : Loaded default TestExecutionListener class names from location [META-INF/spring.factories]: [org.springframework.test.context.web.ServletTestExecutionListener, org.springframework.test.context.support.DirtiesContextBeforeModesTestExecutionListener, org.springframework.test.context.support.DependencyInjectionTestExecutionListener, org.springframework.test.context.support.DirtiesContextTestExecutionListener, org.springframework.test.context.transaction.TransactionalTestExecutionListener, org.springframework.test.context.jdbc.SqlScriptsTestExecutionListener, org.springframework.boot.test.mock.mockito.MockitoTestExecutionListener, org.springframework.boot.test.mock.mockito.ResetMocksTestExecutionListener, org.springframework.boot.test.autoconfigure.restdocs.RestDocsTestExecutionListener, org.springframework.boot.test.autoconfigure.web.client.MockRestServiceServerResetTestExecutionListener, org.springframework.boot.test.autoconfigure.web.servlet.MockMvcPrintOnlyOnFailureTestExecutionListener, org.springframework.boot.test.autoconfigure.web.servlet.WebDriverTestExecutionListener]
2017-03-12 19:08:49.098  INFO 6873 --- [    Test worker] WebAppIntegrationTestContextBootstrapper : Using TestExecutionListeners: [org.springframework.test.context.web.ServletTestExecutionListener@31c30c14, org.springframework.test.context.support.DirtiesContextBeforeModesTestExecutionListener@9f6d30d, org.springframework.test.context.support.DependencyInjectionTestExecutionListener@608a4571, org.springframework.test.context.support.DirtiesContextTestExecutionListener@73095c58, org.springframework.test.context.transaction.TransactionalTestExecutionListener@5a034d81, org.springframework.test.context.jdbc.SqlScriptsTestExecutionListener@65529377, org.springframework.boot.test.autoconfigure.web.servlet.MockMvcPrintOnlyOnFailureTestExecutionListener@57c1f361, org.springframework.boot.test.autoconfigure.web.servlet.WebDriverTestExecutionListener@6e938e5d, org.springframework.boot.test.autoconfigure.web.client.MockRestServiceServerResetTestExecutionListener@2ebcb94b, org.springframework.boot.test.mock.mockito.MockitoTestExecutionListener@5f844ec0, org.springframework.boot.test.mock.mockito.ResetMocksTestExecutionListener@786e4aa, org.springframework.boot.test.autoconfigure.restdocs.RestDocsTestExecutionListener@75156361]
19:08:49.138 [http-nio-9120-exec-4] INFO  o.t.k.f.logback.SessionInterceptor - init session:44b285ef-0714-11e7-80b3-0014781bc25c
2017-03-12 19:08:49.138  INFO 6873 --- [nio-9120-exec-4] o.t.k.f.logback.SessionInterceptor       : init session:44b285ef-0714-11e7-80b3-0014781bc25c
19:08:49.138 [http-nio-9120-exec-4] INFO  o.t.k.f.s.i.f.SecurityInterceptor - identification start.userName:someone,uri:/kanban/projects/project-fooId/boards/boardId-foo/pages/fooId
2017-03-12 19:08:49.138  INFO 6873 --- [nio-9120-exec-4] o.t.k.f.s.i.filter.SecurityInterceptor   : identification start.userName:someone,uri:/kanban/projects/project-fooId/boards/boardId-foo/pages/fooId
19:08:49.139 [http-nio-9120-exec-4] INFO  o.t.k.f.s.a.AuthenticationInterceptor - authentication start.currentURL:/kanban/projects/project-fooId/boards/boardId-foo/pages/fooId
2017-03-12 19:08:49.139  INFO 6873 --- [nio-9120-exec-4] o.t.k.f.s.a.AuthenticationInterceptor    : authentication start.currentURL:/kanban/projects/project-fooId/boards/boardId-foo/pages/fooId
19:08:49.162 [http-nio-9120-exec-4] INFO  o.t.k.a.AcceptanceCriteriaService - Loading pageId:fooId,boardId:boardId-foo,userName:someone
2017-03-12 19:08:49.162  INFO 6873 --- [nio-9120-exec-4] o.t.k.a.AcceptanceCriteriaService        : Loading pageId:fooId,boardId:boardId-foo,userName:someone
19:08:49.165 [http-nio-9120-exec-4] INFO  o.t.k.a.AcceptanceCriteriaService - No page was found.
2017-03-12 19:08:49.165  INFO 6873 --- [nio-9120-exec-4] o.t.k.a.AcceptanceCriteriaService        : No page was found.
19:08:49.168 [http-nio-9120-exec-4] INFO  o.t.k.f.logback.SessionInterceptor - remove sessionId.
2017-03-12 19:08:49.168  INFO 6873 --- [nio-9120-exec-4] o.t.k.f.logback.SessionInterceptor       : remove sessionId.
19:08:49.178 [http-nio-9120-exec-4] INFO  o.t.k.f.logback.SessionInterceptor - init session:44b8a070-0714-11e7-80b3-0014781bc25c
2017-03-12 19:08:49.178  INFO 6873 --- [nio-9120-exec-4] o.t.k.f.logback.SessionInterceptor       : init session:44b8a070-0714-11e7-80b3-0014781bc25c
19:08:49.179 [http-nio-9120-exec-4] INFO  o.t.k.f.s.i.f.SecurityInterceptor - identification start.userName:someone,uri:/kanban/error/404
2017-03-12 19:08:49.179  INFO 6873 --- [nio-9120-exec-4] o.t.k.f.s.i.filter.SecurityInterceptor   : identification start.userName:someone,uri:/kanban/error/404
19:08:49.179 [http-nio-9120-exec-4] INFO  o.t.k.f.s.a.AuthenticationInterceptor - authentication start.currentURL:/kanban/error/404
2017-03-12 19:08:49.179  INFO 6873 --- [nio-9120-exec-4] o.t.k.f.s.a.AuthenticationInterceptor    : authentication start.currentURL:/kanban/error/404
19:08:49.183 [http-nio-9120-exec-4] INFO  o.t.k.f.logback.SessionInterceptor - remove sessionId.
2017-03-12 19:08:49.183  INFO 6873 --- [nio-9120-exec-4] o.t.k.f.logback.SessionInterceptor       : remove sessionId.
19:08:49.240 [http-nio-9120-exec-2] INFO  o.t.k.f.logback.SessionInterceptor - init session:44c21651-0714-11e7-80b3-0014781bc25c
2017-03-12 19:08:49.240  INFO 6873 --- [nio-9120-exec-2] o.t.k.f.logback.SessionInterceptor       : init session:44c21651-0714-11e7-80b3-0014781bc25c
19:08:49.240 [http-nio-9120-exec-2] INFO  o.t.k.f.s.i.f.SecurityInterceptor - identification start.userName:someone,uri:/kanban/projects/project-fooId/boards/boardId-foo/pages/fooId
2017-03-12 19:08:49.240  INFO 6873 --- [nio-9120-exec-2] o.t.k.f.s.i.filter.SecurityInterceptor   : identification start.userName:someone,uri:/kanban/projects/project-fooId/boards/boardId-foo/pages/fooId
19:08:49.241 [http-nio-9120-exec-2] INFO  o.t.k.f.s.a.AuthenticationInterceptor - authentication start.currentURL:/kanban/projects/project-fooId/boards/boardId-foo/pages/fooId
2017-03-12 19:08:49.241  INFO 6873 --- [nio-9120-exec-2] o.t.k.f.s.a.AuthenticationInterceptor    : authentication start.currentURL:/kanban/projects/project-fooId/boards/boardId-foo/pages/fooId
19:08:49.242 [http-nio-9120-exec-2] INFO  o.t.k.a.AcceptanceCriteriaService - Removing pageId:fooId,boardId:boardId-foo,page:someone,userName:{}
2017-03-12 19:08:49.242  INFO 6873 --- [nio-9120-exec-2] o.t.k.a.AcceptanceCriteriaService        : Removing pageId:fooId,boardId:boardId-foo,page:someone,userName:{}
19:08:49.249 [http-nio-9120-exec-2] INFO  o.t.k.a.AcceptanceCriteriaService - No page was found.
2017-03-12 19:08:49.249  INFO 6873 --- [nio-9120-exec-2] o.t.k.a.AcceptanceCriteriaService        : No page was found.
19:08:49.251 [http-nio-9120-exec-2] INFO  o.t.k.f.logback.SessionInterceptor - remove sessionId.
2017-03-12 19:08:49.251  INFO 6873 --- [nio-9120-exec-2] o.t.k.f.logback.SessionInterceptor       : remove sessionId.
19:08:49.253 [http-nio-9120-exec-2] INFO  o.t.k.f.logback.SessionInterceptor - init session:44c41222-0714-11e7-80b3-0014781bc25c
2017-03-12 19:08:49.253  INFO 6873 --- [nio-9120-exec-2] o.t.k.f.logback.SessionInterceptor       : init session:44c41222-0714-11e7-80b3-0014781bc25c
19:08:49.254 [http-nio-9120-exec-2] INFO  o.t.k.f.s.i.f.SecurityInterceptor - identification start.userName:someone,uri:/kanban/error/404
2017-03-12 19:08:49.254  INFO 6873 --- [nio-9120-exec-2] o.t.k.f.s.i.filter.SecurityInterceptor   : identification start.userName:someone,uri:/kanban/error/404
19:08:49.254 [http-nio-9120-exec-2] INFO  o.t.k.f.s.a.AuthenticationInterceptor - authentication start.currentURL:/kanban/error/404
2017-03-12 19:08:49.254  INFO 6873 --- [nio-9120-exec-2] o.t.k.f.s.a.AuthenticationInterceptor    : authentication start.currentURL:/kanban/error/404
19:08:49.258 [http-nio-9120-exec-2] INFO  o.t.k.f.logback.SessionInterceptor - remove sessionId.
2017-03-12 19:08:49.258  INFO 6873 --- [nio-9120-exec-2] o.t.k.f.logback.SessionInterceptor       : remove sessionId.
19:08:49.322 [http-nio-9120-exec-6] INFO  o.t.k.f.logback.SessionInterceptor - init session:44ce9973-0714-11e7-80b3-0014781bc25c
2017-03-12 19:08:49.322  INFO 6873 --- [nio-9120-exec-6] o.t.k.f.logback.SessionInterceptor       : init session:44ce9973-0714-11e7-80b3-0014781bc25c
19:08:49.322 [http-nio-9120-exec-6] INFO  o.t.k.f.s.i.f.SecurityInterceptor - identification start.userName:someone,uri:/kanban/projects/project-fooId/boards/boardId-foo/pages
2017-03-12 19:08:49.322  INFO 6873 --- [nio-9120-exec-6] o.t.k.f.s.i.filter.SecurityInterceptor   : identification start.userName:someone,uri:/kanban/projects/project-fooId/boards/boardId-foo/pages
19:08:49.323 [http-nio-9120-exec-6] INFO  o.t.k.f.s.a.AuthenticationInterceptor - authentication start.currentURL:/kanban/projects/project-fooId/boards/boardId-foo/pages
2017-03-12 19:08:49.323  INFO 6873 --- [nio-9120-exec-6] o.t.k.f.s.a.AuthenticationInterceptor    : authentication start.currentURL:/kanban/projects/project-fooId/boards/boardId-foo/pages
19:08:49.336 [http-nio-9120-exec-6] INFO  o.t.k.a.AcceptanceCriteriaService - Creating new page:{"content":"page-content","title":"page-title"},boardId:boardId-foo,userName:someone
2017-03-12 19:08:49.336  INFO 6873 --- [nio-9120-exec-6] o.t.k.a.AcceptanceCriteriaService        : Creating new page:{"content":"page-content","title":"page-title"},boardId:boardId-foo,userName:someone
19:08:49.356 [http-nio-9120-exec-6] INFO  o.t.k.a.AcceptanceCriteriaService - Saved page:{"author":"someone","boardId":"boardId-foo","content":"page-content","creationTime":"2017-03-12 19:08:49.354000","id":"fooId","modificationTime":"2017-03-12 19:08:49.354000","title":"page-title"}
2017-03-12 19:08:49.356  INFO 6873 --- [nio-9120-exec-6] o.t.k.a.AcceptanceCriteriaService        : Saved page:{"author":"someone","boardId":"boardId-foo","content":"page-content","creationTime":"2017-03-12 19:08:49.354000","id":"fooId","modificationTime":"2017-03-12 19:08:49.354000","title":"page-title"}
19:08:49.356 [http-nio-9120-exec-6] INFO  org.thiki.kanban.page.PageResource - build page resource.board:boardId-foo,,userName:someone
2017-03-12 19:08:49.356  INFO 6873 --- [nio-9120-exec-6] org.thiki.kanban.page.PageResource       : build page resource.board:boardId-foo,,userName:someone
19:08:49.363 [http-nio-9120-exec-6] INFO  org.thiki.kanban.page.PageResource - page resource building completed.board:boardId-foo,userName:someone
2017-03-12 19:08:49.363  INFO 6873 --- [nio-9120-exec-6] org.thiki.kanban.page.PageResource       : page resource building completed.board:boardId-foo,userName:someone
19:08:49.376 [http-nio-9120-exec-6] INFO  o.t.k.f.logback.SessionInterceptor - remove sessionId.
2017-03-12 19:08:49.376  INFO 6873 --- [nio-9120-exec-6] o.t.k.f.logback.SessionInterceptor       : remove sessionId.
19:08:49.466 [http-nio-9120-exec-5] INFO  o.t.k.f.logback.SessionInterceptor - init session:44e49274-0714-11e7-80b3-0014781bc25c
2017-03-12 19:08:49.466  INFO 6873 --- [nio-9120-exec-5] o.t.k.f.logback.SessionInterceptor       : init session:44e49274-0714-11e7-80b3-0014781bc25c
19:08:49.466 [http-nio-9120-exec-5] INFO  o.t.k.f.s.i.f.SecurityInterceptor - identification start.userName:someone,uri:/kanban/projects/project-fooId/boards/boardId-foo/pages/fooId
2017-03-12 19:08:49.466  INFO 6873 --- [nio-9120-exec-5] o.t.k.f.s.i.filter.SecurityInterceptor   : identification start.userName:someone,uri:/kanban/projects/project-fooId/boards/boardId-foo/pages/fooId
19:08:49.467 [http-nio-9120-exec-5] INFO  o.t.k.f.s.a.AuthenticationInterceptor - authentication start.currentURL:/kanban/projects/project-fooId/boards/boardId-foo/pages/fooId
2017-03-12 19:08:49.467  INFO 6873 --- [nio-9120-exec-5] o.t.k.f.s.a.AuthenticationInterceptor    : authentication start.currentURL:/kanban/projects/project-fooId/boards/boardId-foo/pages/fooId
19:08:49.478 [http-nio-9120-exec-5] INFO  o.t.k.a.AcceptanceCriteriaService - Modifying pageId:fooId,boardId:boardId-foo,page:{"content":"page-content-new","title":"page-title-new"},userName:someone
2017-03-12 19:08:49.478  INFO 6873 --- [nio-9120-exec-5] o.t.k.a.AcceptanceCriteriaService        : Modifying pageId:fooId,boardId:boardId-foo,page:{"content":"page-content-new","title":"page-title-new"},userName:someone
19:08:49.481 [http-nio-9120-exec-5] INFO  o.t.k.a.AcceptanceCriteriaService - No page was found.
2017-03-12 19:08:49.481  INFO 6873 --- [nio-9120-exec-5] o.t.k.a.AcceptanceCriteriaService        : No page was found.
19:08:49.482 [http-nio-9120-exec-5] INFO  o.t.k.f.logback.SessionInterceptor - remove sessionId.
2017-03-12 19:08:49.482  INFO 6873 --- [nio-9120-exec-5] o.t.k.f.logback.SessionInterceptor       : remove sessionId.
19:08:49.484 [http-nio-9120-exec-5] INFO  o.t.k.f.logback.SessionInterceptor - init session:44e75195-0714-11e7-80b3-0014781bc25c
2017-03-12 19:08:49.484  INFO 6873 --- [nio-9120-exec-5] o.t.k.f.logback.SessionInterceptor       : init session:44e75195-0714-11e7-80b3-0014781bc25c
19:08:49.485 [http-nio-9120-exec-5] INFO  o.t.k.f.s.i.f.SecurityInterceptor - identification start.userName:someone,uri:/kanban/error/404
2017-03-12 19:08:49.485  INFO 6873 --- [nio-9120-exec-5] o.t.k.f.s.i.filter.SecurityInterceptor   : identification start.userName:someone,uri:/kanban/error/404
19:08:49.486 [http-nio-9120-exec-5] INFO  o.t.k.f.s.a.AuthenticationInterceptor - authentication start.currentURL:/kanban/error/404
2017-03-12 19:08:49.486  INFO 6873 --- [nio-9120-exec-5] o.t.k.f.s.a.AuthenticationInterceptor    : authentication start.currentURL:/kanban/error/404
19:08:49.489 [http-nio-9120-exec-5] INFO  o.t.k.f.logback.SessionInterceptor - remove sessionId.
2017-03-12 19:08:49.489  INFO 6873 --- [nio-9120-exec-5] o.t.k.f.logback.SessionInterceptor       : remove sessionId.
19:08:49.521 [http-nio-9120-exec-7] INFO  o.t.k.f.logback.SessionInterceptor - init session:44ecf6e6-0714-11e7-80b3-0014781bc25c
2017-03-12 19:08:49.521  INFO 6873 --- [nio-9120-exec-7] o.t.k.f.logback.SessionInterceptor       : init session:44ecf6e6-0714-11e7-80b3-0014781bc25c
19:08:49.521 [http-nio-9120-exec-7] INFO  o.t.k.f.s.i.f.SecurityInterceptor - identification start.userName:someone,uri:/kanban/projects/project-fooId/boards/boardId-foo/pages/fooId
2017-03-12 19:08:49.521  INFO 6873 --- [nio-9120-exec-7] o.t.k.f.s.i.filter.SecurityInterceptor   : identification start.userName:someone,uri:/kanban/projects/project-fooId/boards/boardId-foo/pages/fooId
19:08:49.521 [http-nio-9120-exec-7] INFO  o.t.k.f.s.a.AuthenticationInterceptor - authentication start.currentURL:/kanban/projects/project-fooId/boards/boardId-foo/pages/fooId
2017-03-12 19:08:49.521  INFO 6873 --- [nio-9120-exec-7] o.t.k.f.s.a.AuthenticationInterceptor    : authentication start.currentURL:/kanban/projects/project-fooId/boards/boardId-foo/pages/fooId
19:08:49.522 [http-nio-9120-exec-7] INFO  o.t.k.a.AcceptanceCriteriaService - Removing pageId:fooId,boardId:boardId-foo,page:someone,userName:{}
2017-03-12 19:08:49.522  INFO 6873 --- [nio-9120-exec-7] o.t.k.a.AcceptanceCriteriaService        : Removing pageId:fooId,boardId:boardId-foo,page:someone,userName:{}
19:08:49.525 [http-nio-9120-exec-7] INFO  o.t.k.a.AcceptanceCriteriaService - Page:fooId was removed successfully.
2017-03-12 19:08:49.525  INFO 6873 --- [nio-9120-exec-7] o.t.k.a.AcceptanceCriteriaService        : Page:fooId was removed successfully.
19:08:49.526 [http-nio-9120-exec-7] INFO  org.thiki.kanban.page.PageResource - build page resource.board:boardId-foo,,userName:someone
2017-03-12 19:08:49.526  INFO 6873 --- [nio-9120-exec-7] org.thiki.kanban.page.PageResource       : build page resource.board:boardId-foo,,userName:someone
19:08:49.528 [http-nio-9120-exec-7] INFO  org.thiki.kanban.page.PageResource - page resource building completed.board:boardId-foo,userName:someone
2017-03-12 19:08:49.528  INFO 6873 --- [nio-9120-exec-7] org.thiki.kanban.page.PageResource       : page resource building completed.board:boardId-foo,userName:someone
19:08:49.530 [http-nio-9120-exec-7] INFO  o.t.k.f.logback.SessionInterceptor - remove sessionId.
2017-03-12 19:08:49.530  INFO 6873 --- [nio-9120-exec-7] o.t.k.f.logback.SessionInterceptor       : remove sessionId.
19:08:49.550 [http-nio-9120-exec-8] INFO  o.t.k.f.logback.SessionInterceptor - init session:44f163b7-0714-11e7-80b3-0014781bc25c
2017-03-12 19:08:49.550  INFO 6873 --- [nio-9120-exec-8] o.t.k.f.logback.SessionInterceptor       : init session:44f163b7-0714-11e7-80b3-0014781bc25c
19:08:49.551 [http-nio-9120-exec-8] INFO  o.t.k.f.s.i.f.SecurityInterceptor - identification start.userName:someone,uri:/kanban/projects/project-fooId/boards/boardId-foo/pages/fooId
2017-03-12 19:08:49.551  INFO 6873 --- [nio-9120-exec-8] o.t.k.f.s.i.filter.SecurityInterceptor   : identification start.userName:someone,uri:/kanban/projects/project-fooId/boards/boardId-foo/pages/fooId
19:08:49.551 [http-nio-9120-exec-8] INFO  o.t.k.f.s.a.AuthenticationInterceptor - authentication start.currentURL:/kanban/projects/project-fooId/boards/boardId-foo/pages/fooId
2017-03-12 19:08:49.551  INFO 6873 --- [nio-9120-exec-8] o.t.k.f.s.a.AuthenticationInterceptor    : authentication start.currentURL:/kanban/projects/project-fooId/boards/boardId-foo/pages/fooId
19:08:49.557 [http-nio-9120-exec-8] INFO  o.t.k.a.AcceptanceCriteriaService - Modifying pageId:fooId,boardId:boardId-foo,page:{"content":"page-content-new","title":"page-title-new"},userName:someone
2017-03-12 19:08:49.557  INFO 6873 --- [nio-9120-exec-8] o.t.k.a.AcceptanceCriteriaService        : Modifying pageId:fooId,boardId:boardId-foo,page:{"content":"page-content-new","title":"page-title-new"},userName:someone
19:08:49.563 [http-nio-9120-exec-8] INFO  o.t.k.a.AcceptanceCriteriaService - Modified page:{"author":"someone","boardId":"boardId-foo","content":"page-content-new","creationTime":"2017-03-12 19:08:49.540000","id":"fooId","modificationTime":"2017-03-12 19:08:49.540000","title":"page-title-new"}
2017-03-12 19:08:49.563  INFO 6873 --- [nio-9120-exec-8] o.t.k.a.AcceptanceCriteriaService        : Modified page:{"author":"someone","boardId":"boardId-foo","content":"page-content-new","creationTime":"2017-03-12 19:08:49.540000","id":"fooId","modificationTime":"2017-03-12 19:08:49.540000","title":"page-title-new"}
19:08:49.564 [http-nio-9120-exec-8] INFO  org.thiki.kanban.page.PageResource - build page resource.board:boardId-foo,,userName:someone
2017-03-12 19:08:49.564  INFO 6873 --- [nio-9120-exec-8] org.thiki.kanban.page.PageResource       : build page resource.board:boardId-foo,,userName:someone
19:08:49.568 [http-nio-9120-exec-8] INFO  org.thiki.kanban.page.PageResource - page resource building completed.board:boardId-foo,userName:someone
2017-03-12 19:08:49.568  INFO 6873 --- [nio-9120-exec-8] org.thiki.kanban.page.PageResource       : page resource building completed.board:boardId-foo,userName:someone
19:08:49.574 [http-nio-9120-exec-8] INFO  o.t.k.f.logback.SessionInterceptor - remove sessionId.
2017-03-12 19:08:49.574  INFO 6873 --- [nio-9120-exec-8] o.t.k.f.logback.SessionInterceptor       : remove sessionId.
19:08:49.658 [http-nio-9120-exec-9] INFO  o.t.k.f.logback.SessionInterceptor - init session:4501de78-0714-11e7-80b3-0014781bc25c
2017-03-12 19:08:49.658  INFO 6873 --- [nio-9120-exec-9] o.t.k.f.logback.SessionInterceptor       : init session:4501de78-0714-11e7-80b3-0014781bc25c
19:08:49.658 [http-nio-9120-exec-9] INFO  o.t.k.f.s.i.f.SecurityInterceptor - identification start.userName:someone,uri:/kanban/projects/project-fooId/boards/boardId-foo/pages
2017-03-12 19:08:49.658  INFO 6873 --- [nio-9120-exec-9] o.t.k.f.s.i.filter.SecurityInterceptor   : identification start.userName:someone,uri:/kanban/projects/project-fooId/boards/boardId-foo/pages
19:08:49.660 [http-nio-9120-exec-9] INFO  o.t.k.f.s.a.AuthenticationInterceptor - authentication start.currentURL:/kanban/projects/project-fooId/boards/boardId-foo/pages
2017-03-12 19:08:49.660  INFO 6873 --- [nio-9120-exec-9] o.t.k.f.s.a.AuthenticationInterceptor    : authentication start.currentURL:/kanban/projects/project-fooId/boards/boardId-foo/pages
19:08:49.662 [http-nio-9120-exec-9] INFO  o.t.k.a.AcceptanceCriteriaService - Loading boardId:boardId-foo,userName:someone
2017-03-12 19:08:49.662  INFO 6873 --- [nio-9120-exec-9] o.t.k.a.AcceptanceCriteriaService        : Loading boardId:boardId-foo,userName:someone
19:08:49.665 [http-nio-9120-exec-9] INFO  o.t.k.a.AcceptanceCriteriaService - Loaded page:[{"author":"someone","boardId":"boardId-foo","content":"page-content","creationTime":"2017-03-12 19:08:49.649000","id":"fooId","modificationTime":"2017-03-12 19:08:49.649000","title":"page-title"}]
2017-03-12 19:08:49.665  INFO 6873 --- [nio-9120-exec-9] o.t.k.a.AcceptanceCriteriaService        : Loaded page:[{"author":"someone","boardId":"boardId-foo","content":"page-content","creationTime":"2017-03-12 19:08:49.649000","id":"fooId","modificationTime":"2017-03-12 19:08:49.649000","title":"page-title"}]
19:08:49.666 [http-nio-9120-exec-9] INFO  org.thiki.kanban.page.PagesResource - build pages resource.board:boardId-foo,,userName:someone
2017-03-12 19:08:49.666  INFO 6873 --- [nio-9120-exec-9] org.thiki.kanban.page.PagesResource      : build pages resource.board:boardId-foo,,userName:someone
19:08:49.667 [http-nio-9120-exec-9] INFO  org.thiki.kanban.page.PageResource - build page resource.board:boardId-foo,,userName:someone
2017-03-12 19:08:49.667  INFO 6873 --- [nio-9120-exec-9] org.thiki.kanban.page.PageResource       : build page resource.board:boardId-foo,,userName:someone
19:08:49.670 [http-nio-9120-exec-9] INFO  org.thiki.kanban.page.PageResource - page resource building completed.board:boardId-foo,userName:someone
2017-03-12 19:08:49.670  INFO 6873 --- [nio-9120-exec-9] org.thiki.kanban.page.PageResource       : page resource building completed.board:boardId-foo,userName:someone
19:08:49.673 [http-nio-9120-exec-9] INFO  org.thiki.kanban.page.PagesResource - pages resource building completed.board:boardId-foo,userName:someone
2017-03-12 19:08:49.673  INFO 6873 --- [nio-9120-exec-9] org.thiki.kanban.page.PagesResource      : pages resource building completed.board:boardId-foo,userName:someone
19:08:49.684 [http-nio-9120-exec-9] INFO  o.t.k.f.logback.SessionInterceptor - remove sessionId.
2017-03-12 19:08:49.684  INFO 6873 --- [nio-9120-exec-9] o.t.k.f.logback.SessionInterceptor       : remove sessionId.
19:08:49.756 [http-nio-9120-exec-10] INFO  o.t.k.f.logback.SessionInterceptor - init session:4510d299-0714-11e7-80b3-0014781bc25c
2017-03-12 19:08:49.756  INFO 6873 --- [io-9120-exec-10] o.t.k.f.logback.SessionInterceptor       : init session:4510d299-0714-11e7-80b3-0014781bc25c
19:08:49.819 [http-nio-9120-exec-10] INFO  o.t.k.f.s.i.f.SecurityInterceptor - identification start.userName:someone,uri:/kanban/projects/project-fooId/boards/boardId-foo/pages/fooId
2017-03-12 19:08:49.819  INFO 6873 --- [io-9120-exec-10] o.t.k.f.s.i.filter.SecurityInterceptor   : identification start.userName:someone,uri:/kanban/projects/project-fooId/boards/boardId-foo/pages/fooId
19:08:49.819 [http-nio-9120-exec-10] INFO  o.t.k.f.s.a.AuthenticationInterceptor - authentication start.currentURL:/kanban/projects/project-fooId/boards/boardId-foo/pages/fooId
2017-03-12 19:08:49.819  INFO 6873 --- [io-9120-exec-10] o.t.k.f.s.a.AuthenticationInterceptor    : authentication start.currentURL:/kanban/projects/project-fooId/boards/boardId-foo/pages/fooId
19:08:49.820 [http-nio-9120-exec-10] INFO  o.t.k.a.AcceptanceCriteriaService - Loading pageId:fooId,boardId:boardId-foo,userName:someone
2017-03-12 19:08:49.820  INFO 6873 --- [io-9120-exec-10] o.t.k.a.AcceptanceCriteriaService        : Loading pageId:fooId,boardId:boardId-foo,userName:someone
19:08:49.822 [http-nio-9120-exec-10] INFO  o.t.k.a.AcceptanceCriteriaService - Loaded page:{"author":"someone","boardId":"boardId-foo","content":"page-content","creationTime":"2017-03-12 19:08:49.747000","id":"fooId","modificationTime":"2017-03-12 19:08:49.747000","title":"page-title"}
2017-03-12 19:08:49.822  INFO 6873 --- [io-9120-exec-10] o.t.k.a.AcceptanceCriteriaService        : Loaded page:{"author":"someone","boardId":"boardId-foo","content":"page-content","creationTime":"2017-03-12 19:08:49.747000","id":"fooId","modificationTime":"2017-03-12 19:08:49.747000","title":"page-title"}
19:08:49.822 [http-nio-9120-exec-10] INFO  org.thiki.kanban.page.PageResource - build page resource.board:boardId-foo,,userName:someone
2017-03-12 19:08:49.822  INFO 6873 --- [io-9120-exec-10] org.thiki.kanban.page.PageResource       : build page resource.board:boardId-foo,,userName:someone
19:08:49.826 [http-nio-9120-exec-10] INFO  org.thiki.kanban.page.PageResource - page resource building completed.board:boardId-foo,userName:someone
2017-03-12 19:08:49.826  INFO 6873 --- [io-9120-exec-10] org.thiki.kanban.page.PageResource       : page resource building completed.board:boardId-foo,userName:someone
19:08:49.832 [http-nio-9120-exec-10] INFO  o.t.k.f.logback.SessionInterceptor - remove sessionId.
2017-03-12 19:08:49.832  INFO 6873 --- [io-9120-exec-10] o.t.k.f.logback.SessionInterceptor       : remove sessionId.
]]></system-out>
  <system-err><![CDATA[]]></system-err>
</testsuite>
