<?xml version="1.0" encoding="UTF-8"?>
<testsuite name="org.thiki.kanban.page.PageControllerTest" tests="8" skipped="0" failures="0" errors="0" timestamp="2017-03-03T13:40:49" hostname="wisdom-HP" time="0.574">
  <properties/>
  <testcase name="notAllowedIfPageWasNotFoundWhenLoadingPage" classname="org.thiki.kanban.page.PageControllerTest" time="0.052"/>
  <testcase name="notAllowedIfPageWasNotFoundWhenRemovingPage" classname="org.thiki.kanban.page.PageControllerTest" time="0.047"/>
  <testcase name="create_shouldReturn201WhenCreatePageSuccessfully" classname="org.thiki.kanban.page.PageControllerTest" time="0.117"/>
  <testcase name="notAllowedIfPageWasNotFoundWhenModifyingPage" classname="org.thiki.kanban.page.PageControllerTest" time="0.053"/>
  <testcase name="removePage" classname="org.thiki.kanban.page.PageControllerTest" time="0.034"/>
  <testcase name="modifyPage" classname="org.thiki.kanban.page.PageControllerTest" time="0.094"/>
  <testcase name="loadPages" classname="org.thiki.kanban.page.PageControllerTest" time="0.075"/>
  <testcase name="loadPageById" classname="org.thiki.kanban.page.PageControllerTest" time="0.091"/>
  <system-out><![CDATA[2017-03-03 21:40:49.800  INFO 6131 --- [    Test worker] o.s.t.c.support.AbstractContextLoader    : Could not detect default resource locations for test class [org.thiki.kanban.TestBase]: no resource found for suffixes {-context.xml, Context.groovy}.
2017-03-03 21:40:49.804  INFO 6131 --- [    Test worker] WebAppIntegrationTestContextBootstrapper : Loaded default TestExecutionListener class names from location [META-INF/spring.factories]: [org.springframework.test.context.web.ServletTestExecutionListener, org.springframework.test.context.support.DirtiesContextBeforeModesTestExecutionListener, org.springframework.test.context.support.DependencyInjectionTestExecutionListener, org.springframework.test.context.support.DirtiesContextTestExecutionListener, org.springframework.test.context.transaction.TransactionalTestExecutionListener, org.springframework.test.context.jdbc.SqlScriptsTestExecutionListener, org.springframework.boot.test.mock.mockito.MockitoTestExecutionListener, org.springframework.boot.test.mock.mockito.ResetMocksTestExecutionListener]
2017-03-03 21:40:49.804  INFO 6131 --- [    Test worker] WebAppIntegrationTestContextBootstrapper : Using TestExecutionListeners: [org.springframework.test.context.web.ServletTestExecutionListener@5bdb6a62, org.springframework.test.context.support.DirtiesContextBeforeModesTestExecutionListener@4d2b0740, org.springframework.test.context.support.DependencyInjectionTestExecutionListener@5252c74f, org.springframework.test.context.support.DirtiesContextTestExecutionListener@2a81d05b, org.springframework.test.context.transaction.TransactionalTestExecutionListener@2a892713, org.springframework.test.context.jdbc.SqlScriptsTestExecutionListener@3f8d2405, org.springframework.boot.test.mock.mockito.ResetMocksTestExecutionListener@7ba1e404, org.springframework.boot.test.mock.mockito.MockitoTestExecutionListener@5f86f023]
21:40:49.821 [http-nio-9120-exec-3] INFO  o.t.k.f.logback.SessionInterceptor - init session:03548d1b-0017-11e7-af8b-0014781bc25c
2017-03-03 21:40:49.821  INFO 6131 --- [nio-9120-exec-3] o.t.k.f.logback.SessionInterceptor       : init session:03548d1b-0017-11e7-af8b-0014781bc25c
21:40:49.821 [http-nio-9120-exec-3] INFO  o.t.k.f.s.i.f.SecurityInterceptor - identification start.userName:someone,uri:/kanban/boards/boardId-foo/pages/fooId
2017-03-03 21:40:49.821  INFO 6131 --- [nio-9120-exec-3] o.t.k.f.s.i.filter.SecurityInterceptor   : identification start.userName:someone,uri:/kanban/boards/boardId-foo/pages/fooId
21:40:49.821 [http-nio-9120-exec-3] INFO  o.t.k.f.s.a.AuthenticationInterceptor - authentication start.currentURL:/kanban/boards/boardId-foo/pages/fooId
2017-03-03 21:40:49.821  INFO 6131 --- [nio-9120-exec-3] o.t.k.f.s.a.AuthenticationInterceptor    : authentication start.currentURL:/kanban/boards/boardId-foo/pages/fooId
21:40:49.832 [http-nio-9120-exec-3] INFO  o.t.k.a.AcceptanceCriteriaService - Loading pageId:fooId,boardId:boardId-foo,userName:someone
2017-03-03 21:40:49.832  INFO 6131 --- [nio-9120-exec-3] o.t.k.a.AcceptanceCriteriaService        : Loading pageId:fooId,boardId:boardId-foo,userName:someone
21:40:49.834 [http-nio-9120-exec-3] INFO  o.t.k.a.AcceptanceCriteriaService - No page was found.
2017-03-03 21:40:49.834  INFO 6131 --- [nio-9120-exec-3] o.t.k.a.AcceptanceCriteriaService        : No page was found.
21:40:49.837 [http-nio-9120-exec-3] INFO  o.t.k.f.logback.SessionInterceptor - remove sessionId.
2017-03-03 21:40:49.837  INFO 6131 --- [nio-9120-exec-3] o.t.k.f.logback.SessionInterceptor       : remove sessionId.
21:40:49.838 [http-nio-9120-exec-3] INFO  o.t.k.f.logback.SessionInterceptor - init session:0357252c-0017-11e7-af8b-0014781bc25c
2017-03-03 21:40:49.838  INFO 6131 --- [nio-9120-exec-3] o.t.k.f.logback.SessionInterceptor       : init session:0357252c-0017-11e7-af8b-0014781bc25c
21:40:49.839 [http-nio-9120-exec-3] INFO  o.t.k.f.s.i.f.SecurityInterceptor - identification start.userName:someone,uri:/kanban/error/404
2017-03-03 21:40:49.839  INFO 6131 --- [nio-9120-exec-3] o.t.k.f.s.i.filter.SecurityInterceptor   : identification start.userName:someone,uri:/kanban/error/404
21:40:49.839 [http-nio-9120-exec-3] INFO  o.t.k.f.s.a.AuthenticationInterceptor - authentication start.currentURL:/kanban/error/404
2017-03-03 21:40:49.839  INFO 6131 --- [nio-9120-exec-3] o.t.k.f.s.a.AuthenticationInterceptor    : authentication start.currentURL:/kanban/error/404
21:40:49.841 [http-nio-9120-exec-3] INFO  o.t.k.f.logback.SessionInterceptor - remove sessionId.
2017-03-03 21:40:49.841  INFO 6131 --- [nio-9120-exec-3] o.t.k.f.logback.SessionInterceptor       : remove sessionId.
21:40:49.876 [http-nio-9120-exec-4] INFO  o.t.k.f.logback.SessionInterceptor - init session:035cf18d-0017-11e7-af8b-0014781bc25c
2017-03-03 21:40:49.876  INFO 6131 --- [nio-9120-exec-4] o.t.k.f.logback.SessionInterceptor       : init session:035cf18d-0017-11e7-af8b-0014781bc25c
21:40:49.876 [http-nio-9120-exec-4] INFO  o.t.k.f.s.i.f.SecurityInterceptor - identification start.userName:someone,uri:/kanban/boards/boardId-foo/pages/fooId
2017-03-03 21:40:49.876  INFO 6131 --- [nio-9120-exec-4] o.t.k.f.s.i.filter.SecurityInterceptor   : identification start.userName:someone,uri:/kanban/boards/boardId-foo/pages/fooId
21:40:49.877 [http-nio-9120-exec-4] INFO  o.t.k.f.s.a.AuthenticationInterceptor - authentication start.currentURL:/kanban/boards/boardId-foo/pages/fooId
2017-03-03 21:40:49.877  INFO 6131 --- [nio-9120-exec-4] o.t.k.f.s.a.AuthenticationInterceptor    : authentication start.currentURL:/kanban/boards/boardId-foo/pages/fooId
21:40:49.879 [http-nio-9120-exec-4] INFO  o.t.k.a.AcceptanceCriteriaService - Removing pageId:fooId,boardId:boardId-foo,page:someone,userName:{}
2017-03-03 21:40:49.879  INFO 6131 --- [nio-9120-exec-4] o.t.k.a.AcceptanceCriteriaService        : Removing pageId:fooId,boardId:boardId-foo,page:someone,userName:{}
21:40:49.880 [http-nio-9120-exec-4] INFO  o.t.k.a.AcceptanceCriteriaService - No page was found.
2017-03-03 21:40:49.880  INFO 6131 --- [nio-9120-exec-4] o.t.k.a.AcceptanceCriteriaService        : No page was found.
21:40:49.882 [http-nio-9120-exec-4] INFO  o.t.k.f.logback.SessionInterceptor - remove sessionId.
2017-03-03 21:40:49.882  INFO 6131 --- [nio-9120-exec-4] o.t.k.f.logback.SessionInterceptor       : remove sessionId.
21:40:49.884 [http-nio-9120-exec-4] INFO  o.t.k.f.logback.SessionInterceptor - init session:035e2a0e-0017-11e7-af8b-0014781bc25c
2017-03-03 21:40:49.884  INFO 6131 --- [nio-9120-exec-4] o.t.k.f.logback.SessionInterceptor       : init session:035e2a0e-0017-11e7-af8b-0014781bc25c
21:40:49.885 [http-nio-9120-exec-4] INFO  o.t.k.f.s.i.f.SecurityInterceptor - identification start.userName:someone,uri:/kanban/error/404
2017-03-03 21:40:49.885  INFO 6131 --- [nio-9120-exec-4] o.t.k.f.s.i.filter.SecurityInterceptor   : identification start.userName:someone,uri:/kanban/error/404
21:40:49.885 [http-nio-9120-exec-4] INFO  o.t.k.f.s.a.AuthenticationInterceptor - authentication start.currentURL:/kanban/error/404
2017-03-03 21:40:49.885  INFO 6131 --- [nio-9120-exec-4] o.t.k.f.s.a.AuthenticationInterceptor    : authentication start.currentURL:/kanban/error/404
21:40:49.887 [http-nio-9120-exec-4] INFO  o.t.k.f.logback.SessionInterceptor - remove sessionId.
2017-03-03 21:40:49.887  INFO 6131 --- [nio-9120-exec-4] o.t.k.f.logback.SessionInterceptor       : remove sessionId.
21:40:49.925 [http-nio-9120-exec-5] INFO  o.t.k.f.logback.SessionInterceptor - init session:03646b9f-0017-11e7-af8b-0014781bc25c
2017-03-03 21:40:49.925  INFO 6131 --- [nio-9120-exec-5] o.t.k.f.logback.SessionInterceptor       : init session:03646b9f-0017-11e7-af8b-0014781bc25c
21:40:49.925 [http-nio-9120-exec-5] INFO  o.t.k.f.s.i.f.SecurityInterceptor - identification start.userName:someone,uri:/kanban/boards/boardId-foo/pages
2017-03-03 21:40:49.925  INFO 6131 --- [nio-9120-exec-5] o.t.k.f.s.i.filter.SecurityInterceptor   : identification start.userName:someone,uri:/kanban/boards/boardId-foo/pages
21:40:49.925 [http-nio-9120-exec-5] INFO  o.t.k.f.s.a.AuthenticationInterceptor - authentication start.currentURL:/kanban/boards/boardId-foo/pages
2017-03-03 21:40:49.925  INFO 6131 --- [nio-9120-exec-5] o.t.k.f.s.a.AuthenticationInterceptor    : authentication start.currentURL:/kanban/boards/boardId-foo/pages
21:40:49.936 [http-nio-9120-exec-5] INFO  o.t.k.a.AcceptanceCriteriaService - Creating new page:{"content":"page-content","title":"page-title"},boardId:boardId-foo,userName:someone
2017-03-03 21:40:49.936  INFO 6131 --- [nio-9120-exec-5] o.t.k.a.AcceptanceCriteriaService        : Creating new page:{"content":"page-content","title":"page-title"},boardId:boardId-foo,userName:someone
21:40:49.946 [http-nio-9120-exec-5] INFO  o.t.k.a.AcceptanceCriteriaService - Saved page:{"author":"someone","boardId":"boardId-foo","content":"page-content","creationTime":"2017-03-03 21:40:49.944000","id":"fooId","modificationTime":"2017-03-03 21:40:49.944000","title":"page-title"}
2017-03-03 21:40:49.946  INFO 6131 --- [nio-9120-exec-5] o.t.k.a.AcceptanceCriteriaService        : Saved page:{"author":"someone","boardId":"boardId-foo","content":"page-content","creationTime":"2017-03-03 21:40:49.944000","id":"fooId","modificationTime":"2017-03-03 21:40:49.944000","title":"page-title"}
21:40:49.946 [http-nio-9120-exec-5] INFO  org.thiki.kanban.page.PageResource - build page resource.board:boardId-foo,,userName:someone
2017-03-03 21:40:49.946  INFO 6131 --- [nio-9120-exec-5] org.thiki.kanban.page.PageResource       : build page resource.board:boardId-foo,,userName:someone
21:40:49.950 [http-nio-9120-exec-5] INFO  org.thiki.kanban.page.PageResource - page resource building completed.board:boardId-foo,userName:someone
2017-03-03 21:40:49.950  INFO 6131 --- [nio-9120-exec-5] org.thiki.kanban.page.PageResource       : page resource building completed.board:boardId-foo,userName:someone
21:40:49.956 [http-nio-9120-exec-5] INFO  o.t.k.f.logback.SessionInterceptor - remove sessionId.
2017-03-03 21:40:49.956  INFO 6131 --- [nio-9120-exec-5] o.t.k.f.logback.SessionInterceptor       : remove sessionId.
21:40:50.041 [http-nio-9120-exec-6] INFO  o.t.k.f.logback.SessionInterceptor - init session:03761ee0-0017-11e7-af8b-0014781bc25c
2017-03-03 21:40:50.041  INFO 6131 --- [nio-9120-exec-6] o.t.k.f.logback.SessionInterceptor       : init session:03761ee0-0017-11e7-af8b-0014781bc25c
21:40:50.042 [http-nio-9120-exec-6] INFO  o.t.k.f.s.i.f.SecurityInterceptor - identification start.userName:someone,uri:/kanban/boards/boardId-foo/pages/fooId
2017-03-03 21:40:50.042  INFO 6131 --- [nio-9120-exec-6] o.t.k.f.s.i.filter.SecurityInterceptor   : identification start.userName:someone,uri:/kanban/boards/boardId-foo/pages/fooId
21:40:50.042 [http-nio-9120-exec-6] INFO  o.t.k.f.s.a.AuthenticationInterceptor - authentication start.currentURL:/kanban/boards/boardId-foo/pages/fooId
2017-03-03 21:40:50.042  INFO 6131 --- [nio-9120-exec-6] o.t.k.f.s.a.AuthenticationInterceptor    : authentication start.currentURL:/kanban/boards/boardId-foo/pages/fooId
21:40:50.051 [http-nio-9120-exec-6] INFO  o.t.k.a.AcceptanceCriteriaService - Modifying pageId:fooId,boardId:boardId-foo,page:{"content":"page-content-new","title":"page-title-new"},userName:someone
2017-03-03 21:40:50.051  INFO 6131 --- [nio-9120-exec-6] o.t.k.a.AcceptanceCriteriaService        : Modifying pageId:fooId,boardId:boardId-foo,page:{"content":"page-content-new","title":"page-title-new"},userName:someone
21:40:50.053 [http-nio-9120-exec-6] INFO  o.t.k.a.AcceptanceCriteriaService - No page was found.
2017-03-03 21:40:50.053  INFO 6131 --- [nio-9120-exec-6] o.t.k.a.AcceptanceCriteriaService        : No page was found.
21:40:50.054 [http-nio-9120-exec-6] INFO  o.t.k.f.logback.SessionInterceptor - remove sessionId.
2017-03-03 21:40:50.054  INFO 6131 --- [nio-9120-exec-6] o.t.k.f.logback.SessionInterceptor       : remove sessionId.
21:40:50.057 [http-nio-9120-exec-6] INFO  o.t.k.f.logback.SessionInterceptor - init session:03788fe1-0017-11e7-af8b-0014781bc25c
2017-03-03 21:40:50.057  INFO 6131 --- [nio-9120-exec-6] o.t.k.f.logback.SessionInterceptor       : init session:03788fe1-0017-11e7-af8b-0014781bc25c
21:40:50.058 [http-nio-9120-exec-6] INFO  o.t.k.f.s.i.f.SecurityInterceptor - identification start.userName:someone,uri:/kanban/error/404
2017-03-03 21:40:50.058  INFO 6131 --- [nio-9120-exec-6] o.t.k.f.s.i.filter.SecurityInterceptor   : identification start.userName:someone,uri:/kanban/error/404
21:40:50.058 [http-nio-9120-exec-6] INFO  o.t.k.f.s.a.AuthenticationInterceptor - authentication start.currentURL:/kanban/error/404
2017-03-03 21:40:50.058  INFO 6131 --- [nio-9120-exec-6] o.t.k.f.s.a.AuthenticationInterceptor    : authentication start.currentURL:/kanban/error/404
21:40:50.061 [http-nio-9120-exec-6] INFO  o.t.k.f.logback.SessionInterceptor - remove sessionId.
2017-03-03 21:40:50.061  INFO 6131 --- [nio-9120-exec-6] o.t.k.f.logback.SessionInterceptor       : remove sessionId.
21:40:50.100 [http-nio-9120-exec-8] INFO  o.t.k.f.logback.SessionInterceptor - init session:037f1f92-0017-11e7-af8b-0014781bc25c
2017-03-03 21:40:50.100  INFO 6131 --- [nio-9120-exec-8] o.t.k.f.logback.SessionInterceptor       : init session:037f1f92-0017-11e7-af8b-0014781bc25c
21:40:50.101 [http-nio-9120-exec-8] INFO  o.t.k.f.s.i.f.SecurityInterceptor - identification start.userName:someone,uri:/kanban/boards/boardId-foo/pages/fooId
2017-03-03 21:40:50.101  INFO 6131 --- [nio-9120-exec-8] o.t.k.f.s.i.filter.SecurityInterceptor   : identification start.userName:someone,uri:/kanban/boards/boardId-foo/pages/fooId
21:40:50.101 [http-nio-9120-exec-8] INFO  o.t.k.f.s.a.AuthenticationInterceptor - authentication start.currentURL:/kanban/boards/boardId-foo/pages/fooId
2017-03-03 21:40:50.101  INFO 6131 --- [nio-9120-exec-8] o.t.k.f.s.a.AuthenticationInterceptor    : authentication start.currentURL:/kanban/boards/boardId-foo/pages/fooId
21:40:50.103 [http-nio-9120-exec-8] INFO  o.t.k.a.AcceptanceCriteriaService - Removing pageId:fooId,boardId:boardId-foo,page:someone,userName:{}
2017-03-03 21:40:50.103  INFO 6131 --- [nio-9120-exec-8] o.t.k.a.AcceptanceCriteriaService        : Removing pageId:fooId,boardId:boardId-foo,page:someone,userName:{}
21:40:50.107 [http-nio-9120-exec-8] INFO  o.t.k.a.AcceptanceCriteriaService - Page:fooId was removed successfully.
2017-03-03 21:40:50.107  INFO 6131 --- [nio-9120-exec-8] o.t.k.a.AcceptanceCriteriaService        : Page:fooId was removed successfully.
21:40:50.108 [http-nio-9120-exec-8] INFO  org.thiki.kanban.page.PageResource - build page resource.board:boardId-foo,,userName:someone
2017-03-03 21:40:50.108  INFO 6131 --- [nio-9120-exec-8] org.thiki.kanban.page.PageResource       : build page resource.board:boardId-foo,,userName:someone
21:40:50.110 [http-nio-9120-exec-8] INFO  org.thiki.kanban.page.PageResource - page resource building completed.board:boardId-foo,userName:someone
2017-03-03 21:40:50.110  INFO 6131 --- [nio-9120-exec-8] org.thiki.kanban.page.PageResource       : page resource building completed.board:boardId-foo,userName:someone
21:40:50.114 [http-nio-9120-exec-8] INFO  o.t.k.f.logback.SessionInterceptor - remove sessionId.
2017-03-03 21:40:50.114  INFO 6131 --- [nio-9120-exec-8] o.t.k.f.logback.SessionInterceptor       : remove sessionId.
21:40:50.136 [http-nio-9120-exec-7] INFO  o.t.k.f.logback.SessionInterceptor - init session:03849dd3-0017-11e7-af8b-0014781bc25c
2017-03-03 21:40:50.136  INFO 6131 --- [nio-9120-exec-7] o.t.k.f.logback.SessionInterceptor       : init session:03849dd3-0017-11e7-af8b-0014781bc25c
21:40:50.136 [http-nio-9120-exec-7] INFO  o.t.k.f.s.i.f.SecurityInterceptor - identification start.userName:someone,uri:/kanban/boards/boardId-foo/pages/fooId
2017-03-03 21:40:50.136  INFO 6131 --- [nio-9120-exec-7] o.t.k.f.s.i.filter.SecurityInterceptor   : identification start.userName:someone,uri:/kanban/boards/boardId-foo/pages/fooId
21:40:50.137 [http-nio-9120-exec-7] INFO  o.t.k.f.s.a.AuthenticationInterceptor - authentication start.currentURL:/kanban/boards/boardId-foo/pages/fooId
2017-03-03 21:40:50.137  INFO 6131 --- [nio-9120-exec-7] o.t.k.f.s.a.AuthenticationInterceptor    : authentication start.currentURL:/kanban/boards/boardId-foo/pages/fooId
21:40:50.144 [http-nio-9120-exec-7] INFO  o.t.k.a.AcceptanceCriteriaService - Modifying pageId:fooId,boardId:boardId-foo,page:{"content":"page-content-new","title":"page-title-new"},userName:someone
2017-03-03 21:40:50.144  INFO 6131 --- [nio-9120-exec-7] o.t.k.a.AcceptanceCriteriaService        : Modifying pageId:fooId,boardId:boardId-foo,page:{"content":"page-content-new","title":"page-title-new"},userName:someone
21:40:50.151 [http-nio-9120-exec-7] INFO  o.t.k.a.AcceptanceCriteriaService - Modified page:{"author":"someone","boardId":"boardId-foo","content":"page-content-new","creationTime":"2017-03-03 21:40:50.122000","id":"fooId","modificationTime":"2017-03-03 21:40:50.122000","title":"page-title-new"}
2017-03-03 21:40:50.151  INFO 6131 --- [nio-9120-exec-7] o.t.k.a.AcceptanceCriteriaService        : Modified page:{"author":"someone","boardId":"boardId-foo","content":"page-content-new","creationTime":"2017-03-03 21:40:50.122000","id":"fooId","modificationTime":"2017-03-03 21:40:50.122000","title":"page-title-new"}
21:40:50.151 [http-nio-9120-exec-7] INFO  org.thiki.kanban.page.PageResource - build page resource.board:boardId-foo,,userName:someone
2017-03-03 21:40:50.151  INFO 6131 --- [nio-9120-exec-7] org.thiki.kanban.page.PageResource       : build page resource.board:boardId-foo,,userName:someone
21:40:50.154 [http-nio-9120-exec-7] INFO  org.thiki.kanban.page.PageResource - page resource building completed.board:boardId-foo,userName:someone
2017-03-03 21:40:50.154  INFO 6131 --- [nio-9120-exec-7] org.thiki.kanban.page.PageResource       : page resource building completed.board:boardId-foo,userName:someone
21:40:50.157 [http-nio-9120-exec-7] INFO  o.t.k.f.logback.SessionInterceptor - remove sessionId.
2017-03-03 21:40:50.157  INFO 6131 --- [nio-9120-exec-7] o.t.k.f.logback.SessionInterceptor       : remove sessionId.
21:40:50.228 [http-nio-9120-exec-9] INFO  o.t.k.f.logback.SessionInterceptor - init session:0392a794-0017-11e7-af8b-0014781bc25c
2017-03-03 21:40:50.228  INFO 6131 --- [nio-9120-exec-9] o.t.k.f.logback.SessionInterceptor       : init session:0392a794-0017-11e7-af8b-0014781bc25c
21:40:50.228 [http-nio-9120-exec-9] INFO  o.t.k.f.s.i.f.SecurityInterceptor - identification start.userName:someone,uri:/kanban/boards/boardId-foo/pages
2017-03-03 21:40:50.228  INFO 6131 --- [nio-9120-exec-9] o.t.k.f.s.i.filter.SecurityInterceptor   : identification start.userName:someone,uri:/kanban/boards/boardId-foo/pages
21:40:50.229 [http-nio-9120-exec-9] INFO  o.t.k.f.s.a.AuthenticationInterceptor - authentication start.currentURL:/kanban/boards/boardId-foo/pages
2017-03-03 21:40:50.229  INFO 6131 --- [nio-9120-exec-9] o.t.k.f.s.a.AuthenticationInterceptor    : authentication start.currentURL:/kanban/boards/boardId-foo/pages
21:40:50.230 [http-nio-9120-exec-9] INFO  o.t.k.a.AcceptanceCriteriaService - Loading boardId:boardId-foo,userName:someone
2017-03-03 21:40:50.230  INFO 6131 --- [nio-9120-exec-9] o.t.k.a.AcceptanceCriteriaService        : Loading boardId:boardId-foo,userName:someone
21:40:50.233 [http-nio-9120-exec-9] INFO  o.t.k.a.AcceptanceCriteriaService - Loaded page:[{"author":"someone","boardId":"boardId-foo","content":"page-content","creationTime":"2017-03-03 21:40:50.217000","id":"fooId","modificationTime":"2017-03-03 21:40:50.217000","title":"page-title"}]
2017-03-03 21:40:50.233  INFO 6131 --- [nio-9120-exec-9] o.t.k.a.AcceptanceCriteriaService        : Loaded page:[{"author":"someone","boardId":"boardId-foo","content":"page-content","creationTime":"2017-03-03 21:40:50.217000","id":"fooId","modificationTime":"2017-03-03 21:40:50.217000","title":"page-title"}]
21:40:50.233 [http-nio-9120-exec-9] INFO  org.thiki.kanban.page.PagesResource - build pages resource.board:boardId-foo,,userName:someone
2017-03-03 21:40:50.233  INFO 6131 --- [nio-9120-exec-9] org.thiki.kanban.page.PagesResource      : build pages resource.board:boardId-foo,,userName:someone
21:40:50.233 [http-nio-9120-exec-9] INFO  org.thiki.kanban.page.PageResource - build page resource.board:boardId-foo,,userName:someone
2017-03-03 21:40:50.233  INFO 6131 --- [nio-9120-exec-9] org.thiki.kanban.page.PageResource       : build page resource.board:boardId-foo,,userName:someone
21:40:50.237 [http-nio-9120-exec-9] INFO  org.thiki.kanban.page.PageResource - page resource building completed.board:boardId-foo,userName:someone
2017-03-03 21:40:50.237  INFO 6131 --- [nio-9120-exec-9] org.thiki.kanban.page.PageResource       : page resource building completed.board:boardId-foo,userName:someone
21:40:50.240 [http-nio-9120-exec-9] INFO  org.thiki.kanban.page.PagesResource - pages resource building completed.board:boardId-foo,userName:someone
2017-03-03 21:40:50.240  INFO 6131 --- [nio-9120-exec-9] org.thiki.kanban.page.PagesResource      : pages resource building completed.board:boardId-foo,userName:someone
21:40:50.246 [http-nio-9120-exec-9] INFO  o.t.k.f.logback.SessionInterceptor - remove sessionId.
2017-03-03 21:40:50.246  INFO 6131 --- [nio-9120-exec-9] o.t.k.f.logback.SessionInterceptor       : remove sessionId.
21:40:50.311 [http-nio-9120-exec-10] INFO  o.t.k.f.logback.SessionInterceptor - init session:039f2ab5-0017-11e7-af8b-0014781bc25c
2017-03-03 21:40:50.311  INFO 6131 --- [io-9120-exec-10] o.t.k.f.logback.SessionInterceptor       : init session:039f2ab5-0017-11e7-af8b-0014781bc25c
21:40:50.311 [http-nio-9120-exec-10] INFO  o.t.k.f.s.i.f.SecurityInterceptor - identification start.userName:someone,uri:/kanban/boards/boardId-foo/pages/fooId
2017-03-03 21:40:50.311  INFO 6131 --- [io-9120-exec-10] o.t.k.f.s.i.filter.SecurityInterceptor   : identification start.userName:someone,uri:/kanban/boards/boardId-foo/pages/fooId
21:40:50.311 [http-nio-9120-exec-10] INFO  o.t.k.f.s.a.AuthenticationInterceptor - authentication start.currentURL:/kanban/boards/boardId-foo/pages/fooId
2017-03-03 21:40:50.311  INFO 6131 --- [io-9120-exec-10] o.t.k.f.s.a.AuthenticationInterceptor    : authentication start.currentURL:/kanban/boards/boardId-foo/pages/fooId
21:40:50.313 [http-nio-9120-exec-10] INFO  o.t.k.a.AcceptanceCriteriaService - Loading pageId:fooId,boardId:boardId-foo,userName:someone
2017-03-03 21:40:50.313  INFO 6131 --- [io-9120-exec-10] o.t.k.a.AcceptanceCriteriaService        : Loading pageId:fooId,boardId:boardId-foo,userName:someone
21:40:50.315 [http-nio-9120-exec-10] INFO  o.t.k.a.AcceptanceCriteriaService - Loaded page:{"author":"someone","boardId":"boardId-foo","content":"page-content","creationTime":"2017-03-03 21:40:50.296000","id":"fooId","modificationTime":"2017-03-03 21:40:50.296000","title":"page-title"}
2017-03-03 21:40:50.315  INFO 6131 --- [io-9120-exec-10] o.t.k.a.AcceptanceCriteriaService        : Loaded page:{"author":"someone","boardId":"boardId-foo","content":"page-content","creationTime":"2017-03-03 21:40:50.296000","id":"fooId","modificationTime":"2017-03-03 21:40:50.296000","title":"page-title"}
21:40:50.316 [http-nio-9120-exec-10] INFO  org.thiki.kanban.page.PageResource - build page resource.board:boardId-foo,,userName:someone
2017-03-03 21:40:50.316  INFO 6131 --- [io-9120-exec-10] org.thiki.kanban.page.PageResource       : build page resource.board:boardId-foo,,userName:someone
21:40:50.320 [http-nio-9120-exec-10] INFO  org.thiki.kanban.page.PageResource - page resource building completed.board:boardId-foo,userName:someone
2017-03-03 21:40:50.320  INFO 6131 --- [io-9120-exec-10] org.thiki.kanban.page.PageResource       : page resource building completed.board:boardId-foo,userName:someone
21:40:50.325 [http-nio-9120-exec-10] INFO  o.t.k.f.logback.SessionInterceptor - remove sessionId.
2017-03-03 21:40:50.325  INFO 6131 --- [io-9120-exec-10] o.t.k.f.logback.SessionInterceptor       : remove sessionId.
]]></system-out>
  <system-err><![CDATA[]]></system-err>
</testsuite>
