<?xml version="1.0" encoding="UTF-8"?>
<testsuite name="org.thiki.kanban.password.PasswordControllerTest" tests="11" skipped="0" failures="0" errors="0" timestamp="2017-03-12T11:08:45" hostname="wisdom-HP" time="0.723">
  <properties/>
  <testcase name="ResetPasswordIsNotAllowedIfTheApplicationHasBeenAlreadyReset" classname="org.thiki.kanban.password.PasswordControllerTest" time="0.07"/>
  <testcase name="verificationCodeWillBeInvalidIfAlreadyBeingUsed" classname="org.thiki.kanban.password.PasswordControllerTest" time="0.056"/>
  <testcase name="verifyVerificationCode" classname="org.thiki.kanban.password.PasswordControllerTest" time="0.058"/>
  <testcase name="NotAllowedIfEmailIsNotProvide" classname="org.thiki.kanban.password.PasswordControllerTest" time="0.058"/>
  <testcase name="resetPassword" classname="org.thiki.kanban.password.PasswordControllerTest" time="0.071"/>
  <testcase name="discardingUnfinishedPasswordRetrievalApplication" classname="org.thiki.kanban.password.PasswordControllerTest" time="0.077"/>
  <testcase name="verificationCodeTimeOut" classname="org.thiki.kanban.password.PasswordControllerTest" time="0.062"/>
  <testcase name="sendVerificationCode" classname="org.thiki.kanban.password.PasswordControllerTest" time="0.073"/>
  <testcase name="NotAllowedIfEmailFormatIsNotExists" classname="org.thiki.kanban.password.PasswordControllerTest" time="0.055"/>
  <testcase name="NotAllowedIfEmailFormatIsNotCorrect" classname="org.thiki.kanban.password.PasswordControllerTest" time="0.053"/>
  <testcase name="VerificationWillBeFailedIfVerificationCodeIsNotCorrect" classname="org.thiki.kanban.password.PasswordControllerTest" time="0.074"/>
  <system-out><![CDATA[2017-03-12 19:08:45.744  INFO 6873 --- [    Test worker] o.s.t.c.support.AbstractContextLoader    : Could not detect default resource locations for test class [org.thiki.kanban.TestBase]: no resource found for suffixes {-context.xml, Context.groovy}.
2017-03-12 19:08:45.749  INFO 6873 --- [    Test worker] WebAppIntegrationTestContextBootstrapper : Loaded default TestExecutionListener class names from location [META-INF/spring.factories]: [org.springframework.test.context.web.ServletTestExecutionListener, org.springframework.test.context.support.DirtiesContextBeforeModesTestExecutionListener, org.springframework.test.context.support.DependencyInjectionTestExecutionListener, org.springframework.test.context.support.DirtiesContextTestExecutionListener, org.springframework.test.context.transaction.TransactionalTestExecutionListener, org.springframework.test.context.jdbc.SqlScriptsTestExecutionListener, org.springframework.boot.test.mock.mockito.MockitoTestExecutionListener, org.springframework.boot.test.mock.mockito.ResetMocksTestExecutionListener, org.springframework.boot.test.autoconfigure.restdocs.RestDocsTestExecutionListener, org.springframework.boot.test.autoconfigure.web.client.MockRestServiceServerResetTestExecutionListener, org.springframework.boot.test.autoconfigure.web.servlet.MockMvcPrintOnlyOnFailureTestExecutionListener, org.springframework.boot.test.autoconfigure.web.servlet.WebDriverTestExecutionListener]
2017-03-12 19:08:45.749  INFO 6873 --- [    Test worker] WebAppIntegrationTestContextBootstrapper : Using TestExecutionListeners: [org.springframework.test.context.web.ServletTestExecutionListener@1d2c59d6, org.springframework.test.context.support.DirtiesContextBeforeModesTestExecutionListener@56b5b632, org.springframework.test.context.support.DependencyInjectionTestExecutionListener@7eb20a5, org.springframework.test.context.support.DirtiesContextTestExecutionListener@7e7ca804, org.springframework.test.context.transaction.TransactionalTestExecutionListener@161acf4, org.springframework.test.context.jdbc.SqlScriptsTestExecutionListener@7a1e9ecc, org.springframework.boot.test.autoconfigure.web.servlet.MockMvcPrintOnlyOnFailureTestExecutionListener@242e6722, org.springframework.boot.test.autoconfigure.web.servlet.WebDriverTestExecutionListener@3f89d72b, org.springframework.boot.test.autoconfigure.web.client.MockRestServiceServerResetTestExecutionListener@3303ca22, org.springframework.boot.test.mock.mockito.MockitoTestExecutionListener@3de5da70, org.springframework.boot.test.mock.mockito.ResetMocksTestExecutionListener@6aa5bd99, org.springframework.boot.test.autoconfigure.restdocs.RestDocsTestExecutionListener@1b640f69]
19:08:45.775 [http-nio-9120-exec-7] INFO  o.t.k.f.logback.SessionInterceptor - init session:42b15e97-0714-11e7-80b3-0014781bc25c
2017-03-12 19:08:45.775  INFO 6873 --- [nio-9120-exec-7] o.t.k.f.logback.SessionInterceptor       : init session:42b15e97-0714-11e7-80b3-0014781bc25c
19:08:45.775 [http-nio-9120-exec-7] INFO  o.t.k.f.s.i.f.SecurityInterceptor - identification start.userName:null,uri:/kanban/tao/password
2017-03-12 19:08:45.775  INFO 6873 --- [nio-9120-exec-7] o.t.k.f.s.i.filter.SecurityInterceptor   : identification start.userName:null,uri:/kanban/tao/password
19:08:45.775 [http-nio-9120-exec-7] INFO  o.t.k.f.s.a.AuthenticationInterceptor - authentication start.currentURL:/kanban/tao/password
2017-03-12 19:08:45.775  INFO 6873 --- [nio-9120-exec-7] o.t.k.f.s.a.AuthenticationInterceptor    : authentication start.currentURL:/kanban/tao/password
19:08:45.797 [http-nio-9120-exec-7] INFO  o.t.k.f.logback.SessionInterceptor - remove sessionId.
2017-03-12 19:08:45.797  INFO 6873 --- [nio-9120-exec-7] o.t.k.f.logback.SessionInterceptor       : remove sessionId.
19:08:45.799 [http-nio-9120-exec-7] INFO  o.t.k.f.logback.SessionInterceptor - init session:42b50818-0714-11e7-80b3-0014781bc25c
2017-03-12 19:08:45.799  INFO 6873 --- [nio-9120-exec-7] o.t.k.f.logback.SessionInterceptor       : init session:42b50818-0714-11e7-80b3-0014781bc25c
19:08:45.799 [http-nio-9120-exec-7] INFO  o.t.k.f.s.i.f.SecurityInterceptor - identification start.userName:null,uri:/kanban/error/invalidParamsException
2017-03-12 19:08:45.799  INFO 6873 --- [nio-9120-exec-7] o.t.k.f.s.i.filter.SecurityInterceptor   : identification start.userName:null,uri:/kanban/error/invalidParamsException
19:08:45.799 [http-nio-9120-exec-7] INFO  o.t.k.f.s.a.AuthenticationInterceptor - authentication start.currentURL:/kanban/error/invalidParamsException
2017-03-12 19:08:45.799  INFO 6873 --- [nio-9120-exec-7] o.t.k.f.s.a.AuthenticationInterceptor    : authentication start.currentURL:/kanban/error/invalidParamsException
19:08:45.803 [http-nio-9120-exec-7] INFO  o.t.k.f.logback.SessionInterceptor - remove sessionId.
2017-03-12 19:08:45.803  INFO 6873 --- [nio-9120-exec-7] o.t.k.f.logback.SessionInterceptor       : remove sessionId.
19:08:45.845 [http-nio-9120-exec-8] INFO  o.t.k.f.logback.SessionInterceptor - init session:42bc0cf9-0714-11e7-80b3-0014781bc25c
2017-03-12 19:08:45.845  INFO 6873 --- [nio-9120-exec-8] o.t.k.f.logback.SessionInterceptor       : init session:42bc0cf9-0714-11e7-80b3-0014781bc25c
19:08:45.846 [http-nio-9120-exec-8] INFO  o.t.k.f.s.i.f.SecurityInterceptor - identification start.userName:null,uri:/kanban/tao/passwordResetApplication
2017-03-12 19:08:45.846  INFO 6873 --- [nio-9120-exec-8] o.t.k.f.s.i.filter.SecurityInterceptor   : identification start.userName:null,uri:/kanban/tao/passwordResetApplication
19:08:45.847 [http-nio-9120-exec-8] INFO  o.t.k.f.s.a.AuthenticationInterceptor - authentication start.currentURL:/kanban/tao/passwordResetApplication
2017-03-12 19:08:45.847  INFO 6873 --- [nio-9120-exec-8] o.t.k.f.s.a.AuthenticationInterceptor    : authentication start.currentURL:/kanban/tao/passwordResetApplication
19:08:45.856 [http-nio-9120-exec-8] INFO  o.t.k.f.logback.SessionInterceptor - remove sessionId.
2017-03-12 19:08:45.856  INFO 6873 --- [nio-9120-exec-8] o.t.k.f.logback.SessionInterceptor       : remove sessionId.
19:08:45.859 [http-nio-9120-exec-8] INFO  o.t.k.f.logback.SessionInterceptor - init session:42be2fda-0714-11e7-80b3-0014781bc25c
2017-03-12 19:08:45.859  INFO 6873 --- [nio-9120-exec-8] o.t.k.f.logback.SessionInterceptor       : init session:42be2fda-0714-11e7-80b3-0014781bc25c
19:08:45.860 [http-nio-9120-exec-8] INFO  o.t.k.f.s.i.f.SecurityInterceptor - identification start.userName:null,uri:/kanban/error/invalidParamsException
2017-03-12 19:08:45.860  INFO 6873 --- [nio-9120-exec-8] o.t.k.f.s.i.filter.SecurityInterceptor   : identification start.userName:null,uri:/kanban/error/invalidParamsException
19:08:45.860 [http-nio-9120-exec-8] INFO  o.t.k.f.s.a.AuthenticationInterceptor - authentication start.currentURL:/kanban/error/invalidParamsException
2017-03-12 19:08:45.860  INFO 6873 --- [nio-9120-exec-8] o.t.k.f.s.a.AuthenticationInterceptor    : authentication start.currentURL:/kanban/error/invalidParamsException
19:08:45.863 [http-nio-9120-exec-8] INFO  o.t.k.f.logback.SessionInterceptor - remove sessionId.
2017-03-12 19:08:45.863  INFO 6873 --- [nio-9120-exec-8] o.t.k.f.logback.SessionInterceptor       : remove sessionId.
19:08:45.902 [http-nio-9120-exec-9] INFO  o.t.k.f.logback.SessionInterceptor - init session:42c4bf8b-0714-11e7-80b3-0014781bc25c
2017-03-12 19:08:45.902  INFO 6873 --- [nio-9120-exec-9] o.t.k.f.logback.SessionInterceptor       : init session:42c4bf8b-0714-11e7-80b3-0014781bc25c
19:08:45.902 [http-nio-9120-exec-9] INFO  o.t.k.f.s.i.f.SecurityInterceptor - identification start.userName:null,uri:/kanban/tao/passwordResetApplication
2017-03-12 19:08:45.902  INFO 6873 --- [nio-9120-exec-9] o.t.k.f.s.i.filter.SecurityInterceptor   : identification start.userName:null,uri:/kanban/tao/passwordResetApplication
19:08:45.903 [http-nio-9120-exec-9] INFO  o.t.k.f.s.a.AuthenticationInterceptor - authentication start.currentURL:/kanban/tao/passwordResetApplication
2017-03-12 19:08:45.903  INFO 6873 --- [nio-9120-exec-9] o.t.k.f.s.a.AuthenticationInterceptor    : authentication start.currentURL:/kanban/tao/passwordResetApplication
19:08:45.924 [http-nio-9120-exec-9] INFO  o.t.k.f.logback.SessionInterceptor - remove sessionId.
2017-03-12 19:08:45.924  INFO 6873 --- [nio-9120-exec-9] o.t.k.f.logback.SessionInterceptor       : remove sessionId.
19:08:45.958 [http-nio-9120-exec-10] INFO  o.t.k.f.logback.SessionInterceptor - init session:42cd4b0c-0714-11e7-80b3-0014781bc25c
2017-03-12 19:08:45.958  INFO 6873 --- [io-9120-exec-10] o.t.k.f.logback.SessionInterceptor       : init session:42cd4b0c-0714-11e7-80b3-0014781bc25c
19:08:45.958 [http-nio-9120-exec-10] INFO  o.t.k.f.s.i.f.SecurityInterceptor - identification start.userName:null,uri:/kanban/passwordRetrievalApplication
2017-03-12 19:08:45.958  INFO 6873 --- [io-9120-exec-10] o.t.k.f.s.i.filter.SecurityInterceptor   : identification start.userName:null,uri:/kanban/passwordRetrievalApplication
19:08:45.959 [http-nio-9120-exec-10] INFO  o.t.k.f.s.a.AuthenticationInterceptor - authentication start.currentURL:/kanban/passwordRetrievalApplication
2017-03-12 19:08:45.959  INFO 6873 --- [io-9120-exec-10] o.t.k.f.s.a.AuthenticationInterceptor    : authentication start.currentURL:/kanban/passwordRetrievalApplication
19:08:45.971 [http-nio-9120-exec-10] INFO  o.t.k.f.logback.SessionInterceptor - remove sessionId.
2017-03-12 19:08:45.971  INFO 6873 --- [io-9120-exec-10] o.t.k.f.logback.SessionInterceptor       : remove sessionId.
19:08:45.973 [http-nio-9120-exec-10] INFO  o.t.k.f.logback.SessionInterceptor - init session:42cf94fd-0714-11e7-80b3-0014781bc25c
2017-03-12 19:08:45.973  INFO 6873 --- [io-9120-exec-10] o.t.k.f.logback.SessionInterceptor       : init session:42cf94fd-0714-11e7-80b3-0014781bc25c
19:08:45.974 [http-nio-9120-exec-10] INFO  o.t.k.f.s.i.f.SecurityInterceptor - identification start.userName:null,uri:/kanban/error/invalidParamsException
2017-03-12 19:08:45.974  INFO 6873 --- [io-9120-exec-10] o.t.k.f.s.i.filter.SecurityInterceptor   : identification start.userName:null,uri:/kanban/error/invalidParamsException
19:08:45.975 [http-nio-9120-exec-10] INFO  o.t.k.f.s.a.AuthenticationInterceptor - authentication start.currentURL:/kanban/error/invalidParamsException
2017-03-12 19:08:45.975  INFO 6873 --- [io-9120-exec-10] o.t.k.f.s.a.AuthenticationInterceptor    : authentication start.currentURL:/kanban/error/invalidParamsException
19:08:45.977 [http-nio-9120-exec-10] INFO  o.t.k.f.logback.SessionInterceptor - remove sessionId.
2017-03-12 19:08:45.977  INFO 6873 --- [io-9120-exec-10] o.t.k.f.logback.SessionInterceptor       : remove sessionId.
19:08:46.021 [http-nio-9120-exec-1] INFO  o.t.k.f.logback.SessionInterceptor - init session:42d6e7fe-0714-11e7-80b3-0014781bc25c
2017-03-12 19:08:46.021  INFO 6873 --- [nio-9120-exec-1] o.t.k.f.logback.SessionInterceptor       : init session:42d6e7fe-0714-11e7-80b3-0014781bc25c
19:08:46.022 [http-nio-9120-exec-1] INFO  o.t.k.f.s.i.f.SecurityInterceptor - identification start.userName:null,uri:/kanban/tao/password
2017-03-12 19:08:46.022  INFO 6873 --- [nio-9120-exec-1] o.t.k.f.s.i.filter.SecurityInterceptor   : identification start.userName:null,uri:/kanban/tao/password
19:08:46.022 [http-nio-9120-exec-1] INFO  o.t.k.f.s.a.AuthenticationInterceptor - authentication start.currentURL:/kanban/tao/password
2017-03-12 19:08:46.022  INFO 6873 --- [nio-9120-exec-1] o.t.k.f.s.a.AuthenticationInterceptor    : authentication start.currentURL:/kanban/tao/password
19:08:46.056 [http-nio-9120-exec-1] INFO  o.t.k.f.logback.SessionInterceptor - remove sessionId.
2017-03-12 19:08:46.056  INFO 6873 --- [nio-9120-exec-1] o.t.k.f.logback.SessionInterceptor       : remove sessionId.
19:08:46.090 [http-nio-9120-exec-3] INFO  o.t.k.f.logback.SessionInterceptor - init session:42e16f4f-0714-11e7-80b3-0014781bc25c
2017-03-12 19:08:46.090  INFO 6873 --- [nio-9120-exec-3] o.t.k.f.logback.SessionInterceptor       : init session:42e16f4f-0714-11e7-80b3-0014781bc25c
19:08:46.090 [http-nio-9120-exec-3] INFO  o.t.k.f.s.i.f.SecurityInterceptor - identification start.userName:null,uri:/kanban/passwordRetrievalApplication
2017-03-12 19:08:46.090  INFO 6873 --- [nio-9120-exec-3] o.t.k.f.s.i.filter.SecurityInterceptor   : identification start.userName:null,uri:/kanban/passwordRetrievalApplication
19:08:46.091 [http-nio-9120-exec-3] INFO  o.t.k.f.s.a.AuthenticationInterceptor - authentication start.currentURL:/kanban/passwordRetrievalApplication
2017-03-12 19:08:46.091  INFO 6873 --- [nio-9120-exec-3] o.t.k.f.s.a.AuthenticationInterceptor    : authentication start.currentURL:/kanban/passwordRetrievalApplication
19:08:46.124 [http-nio-9120-exec-3] INFO  o.t.k.f.logback.SessionInterceptor - remove sessionId.
2017-03-12 19:08:46.124  INFO 6873 --- [nio-9120-exec-3] o.t.k.f.logback.SessionInterceptor       : remove sessionId.
19:08:46.176 [http-nio-9120-exec-4] INFO  o.t.k.f.logback.SessionInterceptor - init session:42ee8eb0-0714-11e7-80b3-0014781bc25c
2017-03-12 19:08:46.176  INFO 6873 --- [nio-9120-exec-4] o.t.k.f.logback.SessionInterceptor       : init session:42ee8eb0-0714-11e7-80b3-0014781bc25c
19:08:46.176 [http-nio-9120-exec-4] INFO  o.t.k.f.s.i.f.SecurityInterceptor - identification start.userName:null,uri:/kanban/tao/passwordResetApplication
2017-03-12 19:08:46.176  INFO 6873 --- [nio-9120-exec-4] o.t.k.f.s.i.filter.SecurityInterceptor   : identification start.userName:null,uri:/kanban/tao/passwordResetApplication
19:08:46.177 [http-nio-9120-exec-4] INFO  o.t.k.f.s.a.AuthenticationInterceptor - authentication start.currentURL:/kanban/tao/passwordResetApplication
2017-03-12 19:08:46.177  INFO 6873 --- [nio-9120-exec-4] o.t.k.f.s.a.AuthenticationInterceptor    : authentication start.currentURL:/kanban/tao/passwordResetApplication
19:08:46.185 [http-nio-9120-exec-4] INFO  o.t.k.f.logback.SessionInterceptor - remove sessionId.
2017-03-12 19:08:46.185  INFO 6873 --- [nio-9120-exec-4] o.t.k.f.logback.SessionInterceptor       : remove sessionId.
19:08:46.189 [http-nio-9120-exec-4] INFO  o.t.k.f.logback.SessionInterceptor - init session:42f08a81-0714-11e7-80b3-0014781bc25c
2017-03-12 19:08:46.189  INFO 6873 --- [nio-9120-exec-4] o.t.k.f.logback.SessionInterceptor       : init session:42f08a81-0714-11e7-80b3-0014781bc25c
19:08:46.190 [http-nio-9120-exec-4] INFO  o.t.k.f.s.i.f.SecurityInterceptor - identification start.userName:null,uri:/kanban/error/invalidParamsException
2017-03-12 19:08:46.190  INFO 6873 --- [nio-9120-exec-4] o.t.k.f.s.i.filter.SecurityInterceptor   : identification start.userName:null,uri:/kanban/error/invalidParamsException
19:08:46.191 [http-nio-9120-exec-4] INFO  o.t.k.f.s.a.AuthenticationInterceptor - authentication start.currentURL:/kanban/error/invalidParamsException
2017-03-12 19:08:46.191  INFO 6873 --- [nio-9120-exec-4] o.t.k.f.s.a.AuthenticationInterceptor    : authentication start.currentURL:/kanban/error/invalidParamsException
19:08:46.193 [http-nio-9120-exec-4] INFO  o.t.k.f.logback.SessionInterceptor - remove sessionId.
2017-03-12 19:08:46.193  INFO 6873 --- [nio-9120-exec-4] o.t.k.f.logback.SessionInterceptor       : remove sessionId.
19:08:46.247 [http-nio-9120-exec-2] INFO  o.t.k.f.logback.SessionInterceptor - init session:42f96422-0714-11e7-80b3-0014781bc25c
2017-03-12 19:08:46.247  INFO 6873 --- [nio-9120-exec-2] o.t.k.f.logback.SessionInterceptor       : init session:42f96422-0714-11e7-80b3-0014781bc25c
19:08:46.248 [http-nio-9120-exec-2] INFO  o.t.k.f.s.i.f.SecurityInterceptor - identification start.userName:null,uri:/kanban/passwordRetrievalApplication
2017-03-12 19:08:46.248  INFO 6873 --- [nio-9120-exec-2] o.t.k.f.s.i.filter.SecurityInterceptor   : identification start.userName:null,uri:/kanban/passwordRetrievalApplication
19:08:46.248 [http-nio-9120-exec-2] INFO  o.t.k.f.s.a.AuthenticationInterceptor - authentication start.currentURL:/kanban/passwordRetrievalApplication
2017-03-12 19:08:46.248  INFO 6873 --- [nio-9120-exec-2] o.t.k.f.s.a.AuthenticationInterceptor    : authentication start.currentURL:/kanban/passwordRetrievalApplication
19:08:46.272 [http-nio-9120-exec-2] INFO  o.t.k.f.logback.SessionInterceptor - remove sessionId.
2017-03-12 19:08:46.272  INFO 6873 --- [nio-9120-exec-2] o.t.k.f.logback.SessionInterceptor       : remove sessionId.
19:08:46.305 [http-nio-9120-exec-6] INFO  o.t.k.f.logback.SessionInterceptor - init session:43023dc3-0714-11e7-80b3-0014781bc25c
2017-03-12 19:08:46.305  INFO 6873 --- [nio-9120-exec-6] o.t.k.f.logback.SessionInterceptor       : init session:43023dc3-0714-11e7-80b3-0014781bc25c
19:08:46.305 [http-nio-9120-exec-6] INFO  o.t.k.f.s.i.f.SecurityInterceptor - identification start.userName:null,uri:/kanban/passwordRetrievalApplication
2017-03-12 19:08:46.305  INFO 6873 --- [nio-9120-exec-6] o.t.k.f.s.i.filter.SecurityInterceptor   : identification start.userName:null,uri:/kanban/passwordRetrievalApplication
19:08:46.305 [http-nio-9120-exec-6] INFO  o.t.k.f.s.a.AuthenticationInterceptor - authentication start.currentURL:/kanban/passwordRetrievalApplication
2017-03-12 19:08:46.305  INFO 6873 --- [nio-9120-exec-6] o.t.k.f.s.a.AuthenticationInterceptor    : authentication start.currentURL:/kanban/passwordRetrievalApplication
19:08:46.322 [http-nio-9120-exec-6] INFO  o.t.k.f.logback.SessionInterceptor - remove sessionId.
2017-03-12 19:08:46.322  INFO 6873 --- [nio-9120-exec-6] o.t.k.f.logback.SessionInterceptor       : remove sessionId.
19:08:46.324 [http-nio-9120-exec-6] INFO  o.t.k.f.logback.SessionInterceptor - init session:430523f4-0714-11e7-80b3-0014781bc25c
2017-03-12 19:08:46.324  INFO 6873 --- [nio-9120-exec-6] o.t.k.f.logback.SessionInterceptor       : init session:430523f4-0714-11e7-80b3-0014781bc25c
19:08:46.324 [http-nio-9120-exec-6] INFO  o.t.k.f.s.i.f.SecurityInterceptor - identification start.userName:null,uri:/kanban/error/invalidParamsException
2017-03-12 19:08:46.324  INFO 6873 --- [nio-9120-exec-6] o.t.k.f.s.i.filter.SecurityInterceptor   : identification start.userName:null,uri:/kanban/error/invalidParamsException
19:08:46.325 [http-nio-9120-exec-6] INFO  o.t.k.f.s.a.AuthenticationInterceptor - authentication start.currentURL:/kanban/error/invalidParamsException
2017-03-12 19:08:46.325  INFO 6873 --- [nio-9120-exec-6] o.t.k.f.s.a.AuthenticationInterceptor    : authentication start.currentURL:/kanban/error/invalidParamsException
19:08:46.329 [http-nio-9120-exec-6] INFO  o.t.k.f.logback.SessionInterceptor - remove sessionId.
2017-03-12 19:08:46.329  INFO 6873 --- [nio-9120-exec-6] o.t.k.f.logback.SessionInterceptor       : remove sessionId.
19:08:46.362 [http-nio-9120-exec-5] INFO  o.t.k.f.logback.SessionInterceptor - init session:430af055-0714-11e7-80b3-0014781bc25c
2017-03-12 19:08:46.362  INFO 6873 --- [nio-9120-exec-5] o.t.k.f.logback.SessionInterceptor       : init session:430af055-0714-11e7-80b3-0014781bc25c
19:08:46.363 [http-nio-9120-exec-5] INFO  o.t.k.f.s.i.f.SecurityInterceptor - identification start.userName:null,uri:/kanban/passwordRetrievalApplication
2017-03-12 19:08:46.363  INFO 6873 --- [nio-9120-exec-5] o.t.k.f.s.i.filter.SecurityInterceptor   : identification start.userName:null,uri:/kanban/passwordRetrievalApplication
19:08:46.363 [http-nio-9120-exec-5] INFO  o.t.k.f.s.a.AuthenticationInterceptor - authentication start.currentURL:/kanban/passwordRetrievalApplication
2017-03-12 19:08:46.363  INFO 6873 --- [nio-9120-exec-5] o.t.k.f.s.a.AuthenticationInterceptor    : authentication start.currentURL:/kanban/passwordRetrievalApplication
19:08:46.374 [http-nio-9120-exec-5] INFO  o.t.k.f.logback.SessionInterceptor - remove sessionId.
2017-03-12 19:08:46.374  INFO 6873 --- [nio-9120-exec-5] o.t.k.f.logback.SessionInterceptor       : remove sessionId.
19:08:46.376 [http-nio-9120-exec-5] INFO  o.t.k.f.logback.SessionInterceptor - init session:430d1336-0714-11e7-80b3-0014781bc25c
2017-03-12 19:08:46.376  INFO 6873 --- [nio-9120-exec-5] o.t.k.f.logback.SessionInterceptor       : init session:430d1336-0714-11e7-80b3-0014781bc25c
19:08:46.377 [http-nio-9120-exec-5] INFO  o.t.k.f.s.i.f.SecurityInterceptor - identification start.userName:null,uri:/kanban/error/invalidParamsException
2017-03-12 19:08:46.377  INFO 6873 --- [nio-9120-exec-5] o.t.k.f.s.i.filter.SecurityInterceptor   : identification start.userName:null,uri:/kanban/error/invalidParamsException
19:08:46.377 [http-nio-9120-exec-5] INFO  o.t.k.f.s.a.AuthenticationInterceptor - authentication start.currentURL:/kanban/error/invalidParamsException
2017-03-12 19:08:46.377  INFO 6873 --- [nio-9120-exec-5] o.t.k.f.s.a.AuthenticationInterceptor    : authentication start.currentURL:/kanban/error/invalidParamsException
19:08:46.382 [http-nio-9120-exec-5] INFO  o.t.k.f.logback.SessionInterceptor - remove sessionId.
2017-03-12 19:08:46.382  INFO 6873 --- [nio-9120-exec-5] o.t.k.f.logback.SessionInterceptor       : remove sessionId.
19:08:46.429 [http-nio-9120-exec-7] INFO  o.t.k.f.logback.SessionInterceptor - init session:43152987-0714-11e7-80b3-0014781bc25c
2017-03-12 19:08:46.429  INFO 6873 --- [nio-9120-exec-7] o.t.k.f.logback.SessionInterceptor       : init session:43152987-0714-11e7-80b3-0014781bc25c
19:08:46.430 [http-nio-9120-exec-7] INFO  o.t.k.f.s.i.f.SecurityInterceptor - identification start.userName:null,uri:/kanban/tao/passwordResetApplication
2017-03-12 19:08:46.430  INFO 6873 --- [nio-9120-exec-7] o.t.k.f.s.i.filter.SecurityInterceptor   : identification start.userName:null,uri:/kanban/tao/passwordResetApplication
19:08:46.430 [http-nio-9120-exec-7] INFO  o.t.k.f.s.a.AuthenticationInterceptor - authentication start.currentURL:/kanban/tao/passwordResetApplication
2017-03-12 19:08:46.430  INFO 6873 --- [nio-9120-exec-7] o.t.k.f.s.a.AuthenticationInterceptor    : authentication start.currentURL:/kanban/tao/passwordResetApplication
19:08:46.438 [http-nio-9120-exec-7] INFO  o.t.k.f.logback.SessionInterceptor - remove sessionId.
2017-03-12 19:08:46.438  INFO 6873 --- [nio-9120-exec-7] o.t.k.f.logback.SessionInterceptor       : remove sessionId.
19:08:46.440 [http-nio-9120-exec-7] INFO  o.t.k.f.logback.SessionInterceptor - init session:4316d738-0714-11e7-80b3-0014781bc25c
2017-03-12 19:08:46.440  INFO 6873 --- [nio-9120-exec-7] o.t.k.f.logback.SessionInterceptor       : init session:4316d738-0714-11e7-80b3-0014781bc25c
19:08:46.441 [http-nio-9120-exec-7] INFO  o.t.k.f.s.i.f.SecurityInterceptor - identification start.userName:null,uri:/kanban/error/invalidParamsException
2017-03-12 19:08:46.441  INFO 6873 --- [nio-9120-exec-7] o.t.k.f.s.i.filter.SecurityInterceptor   : identification start.userName:null,uri:/kanban/error/invalidParamsException
19:08:46.442 [http-nio-9120-exec-7] INFO  o.t.k.f.s.a.AuthenticationInterceptor - authentication start.currentURL:/kanban/error/invalidParamsException
2017-03-12 19:08:46.442  INFO 6873 --- [nio-9120-exec-7] o.t.k.f.s.a.AuthenticationInterceptor    : authentication start.currentURL:/kanban/error/invalidParamsException
19:08:46.447 [http-nio-9120-exec-7] INFO  o.t.k.f.logback.SessionInterceptor - remove sessionId.
2017-03-12 19:08:46.447  INFO 6873 --- [nio-9120-exec-7] o.t.k.f.logback.SessionInterceptor       : remove sessionId.
]]></system-out>
  <system-err><![CDATA[]]></system-err>
</testsuite>
