<?xml version="1.0" encoding="UTF-8"?>
<testsuite name="org.thiki.kanban.publickey.PublicKeyControllerTest" tests="1" skipped="0" failures="0" errors="0" timestamp="2017-03-12T11:08:47" hostname="wisdom-HP" time="0.076">
  <properties/>
  <testcase name="identification_askForAuthenticationWhenUserIsExists" classname="org.thiki.kanban.publickey.PublicKeyControllerTest" time="0.076"/>
  <system-out><![CDATA[2017-03-12 19:08:47.497  INFO 6873 --- [    Test worker] o.s.t.c.support.AbstractContextLoader    : Could not detect default resource locations for test class [org.thiki.kanban.TestBase]: no resource found for suffixes {-context.xml, Context.groovy}.
2017-03-12 19:08:47.502  INFO 6873 --- [    Test worker] WebAppIntegrationTestContextBootstrapper : Loaded default TestExecutionListener class names from location [META-INF/spring.factories]: [org.springframework.test.context.web.ServletTestExecutionListener, org.springframework.test.context.support.DirtiesContextBeforeModesTestExecutionListener, org.springframework.test.context.support.DependencyInjectionTestExecutionListener, org.springframework.test.context.support.DirtiesContextTestExecutionListener, org.springframework.test.context.transaction.TransactionalTestExecutionListener, org.springframework.test.context.jdbc.SqlScriptsTestExecutionListener, org.springframework.boot.test.mock.mockito.MockitoTestExecutionListener, org.springframework.boot.test.mock.mockito.ResetMocksTestExecutionListener, org.springframework.boot.test.autoconfigure.restdocs.RestDocsTestExecutionListener, org.springframework.boot.test.autoconfigure.web.client.MockRestServiceServerResetTestExecutionListener, org.springframework.boot.test.autoconfigure.web.servlet.MockMvcPrintOnlyOnFailureTestExecutionListener, org.springframework.boot.test.autoconfigure.web.servlet.WebDriverTestExecutionListener]
2017-03-12 19:08:47.502  INFO 6873 --- [    Test worker] WebAppIntegrationTestContextBootstrapper : Using TestExecutionListeners: [org.springframework.test.context.web.ServletTestExecutionListener@37ff95f, org.springframework.test.context.support.DirtiesContextBeforeModesTestExecutionListener@7d534c4, org.springframework.test.context.support.DependencyInjectionTestExecutionListener@149bb063, org.springframework.test.context.support.DirtiesContextTestExecutionListener@1c0d0870, org.springframework.test.context.transaction.TransactionalTestExecutionListener@6044afaf, org.springframework.test.context.jdbc.SqlScriptsTestExecutionListener@4e99c477, org.springframework.boot.test.autoconfigure.web.servlet.MockMvcPrintOnlyOnFailureTestExecutionListener@7486d6f, org.springframework.boot.test.autoconfigure.web.servlet.WebDriverTestExecutionListener@73f2ab7e, org.springframework.boot.test.autoconfigure.web.client.MockRestServiceServerResetTestExecutionListener@368e5b78, org.springframework.boot.test.mock.mockito.MockitoTestExecutionListener@36348ba2, org.springframework.boot.test.mock.mockito.ResetMocksTestExecutionListener@7253ab1e, org.springframework.boot.test.autoconfigure.restdocs.RestDocsTestExecutionListener@149c4771]
19:08:47.523 [http-nio-9120-exec-1] INFO  o.t.k.f.logback.SessionInterceptor - init session:43bc17ee-0714-11e7-80b3-0014781bc25c
2017-03-12 19:08:47.523  INFO 6873 --- [nio-9120-exec-1] o.t.k.f.logback.SessionInterceptor       : init session:43bc17ee-0714-11e7-80b3-0014781bc25c
19:08:47.523 [http-nio-9120-exec-1] INFO  o.t.k.f.s.i.f.SecurityInterceptor - identification start.userName:null,uri:/kanban/publicKey
2017-03-12 19:08:47.523  INFO 6873 --- [nio-9120-exec-1] o.t.k.f.s.i.filter.SecurityInterceptor   : identification start.userName:null,uri:/kanban/publicKey
19:08:47.524 [http-nio-9120-exec-1] INFO  o.t.k.f.s.a.AuthenticationInterceptor - authentication start.currentURL:/kanban/publicKey
2017-03-12 19:08:47.524  INFO 6873 --- [nio-9120-exec-1] o.t.k.f.s.a.AuthenticationInterceptor    : authentication start.currentURL:/kanban/publicKey
19:08:47.543 [http-nio-9120-exec-1] INFO  o.t.k.f.logback.SessionInterceptor - remove sessionId.
2017-03-12 19:08:47.543  INFO 6873 --- [nio-9120-exec-1] o.t.k.f.logback.SessionInterceptor       : remove sessionId.
]]></system-out>
  <system-err><![CDATA[]]></system-err>
</testsuite>
