<?xml version="1.0" encoding="UTF-8"?>
<testsuite name="org.thiki.kanban.comment.CommentControllerTest" tests="5" skipped="0" failures="0" errors="0" timestamp="2017-03-03T13:40:54" hostname="wisdom-HP" time="0.387">
  <properties/>
  <testcase name="create_shouldReturn201WhenCreateACSuccessfully" classname="org.thiki.kanban.comment.CommentControllerTest" time="0.114"/>
  <testcase name="notAllowedIfSummaryIsEmpty" classname="org.thiki.kanban.comment.CommentControllerTest" time="0.047"/>
  <testcase name="loadCommentById" classname="org.thiki.kanban.comment.CommentControllerTest" time="0.079"/>
  <testcase name="loadComments" classname="org.thiki.kanban.comment.CommentControllerTest" time="0.099"/>
  <testcase name="deleteComment" classname="org.thiki.kanban.comment.CommentControllerTest" time="0.043"/>
  <system-out><![CDATA[2017-03-03 21:40:54.095  INFO 6131 --- [    Test worker] o.s.t.c.support.AbstractContextLoader    : Could not detect default resource locations for test class [org.thiki.kanban.TestBase]: no resource found for suffixes {-context.xml, Context.groovy}.
2017-03-03 21:40:54.098  INFO 6131 --- [    Test worker] WebAppIntegrationTestContextBootstrapper : Loaded default TestExecutionListener class names from location [META-INF/spring.factories]: [org.springframework.test.context.web.ServletTestExecutionListener, org.springframework.test.context.support.DirtiesContextBeforeModesTestExecutionListener, org.springframework.test.context.support.DependencyInjectionTestExecutionListener, org.springframework.test.context.support.DirtiesContextTestExecutionListener, org.springframework.test.context.transaction.TransactionalTestExecutionListener, org.springframework.test.context.jdbc.SqlScriptsTestExecutionListener, org.springframework.boot.test.mock.mockito.MockitoTestExecutionListener, org.springframework.boot.test.mock.mockito.ResetMocksTestExecutionListener]
2017-03-03 21:40:54.098  INFO 6131 --- [    Test worker] WebAppIntegrationTestContextBootstrapper : Using TestExecutionListeners: [org.springframework.test.context.web.ServletTestExecutionListener@4170769d, org.springframework.test.context.support.DirtiesContextBeforeModesTestExecutionListener@77d31795, org.springframework.test.context.support.DependencyInjectionTestExecutionListener@44a583f2, org.springframework.test.context.support.DirtiesContextTestExecutionListener@62f95acb, org.springframework.test.context.transaction.TransactionalTestExecutionListener@207f1c97, org.springframework.test.context.jdbc.SqlScriptsTestExecutionListener@4f7fd8b2, org.springframework.boot.test.mock.mockito.ResetMocksTestExecutionListener@272d68bc, org.springframework.boot.test.mock.mockito.MockitoTestExecutionListener@f2a4190]
21:40:54.113 [http-nio-9120-exec-5] INFO  o.t.k.f.logback.SessionInterceptor - init session:05e375bc-0017-11e7-af8b-0014781bc25c
2017-03-03 21:40:54.113  INFO 6131 --- [nio-9120-exec-5] o.t.k.f.logback.SessionInterceptor       : init session:05e375bc-0017-11e7-af8b-0014781bc25c
21:40:54.113 [http-nio-9120-exec-5] INFO  o.t.k.f.s.i.f.SecurityInterceptor - identification start.userName:someone,uri:/kanban/boards/boardId-foo/stages/stages-fooId/cards/card-fooId/comments
2017-03-03 21:40:54.113  INFO 6131 --- [nio-9120-exec-5] o.t.k.f.s.i.filter.SecurityInterceptor   : identification start.userName:someone,uri:/kanban/boards/boardId-foo/stages/stages-fooId/cards/card-fooId/comments
21:40:54.113 [http-nio-9120-exec-5] INFO  o.t.k.f.s.a.AuthenticationInterceptor - authentication start.currentURL:/kanban/boards/boardId-foo/stages/stages-fooId/cards/card-fooId/comments
2017-03-03 21:40:54.113  INFO 6131 --- [nio-9120-exec-5] o.t.k.f.s.a.AuthenticationInterceptor    : authentication start.currentURL:/kanban/boards/boardId-foo/stages/stages-fooId/cards/card-fooId/comments
21:40:54.136 [http-nio-9120-exec-5] INFO  o.t.kanban.comment.CommentService - Add comment.userName:someone,cardId:card-fooId,comment:{"publishTime":"","summary":"comment-summary"}
2017-03-03 21:40:54.136  INFO 6131 --- [nio-9120-exec-5] org.thiki.kanban.comment.CommentService  : Add comment.userName:someone,cardId:card-fooId,comment:{"publishTime":"","summary":"comment-summary"}
21:40:54.146 [http-nio-9120-exec-5] INFO  o.t.kanban.comment.CommentService - Saved comment:{"author":"someone","creationTime":"2017-03-03 21:40:54.144000","id":"fooId","modificationTime":"2017-03-03 21:40:54.144000","publishTime":"刚刚","summary":"comment-summary"}
2017-03-03 21:40:54.146  INFO 6131 --- [nio-9120-exec-5] org.thiki.kanban.comment.CommentService  : Saved comment:{"author":"someone","creationTime":"2017-03-03 21:40:54.144000","id":"fooId","modificationTime":"2017-03-03 21:40:54.144000","publishTime":"刚刚","summary":"comment-summary"}
21:40:54.147 [http-nio-9120-exec-5] INFO  o.t.kanban.activity.ActivityService - Recording operation:{"cardId":"card-fooId","detail":"{\"id\":\"fooId\",\"publishTime\":\"\",\"summary\":\"comment-summary\"}","operationTypeCode":"008","operationTypeName":"创建评论","summary":"{\"id\":\"fooId\",\"publishTime\":\"\",\"summary\":\"comment-summary\"}","userName":"someone"}
2017-03-03 21:40:54.147  INFO 6131 --- [nio-9120-exec-5] o.thiki.kanban.activity.ActivityService  : Recording operation:{"cardId":"card-fooId","detail":"{\"id\":\"fooId\",\"publishTime\":\"\",\"summary\":\"comment-summary\"}","operationTypeCode":"008","operationTypeName":"创建评论","summary":"{\"id\":\"fooId\",\"publishTime\":\"\",\"summary\":\"comment-summary\"}","userName":"someone"}
21:40:54.159 [http-nio-9120-exec-5] INFO  o.t.k.f.logback.SessionInterceptor - remove sessionId.
2017-03-03 21:40:54.159  INFO 6131 --- [nio-9120-exec-5] o.t.k.f.logback.SessionInterceptor       : remove sessionId.
21:40:54.229 [http-nio-9120-exec-8] INFO  o.t.k.f.logback.SessionInterceptor - init session:05f528fe-0017-11e7-af8b-0014781bc25c
2017-03-03 21:40:54.229  INFO 6131 --- [nio-9120-exec-8] o.t.k.f.logback.SessionInterceptor       : init session:05f528fe-0017-11e7-af8b-0014781bc25c
21:40:54.230 [http-nio-9120-exec-8] INFO  o.t.k.f.s.i.f.SecurityInterceptor - identification start.userName:someone,uri:/kanban/boards/boardId-foo/stages/stages-fooId/cards/card-fooId/comments
2017-03-03 21:40:54.230  INFO 6131 --- [nio-9120-exec-8] o.t.k.f.s.i.filter.SecurityInterceptor   : identification start.userName:someone,uri:/kanban/boards/boardId-foo/stages/stages-fooId/cards/card-fooId/comments
21:40:54.230 [http-nio-9120-exec-8] INFO  o.t.k.f.s.a.AuthenticationInterceptor - authentication start.currentURL:/kanban/boards/boardId-foo/stages/stages-fooId/cards/card-fooId/comments
2017-03-03 21:40:54.230  INFO 6131 --- [nio-9120-exec-8] o.t.k.f.s.a.AuthenticationInterceptor    : authentication start.currentURL:/kanban/boards/boardId-foo/stages/stages-fooId/cards/card-fooId/comments
21:40:54.239 [http-nio-9120-exec-8] INFO  o.t.k.f.logback.SessionInterceptor - remove sessionId.
2017-03-03 21:40:54.239  INFO 6131 --- [nio-9120-exec-8] o.t.k.f.logback.SessionInterceptor       : remove sessionId.
21:40:54.242 [http-nio-9120-exec-8] INFO  o.t.k.f.logback.SessionInterceptor - init session:05f724cf-0017-11e7-af8b-0014781bc25c
2017-03-03 21:40:54.242  INFO 6131 --- [nio-9120-exec-8] o.t.k.f.logback.SessionInterceptor       : init session:05f724cf-0017-11e7-af8b-0014781bc25c
21:40:54.242 [http-nio-9120-exec-8] INFO  o.t.k.f.s.i.f.SecurityInterceptor - identification start.userName:someone,uri:/kanban/error/invalidParamsException
2017-03-03 21:40:54.242  INFO 6131 --- [nio-9120-exec-8] o.t.k.f.s.i.filter.SecurityInterceptor   : identification start.userName:someone,uri:/kanban/error/invalidParamsException
21:40:54.243 [http-nio-9120-exec-8] INFO  o.t.k.f.s.a.AuthenticationInterceptor - authentication start.currentURL:/kanban/error/invalidParamsException
2017-03-03 21:40:54.243  INFO 6131 --- [nio-9120-exec-8] o.t.k.f.s.a.AuthenticationInterceptor    : authentication start.currentURL:/kanban/error/invalidParamsException
21:40:54.245 [http-nio-9120-exec-8] INFO  o.t.k.f.logback.SessionInterceptor - remove sessionId.
2017-03-03 21:40:54.245  INFO 6131 --- [nio-9120-exec-8] o.t.k.f.logback.SessionInterceptor       : remove sessionId.
21:40:54.277 [http-nio-9120-exec-6] INFO  o.t.k.f.logback.SessionInterceptor - init session:05fc7c00-0017-11e7-af8b-0014781bc25c
2017-03-03 21:40:54.277  INFO 6131 --- [nio-9120-exec-6] o.t.k.f.logback.SessionInterceptor       : init session:05fc7c00-0017-11e7-af8b-0014781bc25c
21:40:54.278 [http-nio-9120-exec-6] INFO  o.t.k.f.s.i.f.SecurityInterceptor - identification start.userName:someone,uri:/kanban/boards/boardId-foo/stages/stages-fooId/cards/card-fooId/comments/fooId
2017-03-03 21:40:54.278  INFO 6131 --- [nio-9120-exec-6] o.t.k.f.s.i.filter.SecurityInterceptor   : identification start.userName:someone,uri:/kanban/boards/boardId-foo/stages/stages-fooId/cards/card-fooId/comments/fooId
21:40:54.278 [http-nio-9120-exec-6] INFO  o.t.k.f.s.a.AuthenticationInterceptor - authentication start.currentURL:/kanban/boards/boardId-foo/stages/stages-fooId/cards/card-fooId/comments/fooId
2017-03-03 21:40:54.278  INFO 6131 --- [nio-9120-exec-6] o.t.k.f.s.a.AuthenticationInterceptor    : authentication start.currentURL:/kanban/boards/boardId-foo/stages/stages-fooId/cards/card-fooId/comments/fooId
21:40:54.290 [http-nio-9120-exec-6] INFO  o.t.k.f.logback.SessionInterceptor - remove sessionId.
2017-03-03 21:40:54.290  INFO 6131 --- [nio-9120-exec-6] o.t.k.f.logback.SessionInterceptor       : remove sessionId.
21:40:54.359 [http-nio-9120-exec-7] INFO  o.t.k.f.logback.SessionInterceptor - init session:0608d811-0017-11e7-af8b-0014781bc25c
2017-03-03 21:40:54.359  INFO 6131 --- [nio-9120-exec-7] o.t.k.f.logback.SessionInterceptor       : init session:0608d811-0017-11e7-af8b-0014781bc25c
21:40:54.359 [http-nio-9120-exec-7] INFO  o.t.k.f.s.i.f.SecurityInterceptor - identification start.userName:someone,uri:/kanban/boards/boardId-foo/stages/stages-fooId/cards/card-fooId/comments
2017-03-03 21:40:54.359  INFO 6131 --- [nio-9120-exec-7] o.t.k.f.s.i.filter.SecurityInterceptor   : identification start.userName:someone,uri:/kanban/boards/boardId-foo/stages/stages-fooId/cards/card-fooId/comments
21:40:54.359 [http-nio-9120-exec-7] INFO  o.t.k.f.s.a.AuthenticationInterceptor - authentication start.currentURL:/kanban/boards/boardId-foo/stages/stages-fooId/cards/card-fooId/comments
2017-03-03 21:40:54.359  INFO 6131 --- [nio-9120-exec-7] o.t.k.f.s.a.AuthenticationInterceptor    : authentication start.currentURL:/kanban/boards/boardId-foo/stages/stages-fooId/cards/card-fooId/comments
21:40:54.373 [http-nio-9120-exec-7] INFO  o.t.k.f.logback.SessionInterceptor - remove sessionId.
2017-03-03 21:40:54.373  INFO 6131 --- [nio-9120-exec-7] o.t.k.f.logback.SessionInterceptor       : remove sessionId.
21:40:54.464 [http-nio-9120-exec-1] INFO  o.t.k.f.logback.SessionInterceptor - init session:061904b2-0017-11e7-af8b-0014781bc25c
2017-03-03 21:40:54.464  INFO 6131 --- [nio-9120-exec-1] o.t.k.f.logback.SessionInterceptor       : init session:061904b2-0017-11e7-af8b-0014781bc25c
21:40:54.464 [http-nio-9120-exec-1] INFO  o.t.k.f.s.i.f.SecurityInterceptor - identification start.userName:someone,uri:/kanban/boards/boardId-foo/stages/stages-fooId/cards/card-fooId/comments/fooId
2017-03-03 21:40:54.464  INFO 6131 --- [nio-9120-exec-1] o.t.k.f.s.i.filter.SecurityInterceptor   : identification start.userName:someone,uri:/kanban/boards/boardId-foo/stages/stages-fooId/cards/card-fooId/comments/fooId
21:40:54.464 [http-nio-9120-exec-1] INFO  o.t.k.f.s.a.AuthenticationInterceptor - authentication start.currentURL:/kanban/boards/boardId-foo/stages/stages-fooId/cards/card-fooId/comments/fooId
2017-03-03 21:40:54.464  INFO 6131 --- [nio-9120-exec-1] o.t.k.f.s.a.AuthenticationInterceptor    : authentication start.currentURL:/kanban/boards/boardId-foo/stages/stages-fooId/cards/card-fooId/comments/fooId
21:40:54.471 [http-nio-9120-exec-1] INFO  o.t.k.f.logback.SessionInterceptor - remove sessionId.
2017-03-03 21:40:54.471  INFO 6131 --- [nio-9120-exec-1] o.t.k.f.logback.SessionInterceptor       : remove sessionId.
]]></system-out>
  <system-err><![CDATA[]]></system-err>
</testsuite>
