<?xml version="1.0" encoding="UTF-8"?>
<testsuite name="org.thiki.kanban.foundation.calendar.CalendarServiceTest" tests="4" skipped="0" failures="0" errors="0" timestamp="2017-03-03T13:40:47" hostname="wisdom-HP" time="0.003">
  <properties/>
  <testcase name="shouldReturnOneDay" classname="org.thiki.kanban.foundation.calendar.CalendarServiceTest" time="0.001"/>
  <testcase name="shouldReturnTwoDays" classname="org.thiki.kanban.foundation.calendar.CalendarServiceTest" time="0.001"/>
  <testcase name="shouldReturnOneDayWhenExcludingSpecifiedDays" classname="org.thiki.kanban.foundation.calendar.CalendarServiceTest" time="0.0"/>
  <testcase name="shouldReturnTwoDaysWhenOneOfTheDateIsWeekend" classname="org.thiki.kanban.foundation.calendar.CalendarServiceTest" time="0.001"/>
  <system-out><![CDATA[]]></system-out>
  <system-err><![CDATA[]]></system-err>
</testsuite>
