<?xml version="1.0" encoding="UTF-8"?>
<testsuite name="org.thiki.kanban.projectMembers.MembersControllerTest" tests="7" skipped="0" failures="0" errors="0" timestamp="2017-03-03T13:40:48" hostname="wisdom-HP" time="0.469">
  <properties/>
  <testcase name="loadProjectMembersByProjectId" classname="org.thiki.kanban.projectMembers.MembersControllerTest" time="0.149"/>
  <testcase name="NotAllowedIfProjectIsNotExitsWhenLoadingProjectMembersByProjectId" classname="org.thiki.kanban.projectMembers.MembersControllerTest" time="0.053"/>
  <testcase name="joinProject_shouldReturn201WhenJoinProjectSuccessfully" classname="org.thiki.kanban.projectMembers.MembersControllerTest" time="0.079"/>
  <testcase name="NotAllowedIfCurrentUserIsNotAMemberOfTheProjectWhenLoadingProjectMembersByProjectId" classname="org.thiki.kanban.projectMembers.MembersControllerTest" time="0.038"/>
  <testcase name="leaveProject" classname="org.thiki.kanban.projectMembers.MembersControllerTest" time="0.055"/>
  <testcase name="joinProject_shouldReturnFailedIfProjectIsNotExist" classname="org.thiki.kanban.projectMembers.MembersControllerTest" time="0.04"/>
  <testcase name="joinProject_shouldReturnFailedIfMemberIsAlreadyIn" classname="org.thiki.kanban.projectMembers.MembersControllerTest" time="0.047"/>
  <system-out><![CDATA[2017-03-03 21:40:48.553  INFO 6131 --- [    Test worker] o.s.t.c.support.AbstractContextLoader    : Could not detect default resource locations for test class [org.thiki.kanban.TestBase]: no resource found for suffixes {-context.xml, Context.groovy}.
2017-03-03 21:40:48.558  INFO 6131 --- [    Test worker] WebAppIntegrationTestContextBootstrapper : Loaded default TestExecutionListener class names from location [META-INF/spring.factories]: [org.springframework.test.context.web.ServletTestExecutionListener, org.springframework.test.context.support.DirtiesContextBeforeModesTestExecutionListener, org.springframework.test.context.support.DependencyInjectionTestExecutionListener, org.springframework.test.context.support.DirtiesContextTestExecutionListener, org.springframework.test.context.transaction.TransactionalTestExecutionListener, org.springframework.test.context.jdbc.SqlScriptsTestExecutionListener, org.springframework.boot.test.mock.mockito.MockitoTestExecutionListener, org.springframework.boot.test.mock.mockito.ResetMocksTestExecutionListener]
2017-03-03 21:40:48.559  INFO 6131 --- [    Test worker] WebAppIntegrationTestContextBootstrapper : Using TestExecutionListeners: [org.springframework.test.context.web.ServletTestExecutionListener@2bcbdb1, org.springframework.test.context.support.DirtiesContextBeforeModesTestExecutionListener@1ad2d046, org.springframework.test.context.support.DependencyInjectionTestExecutionListener@4e3994c6, org.springframework.test.context.support.DirtiesContextTestExecutionListener@19d3f4c7, org.springframework.test.context.transaction.TransactionalTestExecutionListener@7ee58379, org.springframework.test.context.jdbc.SqlScriptsTestExecutionListener@72392c03, org.springframework.boot.test.mock.mockito.ResetMocksTestExecutionListener@70241926, org.springframework.boot.test.mock.mockito.MockitoTestExecutionListener@7657be29]
21:40:48.584 [http-nio-9120-exec-4] INFO  o.t.k.f.logback.SessionInterceptor - init session:0297ccaf-0017-11e7-af8b-0014781bc25c
2017-03-03 21:40:48.584  INFO 6131 --- [nio-9120-exec-4] o.t.k.f.logback.SessionInterceptor       : init session:0297ccaf-0017-11e7-af8b-0014781bc25c
21:40:48.584 [http-nio-9120-exec-4] INFO  o.t.k.f.s.i.f.SecurityInterceptor - identification start.userName:someone,uri:/kanban/projects/foo-projectId/members
2017-03-03 21:40:48.584  INFO 6131 --- [nio-9120-exec-4] o.t.k.f.s.i.filter.SecurityInterceptor   : identification start.userName:someone,uri:/kanban/projects/foo-projectId/members
21:40:48.584 [http-nio-9120-exec-4] INFO  o.t.k.f.s.a.AuthenticationInterceptor - authentication start.currentURL:/kanban/projects/foo-projectId/members
2017-03-03 21:40:48.584  INFO 6131 --- [nio-9120-exec-4] o.t.k.f.s.a.AuthenticationInterceptor    : authentication start.currentURL:/kanban/projects/foo-projectId/members
21:40:48.636 [http-nio-9120-exec-4] INFO  o.t.k.f.logback.SessionInterceptor - remove sessionId.
2017-03-03 21:40:48.636  INFO 6131 --- [nio-9120-exec-4] o.t.k.f.logback.SessionInterceptor       : remove sessionId.
21:40:48.729 [http-nio-9120-exec-5] INFO  o.t.k.f.logback.SessionInterceptor - init session:02adecc0-0017-11e7-af8b-0014781bc25c
2017-03-03 21:40:48.729  INFO 6131 --- [nio-9120-exec-5] o.t.k.f.logback.SessionInterceptor       : init session:02adecc0-0017-11e7-af8b-0014781bc25c
21:40:48.730 [http-nio-9120-exec-5] INFO  o.t.k.f.s.i.f.SecurityInterceptor - identification start.userName:someone,uri:/kanban/projects/foo-projectId/members
2017-03-03 21:40:48.730  INFO 6131 --- [nio-9120-exec-5] o.t.k.f.s.i.filter.SecurityInterceptor   : identification start.userName:someone,uri:/kanban/projects/foo-projectId/members
21:40:48.730 [http-nio-9120-exec-5] INFO  o.t.k.f.s.a.AuthenticationInterceptor - authentication start.currentURL:/kanban/projects/foo-projectId/members
2017-03-03 21:40:48.730  INFO 6131 --- [nio-9120-exec-5] o.t.k.f.s.a.AuthenticationInterceptor    : authentication start.currentURL:/kanban/projects/foo-projectId/members
21:40:48.734 [http-nio-9120-exec-5] INFO  o.t.k.f.logback.SessionInterceptor - remove sessionId.
2017-03-03 21:40:48.734  INFO 6131 --- [nio-9120-exec-5] o.t.k.f.logback.SessionInterceptor       : remove sessionId.
21:40:48.740 [http-nio-9120-exec-5] INFO  o.t.k.f.logback.SessionInterceptor - init session:02af7361-0017-11e7-af8b-0014781bc25c
2017-03-03 21:40:48.740  INFO 6131 --- [nio-9120-exec-5] o.t.k.f.logback.SessionInterceptor       : init session:02af7361-0017-11e7-af8b-0014781bc25c
21:40:48.740 [http-nio-9120-exec-5] INFO  o.t.k.f.s.i.f.SecurityInterceptor - identification start.userName:someone,uri:/kanban/error/invalidParamsException
2017-03-03 21:40:48.740  INFO 6131 --- [nio-9120-exec-5] o.t.k.f.s.i.filter.SecurityInterceptor   : identification start.userName:someone,uri:/kanban/error/invalidParamsException
21:40:48.740 [http-nio-9120-exec-5] INFO  o.t.k.f.s.a.AuthenticationInterceptor - authentication start.currentURL:/kanban/error/invalidParamsException
2017-03-03 21:40:48.740  INFO 6131 --- [nio-9120-exec-5] o.t.k.f.s.a.AuthenticationInterceptor    : authentication start.currentURL:/kanban/error/invalidParamsException
21:40:48.745 [http-nio-9120-exec-5] INFO  o.t.k.f.logback.SessionInterceptor - remove sessionId.
2017-03-03 21:40:48.745  INFO 6131 --- [nio-9120-exec-5] o.t.k.f.logback.SessionInterceptor       : remove sessionId.
21:40:48.785 [http-nio-9120-exec-6] INFO  o.t.k.f.logback.SessionInterceptor - init session:02b67842-0017-11e7-af8b-0014781bc25c
2017-03-03 21:40:48.785  INFO 6131 --- [nio-9120-exec-6] o.t.k.f.logback.SessionInterceptor       : init session:02b67842-0017-11e7-af8b-0014781bc25c
21:40:48.785 [http-nio-9120-exec-6] INFO  o.t.k.f.s.i.f.SecurityInterceptor - identification start.userName:someone,uri:/kanban/projects/foo-projectId/members
2017-03-03 21:40:48.785  INFO 6131 --- [nio-9120-exec-6] o.t.k.f.s.i.filter.SecurityInterceptor   : identification start.userName:someone,uri:/kanban/projects/foo-projectId/members
21:40:48.786 [http-nio-9120-exec-6] INFO  o.t.k.f.s.a.AuthenticationInterceptor - authentication start.currentURL:/kanban/projects/foo-projectId/members
2017-03-03 21:40:48.786  INFO 6131 --- [nio-9120-exec-6] o.t.k.f.s.a.AuthenticationInterceptor    : authentication start.currentURL:/kanban/projects/foo-projectId/members
21:40:48.810 [http-nio-9120-exec-6] INFO  o.t.k.f.logback.SessionInterceptor - remove sessionId.
2017-03-03 21:40:48.810  INFO 6131 --- [nio-9120-exec-6] o.t.k.f.logback.SessionInterceptor       : remove sessionId.
21:40:48.862 [http-nio-9120-exec-8] INFO  o.t.k.f.logback.SessionInterceptor - init session:02c23813-0017-11e7-af8b-0014781bc25c
2017-03-03 21:40:48.862  INFO 6131 --- [nio-9120-exec-8] o.t.k.f.logback.SessionInterceptor       : init session:02c23813-0017-11e7-af8b-0014781bc25c
21:40:48.862 [http-nio-9120-exec-8] INFO  o.t.k.f.s.i.f.SecurityInterceptor - identification start.userName:someone,uri:/kanban/projects/foo-projectId/members
2017-03-03 21:40:48.862  INFO 6131 --- [nio-9120-exec-8] o.t.k.f.s.i.filter.SecurityInterceptor   : identification start.userName:someone,uri:/kanban/projects/foo-projectId/members
21:40:48.862 [http-nio-9120-exec-8] INFO  o.t.k.f.s.a.AuthenticationInterceptor - authentication start.currentURL:/kanban/projects/foo-projectId/members
2017-03-03 21:40:48.862  INFO 6131 --- [nio-9120-exec-8] o.t.k.f.s.a.AuthenticationInterceptor    : authentication start.currentURL:/kanban/projects/foo-projectId/members
21:40:48.866 [http-nio-9120-exec-8] INFO  o.t.k.f.logback.SessionInterceptor - remove sessionId.
2017-03-03 21:40:48.866  INFO 6131 --- [nio-9120-exec-8] o.t.k.f.logback.SessionInterceptor       : remove sessionId.
21:40:48.868 [http-nio-9120-exec-8] INFO  o.t.k.f.logback.SessionInterceptor - init session:02c32274-0017-11e7-af8b-0014781bc25c
2017-03-03 21:40:48.868  INFO 6131 --- [nio-9120-exec-8] o.t.k.f.logback.SessionInterceptor       : init session:02c32274-0017-11e7-af8b-0014781bc25c
21:40:48.868 [http-nio-9120-exec-8] INFO  o.t.k.f.s.i.f.SecurityInterceptor - identification start.userName:someone,uri:/kanban/error/401
2017-03-03 21:40:48.868  INFO 6131 --- [nio-9120-exec-8] o.t.k.f.s.i.filter.SecurityInterceptor   : identification start.userName:someone,uri:/kanban/error/401
21:40:48.868 [http-nio-9120-exec-8] INFO  o.t.k.f.s.a.AuthenticationInterceptor - authentication start.currentURL:/kanban/error/401
2017-03-03 21:40:48.868  INFO 6131 --- [nio-9120-exec-8] o.t.k.f.s.a.AuthenticationInterceptor    : authentication start.currentURL:/kanban/error/401
21:40:48.870 [http-nio-9120-exec-8] INFO  o.t.k.f.logback.SessionInterceptor - remove sessionId.
2017-03-03 21:40:48.870  INFO 6131 --- [nio-9120-exec-8] o.t.k.f.logback.SessionInterceptor       : remove sessionId.
21:40:48.902 [http-nio-9120-exec-7] INFO  o.t.k.f.logback.SessionInterceptor - init session:02c85295-0017-11e7-af8b-0014781bc25c
2017-03-03 21:40:48.902  INFO 6131 --- [nio-9120-exec-7] o.t.k.f.logback.SessionInterceptor       : init session:02c85295-0017-11e7-af8b-0014781bc25c
21:40:48.903 [http-nio-9120-exec-7] INFO  o.t.k.f.s.i.f.SecurityInterceptor - identification start.userName:someone,uri:/kanban/projects/foo-projectId/members/someone
2017-03-03 21:40:48.903  INFO 6131 --- [nio-9120-exec-7] o.t.k.f.s.i.filter.SecurityInterceptor   : identification start.userName:someone,uri:/kanban/projects/foo-projectId/members/someone
21:40:48.903 [http-nio-9120-exec-7] INFO  o.t.k.f.s.a.AuthenticationInterceptor - authentication start.currentURL:/kanban/projects/foo-projectId/members/someone
2017-03-03 21:40:48.903  INFO 6131 --- [nio-9120-exec-7] o.t.k.f.s.a.AuthenticationInterceptor    : authentication start.currentURL:/kanban/projects/foo-projectId/members/someone
21:40:48.913 [http-nio-9120-exec-7] INFO  o.t.k.f.logback.SessionInterceptor - remove sessionId.
2017-03-03 21:40:48.913  INFO 6131 --- [nio-9120-exec-7] o.t.k.f.logback.SessionInterceptor       : remove sessionId.
21:40:48.956 [http-nio-9120-exec-9] INFO  o.t.k.f.logback.SessionInterceptor - init session:02d08ff6-0017-11e7-af8b-0014781bc25c
2017-03-03 21:40:48.956  INFO 6131 --- [nio-9120-exec-9] o.t.k.f.logback.SessionInterceptor       : init session:02d08ff6-0017-11e7-af8b-0014781bc25c
21:40:48.957 [http-nio-9120-exec-9] INFO  o.t.k.f.s.i.f.SecurityInterceptor - identification start.userName:someone,uri:/kanban/projects/foo-projectId/members
2017-03-03 21:40:48.957  INFO 6131 --- [nio-9120-exec-9] o.t.k.f.s.i.filter.SecurityInterceptor   : identification start.userName:someone,uri:/kanban/projects/foo-projectId/members
21:40:48.957 [http-nio-9120-exec-9] INFO  o.t.k.f.s.a.AuthenticationInterceptor - authentication start.currentURL:/kanban/projects/foo-projectId/members
2017-03-03 21:40:48.957  INFO 6131 --- [nio-9120-exec-9] o.t.k.f.s.a.AuthenticationInterceptor    : authentication start.currentURL:/kanban/projects/foo-projectId/members
21:40:48.962 [http-nio-9120-exec-9] INFO  o.t.k.f.logback.SessionInterceptor - remove sessionId.
2017-03-03 21:40:48.962  INFO 6131 --- [nio-9120-exec-9] o.t.k.f.logback.SessionInterceptor       : remove sessionId.
21:40:48.964 [http-nio-9120-exec-9] INFO  o.t.k.f.logback.SessionInterceptor - init session:02d1c877-0017-11e7-af8b-0014781bc25c
2017-03-03 21:40:48.964  INFO 6131 --- [nio-9120-exec-9] o.t.k.f.logback.SessionInterceptor       : init session:02d1c877-0017-11e7-af8b-0014781bc25c
21:40:48.965 [http-nio-9120-exec-9] INFO  o.t.k.f.s.i.f.SecurityInterceptor - identification start.userName:someone,uri:/kanban/error/invalidParamsException
2017-03-03 21:40:48.965  INFO 6131 --- [nio-9120-exec-9] o.t.k.f.s.i.filter.SecurityInterceptor   : identification start.userName:someone,uri:/kanban/error/invalidParamsException
21:40:48.965 [http-nio-9120-exec-9] INFO  o.t.k.f.s.a.AuthenticationInterceptor - authentication start.currentURL:/kanban/error/invalidParamsException
2017-03-03 21:40:48.965  INFO 6131 --- [nio-9120-exec-9] o.t.k.f.s.a.AuthenticationInterceptor    : authentication start.currentURL:/kanban/error/invalidParamsException
21:40:48.967 [http-nio-9120-exec-9] INFO  o.t.k.f.logback.SessionInterceptor - remove sessionId.
2017-03-03 21:40:48.967  INFO 6131 --- [nio-9120-exec-9] o.t.k.f.logback.SessionInterceptor       : remove sessionId.
21:40:48.999 [http-nio-9120-exec-10] INFO  o.t.k.f.logback.SessionInterceptor - init session:02d71fa8-0017-11e7-af8b-0014781bc25c
2017-03-03 21:40:48.999  INFO 6131 --- [io-9120-exec-10] o.t.k.f.logback.SessionInterceptor       : init session:02d71fa8-0017-11e7-af8b-0014781bc25c
21:40:48.999 [http-nio-9120-exec-10] INFO  o.t.k.f.s.i.f.SecurityInterceptor - identification start.userName:someone,uri:/kanban/projects/foo-projectId/members
2017-03-03 21:40:48.999  INFO 6131 --- [io-9120-exec-10] o.t.k.f.s.i.filter.SecurityInterceptor   : identification start.userName:someone,uri:/kanban/projects/foo-projectId/members
21:40:48.999 [http-nio-9120-exec-10] INFO  o.t.k.f.s.a.AuthenticationInterceptor - authentication start.currentURL:/kanban/projects/foo-projectId/members
2017-03-03 21:40:48.999  INFO 6131 --- [io-9120-exec-10] o.t.k.f.s.a.AuthenticationInterceptor    : authentication start.currentURL:/kanban/projects/foo-projectId/members
21:40:49.007 [http-nio-9120-exec-10] INFO  o.t.k.f.logback.SessionInterceptor - remove sessionId.
2017-03-03 21:40:49.007  INFO 6131 --- [io-9120-exec-10] o.t.k.f.logback.SessionInterceptor       : remove sessionId.
21:40:49.009 [http-nio-9120-exec-10] INFO  o.t.k.f.logback.SessionInterceptor - init session:02d8a649-0017-11e7-af8b-0014781bc25c
2017-03-03 21:40:49.009  INFO 6131 --- [io-9120-exec-10] o.t.k.f.logback.SessionInterceptor       : init session:02d8a649-0017-11e7-af8b-0014781bc25c
21:40:49.009 [http-nio-9120-exec-10] INFO  o.t.k.f.s.i.f.SecurityInterceptor - identification start.userName:someone,uri:/kanban/error/invalidParamsException
2017-03-03 21:40:49.009  INFO 6131 --- [io-9120-exec-10] o.t.k.f.s.i.filter.SecurityInterceptor   : identification start.userName:someone,uri:/kanban/error/invalidParamsException
21:40:49.009 [http-nio-9120-exec-10] INFO  o.t.k.f.s.a.AuthenticationInterceptor - authentication start.currentURL:/kanban/error/invalidParamsException
2017-03-03 21:40:49.009  INFO 6131 --- [io-9120-exec-10] o.t.k.f.s.a.AuthenticationInterceptor    : authentication start.currentURL:/kanban/error/invalidParamsException
21:40:49.014 [http-nio-9120-exec-10] INFO  o.t.k.f.logback.SessionInterceptor - remove sessionId.
2017-03-03 21:40:49.014  INFO 6131 --- [io-9120-exec-10] o.t.k.f.logback.SessionInterceptor       : remove sessionId.
]]></system-out>
  <system-err><![CDATA[]]></system-err>
</testsuite>
