<?xml version="1.0" encoding="UTF-8"?>
<testsuite name="org.thiki.kanban.foundation.mail.MailServiceTest" tests="2" skipped="0" failures="0" errors="0" timestamp="2017-03-03T13:40:47" hostname="wisdom-HP" time="0.013">
  <properties/>
  <testcase name="testEntity" classname="org.thiki.kanban.foundation.mail.MailServiceTest" time="0.006"/>
  <testcase name="testMailTemplate" classname="org.thiki.kanban.foundation.mail.MailServiceTest" time="0.006"/>
  <system-out><![CDATA[2017-03-03 21:40:47.162  INFO 6131 --- [    Test worker] o.s.t.c.support.AbstractContextLoader    : Could not detect default resource locations for test class [org.thiki.kanban.TestBase]: no resource found for suffixes {-context.xml, Context.groovy}.
2017-03-03 21:40:47.165  INFO 6131 --- [    Test worker] WebAppIntegrationTestContextBootstrapper : Loaded default TestExecutionListener class names from location [META-INF/spring.factories]: [org.springframework.test.context.web.ServletTestExecutionListener, org.springframework.test.context.support.DirtiesContextBeforeModesTestExecutionListener, org.springframework.test.context.support.DependencyInjectionTestExecutionListener, org.springframework.test.context.support.DirtiesContextTestExecutionListener, org.springframework.test.context.transaction.TransactionalTestExecutionListener, org.springframework.test.context.jdbc.SqlScriptsTestExecutionListener, org.springframework.boot.test.mock.mockito.MockitoTestExecutionListener, org.springframework.boot.test.mock.mockito.ResetMocksTestExecutionListener]
2017-03-03 21:40:47.168  INFO 6131 --- [    Test worker] WebAppIntegrationTestContextBootstrapper : Using TestExecutionListeners: [org.springframework.test.context.web.ServletTestExecutionListener@1c6e1464, org.springframework.test.context.support.DirtiesContextBeforeModesTestExecutionListener@6b7862fb, org.springframework.test.context.support.DependencyInjectionTestExecutionListener@44db94f9, org.springframework.test.context.support.DirtiesContextTestExecutionListener@1361be5b, org.springframework.test.context.transaction.TransactionalTestExecutionListener@7fc04567, org.springframework.test.context.jdbc.SqlScriptsTestExecutionListener@57879fde, org.springframework.boot.test.mock.mockito.ResetMocksTestExecutionListener@4f63b58b, org.springframework.boot.test.mock.mockito.MockitoTestExecutionListener@51ee595a]
]]></system-out>
  <system-err><![CDATA[]]></system-err>
</testsuite>
