<?xml version="1.0" encoding="UTF-8"?>
<testsuite name="org.thiki.kanban.foundation.aspect.ValidateAspectTest" tests="1" skipped="0" failures="0" errors="0" timestamp="2017-03-03T13:40:47" hostname="wisdom-HP" time="0.04">
  <properties/>
  <testcase name="throwExceptionIfUserNameInHeaderIsNotEqualWithItInPath" classname="org.thiki.kanban.foundation.aspect.ValidateAspectTest" time="0.04"/>
  <system-out><![CDATA[2017-03-03 21:40:47.193  INFO 6131 --- [    Test worker] o.s.t.c.support.AbstractContextLoader    : Could not detect default resource locations for test class [org.thiki.kanban.TestBase]: no resource found for suffixes {-context.xml, Context.groovy}.
2017-03-03 21:40:47.196  INFO 6131 --- [    Test worker] WebAppIntegrationTestContextBootstrapper : Loaded default TestExecutionListener class names from location [META-INF/spring.factories]: [org.springframework.test.context.web.ServletTestExecutionListener, org.springframework.test.context.support.DirtiesContextBeforeModesTestExecutionListener, org.springframework.test.context.support.DependencyInjectionTestExecutionListener, org.springframework.test.context.support.DirtiesContextTestExecutionListener, org.springframework.test.context.transaction.TransactionalTestExecutionListener, org.springframework.test.context.jdbc.SqlScriptsTestExecutionListener, org.springframework.boot.test.mock.mockito.MockitoTestExecutionListener, org.springframework.boot.test.mock.mockito.ResetMocksTestExecutionListener]
2017-03-03 21:40:47.196  INFO 6131 --- [    Test worker] WebAppIntegrationTestContextBootstrapper : Using TestExecutionListeners: [org.springframework.test.context.web.ServletTestExecutionListener@6219326a, org.springframework.test.context.support.DirtiesContextBeforeModesTestExecutionListener@6013efc4, org.springframework.test.context.support.DependencyInjectionTestExecutionListener@7bc09ab5, org.springframework.test.context.support.DirtiesContextTestExecutionListener@328972ef, org.springframework.test.context.transaction.TransactionalTestExecutionListener@19a89cb6, org.springframework.test.context.jdbc.SqlScriptsTestExecutionListener@663a2d88, org.springframework.boot.test.mock.mockito.ResetMocksTestExecutionListener@19d006c8, org.springframework.boot.test.mock.mockito.MockitoTestExecutionListener@60b70117]
21:40:47.212 [http-nio-9120-exec-9] INFO  o.t.k.f.logback.SessionInterceptor - init session:01c672d6-0017-11e7-af8b-0014781bc25c
2017-03-03 21:40:47.212  INFO 6131 --- [nio-9120-exec-9] o.t.k.f.logback.SessionInterceptor       : init session:01c672d6-0017-11e7-af8b-0014781bc25c
21:40:47.212 [http-nio-9120-exec-9] INFO  o.t.k.f.s.i.f.SecurityInterceptor - identification start.userName:someone,uri:/kanban/thief/projects
2017-03-03 21:40:47.212  INFO 6131 --- [nio-9120-exec-9] o.t.k.f.s.i.filter.SecurityInterceptor   : identification start.userName:someone,uri:/kanban/thief/projects
21:40:47.212 [http-nio-9120-exec-9] INFO  o.t.k.f.s.a.AuthenticationInterceptor - authentication start.currentURL:/kanban/thief/projects
2017-03-03 21:40:47.212  INFO 6131 --- [nio-9120-exec-9] o.t.k.f.s.a.AuthenticationInterceptor    : authentication start.currentURL:/kanban/thief/projects
21:40:47.216 [http-nio-9120-exec-9] INFO  o.t.k.f.logback.SessionInterceptor - remove sessionId.
2017-03-03 21:40:47.216  INFO 6131 --- [nio-9120-exec-9] o.t.k.f.logback.SessionInterceptor       : remove sessionId.
21:40:47.218 [http-nio-9120-exec-9] INFO  o.t.k.f.logback.SessionInterceptor - init session:01c75d37-0017-11e7-af8b-0014781bc25c
2017-03-03 21:40:47.218  INFO 6131 --- [nio-9120-exec-9] o.t.k.f.logback.SessionInterceptor       : init session:01c75d37-0017-11e7-af8b-0014781bc25c
21:40:47.218 [http-nio-9120-exec-9] INFO  o.t.k.f.s.i.f.SecurityInterceptor - identification start.userName:someone,uri:/kanban/error/invalidParamsException
2017-03-03 21:40:47.218  INFO 6131 --- [nio-9120-exec-9] o.t.k.f.s.i.filter.SecurityInterceptor   : identification start.userName:someone,uri:/kanban/error/invalidParamsException
21:40:47.219 [http-nio-9120-exec-9] INFO  o.t.k.f.s.a.AuthenticationInterceptor - authentication start.currentURL:/kanban/error/invalidParamsException
2017-03-03 21:40:47.219  INFO 6131 --- [nio-9120-exec-9] o.t.k.f.s.a.AuthenticationInterceptor    : authentication start.currentURL:/kanban/error/invalidParamsException
21:40:47.221 [http-nio-9120-exec-9] INFO  o.t.k.f.logback.SessionInterceptor - remove sessionId.
2017-03-03 21:40:47.221  INFO 6131 --- [nio-9120-exec-9] o.t.k.f.logback.SessionInterceptor       : remove sessionId.
]]></system-out>
  <system-err><![CDATA[]]></system-err>
</testsuite>
