<?xml version="1.0" encoding="UTF-8"?>
<testsuite name="org.thiki.kanban.user.profile.AvatarStorageTest" tests="7" skipped="0" failures="0" errors="0" timestamp="2017-03-12T11:08:56" hostname="wisdom-HP" time="0.117">
  <properties/>
  <testcase name="overwriteAvatarIfItAlreadyExists" classname="org.thiki.kanban.user.profile.AvatarStorageTest" time="0.102"/>
  <testcase name="loadDefaultAvatarIfNoAvatarWasFound" classname="org.thiki.kanban.user.profile.AvatarStorageTest" time="0.009"/>
  <testcase name="renamingAvatarName" classname="org.thiki.kanban.user.profile.AvatarStorageTest" time="0.001"/>
  <testcase name="createDirectoryIfItDoesNotExists" classname="org.thiki.kanban.user.profile.AvatarStorageTest" time="0.001"/>
  <testcase name="NotOverwriteAvatarIfTypeIsNotSame" classname="org.thiki.kanban.user.profile.AvatarStorageTest" time="0.001"/>
  <testcase name="loadDefaultAvatarIfAvatarNameWasNull" classname="org.thiki.kanban.user.profile.AvatarStorageTest" time="0.001"/>
  <testcase name="loadAvatarByUserName" classname="org.thiki.kanban.user.profile.AvatarStorageTest" time="0.001"/>
  <system-out><![CDATA[19:08:56.582 [Test worker] INFO  o.t.k.user.profile.AvatarStorage - store avatar,user:someone
2017-03-12 19:08:56.582  INFO 6873 --- [    Test worker] o.t.kanban.user.profile.AvatarStorage    : store avatar,user:someone
19:08:56.658 [Test worker] INFO  o.t.k.user.profile.AvatarStorage - store avatar,user:someone
2017-03-12 19:08:56.658  INFO 6873 --- [    Test worker] o.t.kanban.user.profile.AvatarStorage    : store avatar,user:someone
19:08:56.685 [Test worker] INFO  o.t.k.user.profile.AvatarStorage - load avatar,avatarName:foo
2017-03-12 19:08:56.685  INFO 6873 --- [    Test worker] o.t.kanban.user.profile.AvatarStorage    : load avatar,avatarName:foo
19:08:56.685 [Test worker] INFO  o.t.k.user.profile.AvatarStorage - no avatar was found,return default avatar.
2017-03-12 19:08:56.685  INFO 6873 --- [    Test worker] o.t.kanban.user.profile.AvatarStorage    : no avatar was found,return default avatar.
19:08:56.694 [Test worker] INFO  o.t.k.user.profile.AvatarStorage - store avatar,user:someone
2017-03-12 19:08:56.694  INFO 6873 --- [    Test worker] o.t.kanban.user.profile.AvatarStorage    : store avatar,user:someone
19:08:56.695 [Test worker] INFO  o.t.k.user.profile.AvatarStorage - store avatar,user:someone
2017-03-12 19:08:56.695  INFO 6873 --- [    Test worker] o.t.kanban.user.profile.AvatarStorage    : store avatar,user:someone
19:08:56.696 [Test worker] INFO  o.t.k.user.profile.AvatarStorage - store avatar,user:someone
2017-03-12 19:08:56.696  INFO 6873 --- [    Test worker] o.t.kanban.user.profile.AvatarStorage    : store avatar,user:someone
19:08:56.696 [Test worker] INFO  o.t.k.user.profile.AvatarStorage - store avatar,user:someone
2017-03-12 19:08:56.696  INFO 6873 --- [    Test worker] o.t.kanban.user.profile.AvatarStorage    : store avatar,user:someone
19:08:56.697 [Test worker] INFO  o.t.k.user.profile.AvatarStorage - load avatar,avatarName:null
2017-03-12 19:08:56.697  INFO 6873 --- [    Test worker] o.t.kanban.user.profile.AvatarStorage    : load avatar,avatarName:null
19:08:56.697 [Test worker] INFO  o.t.k.user.profile.AvatarStorage - no avatar was found,return default avatar.
2017-03-12 19:08:56.697  INFO 6873 --- [    Test worker] o.t.kanban.user.profile.AvatarStorage    : no avatar was found,return default avatar.
19:08:56.698 [Test worker] INFO  o.t.k.user.profile.AvatarStorage - store avatar,user:someone
2017-03-12 19:08:56.698  INFO 6873 --- [    Test worker] o.t.kanban.user.profile.AvatarStorage    : store avatar,user:someone
19:08:56.699 [Test worker] INFO  o.t.k.user.profile.AvatarStorage - load avatar,avatarName:someone.jpg
2017-03-12 19:08:56.699  INFO 6873 --- [    Test worker] o.t.kanban.user.profile.AvatarStorage    : load avatar,avatarName:someone.jpg
]]></system-out>
  <system-err><![CDATA[]]></system-err>
</testsuite>
