<?xml version="1.0" encoding="UTF-8"?>
<testsuite name="org.thiki.kanban.board.BoardAuthenticationTest" tests="1" skipped="0" failures="0" errors="0" timestamp="2017-03-03T13:40:56" hostname="wisdom-HP" time="0.148">
  <properties/>
  <testcase name="allowReadOnlyIfTheUserIsNotTheTeamAndTheBoardOwner" classname="org.thiki.kanban.board.BoardAuthenticationTest" time="0.148"/>
  <system-out><![CDATA[2017-03-03 21:40:56.835  INFO 6131 --- [    Test worker] o.s.t.c.support.AbstractContextLoader    : Could not detect default resource locations for test class [org.thiki.kanban.TestBase]: no resource found for suffixes {-context.xml, Context.groovy}.
2017-03-03 21:40:56.840  INFO 6131 --- [    Test worker] WebAppIntegrationTestContextBootstrapper : Loaded default TestExecutionListener class names from location [META-INF/spring.factories]: [org.springframework.test.context.web.ServletTestExecutionListener, org.springframework.test.context.support.DirtiesContextBeforeModesTestExecutionListener, org.springframework.test.context.support.DependencyInjectionTestExecutionListener, org.springframework.test.context.support.DirtiesContextTestExecutionListener, org.springframework.test.context.transaction.TransactionalTestExecutionListener, org.springframework.test.context.jdbc.SqlScriptsTestExecutionListener, org.springframework.boot.test.mock.mockito.MockitoTestExecutionListener, org.springframework.boot.test.mock.mockito.ResetMocksTestExecutionListener]
2017-03-03 21:40:56.840  INFO 6131 --- [    Test worker] WebAppIntegrationTestContextBootstrapper : Using TestExecutionListeners: [org.springframework.test.context.web.ServletTestExecutionListener@52621c8a, org.springframework.test.context.support.DirtiesContextBeforeModesTestExecutionListener@a4b9e13, org.springframework.test.context.support.DependencyInjectionTestExecutionListener@6b4cf85c, org.springframework.test.context.support.DirtiesContextTestExecutionListener@258622fb, org.springframework.test.context.transaction.TransactionalTestExecutionListener@67c2fc8d, org.springframework.test.context.jdbc.SqlScriptsTestExecutionListener@31af4d60, org.springframework.boot.test.mock.mockito.ResetMocksTestExecutionListener@3dadcd11, org.springframework.boot.test.mock.mockito.MockitoTestExecutionListener@29a8a1a5]
Request method:	GET
Request path:	http://localhost:9120/kanban/someone/boards/fooId
Proxy:			<none>
Request params:	<none>
Query params:	<none>
Form params:	<none>
Path params:	<none>
Multiparts:		<none>
Headers:		identification=no
				authentication=yes
				userName=someone
				Accept=*/*
Cookies:		<none>
Body:			<none>
21:40:56.882 [http-nio-9120-exec-10] INFO  o.t.k.f.logback.SessionInterceptor - init session:0789fa02-0017-11e7-af8b-0014781bc25c
2017-03-03 21:40:56.882  INFO 6131 --- [io-9120-exec-10] o.t.k.f.logback.SessionInterceptor       : init session:0789fa02-0017-11e7-af8b-0014781bc25c
21:40:56.883 [http-nio-9120-exec-10] INFO  o.t.k.f.s.i.f.SecurityInterceptor - identification start.userName:someone,uri:/kanban/someone/boards/fooId
2017-03-03 21:40:56.883  INFO 6131 --- [io-9120-exec-10] o.t.k.f.s.i.filter.SecurityInterceptor   : identification start.userName:someone,uri:/kanban/someone/boards/fooId
21:40:56.883 [http-nio-9120-exec-10] INFO  o.t.k.f.s.a.AuthenticationInterceptor - authentication start.currentURL:/kanban/someone/boards/fooId
2017-03-03 21:40:56.883  INFO 6131 --- [io-9120-exec-10] o.t.k.f.s.a.AuthenticationInterceptor    : authentication start.currentURL:/kanban/someone/boards/fooId
21:40:56.884 [http-nio-9120-exec-10] INFO  o.t.k.f.s.a.AuthenticationInterceptor - authentication end.
2017-03-03 21:40:56.884  INFO 6131 --- [io-9120-exec-10] o.t.k.f.s.a.AuthenticationInterceptor    : authentication end.
21:40:56.886 [http-nio-9120-exec-10] INFO  org.thiki.kanban.board.BoardResource - build board resource.board:Board{id='fooId', name='board-name', projectId='projectId-foo', author='others', owner='others', creationTime='2017-03-03 21:40:56.848000', modificationTime='2017-03-03 21:40:56.848000'},userName:someone
2017-03-03 21:40:56.886  INFO 6131 --- [io-9120-exec-10] org.thiki.kanban.board.BoardResource     : build board resource.board:Board{id='fooId', name='board-name', projectId='projectId-foo', author='others', owner='others', creationTime='2017-03-03 21:40:56.848000', modificationTime='2017-03-03 21:40:56.848000'},userName:someone
21:40:56.903 [http-nio-9120-exec-10] INFO  org.thiki.kanban.board.BoardResource - board resource building complete.board:Board{id='fooId', name='board-name', projectId='projectId-foo', author='others', owner='others', creationTime='2017-03-03 21:40:56.848000', modificationTime='2017-03-03 21:40:56.848000'},userName:someone
2017-03-03 21:40:56.903  INFO 6131 --- [io-9120-exec-10] org.thiki.kanban.board.BoardResource     : board resource building complete.board:Board{id='fooId', name='board-name', projectId='projectId-foo', author='others', owner='others', creationTime='2017-03-03 21:40:56.848000', modificationTime='2017-03-03 21:40:56.848000'},userName:someone
21:40:56.906 [http-nio-9120-exec-10] INFO  o.t.k.f.logback.SessionInterceptor - remove sessionId.
2017-03-03 21:40:56.906  INFO 6131 --- [io-9120-exec-10] o.t.k.f.logback.SessionInterceptor       : remove sessionId.
]]></system-out>
  <system-err><![CDATA[]]></system-err>
</testsuite>
