<?xml version="1.0" encoding="UTF-8"?>
<testsuite name="org.thiki.kanban.notification.NotificationControllerTest" tests="4" skipped="0" failures="0" errors="0" timestamp="2017-03-12T11:08:57" hostname="wisdom-HP" time="0.48">
  <properties/>
  <testcase name="loadAllNotifications" classname="org.thiki.kanban.notification.NotificationControllerTest" time="0.147"/>
  <testcase name="loadNotificationByID" classname="org.thiki.kanban.notification.NotificationControllerTest" time="0.108"/>
  <testcase name="loadUnreadNotificationAfterLoading" classname="org.thiki.kanban.notification.NotificationControllerTest" time="0.11"/>
  <testcase name="notSetNotificationReadIfItHasAlreadyBeenReadAfterLoading" classname="org.thiki.kanban.notification.NotificationControllerTest" time="0.108"/>
  <system-out><![CDATA[2017-03-12 19:08:57.146  INFO 6873 --- [    Test worker] o.s.t.c.support.AbstractContextLoader    : Could not detect default resource locations for test class [org.thiki.kanban.TestBase]: no resource found for suffixes {-context.xml, Context.groovy}.
2017-03-12 19:08:57.157  INFO 6873 --- [    Test worker] WebAppIntegrationTestContextBootstrapper : Loaded default TestExecutionListener class names from location [META-INF/spring.factories]: [org.springframework.test.context.web.ServletTestExecutionListener, org.springframework.test.context.support.DirtiesContextBeforeModesTestExecutionListener, org.springframework.test.context.support.DependencyInjectionTestExecutionListener, org.springframework.test.context.support.DirtiesContextTestExecutionListener, org.springframework.test.context.transaction.TransactionalTestExecutionListener, org.springframework.test.context.jdbc.SqlScriptsTestExecutionListener, org.springframework.boot.test.mock.mockito.MockitoTestExecutionListener, org.springframework.boot.test.mock.mockito.ResetMocksTestExecutionListener, org.springframework.boot.test.autoconfigure.restdocs.RestDocsTestExecutionListener, org.springframework.boot.test.autoconfigure.web.client.MockRestServiceServerResetTestExecutionListener, org.springframework.boot.test.autoconfigure.web.servlet.MockMvcPrintOnlyOnFailureTestExecutionListener, org.springframework.boot.test.autoconfigure.web.servlet.WebDriverTestExecutionListener]
2017-03-12 19:08:57.158  INFO 6873 --- [    Test worker] WebAppIntegrationTestContextBootstrapper : Using TestExecutionListeners: [org.springframework.test.context.web.ServletTestExecutionListener@7ff88c2c, org.springframework.test.context.support.DirtiesContextBeforeModesTestExecutionListener@62ba2858, org.springframework.test.context.support.DependencyInjectionTestExecutionListener@16c9c47, org.springframework.test.context.support.DirtiesContextTestExecutionListener@4b3a318f, org.springframework.test.context.transaction.TransactionalTestExecutionListener@70184d28, org.springframework.test.context.jdbc.SqlScriptsTestExecutionListener@4353439b, org.springframework.boot.test.autoconfigure.web.servlet.MockMvcPrintOnlyOnFailureTestExecutionListener@26386112, org.springframework.boot.test.autoconfigure.web.servlet.WebDriverTestExecutionListener@3c148a13, org.springframework.boot.test.autoconfigure.web.client.MockRestServiceServerResetTestExecutionListener@e57f1b4, org.springframework.boot.test.mock.mockito.MockitoTestExecutionListener@57c1247e, org.springframework.boot.test.mock.mockito.ResetMocksTestExecutionListener@3294ff65, org.springframework.boot.test.autoconfigure.restdocs.RestDocsTestExecutionListener@2a48bf36]
19:08:57.177 [http-nio-9120-exec-6] INFO  o.t.k.f.logback.SessionInterceptor - init session:497d2cd9-0714-11e7-80b3-0014781bc25c
2017-03-12 19:08:57.177  INFO 6873 --- [nio-9120-exec-6] o.t.k.f.logback.SessionInterceptor       : init session:497d2cd9-0714-11e7-80b3-0014781bc25c
19:08:57.177 [http-nio-9120-exec-6] INFO  o.t.k.f.s.i.f.SecurityInterceptor - identification start.userName:someone,uri:/kanban/someone/notifications
2017-03-12 19:08:57.177  INFO 6873 --- [nio-9120-exec-6] o.t.k.f.s.i.filter.SecurityInterceptor   : identification start.userName:someone,uri:/kanban/someone/notifications
19:08:57.177 [http-nio-9120-exec-6] INFO  o.t.k.f.s.a.AuthenticationInterceptor - authentication start.currentURL:/kanban/someone/notifications
2017-03-12 19:08:57.177  INFO 6873 --- [nio-9120-exec-6] o.t.k.f.s.a.AuthenticationInterceptor    : authentication start.currentURL:/kanban/someone/notifications
19:08:57.195 [http-nio-9120-exec-6] INFO  o.t.k.n.NotificationService - Loading notifications by userName userName:someone
2017-03-12 19:08:57.195  INFO 6873 --- [nio-9120-exec-6] o.t.k.notification.NotificationService   : Loading notifications by userName userName:someone
19:08:57.197 [http-nio-9120-exec-6] INFO  o.t.k.n.NotificationService - Loaded notifications:[{"content":"content","creationTime":"2017-03-12 19:08:57.168000","displayTime":"刚刚","id":"foo-notification-id","isRead":false,"link":"http://hello.com","receiver":"someone","sender":"sender@gmail.com","type":"project-members-invitation","typeName":"团队邀请"}]
2017-03-12 19:08:57.197  INFO 6873 --- [nio-9120-exec-6] o.t.k.notification.NotificationService   : Loaded notifications:[{"content":"content","creationTime":"2017-03-12 19:08:57.168000","displayTime":"刚刚","id":"foo-notification-id","isRead":false,"link":"http://hello.com","receiver":"someone","sender":"sender@gmail.com","type":"project-members-invitation","typeName":"团队邀请"}]
19:08:57.207 [http-nio-9120-exec-6] INFO  o.t.k.f.logback.SessionInterceptor - remove sessionId.
2017-03-12 19:08:57.207  INFO 6873 --- [nio-9120-exec-6] o.t.k.f.logback.SessionInterceptor       : remove sessionId.
19:08:57.324 [http-nio-9120-exec-14] INFO  o.t.k.f.logback.SessionInterceptor - init session:49939b0a-0714-11e7-80b3-0014781bc25c
2017-03-12 19:08:57.324  INFO 6873 --- [io-9120-exec-14] o.t.k.f.logback.SessionInterceptor       : init session:49939b0a-0714-11e7-80b3-0014781bc25c
19:08:57.325 [http-nio-9120-exec-14] INFO  o.t.k.f.s.i.f.SecurityInterceptor - identification start.userName:someone,uri:/kanban/someone/notifications/foo-notification-id
2017-03-12 19:08:57.325  INFO 6873 --- [io-9120-exec-14] o.t.k.f.s.i.filter.SecurityInterceptor   : identification start.userName:someone,uri:/kanban/someone/notifications/foo-notification-id
19:08:57.325 [http-nio-9120-exec-14] INFO  o.t.k.f.s.a.AuthenticationInterceptor - authentication start.currentURL:/kanban/someone/notifications/foo-notification-id
2017-03-12 19:08:57.325  INFO 6873 --- [io-9120-exec-14] o.t.k.f.s.a.AuthenticationInterceptor    : authentication start.currentURL:/kanban/someone/notifications/foo-notification-id
19:08:57.327 [http-nio-9120-exec-14] INFO  o.t.k.n.NotificationService - Loading notification id:foo-notification-id
2017-03-12 19:08:57.327  INFO 6873 --- [io-9120-exec-14] o.t.k.notification.NotificationService   : Loading notification id:foo-notification-id
19:08:57.330 [http-nio-9120-exec-14] INFO  o.t.k.n.NotificationService - Loaded notification notification:{"content":"content","creationTime":"2017-03-12 19:08:57.315000","displayTime":"刚刚","id":"foo-notification-id","isRead":true,"link":"http://hello.com","receiver":"someone","sender":"sender@gmail.com","type":"notificationType","typeName":"notificationType"}
2017-03-12 19:08:57.330  INFO 6873 --- [io-9120-exec-14] o.t.k.notification.NotificationService   : Loaded notification notification:{"content":"content","creationTime":"2017-03-12 19:08:57.315000","displayTime":"刚刚","id":"foo-notification-id","isRead":true,"link":"http://hello.com","receiver":"someone","sender":"sender@gmail.com","type":"notificationType","typeName":"notificationType"}
19:08:57.337 [http-nio-9120-exec-14] INFO  o.t.k.f.logback.SessionInterceptor - remove sessionId.
2017-03-12 19:08:57.337  INFO 6873 --- [io-9120-exec-14] o.t.k.f.logback.SessionInterceptor       : remove sessionId.
19:08:57.433 [http-nio-9120-exec-4] INFO  o.t.k.f.logback.SessionInterceptor - init session:49a43cdb-0714-11e7-80b3-0014781bc25c
2017-03-12 19:08:57.433  INFO 6873 --- [nio-9120-exec-4] o.t.k.f.logback.SessionInterceptor       : init session:49a43cdb-0714-11e7-80b3-0014781bc25c
19:08:57.433 [http-nio-9120-exec-4] INFO  o.t.k.f.s.i.f.SecurityInterceptor - identification start.userName:someone,uri:/kanban/someone/notifications/unread/total
2017-03-12 19:08:57.433  INFO 6873 --- [nio-9120-exec-4] o.t.k.f.s.i.filter.SecurityInterceptor   : identification start.userName:someone,uri:/kanban/someone/notifications/unread/total
19:08:57.434 [http-nio-9120-exec-4] INFO  o.t.k.f.s.a.AuthenticationInterceptor - authentication start.currentURL:/kanban/someone/notifications/unread/total
2017-03-12 19:08:57.434  INFO 6873 --- [nio-9120-exec-4] o.t.k.f.s.a.AuthenticationInterceptor    : authentication start.currentURL:/kanban/someone/notifications/unread/total
19:08:57.434 [http-nio-9120-exec-4] INFO  o.t.k.n.NotificationService - Loading unread notification total.userName:someone
2017-03-12 19:08:57.434  INFO 6873 --- [nio-9120-exec-4] o.t.k.notification.NotificationService   : Loading unread notification total.userName:someone
19:08:57.440 [http-nio-9120-exec-4] INFO  o.t.k.f.logback.SessionInterceptor - remove sessionId.
2017-03-12 19:08:57.440  INFO 6873 --- [nio-9120-exec-4] o.t.k.f.logback.SessionInterceptor       : remove sessionId.
19:08:57.560 [http-nio-9120-exec-5] INFO  o.t.k.f.logback.SessionInterceptor - init session:49b79dcc-0714-11e7-80b3-0014781bc25c
2017-03-12 19:08:57.560  INFO 6873 --- [nio-9120-exec-5] o.t.k.f.logback.SessionInterceptor       : init session:49b79dcc-0714-11e7-80b3-0014781bc25c
19:08:57.560 [http-nio-9120-exec-5] INFO  o.t.k.f.s.i.f.SecurityInterceptor - identification start.userName:someone,uri:/kanban/someone/notifications/foo-notification-id
2017-03-12 19:08:57.560  INFO 6873 --- [nio-9120-exec-5] o.t.k.f.s.i.filter.SecurityInterceptor   : identification start.userName:someone,uri:/kanban/someone/notifications/foo-notification-id
19:08:57.560 [http-nio-9120-exec-5] INFO  o.t.k.f.s.a.AuthenticationInterceptor - authentication start.currentURL:/kanban/someone/notifications/foo-notification-id
2017-03-12 19:08:57.560  INFO 6873 --- [nio-9120-exec-5] o.t.k.f.s.a.AuthenticationInterceptor    : authentication start.currentURL:/kanban/someone/notifications/foo-notification-id
19:08:57.561 [http-nio-9120-exec-5] INFO  o.t.k.n.NotificationService - Loading notification id:foo-notification-id
2017-03-12 19:08:57.561  INFO 6873 --- [nio-9120-exec-5] o.t.k.notification.NotificationService   : Loading notification id:foo-notification-id
19:08:57.562 [http-nio-9120-exec-5] INFO  o.t.k.n.NotificationService - Loaded notification notification:{"content":"content","creationTime":"2017-03-12 19:08:57.541000","displayTime":"刚刚","id":"foo-notification-id","isRead":true,"link":"http://hello.com","receiver":"someone","sender":"sender@gmail.com","type":"notificationType","typeName":"notificationType"}
2017-03-12 19:08:57.562  INFO 6873 --- [nio-9120-exec-5] o.t.k.notification.NotificationService   : Loaded notification notification:{"content":"content","creationTime":"2017-03-12 19:08:57.541000","displayTime":"刚刚","id":"foo-notification-id","isRead":true,"link":"http://hello.com","receiver":"someone","sender":"sender@gmail.com","type":"notificationType","typeName":"notificationType"}
19:08:57.571 [http-nio-9120-exec-5] INFO  o.t.k.f.logback.SessionInterceptor - remove sessionId.
2017-03-12 19:08:57.571  INFO 6873 --- [nio-9120-exec-5] o.t.k.f.logback.SessionInterceptor       : remove sessionId.
]]></system-out>
  <system-err><![CDATA[]]></system-err>
</testsuite>
