<?xml version="1.0" encoding="UTF-8"?>
<testsuite name="org.thiki.kanban.board.BoardAuthenticationTest" tests="1" skipped="0" failures="0" errors="0" timestamp="2017-03-12T11:08:59" hostname="wisdom-HP" time="0.29">
  <properties/>
  <testcase name="allowReadOnlyIfTheUserIsNotTheTeamAndTheBoardOwner" classname="org.thiki.kanban.board.BoardAuthenticationTest" time="0.29"/>
  <system-out><![CDATA[2017-03-12 19:08:59.337  INFO 6873 --- [    Test worker] o.s.t.c.support.AbstractContextLoader    : Could not detect default resource locations for test class [org.thiki.kanban.TestBase]: no resource found for suffixes {-context.xml, Context.groovy}.
2017-03-12 19:08:59.342  INFO 6873 --- [    Test worker] WebAppIntegrationTestContextBootstrapper : Loaded default TestExecutionListener class names from location [META-INF/spring.factories]: [org.springframework.test.context.web.ServletTestExecutionListener, org.springframework.test.context.support.DirtiesContextBeforeModesTestExecutionListener, org.springframework.test.context.support.DependencyInjectionTestExecutionListener, org.springframework.test.context.support.DirtiesContextTestExecutionListener, org.springframework.test.context.transaction.TransactionalTestExecutionListener, org.springframework.test.context.jdbc.SqlScriptsTestExecutionListener, org.springframework.boot.test.mock.mockito.MockitoTestExecutionListener, org.springframework.boot.test.mock.mockito.ResetMocksTestExecutionListener, org.springframework.boot.test.autoconfigure.restdocs.RestDocsTestExecutionListener, org.springframework.boot.test.autoconfigure.web.client.MockRestServiceServerResetTestExecutionListener, org.springframework.boot.test.autoconfigure.web.servlet.MockMvcPrintOnlyOnFailureTestExecutionListener, org.springframework.boot.test.autoconfigure.web.servlet.WebDriverTestExecutionListener]
2017-03-12 19:08:59.342  INFO 6873 --- [    Test worker] WebAppIntegrationTestContextBootstrapper : Using TestExecutionListeners: [org.springframework.test.context.web.ServletTestExecutionListener@4c058d30, org.springframework.test.context.support.DirtiesContextBeforeModesTestExecutionListener@51f59512, org.springframework.test.context.support.DependencyInjectionTestExecutionListener@2562efc4, org.springframework.test.context.support.DirtiesContextTestExecutionListener@51aa3086, org.springframework.test.context.transaction.TransactionalTestExecutionListener@31a65b8e, org.springframework.test.context.jdbc.SqlScriptsTestExecutionListener@4c0605ad, org.springframework.boot.test.autoconfigure.web.servlet.MockMvcPrintOnlyOnFailureTestExecutionListener@7ea8cf26, org.springframework.boot.test.autoconfigure.web.servlet.WebDriverTestExecutionListener@7e86ee75, org.springframework.boot.test.autoconfigure.web.client.MockRestServiceServerResetTestExecutionListener@7dffb000, org.springframework.boot.test.mock.mockito.MockitoTestExecutionListener@128f97f, org.springframework.boot.test.mock.mockito.ResetMocksTestExecutionListener@39c1c783, org.springframework.boot.test.autoconfigure.restdocs.RestDocsTestExecutionListener@707d6388]
Request method:	GET
Request path:	http://localhost:9120/kanban/someone/projects/project-fooId/boards/fooId
Proxy:			<none>
Request params:	<none>
Query params:	<none>
Form params:	<none>
Path params:	<none>
Multiparts:		<none>
Headers:		identification=no
				authentication=yes
				userName=someone
				Accept=*/*
Cookies:		<none>
Body:			<none>
19:08:59.410 [http-nio-9120-exec-12] INFO  o.t.k.f.logback.SessionInterceptor - init session:4ad1e78c-0714-11e7-80b3-0014781bc25c
2017-03-12 19:08:59.410  INFO 6873 --- [io-9120-exec-12] o.t.k.f.logback.SessionInterceptor       : init session:4ad1e78c-0714-11e7-80b3-0014781bc25c
19:08:59.411 [http-nio-9120-exec-12] INFO  o.t.k.f.s.i.f.SecurityInterceptor - identification start.userName:someone,uri:/kanban/someone/projects/project-fooId/boards/fooId
2017-03-12 19:08:59.411  INFO 6873 --- [io-9120-exec-12] o.t.k.f.s.i.filter.SecurityInterceptor   : identification start.userName:someone,uri:/kanban/someone/projects/project-fooId/boards/fooId
19:08:59.411 [http-nio-9120-exec-12] INFO  o.t.k.f.s.a.AuthenticationInterceptor - authentication start.currentURL:/kanban/someone/projects/project-fooId/boards/fooId
2017-03-12 19:08:59.411  INFO 6873 --- [io-9120-exec-12] o.t.k.f.s.a.AuthenticationInterceptor    : authentication start.currentURL:/kanban/someone/projects/project-fooId/boards/fooId
19:08:59.412 [http-nio-9120-exec-12] INFO  o.t.k.f.s.a.AuthenticationInterceptor - authentication end.
2017-03-12 19:08:59.412  INFO 6873 --- [io-9120-exec-12] o.t.k.f.s.a.AuthenticationInterceptor    : authentication end.
19:08:59.415 [http-nio-9120-exec-12] INFO  org.thiki.kanban.board.BoardResource - build board resource.board:Board{id='fooId', name='board-name', projectId='project-fooId', author='others', owner='others', creationTime='2017-03-12 19:08:59.349000', modificationTime='2017-03-12 19:08:59.349000'},userName:someone
2017-03-12 19:08:59.415  INFO 6873 --- [io-9120-exec-12] org.thiki.kanban.board.BoardResource     : build board resource.board:Board{id='fooId', name='board-name', projectId='project-fooId', author='others', owner='others', creationTime='2017-03-12 19:08:59.349000', modificationTime='2017-03-12 19:08:59.349000'},userName:someone
19:08:59.434 [http-nio-9120-exec-12] INFO  org.thiki.kanban.board.BoardResource - board resource building complete.board:Board{id='fooId', name='board-name', projectId='project-fooId', author='others', owner='others', creationTime='2017-03-12 19:08:59.349000', modificationTime='2017-03-12 19:08:59.349000'},userName:someone
2017-03-12 19:08:59.434  INFO 6873 --- [io-9120-exec-12] org.thiki.kanban.board.BoardResource     : board resource building complete.board:Board{id='fooId', name='board-name', projectId='project-fooId', author='others', owner='others', creationTime='2017-03-12 19:08:59.349000', modificationTime='2017-03-12 19:08:59.349000'},userName:someone
19:08:59.444 [http-nio-9120-exec-12] INFO  o.t.k.f.logback.SessionInterceptor - remove sessionId.
2017-03-12 19:08:59.444  INFO 6873 --- [io-9120-exec-12] o.t.k.f.logback.SessionInterceptor       : remove sessionId.
]]></system-out>
  <system-err><![CDATA[]]></system-err>
</testsuite>
