<?xml version="1.0" encoding="UTF-8"?>
<testsuite name="org.thiki.kanban.foundation.aspect.ValidateAspectTest" tests="1" skipped="0" failures="0" errors="0" timestamp="2017-03-12T11:08:45" hostname="wisdom-HP" time="0.052">
  <properties/>
  <testcase name="throwExceptionIfUserNameInHeaderIsNotEqualWithItInPath" classname="org.thiki.kanban.foundation.aspect.ValidateAspectTest" time="0.052"/>
  <system-out><![CDATA[2017-03-12 19:08:45.473  INFO 6873 --- [    Test worker] o.s.t.c.support.AbstractContextLoader    : Could not detect default resource locations for test class [org.thiki.kanban.TestBase]: no resource found for suffixes {-context.xml, Context.groovy}.
2017-03-12 19:08:45.480  INFO 6873 --- [    Test worker] WebAppIntegrationTestContextBootstrapper : Loaded default TestExecutionListener class names from location [META-INF/spring.factories]: [org.springframework.test.context.web.ServletTestExecutionListener, org.springframework.test.context.support.DirtiesContextBeforeModesTestExecutionListener, org.springframework.test.context.support.DependencyInjectionTestExecutionListener, org.springframework.test.context.support.DirtiesContextTestExecutionListener, org.springframework.test.context.transaction.TransactionalTestExecutionListener, org.springframework.test.context.jdbc.SqlScriptsTestExecutionListener, org.springframework.boot.test.mock.mockito.MockitoTestExecutionListener, org.springframework.boot.test.mock.mockito.ResetMocksTestExecutionListener, org.springframework.boot.test.autoconfigure.restdocs.RestDocsTestExecutionListener, org.springframework.boot.test.autoconfigure.web.client.MockRestServiceServerResetTestExecutionListener, org.springframework.boot.test.autoconfigure.web.servlet.MockMvcPrintOnlyOnFailureTestExecutionListener, org.springframework.boot.test.autoconfigure.web.servlet.WebDriverTestExecutionListener]
2017-03-12 19:08:45.481  INFO 6873 --- [    Test worker] WebAppIntegrationTestContextBootstrapper : Using TestExecutionListeners: [org.springframework.test.context.web.ServletTestExecutionListener@392bef9c, org.springframework.test.context.support.DirtiesContextBeforeModesTestExecutionListener@7d8e3394, org.springframework.test.context.support.DependencyInjectionTestExecutionListener@2070863c, org.springframework.test.context.support.DirtiesContextTestExecutionListener@22708716, org.springframework.test.context.transaction.TransactionalTestExecutionListener@44c1dbcb, org.springframework.test.context.jdbc.SqlScriptsTestExecutionListener@48df4254, org.springframework.boot.test.autoconfigure.web.servlet.MockMvcPrintOnlyOnFailureTestExecutionListener@6cba7c15, org.springframework.boot.test.autoconfigure.web.servlet.WebDriverTestExecutionListener@4a541ea3, org.springframework.boot.test.autoconfigure.web.client.MockRestServiceServerResetTestExecutionListener@818ba1, org.springframework.boot.test.mock.mockito.MockitoTestExecutionListener@327eb407, org.springframework.boot.test.mock.mockito.ResetMocksTestExecutionListener@d1b2c89, org.springframework.boot.test.autoconfigure.restdocs.RestDocsTestExecutionListener@67509a8f]
19:08:45.501 [http-nio-9120-exec-6] INFO  o.t.k.f.logback.SessionInterceptor - init session:42878f74-0714-11e7-80b3-0014781bc25c
2017-03-12 19:08:45.501  INFO 6873 --- [nio-9120-exec-6] o.t.k.f.logback.SessionInterceptor       : init session:42878f74-0714-11e7-80b3-0014781bc25c
19:08:45.501 [http-nio-9120-exec-6] INFO  o.t.k.f.s.i.f.SecurityInterceptor - identification start.userName:someone,uri:/kanban/thief/projects
2017-03-12 19:08:45.501  INFO 6873 --- [nio-9120-exec-6] o.t.k.f.s.i.filter.SecurityInterceptor   : identification start.userName:someone,uri:/kanban/thief/projects
19:08:45.501 [http-nio-9120-exec-6] INFO  o.t.k.f.s.a.AuthenticationInterceptor - authentication start.currentURL:/kanban/thief/projects
2017-03-12 19:08:45.501  INFO 6873 --- [nio-9120-exec-6] o.t.k.f.s.a.AuthenticationInterceptor    : authentication start.currentURL:/kanban/thief/projects
19:08:45.510 [http-nio-9120-exec-6] INFO  o.t.k.f.logback.SessionInterceptor - remove sessionId.
2017-03-12 19:08:45.510  INFO 6873 --- [nio-9120-exec-6] o.t.k.f.logback.SessionInterceptor       : remove sessionId.
19:08:45.512 [http-nio-9120-exec-6] INFO  o.t.k.f.logback.SessionInterceptor - init session:42893d25-0714-11e7-80b3-0014781bc25c
2017-03-12 19:08:45.512  INFO 6873 --- [nio-9120-exec-6] o.t.k.f.logback.SessionInterceptor       : init session:42893d25-0714-11e7-80b3-0014781bc25c
19:08:45.513 [http-nio-9120-exec-6] INFO  o.t.k.f.s.i.f.SecurityInterceptor - identification start.userName:someone,uri:/kanban/error/invalidParamsException
2017-03-12 19:08:45.513  INFO 6873 --- [nio-9120-exec-6] o.t.k.f.s.i.filter.SecurityInterceptor   : identification start.userName:someone,uri:/kanban/error/invalidParamsException
19:08:45.513 [http-nio-9120-exec-6] INFO  o.t.k.f.s.a.AuthenticationInterceptor - authentication start.currentURL:/kanban/error/invalidParamsException
2017-03-12 19:08:45.513  INFO 6873 --- [nio-9120-exec-6] o.t.k.f.s.a.AuthenticationInterceptor    : authentication start.currentURL:/kanban/error/invalidParamsException
19:08:45.518 [http-nio-9120-exec-6] INFO  o.t.k.f.logback.SessionInterceptor - remove sessionId.
2017-03-12 19:08:45.518  INFO 6873 --- [nio-9120-exec-6] o.t.k.f.logback.SessionInterceptor       : remove sessionId.
]]></system-out>
  <system-err><![CDATA[]]></system-err>
</testsuite>
