<?xml version="1.0" encoding="UTF-8"?>
<testsuite name="org.thiki.kanban.foundation.mail.MailServiceTest" tests="2" skipped="0" failures="0" errors="0" timestamp="2017-03-12T11:08:45" hostname="wisdom-HP" time="0.023">
  <properties/>
  <testcase name="testEntity" classname="org.thiki.kanban.foundation.mail.MailServiceTest" time="0.011"/>
  <testcase name="testMailTemplate" classname="org.thiki.kanban.foundation.mail.MailServiceTest" time="0.011"/>
  <system-out><![CDATA[2017-03-12 19:08:45.429  INFO 6873 --- [    Test worker] o.s.t.c.support.AbstractContextLoader    : Could not detect default resource locations for test class [org.thiki.kanban.TestBase]: no resource found for suffixes {-context.xml, Context.groovy}.
2017-03-12 19:08:45.435  INFO 6873 --- [    Test worker] WebAppIntegrationTestContextBootstrapper : Loaded default TestExecutionListener class names from location [META-INF/spring.factories]: [org.springframework.test.context.web.ServletTestExecutionListener, org.springframework.test.context.support.DirtiesContextBeforeModesTestExecutionListener, org.springframework.test.context.support.DependencyInjectionTestExecutionListener, org.springframework.test.context.support.DirtiesContextTestExecutionListener, org.springframework.test.context.transaction.TransactionalTestExecutionListener, org.springframework.test.context.jdbc.SqlScriptsTestExecutionListener, org.springframework.boot.test.mock.mockito.MockitoTestExecutionListener, org.springframework.boot.test.mock.mockito.ResetMocksTestExecutionListener, org.springframework.boot.test.autoconfigure.restdocs.RestDocsTestExecutionListener, org.springframework.boot.test.autoconfigure.web.client.MockRestServiceServerResetTestExecutionListener, org.springframework.boot.test.autoconfigure.web.servlet.MockMvcPrintOnlyOnFailureTestExecutionListener, org.springframework.boot.test.autoconfigure.web.servlet.WebDriverTestExecutionListener]
2017-03-12 19:08:45.435  INFO 6873 --- [    Test worker] WebAppIntegrationTestContextBootstrapper : Using TestExecutionListeners: [org.springframework.test.context.web.ServletTestExecutionListener@7b7954fc, org.springframework.test.context.support.DirtiesContextBeforeModesTestExecutionListener@142eba68, org.springframework.test.context.support.DependencyInjectionTestExecutionListener@5cac60f7, org.springframework.test.context.support.DirtiesContextTestExecutionListener@774543d3, org.springframework.test.context.transaction.TransactionalTestExecutionListener@46aa3773, org.springframework.test.context.jdbc.SqlScriptsTestExecutionListener@27362834, org.springframework.boot.test.autoconfigure.web.servlet.MockMvcPrintOnlyOnFailureTestExecutionListener@18a24ffd, org.springframework.boot.test.autoconfigure.web.servlet.WebDriverTestExecutionListener@4524dce1, org.springframework.boot.test.autoconfigure.web.client.MockRestServiceServerResetTestExecutionListener@52a26a99, org.springframework.boot.test.mock.mockito.MockitoTestExecutionListener@44c38f71, org.springframework.boot.test.mock.mockito.ResetMocksTestExecutionListener@4e94edb3, org.springframework.boot.test.autoconfigure.restdocs.RestDocsTestExecutionListener@2d34f354]
]]></system-out>
  <system-err><![CDATA[]]></system-err>
</testsuite>
