<?xml version="1.0" encoding="UTF-8"?>
<testsuite name="org.thiki.kanban.card.statistics.StatisticsServiceTest" tests="2" skipped="0" failures="0" errors="0" timestamp="2017-03-12T11:08:51" hostname="wisdom-HP" time="0.262">
  <properties/>
  <testcase name="shouldReturnHalfOfADay" classname="org.thiki.kanban.card.statistics.StatisticsServiceTest" time="0.259"/>
  <testcase name="shouldReturn1_5Days" classname="org.thiki.kanban.card.statistics.StatisticsServiceTest" time="0.003"/>
  <system-out><![CDATA[]]></system-out>
  <system-err><![CDATA[]]></system-err>
</testsuite>
