<?xml version="1.0" encoding="UTF-8"?>
<testsuite name="org.thiki.kanban.foundation.common.VerificationCodeServiceTest" tests="1" skipped="0" failures="0" errors="0" timestamp="2017-03-03T13:40:47" hostname="wisdom-HP" time="0.005">
  <properties/>
  <testcase name="generateVerificationCode" classname="org.thiki.kanban.foundation.common.VerificationCodeServiceTest" time="0.005"/>
  <system-out><![CDATA[2017-03-03 21:40:47.244  INFO 6131 --- [    Test worker] o.s.t.c.support.AbstractContextLoader    : Could not detect default resource locations for test class [org.thiki.kanban.TestBase]: no resource found for suffixes {-context.xml, Context.groovy}.
2017-03-03 21:40:47.249  INFO 6131 --- [    Test worker] WebAppIntegrationTestContextBootstrapper : Loaded default TestExecutionListener class names from location [META-INF/spring.factories]: [org.springframework.test.context.web.ServletTestExecutionListener, org.springframework.test.context.support.DirtiesContextBeforeModesTestExecutionListener, org.springframework.test.context.support.DependencyInjectionTestExecutionListener, org.springframework.test.context.support.DirtiesContextTestExecutionListener, org.springframework.test.context.transaction.TransactionalTestExecutionListener, org.springframework.test.context.jdbc.SqlScriptsTestExecutionListener, org.springframework.boot.test.mock.mockito.MockitoTestExecutionListener, org.springframework.boot.test.mock.mockito.ResetMocksTestExecutionListener]
2017-03-03 21:40:47.250  INFO 6131 --- [    Test worker] WebAppIntegrationTestContextBootstrapper : Using TestExecutionListeners: [org.springframework.test.context.web.ServletTestExecutionListener@23e64586, org.springframework.test.context.support.DirtiesContextBeforeModesTestExecutionListener@38f99212, org.springframework.test.context.support.DependencyInjectionTestExecutionListener@6df70cb3, org.springframework.test.context.support.DirtiesContextTestExecutionListener@58bb8bfa, org.springframework.test.context.transaction.TransactionalTestExecutionListener@49602f1e, org.springframework.test.context.jdbc.SqlScriptsTestExecutionListener@3dfd5d22, org.springframework.boot.test.mock.mockito.ResetMocksTestExecutionListener@68ba5cba, org.springframework.boot.test.mock.mockito.MockitoTestExecutionListener@6c5afe0c]
]]></system-out>
  <system-err><![CDATA[]]></system-err>
</testsuite>
