<?xml version="1.0" encoding="UTF-8"?>
<testsuite name="org.thiki.kanban.board.BoardSnapShotLoaderTest" tests="2" skipped="0" failures="0" errors="0" timestamp="2017-03-12T11:09:00" hostname="wisdom-HP" time="0.303">
  <properties/>
  <testcase name="should_return_child_cards_in_the_data_structure" classname="org.thiki.kanban.board.BoardSnapShotLoaderTest" time="0.149"/>
  <testcase name="should_return_all_the_board_data" classname="org.thiki.kanban.board.BoardSnapShotLoaderTest" time="0.153"/>
  <system-out><![CDATA[2017-03-12 19:09:00.563  INFO 6873 --- [    Test worker] o.s.t.c.support.AbstractContextLoader    : Could not detect default resource locations for test class [org.thiki.kanban.TestBase]: no resource found for suffixes {-context.xml, Context.groovy}.
2017-03-12 19:09:00.566  INFO 6873 --- [    Test worker] WebAppIntegrationTestContextBootstrapper : Loaded default TestExecutionListener class names from location [META-INF/spring.factories]: [org.springframework.test.context.web.ServletTestExecutionListener, org.springframework.test.context.support.DirtiesContextBeforeModesTestExecutionListener, org.springframework.test.context.support.DependencyInjectionTestExecutionListener, org.springframework.test.context.support.DirtiesContextTestExecutionListener, org.springframework.test.context.transaction.TransactionalTestExecutionListener, org.springframework.test.context.jdbc.SqlScriptsTestExecutionListener, org.springframework.boot.test.mock.mockito.MockitoTestExecutionListener, org.springframework.boot.test.mock.mockito.ResetMocksTestExecutionListener, org.springframework.boot.test.autoconfigure.restdocs.RestDocsTestExecutionListener, org.springframework.boot.test.autoconfigure.web.client.MockRestServiceServerResetTestExecutionListener, org.springframework.boot.test.autoconfigure.web.servlet.MockMvcPrintOnlyOnFailureTestExecutionListener, org.springframework.boot.test.autoconfigure.web.servlet.WebDriverTestExecutionListener]
2017-03-12 19:09:00.567  INFO 6873 --- [    Test worker] WebAppIntegrationTestContextBootstrapper : Using TestExecutionListeners: [org.springframework.test.context.web.ServletTestExecutionListener@42308d6, org.springframework.test.context.support.DirtiesContextBeforeModesTestExecutionListener@63a2bcc2, org.springframework.test.context.support.DependencyInjectionTestExecutionListener@7335ed1e, org.springframework.test.context.support.DirtiesContextTestExecutionListener@34abbbd8, org.springframework.test.context.transaction.TransactionalTestExecutionListener@28526023, org.springframework.test.context.jdbc.SqlScriptsTestExecutionListener@5ee09d47, org.springframework.boot.test.autoconfigure.web.servlet.MockMvcPrintOnlyOnFailureTestExecutionListener@2e1d698, org.springframework.boot.test.autoconfigure.web.servlet.WebDriverTestExecutionListener@6bfdd867, org.springframework.boot.test.autoconfigure.web.client.MockRestServiceServerResetTestExecutionListener@5095fe43, org.springframework.boot.test.mock.mockito.MockitoTestExecutionListener@ac55bb3, org.springframework.boot.test.mock.mockito.ResetMocksTestExecutionListener@69c1965, org.springframework.boot.test.autoconfigure.restdocs.RestDocsTestExecutionListener@327c731]
Request method:	GET
Request path:	http://localhost:9120/kanban/someone/projects/project-fooId/boards/boardId/snapshot
Proxy:			<none>
Request params:	<none>
Query params:	<none>
Form params:	<none>
Path params:	<none>
Multiparts:		<none>
Headers:		identification=no
				authentication=no
				userName=someone
				Accept=*/*
Cookies:		<none>
Body:			<none>
19:09:00.596 [http-nio-9120-exec-6] INFO  o.t.k.f.logback.SessionInterceptor - init session:4b86dfb9-0714-11e7-80b3-0014781bc25c
2017-03-12 19:09:00.596  INFO 6873 --- [nio-9120-exec-6] o.t.k.f.logback.SessionInterceptor       : init session:4b86dfb9-0714-11e7-80b3-0014781bc25c
19:09:00.596 [http-nio-9120-exec-6] INFO  o.t.k.f.s.i.f.SecurityInterceptor - identification start.userName:someone,uri:/kanban/someone/projects/project-fooId/boards/boardId/snapshot
2017-03-12 19:09:00.596  INFO 6873 --- [nio-9120-exec-6] o.t.k.f.s.i.filter.SecurityInterceptor   : identification start.userName:someone,uri:/kanban/someone/projects/project-fooId/boards/boardId/snapshot
19:09:00.596 [http-nio-9120-exec-6] INFO  o.t.k.f.s.a.AuthenticationInterceptor - authentication start.currentURL:/kanban/someone/projects/project-fooId/boards/boardId/snapshot
2017-03-12 19:09:00.596  INFO 6873 --- [nio-9120-exec-6] o.t.k.f.s.a.AuthenticationInterceptor    : authentication start.currentURL:/kanban/someone/projects/project-fooId/boards/boardId/snapshot
19:09:00.607 [http-nio-9120-exec-6] INFO  o.t.k.board.snapshot.SnapshotService - load snapshot.
2017-03-12 19:09:00.607  INFO 6873 --- [nio-9120-exec-6] o.t.k.board.snapshot.SnapshotService     : load snapshot.
19:09:00.607 [http-nio-9120-exec-6] INFO  o.t.k.board.snapshot.SnapshotService - load board tags.
2017-03-12 19:09:00.607  INFO 6873 --- [nio-9120-exec-6] o.t.k.board.snapshot.SnapshotService     : load board tags.
19:09:00.609 [http-nio-9120-exec-6] INFO  org.thiki.kanban.board.BoardResource - build board resource.board:Board{id='boardId', name='board-name', projectId='null', author='someone', owner='someone', creationTime='2017-03-12 19:09:00.578000', modificationTime='2017-03-12 19:09:00.578000'},userName:someone
2017-03-12 19:09:00.609  INFO 6873 --- [nio-9120-exec-6] org.thiki.kanban.board.BoardResource     : build board resource.board:Board{id='boardId', name='board-name', projectId='null', author='someone', owner='someone', creationTime='2017-03-12 19:09:00.578000', modificationTime='2017-03-12 19:09:00.578000'},userName:someone
19:09:00.623 [http-nio-9120-exec-6] INFO  org.thiki.kanban.board.BoardResource - board resource building complete.board:Board{id='boardId', name='board-name', projectId='null', author='someone', owner='someone', creationTime='2017-03-12 19:09:00.578000', modificationTime='2017-03-12 19:09:00.578000'},userName:someone
2017-03-12 19:09:00.623  INFO 6873 --- [nio-9120-exec-6] org.thiki.kanban.board.BoardResource     : board resource building complete.board:Board{id='boardId', name='board-name', projectId='null', author='someone', owner='someone', creationTime='2017-03-12 19:09:00.578000', modificationTime='2017-03-12 19:09:00.578000'},userName:someone
19:09:00.623 [http-nio-9120-exec-6] INFO  org.thiki.kanban.stage.StagesService - Loading the stages of the board [boardId]
2017-03-12 19:09:00.623  INFO 6873 --- [nio-9120-exec-6] org.thiki.kanban.stage.StagesService     : Loading the stages of the board [boardId]
19:09:00.625 [http-nio-9120-exec-6] INFO  org.thiki.kanban.stage.StagesService - The stages of the board are [{"archived":false,"author":"someone","boardId":"boardId","creationTime":"2017-03-12 19:09:00.579000","id":"stage-fooId","inDoneStatus":false,"inProcess":false,"inSprint":true,"modificationTime":"2017-03-12 19:09:00.579000","sortNumber":0,"status":0,"title":"stage-name","type":1,"wipLimit":-1}]
2017-03-12 19:09:00.625  INFO 6873 --- [nio-9120-exec-6] org.thiki.kanban.stage.StagesService     : The stages of the board are [{"archived":false,"author":"someone","boardId":"boardId","creationTime":"2017-03-12 19:09:00.579000","id":"stage-fooId","inDoneStatus":false,"inProcess":false,"inSprint":true,"modificationTime":"2017-03-12 19:09:00.579000","sortNumber":0,"status":0,"title":"stage-name","type":1,"wipLimit":-1}]
19:09:00.626 [http-nio-9120-exec-6] INFO  o.thiki.kanban.stage.StagesResource - build stages resource.board:boardId,viewType:null,userName:someone
2017-03-12 19:09:00.626  INFO 6873 --- [nio-9120-exec-6] org.thiki.kanban.stage.StagesResource    : build stages resource.board:boardId,viewType:null,userName:someone
19:09:00.626 [http-nio-9120-exec-6] INFO  org.thiki.kanban.stage.StageResource - build stage resource.board:boardId,userName:someone
2017-03-12 19:09:00.626  INFO 6873 --- [nio-9120-exec-6] org.thiki.kanban.stage.StageResource     : build stage resource.board:boardId,userName:someone
19:09:00.628 [http-nio-9120-exec-6] INFO  org.thiki.kanban.stage.StageResource - stage resource building completed.board:boardId,userName:someone
2017-03-12 19:09:00.628  INFO 6873 --- [nio-9120-exec-6] org.thiki.kanban.stage.StageResource     : stage resource building completed.board:boardId,userName:someone
19:09:00.629 [http-nio-9120-exec-6] INFO  o.thiki.kanban.stage.StagesResource - stages resource building completed.board:boardId,userName:someone
2017-03-12 19:09:00.629  INFO 6873 --- [nio-9120-exec-6] org.thiki.kanban.stage.StagesResource    : stages resource building completed.board:boardId,userName:someone
19:09:00.630 [http-nio-9120-exec-6] INFO  o.t.k.board.snapshot.SnapshotService - load cards tags.
2017-03-12 19:09:00.630  INFO 6873 --- [nio-9120-exec-6] o.t.k.board.snapshot.SnapshotService     : load cards tags.
19:09:00.630 [http-nio-9120-exec-6] INFO  o.t.k.a.AcceptanceCriteriaService - Loading cards by stageId:stage-fooId
2017-03-12 19:09:00.630  INFO 6873 --- [nio-9120-exec-6] o.t.k.a.AcceptanceCriteriaService        : Loading cards by stageId:stage-fooId
19:09:00.631 [http-nio-9120-exec-6] INFO  o.t.k.a.AcceptanceCriteriaService - The cards belongs from the stage stage-fooId are [{"author":"someone","content":"play badminton","creationTime":"2017-03-12 19:09:00.579000","elapsedDays":0.0,"id":"card-fooId","modificationTime":"2017-03-12 19:09:00.579000","sortNumber":0,"stageId":"stage-fooId","summary":"card-summary."}]
2017-03-12 19:09:00.631  INFO 6873 --- [nio-9120-exec-6] o.t.k.a.AcceptanceCriteriaService        : The cards belongs from the stage stage-fooId are [{"author":"someone","content":"play badminton","creationTime":"2017-03-12 19:09:00.579000","elapsedDays":0.0,"id":"card-fooId","modificationTime":"2017-03-12 19:09:00.579000","sortNumber":0,"stageId":"stage-fooId","summary":"card-summary."}]
19:09:00.632 [http-nio-9120-exec-6] INFO  org.thiki.kanban.card.CardResource - build cards resource.board:boardId,stageId:stage-fooId,userName:someone
2017-03-12 19:09:00.632  INFO 6873 --- [nio-9120-exec-6] org.thiki.kanban.card.CardResource       : build cards resource.board:boardId,stageId:stage-fooId,userName:someone
19:09:00.632 [http-nio-9120-exec-6] INFO  org.thiki.kanban.card.CardResource - build card resource.board:boardId,stageId:stage-fooId,userName:someone
2017-03-12 19:09:00.632  INFO 6873 --- [nio-9120-exec-6] org.thiki.kanban.card.CardResource       : build card resource.board:boardId,stageId:stage-fooId,userName:someone
19:09:00.636 [http-nio-9120-exec-6] INFO  org.thiki.kanban.card.CardResource - card resource building completed.board:boardId,stageId:stage-fooId,userName:someone
2017-03-12 19:09:00.636  INFO 6873 --- [nio-9120-exec-6] org.thiki.kanban.card.CardResource       : card resource building completed.board:boardId,stageId:stage-fooId,userName:someone
19:09:00.639 [http-nio-9120-exec-6] INFO  org.thiki.kanban.card.CardResource - cards resource building completed.board:boardId,stageId:stage-fooId,userName:someone
2017-03-12 19:09:00.639  INFO 6873 --- [nio-9120-exec-6] org.thiki.kanban.card.CardResource       : cards resource building completed.board:boardId,stageId:stage-fooId,userName:someone
19:09:00.641 [pool-3-thread-1] INFO  o.t.k.board.snapshot.SnapshotService - load assignments.
2017-03-12 19:09:00.641  INFO 6873 --- [pool-3-thread-1] o.t.k.board.snapshot.SnapshotService     : load assignments.
19:09:00.641 [pool-3-thread-1] INFO  o.t.k.assignment.AssignmentService - Loading assignments of the card:card-fooId
2017-03-12 19:09:00.641  INFO 6873 --- [pool-3-thread-1] o.t.kanban.assignment.AssignmentService  : Loading assignments of the card:card-fooId
19:09:00.643 [pool-3-thread-1] INFO  o.t.k.assignment.AssignmentService - The assignments of the card [card-fooId] are [{"assignee":"assigneeId-foo","assigner":"assignerId-foo","author":"authorId-foo","cardId":"card-fooId","creationTime":"2017-03-12 19:09:00.581000","id":"fooId","modificationTime":"2017-03-12 19:09:00.581000","selfAssignment":false}]
2017-03-12 19:09:00.643  INFO 6873 --- [pool-3-thread-1] o.t.kanban.assignment.AssignmentService  : The assignments of the card [card-fooId] are [{"assignee":"assigneeId-foo","assigner":"assignerId-foo","author":"authorId-foo","cardId":"card-fooId","creationTime":"2017-03-12 19:09:00.581000","id":"fooId","modificationTime":"2017-03-12 19:09:00.581000","selfAssignment":false}]
19:09:00.643 [pool-3-thread-1] INFO  o.t.k.assignment.AssignmentsResource - build assignments resource.boardId:boardId,stageId:stage-fooId,cardId:card-fooId,userName:someone
2017-03-12 19:09:00.643  INFO 6873 --- [pool-3-thread-1] o.t.k.assignment.AssignmentsResource     : build assignments resource.boardId:boardId,stageId:stage-fooId,cardId:card-fooId,userName:someone
19:09:00.643 [pool-3-thread-1] INFO  o.t.k.assignment.AssignmentResource - build assignment resource.boardId:boardId,stageId:stage-fooId,cardId:card-fooId,userName:someone
2017-03-12 19:09:00.643  INFO 6873 --- [pool-3-thread-1] o.t.k.assignment.AssignmentResource      : build assignment resource.boardId:boardId,stageId:stage-fooId,cardId:card-fooId,userName:someone
19:09:00.645 [pool-3-thread-1] INFO  o.t.k.assignment.AssignmentResource - assignment resource building completed.boardId:boardId,stageId:stage-fooId,cardId:card-fooId,userName:someone
2017-03-12 19:09:00.645  INFO 6873 --- [pool-3-thread-1] o.t.k.assignment.AssignmentResource      : assignment resource building completed.boardId:boardId,stageId:stage-fooId,cardId:card-fooId,userName:someone
19:09:00.647 [pool-3-thread-1] INFO  o.t.k.assignment.AssignmentsResource - assignments resource building completed.boardId:boardId,stageId:stage-fooId,cardId:card-fooId,userName:someone
2017-03-12 19:09:00.647  INFO 6873 --- [pool-3-thread-1] o.t.k.assignment.AssignmentsResource     : assignments resource building completed.boardId:boardId,stageId:stage-fooId,cardId:card-fooId,userName:someone
19:09:00.647 [pool-3-thread-1] INFO  o.t.k.board.snapshot.SnapshotService - assignments loading completed.
2017-03-12 19:09:00.647  INFO 6873 --- [pool-3-thread-1] o.t.k.board.snapshot.SnapshotService     : assignments loading completed.
19:09:00.647 [pool-3-thread-1] INFO  o.t.k.board.snapshot.SnapshotService - load acceptanceCriterias.
2017-03-12 19:09:00.647  INFO 6873 --- [pool-3-thread-1] o.t.k.board.snapshot.SnapshotService     : load acceptanceCriterias.
19:09:00.647 [pool-3-thread-1] INFO  o.t.k.a.AcceptanceCriteriaService - Loading acceptanceCriterias by cardId.cardId:card-fooId
2017-03-12 19:09:00.647  INFO 6873 --- [pool-3-thread-1] o.t.k.a.AcceptanceCriteriaService        : Loading acceptanceCriterias by cardId.cardId:card-fooId
19:09:00.648 [pool-3-thread-1] INFO  o.t.k.a.AcceptanceCriteriaService - Loaded acceptanceCriterias:[]
2017-03-12 19:09:00.648  INFO 6873 --- [pool-3-thread-1] o.t.k.a.AcceptanceCriteriaService        : Loaded acceptanceCriterias:[]
19:09:00.649 [pool-3-thread-1] INFO  o.t.k.a.AcceptanceCriteriasResource - build acceptanceCriterias resource.acceptanceCriterias:[],boardId:boardId,stageId:stage-fooId,cardId:card-fooId,userName:someone
2017-03-12 19:09:00.649  INFO 6873 --- [pool-3-thread-1] o.t.k.a.AcceptanceCriteriasResource      : build acceptanceCriterias resource.acceptanceCriterias:[],boardId:boardId,stageId:stage-fooId,cardId:card-fooId,userName:someone
19:09:00.651 [pool-3-thread-1] INFO  o.t.k.a.AcceptanceCriteriasResource - acceptanceCriterias resource build completed.boardId:boardId,stageId:stage-fooId,cardId:card-fooId,userName:someone
2017-03-12 19:09:00.651  INFO 6873 --- [pool-3-thread-1] o.t.k.a.AcceptanceCriteriasResource      : acceptanceCriterias resource build completed.boardId:boardId,stageId:stage-fooId,cardId:card-fooId,userName:someone
19:09:00.651 [pool-3-thread-1] INFO  o.t.k.board.snapshot.SnapshotService - acceptanceCriterias loading completed.
2017-03-12 19:09:00.651  INFO 6873 --- [pool-3-thread-1] o.t.k.board.snapshot.SnapshotService     : acceptanceCriterias loading completed.
19:09:00.651 [pool-3-thread-1] INFO  o.t.k.board.snapshot.SnapshotService - load card tags.
2017-03-12 19:09:00.651  INFO 6873 --- [pool-3-thread-1] o.t.k.board.snapshot.SnapshotService     : load card tags.
19:09:00.652 [pool-3-thread-1] INFO  o.t.kanban.cardTags.CardTagsService - Loading card tags.cardId:card-fooId,boardId:boardId,stageIdstage-fooId
2017-03-12 19:09:00.652  INFO 6873 --- [pool-3-thread-1] o.thiki.kanban.cardTags.CardTagsService  : Loading card tags.cardId:card-fooId,boardId:boardId,stageIdstage-fooId
19:09:00.653 [pool-3-thread-1] INFO  o.t.kanban.cardTags.CardTagsService - Loaded card tags:[]
2017-03-12 19:09:00.653  INFO 6873 --- [pool-3-thread-1] o.thiki.kanban.cardTags.CardTagsService  : Loaded card tags:[]
19:09:00.653 [pool-3-thread-1] INFO  o.t.kanban.cardTags.CardTagsResource - build cards tag resource.board:boardId,stageId:stage-fooId,userName:someone
2017-03-12 19:09:00.653  INFO 6873 --- [pool-3-thread-1] o.t.kanban.cardTags.CardTagsResource     : build cards tag resource.board:boardId,stageId:stage-fooId,userName:someone
19:09:00.655 [pool-3-thread-1] INFO  o.t.kanban.cardTags.CardTagsResource - cards tag resource building completed.board:boardId,stageId:stage-fooId,userName:someone
2017-03-12 19:09:00.655  INFO 6873 --- [pool-3-thread-1] o.t.kanban.cardTags.CardTagsResource     : cards tag resource building completed.board:boardId,stageId:stage-fooId,userName:someone
19:09:00.655 [pool-3-thread-1] INFO  o.t.k.board.snapshot.SnapshotService - card tags loading completed.
2017-03-12 19:09:00.655  INFO 6873 --- [pool-3-thread-1] o.t.k.board.snapshot.SnapshotService     : card tags loading completed.
19:09:00.655 [pool-3-thread-1] INFO  o.t.k.board.snapshot.SnapshotService - load comments.
2017-03-12 19:09:00.655  INFO 6873 --- [pool-3-thread-1] o.t.k.board.snapshot.SnapshotService     : load comments.
19:09:00.658 [pool-3-thread-1] INFO  o.t.k.board.snapshot.SnapshotService - comments loading completed.
2017-03-12 19:09:00.658  INFO 6873 --- [pool-3-thread-1] o.t.k.board.snapshot.SnapshotService     : comments loading completed.
19:09:00.658 [pool-3-thread-1] INFO  o.t.k.a.AcceptanceCriteriaService - Loading child cards.card-fooId
2017-03-12 19:09:00.658  INFO 6873 --- [pool-3-thread-1] o.t.k.a.AcceptanceCriteriaService        : Loading child cards.card-fooId
19:09:00.660 [pool-3-thread-1] INFO  o.t.k.a.AcceptanceCriteriaService - Child cards loading completed.cards:[{"author":"someone","content":"play badminton","creationTime":"2017-03-12 19:09:00.581000","elapsedDays":0.0,"id":"card-child-fooId","modificationTime":"2017-03-12 19:09:00.581000","parentId":"card-fooId","sortNumber":0,"stageId":"stage-fooId","summary":"card-summary."}]
2017-03-12 19:09:00.660  INFO 6873 --- [pool-3-thread-1] o.t.k.a.AcceptanceCriteriaService        : Child cards loading completed.cards:[{"author":"someone","content":"play badminton","creationTime":"2017-03-12 19:09:00.581000","elapsedDays":0.0,"id":"card-child-fooId","modificationTime":"2017-03-12 19:09:00.581000","parentId":"card-fooId","sortNumber":0,"stageId":"stage-fooId","summary":"card-summary."}]
19:09:00.660 [pool-3-thread-1] INFO  org.thiki.kanban.card.CardResource - build cards resource.board:boardId,stageId:stage-fooId,userName:someone
2017-03-12 19:09:00.660  INFO 6873 --- [pool-3-thread-1] org.thiki.kanban.card.CardResource       : build cards resource.board:boardId,stageId:stage-fooId,userName:someone
19:09:00.660 [pool-3-thread-1] INFO  org.thiki.kanban.card.CardResource - build card resource.board:boardId,stageId:stage-fooId,userName:someone
2017-03-12 19:09:00.660  INFO 6873 --- [pool-3-thread-1] org.thiki.kanban.card.CardResource       : build card resource.board:boardId,stageId:stage-fooId,userName:someone
19:09:00.666 [pool-3-thread-1] INFO  org.thiki.kanban.card.CardResource - card resource building completed.board:boardId,stageId:stage-fooId,userName:someone
2017-03-12 19:09:00.666  INFO 6873 --- [pool-3-thread-1] org.thiki.kanban.card.CardResource       : card resource building completed.board:boardId,stageId:stage-fooId,userName:someone
19:09:00.669 [pool-3-thread-1] INFO  org.thiki.kanban.card.CardResource - cards resource building completed.board:boardId,stageId:stage-fooId,userName:someone
2017-03-12 19:09:00.669  INFO 6873 --- [pool-3-thread-1] org.thiki.kanban.card.CardResource       : cards resource building completed.board:boardId,stageId:stage-fooId,userName:someone
19:09:00.671 [pool-4-thread-1] INFO  o.t.k.board.snapshot.SnapshotService - load assignments.
2017-03-12 19:09:00.671  INFO 6873 --- [pool-4-thread-1] o.t.k.board.snapshot.SnapshotService     : load assignments.
19:09:00.672 [pool-4-thread-1] INFO  o.t.k.assignment.AssignmentService - Loading assignments of the card:card-child-fooId
2017-03-12 19:09:00.672  INFO 6873 --- [pool-4-thread-1] o.t.kanban.assignment.AssignmentService  : Loading assignments of the card:card-child-fooId
19:09:00.674 [pool-4-thread-1] INFO  o.t.k.assignment.AssignmentService - The assignments of the card [card-child-fooId] are []
2017-03-12 19:09:00.674  INFO 6873 --- [pool-4-thread-1] o.t.kanban.assignment.AssignmentService  : The assignments of the card [card-child-fooId] are []
19:09:00.674 [pool-4-thread-1] INFO  o.t.k.assignment.AssignmentsResource - build assignments resource.boardId:boardId,stageId:stage-fooId,cardId:card-child-fooId,userName:someone
2017-03-12 19:09:00.674  INFO 6873 --- [pool-4-thread-1] o.t.k.assignment.AssignmentsResource     : build assignments resource.boardId:boardId,stageId:stage-fooId,cardId:card-child-fooId,userName:someone
19:09:00.677 [pool-4-thread-1] INFO  o.t.k.assignment.AssignmentsResource - assignments resource building completed.boardId:boardId,stageId:stage-fooId,cardId:card-child-fooId,userName:someone
2017-03-12 19:09:00.677  INFO 6873 --- [pool-4-thread-1] o.t.k.assignment.AssignmentsResource     : assignments resource building completed.boardId:boardId,stageId:stage-fooId,cardId:card-child-fooId,userName:someone
19:09:00.677 [pool-4-thread-1] INFO  o.t.k.board.snapshot.SnapshotService - assignments loading completed.
2017-03-12 19:09:00.677  INFO 6873 --- [pool-4-thread-1] o.t.k.board.snapshot.SnapshotService     : assignments loading completed.
19:09:00.678 [pool-4-thread-1] INFO  o.t.k.board.snapshot.SnapshotService - load acceptanceCriterias.
2017-03-12 19:09:00.678  INFO 6873 --- [pool-4-thread-1] o.t.k.board.snapshot.SnapshotService     : load acceptanceCriterias.
19:09:00.678 [pool-4-thread-1] INFO  o.t.k.a.AcceptanceCriteriaService - Loading acceptanceCriterias by cardId.cardId:card-child-fooId
2017-03-12 19:09:00.678  INFO 6873 --- [pool-4-thread-1] o.t.k.a.AcceptanceCriteriaService        : Loading acceptanceCriterias by cardId.cardId:card-child-fooId
19:09:00.684 [pool-4-thread-1] INFO  o.t.k.a.AcceptanceCriteriaService - Loaded acceptanceCriterias:[]
2017-03-12 19:09:00.684  INFO 6873 --- [pool-4-thread-1] o.t.k.a.AcceptanceCriteriaService        : Loaded acceptanceCriterias:[]
19:09:00.684 [pool-4-thread-1] INFO  o.t.k.a.AcceptanceCriteriasResource - build acceptanceCriterias resource.acceptanceCriterias:[],boardId:boardId,stageId:stage-fooId,cardId:card-child-fooId,userName:someone
2017-03-12 19:09:00.684  INFO 6873 --- [pool-4-thread-1] o.t.k.a.AcceptanceCriteriasResource      : build acceptanceCriterias resource.acceptanceCriterias:[],boardId:boardId,stageId:stage-fooId,cardId:card-child-fooId,userName:someone
19:09:00.687 [pool-4-thread-1] INFO  o.t.k.a.AcceptanceCriteriasResource - acceptanceCriterias resource build completed.boardId:boardId,stageId:stage-fooId,cardId:card-child-fooId,userName:someone
2017-03-12 19:09:00.687  INFO 6873 --- [pool-4-thread-1] o.t.k.a.AcceptanceCriteriasResource      : acceptanceCriterias resource build completed.boardId:boardId,stageId:stage-fooId,cardId:card-child-fooId,userName:someone
19:09:00.688 [pool-4-thread-1] INFO  o.t.k.board.snapshot.SnapshotService - acceptanceCriterias loading completed.
2017-03-12 19:09:00.688  INFO 6873 --- [pool-4-thread-1] o.t.k.board.snapshot.SnapshotService     : acceptanceCriterias loading completed.
19:09:00.688 [pool-4-thread-1] INFO  o.t.k.board.snapshot.SnapshotService - load card tags.
2017-03-12 19:09:00.688  INFO 6873 --- [pool-4-thread-1] o.t.k.board.snapshot.SnapshotService     : load card tags.
19:09:00.688 [pool-4-thread-1] INFO  o.t.kanban.cardTags.CardTagsService - Loading card tags.cardId:card-child-fooId,boardId:boardId,stageIdstage-fooId
2017-03-12 19:09:00.688  INFO 6873 --- [pool-4-thread-1] o.thiki.kanban.cardTags.CardTagsService  : Loading card tags.cardId:card-child-fooId,boardId:boardId,stageIdstage-fooId
19:09:00.689 [pool-4-thread-1] INFO  o.t.kanban.cardTags.CardTagsService - Loaded card tags:[]
2017-03-12 19:09:00.689  INFO 6873 --- [pool-4-thread-1] o.thiki.kanban.cardTags.CardTagsService  : Loaded card tags:[]
19:09:00.689 [pool-4-thread-1] INFO  o.t.kanban.cardTags.CardTagsResource - build cards tag resource.board:boardId,stageId:stage-fooId,userName:someone
2017-03-12 19:09:00.689  INFO 6873 --- [pool-4-thread-1] o.t.kanban.cardTags.CardTagsResource     : build cards tag resource.board:boardId,stageId:stage-fooId,userName:someone
19:09:00.691 [pool-4-thread-1] INFO  o.t.kanban.cardTags.CardTagsResource - cards tag resource building completed.board:boardId,stageId:stage-fooId,userName:someone
2017-03-12 19:09:00.691  INFO 6873 --- [pool-4-thread-1] o.t.kanban.cardTags.CardTagsResource     : cards tag resource building completed.board:boardId,stageId:stage-fooId,userName:someone
19:09:00.691 [pool-4-thread-1] INFO  o.t.k.board.snapshot.SnapshotService - card tags loading completed.
2017-03-12 19:09:00.691  INFO 6873 --- [pool-4-thread-1] o.t.k.board.snapshot.SnapshotService     : card tags loading completed.
19:09:00.691 [pool-4-thread-1] INFO  o.t.k.board.snapshot.SnapshotService - load comments.
2017-03-12 19:09:00.691  INFO 6873 --- [pool-4-thread-1] o.t.k.board.snapshot.SnapshotService     : load comments.
19:09:00.695 [pool-4-thread-1] INFO  o.t.k.board.snapshot.SnapshotService - comments loading completed.
2017-03-12 19:09:00.695  INFO 6873 --- [pool-4-thread-1] o.t.k.board.snapshot.SnapshotService     : comments loading completed.
19:09:00.695 [pool-4-thread-1] INFO  o.t.k.a.AcceptanceCriteriaService - Loading child cards.card-child-fooId
2017-03-12 19:09:00.695  INFO 6873 --- [pool-4-thread-1] o.t.k.a.AcceptanceCriteriaService        : Loading child cards.card-child-fooId
19:09:00.696 [pool-4-thread-1] INFO  o.t.k.a.AcceptanceCriteriaService - Child cards loading completed.cards:[]
2017-03-12 19:09:00.696  INFO 6873 --- [pool-4-thread-1] o.t.k.a.AcceptanceCriteriaService        : Child cards loading completed.cards:[]
19:09:00.696 [http-nio-9120-exec-6] INFO  o.t.k.board.snapshot.SnapshotService - card loading completed.
2017-03-12 19:09:00.696  INFO 6873 --- [nio-9120-exec-6] o.t.k.board.snapshot.SnapshotService     : card loading completed.
19:09:00.696 [http-nio-9120-exec-6] INFO  o.t.k.board.snapshot.SnapshotService - board loading completed.
2017-03-12 19:09:00.696  INFO 6873 --- [nio-9120-exec-6] o.t.k.board.snapshot.SnapshotService     : board loading completed.
19:09:00.696 [http-nio-9120-exec-6] INFO  o.t.k.board.snapshot.SnapshotService - snapshot loading completed.
2017-03-12 19:09:00.696  INFO 6873 --- [nio-9120-exec-6] o.t.k.board.snapshot.SnapshotService     : snapshot loading completed.
19:09:00.703 [http-nio-9120-exec-6] INFO  o.t.k.f.logback.SessionInterceptor - remove sessionId.
2017-03-12 19:09:00.703  INFO 6873 --- [nio-9120-exec-6] o.t.k.f.logback.SessionInterceptor       : remove sessionId.
Request method:	GET
Request path:	http://localhost:9120/kanban/someone/projects/project-fooId/boards/boardId/snapshot
Proxy:			<none>
Request params:	<none>
Query params:	<none>
Form params:	<none>
Path params:	<none>
Multiparts:		<none>
Headers:		identification=no
				authentication=no
				userName=someone
				Accept=*/*
Cookies:		<none>
Body:			<none>
19:09:00.740 [http-nio-9120-exec-10] INFO  o.t.k.f.logback.SessionInterceptor - init session:4b9cd8ba-0714-11e7-80b3-0014781bc25c
2017-03-12 19:09:00.740  INFO 6873 --- [io-9120-exec-10] o.t.k.f.logback.SessionInterceptor       : init session:4b9cd8ba-0714-11e7-80b3-0014781bc25c
19:09:00.740 [http-nio-9120-exec-10] INFO  o.t.k.f.s.i.f.SecurityInterceptor - identification start.userName:someone,uri:/kanban/someone/projects/project-fooId/boards/boardId/snapshot
2017-03-12 19:09:00.740  INFO 6873 --- [io-9120-exec-10] o.t.k.f.s.i.filter.SecurityInterceptor   : identification start.userName:someone,uri:/kanban/someone/projects/project-fooId/boards/boardId/snapshot
19:09:00.740 [http-nio-9120-exec-10] INFO  o.t.k.f.s.a.AuthenticationInterceptor - authentication start.currentURL:/kanban/someone/projects/project-fooId/boards/boardId/snapshot
2017-03-12 19:09:00.740  INFO 6873 --- [io-9120-exec-10] o.t.k.f.s.a.AuthenticationInterceptor    : authentication start.currentURL:/kanban/someone/projects/project-fooId/boards/boardId/snapshot
19:09:00.741 [http-nio-9120-exec-10] INFO  o.t.k.board.snapshot.SnapshotService - load snapshot.
2017-03-12 19:09:00.741  INFO 6873 --- [io-9120-exec-10] o.t.k.board.snapshot.SnapshotService     : load snapshot.
19:09:00.741 [http-nio-9120-exec-10] INFO  o.t.k.board.snapshot.SnapshotService - load board tags.
2017-03-12 19:09:00.741  INFO 6873 --- [io-9120-exec-10] o.t.k.board.snapshot.SnapshotService     : load board tags.
19:09:00.743 [http-nio-9120-exec-10] INFO  org.thiki.kanban.board.BoardResource - build board resource.board:Board{id='boardId', name='board-name', projectId='null', author='someone', owner='someone', creationTime='2017-03-12 19:09:00.728000', modificationTime='2017-03-12 19:09:00.728000'},userName:someone
2017-03-12 19:09:00.743  INFO 6873 --- [io-9120-exec-10] org.thiki.kanban.board.BoardResource     : build board resource.board:Board{id='boardId', name='board-name', projectId='null', author='someone', owner='someone', creationTime='2017-03-12 19:09:00.728000', modificationTime='2017-03-12 19:09:00.728000'},userName:someone
19:09:00.755 [http-nio-9120-exec-10] INFO  org.thiki.kanban.board.BoardResource - board resource building complete.board:Board{id='boardId', name='board-name', projectId='null', author='someone', owner='someone', creationTime='2017-03-12 19:09:00.728000', modificationTime='2017-03-12 19:09:00.728000'},userName:someone
2017-03-12 19:09:00.755  INFO 6873 --- [io-9120-exec-10] org.thiki.kanban.board.BoardResource     : board resource building complete.board:Board{id='boardId', name='board-name', projectId='null', author='someone', owner='someone', creationTime='2017-03-12 19:09:00.728000', modificationTime='2017-03-12 19:09:00.728000'},userName:someone
19:09:00.755 [http-nio-9120-exec-10] INFO  org.thiki.kanban.stage.StagesService - Loading the stages of the board [boardId]
2017-03-12 19:09:00.755  INFO 6873 --- [io-9120-exec-10] org.thiki.kanban.stage.StagesService     : Loading the stages of the board [boardId]
19:09:00.756 [http-nio-9120-exec-10] INFO  org.thiki.kanban.stage.StagesService - The stages of the board are [{"archived":false,"author":"someone","boardId":"boardId","creationTime":"2017-03-12 19:09:00.728000","id":"stage-fooId","inDoneStatus":false,"inProcess":false,"inSprint":true,"modificationTime":"2017-03-12 19:09:00.728000","sortNumber":0,"status":0,"title":"stage-name","type":1,"wipLimit":-1}]
2017-03-12 19:09:00.756  INFO 6873 --- [io-9120-exec-10] org.thiki.kanban.stage.StagesService     : The stages of the board are [{"archived":false,"author":"someone","boardId":"boardId","creationTime":"2017-03-12 19:09:00.728000","id":"stage-fooId","inDoneStatus":false,"inProcess":false,"inSprint":true,"modificationTime":"2017-03-12 19:09:00.728000","sortNumber":0,"status":0,"title":"stage-name","type":1,"wipLimit":-1}]
19:09:00.757 [http-nio-9120-exec-10] INFO  o.thiki.kanban.stage.StagesResource - build stages resource.board:boardId,viewType:null,userName:someone
2017-03-12 19:09:00.757  INFO 6873 --- [io-9120-exec-10] org.thiki.kanban.stage.StagesResource    : build stages resource.board:boardId,viewType:null,userName:someone
19:09:00.757 [http-nio-9120-exec-10] INFO  org.thiki.kanban.stage.StageResource - build stage resource.board:boardId,userName:someone
2017-03-12 19:09:00.757  INFO 6873 --- [io-9120-exec-10] org.thiki.kanban.stage.StageResource     : build stage resource.board:boardId,userName:someone
19:09:00.759 [http-nio-9120-exec-10] INFO  org.thiki.kanban.stage.StageResource - stage resource building completed.board:boardId,userName:someone
2017-03-12 19:09:00.759  INFO 6873 --- [io-9120-exec-10] org.thiki.kanban.stage.StageResource     : stage resource building completed.board:boardId,userName:someone
19:09:00.760 [http-nio-9120-exec-10] INFO  o.thiki.kanban.stage.StagesResource - stages resource building completed.board:boardId,userName:someone
2017-03-12 19:09:00.760  INFO 6873 --- [io-9120-exec-10] org.thiki.kanban.stage.StagesResource    : stages resource building completed.board:boardId,userName:someone
19:09:00.760 [http-nio-9120-exec-10] INFO  o.t.k.board.snapshot.SnapshotService - load cards tags.
2017-03-12 19:09:00.760  INFO 6873 --- [io-9120-exec-10] o.t.k.board.snapshot.SnapshotService     : load cards tags.
19:09:00.761 [http-nio-9120-exec-10] INFO  o.t.k.a.AcceptanceCriteriaService - Loading cards by stageId:stage-fooId
2017-03-12 19:09:00.761  INFO 6873 --- [io-9120-exec-10] o.t.k.a.AcceptanceCriteriaService        : Loading cards by stageId:stage-fooId
19:09:00.763 [http-nio-9120-exec-10] INFO  o.t.k.a.AcceptanceCriteriaService - The cards belongs from the stage stage-fooId are [{"author":"someone","content":"play badminton","creationTime":"2017-03-12 19:09:00.728000","elapsedDays":0.0,"id":"card-fooId","modificationTime":"2017-03-12 19:09:00.728000","sortNumber":0,"stageId":"stage-fooId","summary":"card-summary."}]
2017-03-12 19:09:00.763  INFO 6873 --- [io-9120-exec-10] o.t.k.a.AcceptanceCriteriaService        : The cards belongs from the stage stage-fooId are [{"author":"someone","content":"play badminton","creationTime":"2017-03-12 19:09:00.728000","elapsedDays":0.0,"id":"card-fooId","modificationTime":"2017-03-12 19:09:00.728000","sortNumber":0,"stageId":"stage-fooId","summary":"card-summary."}]
19:09:00.763 [http-nio-9120-exec-10] INFO  org.thiki.kanban.card.CardResource - build cards resource.board:boardId,stageId:stage-fooId,userName:someone
2017-03-12 19:09:00.763  INFO 6873 --- [io-9120-exec-10] org.thiki.kanban.card.CardResource       : build cards resource.board:boardId,stageId:stage-fooId,userName:someone
19:09:00.764 [http-nio-9120-exec-10] INFO  org.thiki.kanban.card.CardResource - build card resource.board:boardId,stageId:stage-fooId,userName:someone
2017-03-12 19:09:00.764  INFO 6873 --- [io-9120-exec-10] org.thiki.kanban.card.CardResource       : build card resource.board:boardId,stageId:stage-fooId,userName:someone
19:09:00.770 [http-nio-9120-exec-10] INFO  org.thiki.kanban.card.CardResource - card resource building completed.board:boardId,stageId:stage-fooId,userName:someone
2017-03-12 19:09:00.770  INFO 6873 --- [io-9120-exec-10] org.thiki.kanban.card.CardResource       : card resource building completed.board:boardId,stageId:stage-fooId,userName:someone
19:09:00.777 [http-nio-9120-exec-10] INFO  org.thiki.kanban.card.CardResource - cards resource building completed.board:boardId,stageId:stage-fooId,userName:someone
2017-03-12 19:09:00.777  INFO 6873 --- [io-9120-exec-10] org.thiki.kanban.card.CardResource       : cards resource building completed.board:boardId,stageId:stage-fooId,userName:someone
19:09:00.778 [pool-5-thread-1] INFO  o.t.k.board.snapshot.SnapshotService - load assignments.
2017-03-12 19:09:00.778  INFO 6873 --- [pool-5-thread-1] o.t.k.board.snapshot.SnapshotService     : load assignments.
19:09:00.778 [pool-5-thread-1] INFO  o.t.k.assignment.AssignmentService - Loading assignments of the card:card-fooId
2017-03-12 19:09:00.778  INFO 6873 --- [pool-5-thread-1] o.t.kanban.assignment.AssignmentService  : Loading assignments of the card:card-fooId
19:09:00.779 [pool-5-thread-1] INFO  o.t.k.assignment.AssignmentService - The assignments of the card [card-fooId] are [{"assignee":"assigneeId-foo","assigner":"assignerId-foo","author":"authorId-foo","cardId":"card-fooId","creationTime":"2017-03-12 19:09:00.731000","id":"fooId","modificationTime":"2017-03-12 19:09:00.731000","selfAssignment":false}]
2017-03-12 19:09:00.779  INFO 6873 --- [pool-5-thread-1] o.t.kanban.assignment.AssignmentService  : The assignments of the card [card-fooId] are [{"assignee":"assigneeId-foo","assigner":"assignerId-foo","author":"authorId-foo","cardId":"card-fooId","creationTime":"2017-03-12 19:09:00.731000","id":"fooId","modificationTime":"2017-03-12 19:09:00.731000","selfAssignment":false}]
19:09:00.780 [pool-5-thread-1] INFO  o.t.k.assignment.AssignmentsResource - build assignments resource.boardId:boardId,stageId:stage-fooId,cardId:card-fooId,userName:someone
2017-03-12 19:09:00.780  INFO 6873 --- [pool-5-thread-1] o.t.k.assignment.AssignmentsResource     : build assignments resource.boardId:boardId,stageId:stage-fooId,cardId:card-fooId,userName:someone
19:09:00.780 [pool-5-thread-1] INFO  o.t.k.assignment.AssignmentResource - build assignment resource.boardId:boardId,stageId:stage-fooId,cardId:card-fooId,userName:someone
2017-03-12 19:09:00.780  INFO 6873 --- [pool-5-thread-1] o.t.k.assignment.AssignmentResource      : build assignment resource.boardId:boardId,stageId:stage-fooId,cardId:card-fooId,userName:someone
19:09:00.785 [pool-5-thread-1] INFO  o.t.k.assignment.AssignmentResource - assignment resource building completed.boardId:boardId,stageId:stage-fooId,cardId:card-fooId,userName:someone
2017-03-12 19:09:00.785  INFO 6873 --- [pool-5-thread-1] o.t.k.assignment.AssignmentResource      : assignment resource building completed.boardId:boardId,stageId:stage-fooId,cardId:card-fooId,userName:someone
19:09:00.787 [pool-5-thread-1] INFO  o.t.k.assignment.AssignmentsResource - assignments resource building completed.boardId:boardId,stageId:stage-fooId,cardId:card-fooId,userName:someone
2017-03-12 19:09:00.787  INFO 6873 --- [pool-5-thread-1] o.t.k.assignment.AssignmentsResource     : assignments resource building completed.boardId:boardId,stageId:stage-fooId,cardId:card-fooId,userName:someone
19:09:00.787 [pool-5-thread-1] INFO  o.t.k.board.snapshot.SnapshotService - assignments loading completed.
2017-03-12 19:09:00.787  INFO 6873 --- [pool-5-thread-1] o.t.k.board.snapshot.SnapshotService     : assignments loading completed.
19:09:00.787 [pool-5-thread-1] INFO  o.t.k.board.snapshot.SnapshotService - load acceptanceCriterias.
2017-03-12 19:09:00.787  INFO 6873 --- [pool-5-thread-1] o.t.k.board.snapshot.SnapshotService     : load acceptanceCriterias.
19:09:00.787 [pool-5-thread-1] INFO  o.t.k.a.AcceptanceCriteriaService - Loading acceptanceCriterias by cardId.cardId:card-fooId
2017-03-12 19:09:00.787  INFO 6873 --- [pool-5-thread-1] o.t.k.a.AcceptanceCriteriaService        : Loading acceptanceCriterias by cardId.cardId:card-fooId
19:09:00.788 [pool-5-thread-1] INFO  o.t.k.a.AcceptanceCriteriaService - Loaded acceptanceCriterias:[]
2017-03-12 19:09:00.788  INFO 6873 --- [pool-5-thread-1] o.t.k.a.AcceptanceCriteriaService        : Loaded acceptanceCriterias:[]
19:09:00.789 [pool-5-thread-1] INFO  o.t.k.a.AcceptanceCriteriasResource - build acceptanceCriterias resource.acceptanceCriterias:[],boardId:boardId,stageId:stage-fooId,cardId:card-fooId,userName:someone
2017-03-12 19:09:00.789  INFO 6873 --- [pool-5-thread-1] o.t.k.a.AcceptanceCriteriasResource      : build acceptanceCriterias resource.acceptanceCriterias:[],boardId:boardId,stageId:stage-fooId,cardId:card-fooId,userName:someone
19:09:00.794 [pool-5-thread-1] INFO  o.t.k.a.AcceptanceCriteriasResource - acceptanceCriterias resource build completed.boardId:boardId,stageId:stage-fooId,cardId:card-fooId,userName:someone
2017-03-12 19:09:00.794  INFO 6873 --- [pool-5-thread-1] o.t.k.a.AcceptanceCriteriasResource      : acceptanceCriterias resource build completed.boardId:boardId,stageId:stage-fooId,cardId:card-fooId,userName:someone
19:09:00.794 [pool-5-thread-1] INFO  o.t.k.board.snapshot.SnapshotService - acceptanceCriterias loading completed.
2017-03-12 19:09:00.794  INFO 6873 --- [pool-5-thread-1] o.t.k.board.snapshot.SnapshotService     : acceptanceCriterias loading completed.
19:09:00.795 [pool-5-thread-1] INFO  o.t.k.board.snapshot.SnapshotService - load card tags.
2017-03-12 19:09:00.795  INFO 6873 --- [pool-5-thread-1] o.t.k.board.snapshot.SnapshotService     : load card tags.
19:09:00.795 [pool-5-thread-1] INFO  o.t.kanban.cardTags.CardTagsService - Loading card tags.cardId:card-fooId,boardId:boardId,stageIdstage-fooId
2017-03-12 19:09:00.795  INFO 6873 --- [pool-5-thread-1] o.thiki.kanban.cardTags.CardTagsService  : Loading card tags.cardId:card-fooId,boardId:boardId,stageIdstage-fooId
19:09:00.796 [pool-5-thread-1] INFO  o.t.kanban.cardTags.CardTagsService - Loaded card tags:[]
2017-03-12 19:09:00.796  INFO 6873 --- [pool-5-thread-1] o.thiki.kanban.cardTags.CardTagsService  : Loaded card tags:[]
19:09:00.797 [pool-5-thread-1] INFO  o.t.kanban.cardTags.CardTagsResource - build cards tag resource.board:boardId,stageId:stage-fooId,userName:someone
2017-03-12 19:09:00.797  INFO 6873 --- [pool-5-thread-1] o.t.kanban.cardTags.CardTagsResource     : build cards tag resource.board:boardId,stageId:stage-fooId,userName:someone
19:09:00.800 [pool-5-thread-1] INFO  o.t.kanban.cardTags.CardTagsResource - cards tag resource building completed.board:boardId,stageId:stage-fooId,userName:someone
2017-03-12 19:09:00.800  INFO 6873 --- [pool-5-thread-1] o.t.kanban.cardTags.CardTagsResource     : cards tag resource building completed.board:boardId,stageId:stage-fooId,userName:someone
19:09:00.800 [pool-5-thread-1] INFO  o.t.k.board.snapshot.SnapshotService - card tags loading completed.
2017-03-12 19:09:00.800  INFO 6873 --- [pool-5-thread-1] o.t.k.board.snapshot.SnapshotService     : card tags loading completed.
19:09:00.800 [pool-5-thread-1] INFO  o.t.k.board.snapshot.SnapshotService - load comments.
2017-03-12 19:09:00.800  INFO 6873 --- [pool-5-thread-1] o.t.k.board.snapshot.SnapshotService     : load comments.
19:09:00.803 [pool-5-thread-1] INFO  o.t.k.board.snapshot.SnapshotService - comments loading completed.
2017-03-12 19:09:00.803  INFO 6873 --- [pool-5-thread-1] o.t.k.board.snapshot.SnapshotService     : comments loading completed.
19:09:00.803 [pool-5-thread-1] INFO  o.t.k.a.AcceptanceCriteriaService - Loading child cards.card-fooId
2017-03-12 19:09:00.803  INFO 6873 --- [pool-5-thread-1] o.t.k.a.AcceptanceCriteriaService        : Loading child cards.card-fooId
19:09:00.804 [pool-5-thread-1] INFO  o.t.k.a.AcceptanceCriteriaService - Child cards loading completed.cards:[]
2017-03-12 19:09:00.804  INFO 6873 --- [pool-5-thread-1] o.t.k.a.AcceptanceCriteriaService        : Child cards loading completed.cards:[]
19:09:00.804 [http-nio-9120-exec-10] INFO  o.t.k.board.snapshot.SnapshotService - card loading completed.
2017-03-12 19:09:00.804  INFO 6873 --- [io-9120-exec-10] o.t.k.board.snapshot.SnapshotService     : card loading completed.
19:09:00.804 [http-nio-9120-exec-10] INFO  o.t.k.board.snapshot.SnapshotService - board loading completed.
2017-03-12 19:09:00.804  INFO 6873 --- [io-9120-exec-10] o.t.k.board.snapshot.SnapshotService     : board loading completed.
19:09:00.804 [http-nio-9120-exec-10] INFO  o.t.k.board.snapshot.SnapshotService - snapshot loading completed.
2017-03-12 19:09:00.804  INFO 6873 --- [io-9120-exec-10] o.t.k.board.snapshot.SnapshotService     : snapshot loading completed.
19:09:00.806 [http-nio-9120-exec-10] INFO  o.t.k.f.logback.SessionInterceptor - remove sessionId.
2017-03-12 19:09:00.806  INFO 6873 --- [io-9120-exec-10] o.t.k.f.logback.SessionInterceptor       : remove sessionId.
]]></system-out>
  <system-err><![CDATA[]]></system-err>
</testsuite>
