<?xml version="1.0" encoding="UTF-8"?>
<testsuite name="org.thiki.kanban.login.LoginControllerTest" tests="4" skipped="0" failures="0" errors="0" timestamp="2017-03-03T13:40:44" hostname="wisdom-HP" time="0.551">
  <properties/>
  <testcase name="login_shouldLoginFailedIfUserNameOrPasswordIsIncorrect" classname="org.thiki.kanban.login.LoginControllerTest" time="0.192"/>
  <testcase name="login_loginSuccessfully" classname="org.thiki.kanban.login.LoginControllerTest" time="0.204"/>
  <testcase name="login_loginFailed" classname="org.thiki.kanban.login.LoginControllerTest" time="0.073"/>
  <testcase name="login_loginFailedIfRegUserIsNotExists" classname="org.thiki.kanban.login.LoginControllerTest" time="0.077"/>
  <system-out><![CDATA[2017-03-03 21:40:44.637  INFO 6131 --- [    Test worker] o.s.t.c.support.AbstractContextLoader    : Could not detect default resource locations for test class [org.thiki.kanban.TestBase]: no resource found for suffixes {-context.xml, Context.groovy}.
2017-03-03 21:40:44.643  INFO 6131 --- [    Test worker] WebAppIntegrationTestContextBootstrapper : Loaded default TestExecutionListener class names from location [META-INF/spring.factories]: [org.springframework.test.context.web.ServletTestExecutionListener, org.springframework.test.context.support.DirtiesContextBeforeModesTestExecutionListener, org.springframework.test.context.support.DependencyInjectionTestExecutionListener, org.springframework.test.context.support.DirtiesContextTestExecutionListener, org.springframework.test.context.transaction.TransactionalTestExecutionListener, org.springframework.test.context.jdbc.SqlScriptsTestExecutionListener, org.springframework.boot.test.mock.mockito.MockitoTestExecutionListener, org.springframework.boot.test.mock.mockito.ResetMocksTestExecutionListener]
2017-03-03 21:40:44.644  INFO 6131 --- [    Test worker] WebAppIntegrationTestContextBootstrapper : Using TestExecutionListeners: [org.springframework.test.context.web.ServletTestExecutionListener@49b6f353, org.springframework.test.context.support.DirtiesContextBeforeModesTestExecutionListener@3cdacfc0, org.springframework.test.context.support.DependencyInjectionTestExecutionListener@5bf6bf05, org.springframework.test.context.support.DirtiesContextTestExecutionListener@6ebbbb23, org.springframework.test.context.transaction.TransactionalTestExecutionListener@1069f1cc, org.springframework.test.context.jdbc.SqlScriptsTestExecutionListener@7aa788ce, org.springframework.boot.test.mock.mockito.ResetMocksTestExecutionListener@14470e08, org.springframework.boot.test.mock.mockito.MockitoTestExecutionListener@2796cd00]
21:40:44.735 [http-nio-9120-exec-7] INFO  o.t.k.f.logback.SessionInterceptor - init session:004c7de4-0017-11e7-af8b-0014781bc25c
2017-03-03 21:40:44.735  INFO 6131 --- [nio-9120-exec-7] o.t.k.f.logback.SessionInterceptor       : init session:004c7de4-0017-11e7-af8b-0014781bc25c
21:40:44.736 [http-nio-9120-exec-7] INFO  o.t.k.f.s.i.f.SecurityInterceptor - identification start.userName:null,uri:/kanban/login
2017-03-03 21:40:44.736  INFO 6131 --- [nio-9120-exec-7] o.t.k.f.s.i.filter.SecurityInterceptor   : identification start.userName:null,uri:/kanban/login
21:40:44.736 [http-nio-9120-exec-7] INFO  o.t.k.f.s.a.AuthenticationInterceptor - authentication start.currentURL:/kanban/login
2017-03-03 21:40:44.736  INFO 6131 --- [nio-9120-exec-7] o.t.k.f.s.a.AuthenticationInterceptor    : authentication start.currentURL:/kanban/login
21:40:44.750 [http-nio-9120-exec-7] INFO  o.thiki.kanban.login.LoginController - Login request arrived controller,identity:someone
2017-03-03 21:40:44.750  INFO 6131 --- [nio-9120-exec-7] org.thiki.kanban.login.LoginController   : Login request arrived controller,identity:someone
21:40:44.768 [http-nio-9120-exec-7] INFO  org.thiki.kanban.login.LoginService - Login request arrived service,identity:someone
2017-03-03 21:40:44.768  INFO 6131 --- [nio-9120-exec-7] org.thiki.kanban.login.LoginService      : Login request arrived service,identity:someone
21:40:44.780 [http-nio-9120-exec-7] INFO  org.thiki.kanban.login.LoginService - Load user:User{id='fooUserId', email='someone@gmail.com', name='someone'}
2017-03-03 21:40:44.780  INFO 6131 --- [nio-9120-exec-7] org.thiki.kanban.login.LoginService      : Load user:User{id='fooUserId', email='someone@gmail.com', name='someone'}
21:40:44.780 [http-nio-9120-exec-7] INFO  org.thiki.kanban.login.LoginService - Dencrypt password.
2017-03-03 21:40:44.780  INFO 6131 --- [nio-9120-exec-7] org.thiki.kanban.login.LoginService      : Dencrypt password.
21:40:44.786 [http-nio-9120-exec-7] INFO  org.thiki.kanban.login.LoginService - Encrypt password with md5.
2017-03-03 21:40:44.786  INFO 6131 --- [nio-9120-exec-7] org.thiki.kanban.login.LoginService      : Encrypt password with md5.
21:40:44.800 [http-nio-9120-exec-7] INFO  org.thiki.kanban.login.LoginService - Matched result:null
2017-03-03 21:40:44.800  INFO 6131 --- [nio-9120-exec-7] org.thiki.kanban.login.LoginService      : Matched result:null
21:40:44.802 [http-nio-9120-exec-7] INFO  o.t.k.f.logback.SessionInterceptor - remove sessionId.
2017-03-03 21:40:44.802  INFO 6131 --- [nio-9120-exec-7] o.t.k.f.logback.SessionInterceptor       : remove sessionId.
21:40:44.806 [http-nio-9120-exec-7] INFO  o.t.k.f.logback.SessionInterceptor - init session:00575355-0017-11e7-af8b-0014781bc25c
2017-03-03 21:40:44.806  INFO 6131 --- [nio-9120-exec-7] o.t.k.f.logback.SessionInterceptor       : init session:00575355-0017-11e7-af8b-0014781bc25c
21:40:44.806 [http-nio-9120-exec-7] INFO  o.t.k.f.s.i.f.SecurityInterceptor - identification start.userName:null,uri:/kanban/error/invalidParamsException
2017-03-03 21:40:44.806  INFO 6131 --- [nio-9120-exec-7] o.t.k.f.s.i.filter.SecurityInterceptor   : identification start.userName:null,uri:/kanban/error/invalidParamsException
21:40:44.807 [http-nio-9120-exec-7] INFO  o.t.k.f.s.a.AuthenticationInterceptor - authentication start.currentURL:/kanban/error/invalidParamsException
2017-03-03 21:40:44.807  INFO 6131 --- [nio-9120-exec-7] o.t.k.f.s.a.AuthenticationInterceptor    : authentication start.currentURL:/kanban/error/invalidParamsException
21:40:44.814 [http-nio-9120-exec-7] INFO  o.t.k.f.logback.SessionInterceptor - remove sessionId.
2017-03-03 21:40:44.814  INFO 6131 --- [nio-9120-exec-7] o.t.k.f.logback.SessionInterceptor       : remove sessionId.
21:40:44.873 [http-nio-9120-exec-8] INFO  o.t.k.f.logback.SessionInterceptor - init session:00618c86-0017-11e7-af8b-0014781bc25c
2017-03-03 21:40:44.873  INFO 6131 --- [nio-9120-exec-8] o.t.k.f.logback.SessionInterceptor       : init session:00618c86-0017-11e7-af8b-0014781bc25c
21:40:44.873 [http-nio-9120-exec-8] INFO  o.t.k.f.s.i.f.SecurityInterceptor - identification start.userName:null,uri:/kanban/login
2017-03-03 21:40:44.873  INFO 6131 --- [nio-9120-exec-8] o.t.k.f.s.i.filter.SecurityInterceptor   : identification start.userName:null,uri:/kanban/login
21:40:44.874 [http-nio-9120-exec-8] INFO  o.t.k.f.s.a.AuthenticationInterceptor - authentication start.currentURL:/kanban/login
2017-03-03 21:40:44.874  INFO 6131 --- [nio-9120-exec-8] o.t.k.f.s.a.AuthenticationInterceptor    : authentication start.currentURL:/kanban/login
21:40:44.875 [http-nio-9120-exec-8] INFO  o.thiki.kanban.login.LoginController - Login request arrived controller,identity:someone
2017-03-03 21:40:44.875  INFO 6131 --- [nio-9120-exec-8] org.thiki.kanban.login.LoginController   : Login request arrived controller,identity:someone
21:40:44.883 [http-nio-9120-exec-8] INFO  org.thiki.kanban.login.LoginService - Login request arrived service,identity:someone
2017-03-03 21:40:44.883  INFO 6131 --- [nio-9120-exec-8] org.thiki.kanban.login.LoginService      : Login request arrived service,identity:someone
21:40:44.894 [http-nio-9120-exec-8] INFO  org.thiki.kanban.login.LoginService - Load user:User{id='fooUserId', email='someone@gmail.com', name='someone'}
2017-03-03 21:40:44.894  INFO 6131 --- [nio-9120-exec-8] org.thiki.kanban.login.LoginService      : Load user:User{id='fooUserId', email='someone@gmail.com', name='someone'}
21:40:44.895 [http-nio-9120-exec-8] INFO  org.thiki.kanban.login.LoginService - Dencrypt password.
2017-03-03 21:40:44.895  INFO 6131 --- [nio-9120-exec-8] org.thiki.kanban.login.LoginService      : Dencrypt password.
21:40:44.900 [http-nio-9120-exec-8] INFO  org.thiki.kanban.login.LoginService - Encrypt password with md5.
2017-03-03 21:40:44.900  INFO 6131 --- [nio-9120-exec-8] org.thiki.kanban.login.LoginService      : Encrypt password with md5.
21:40:44.913 [http-nio-9120-exec-8] INFO  org.thiki.kanban.login.LoginService - Matched result:User{id='fooUserId', email='someone@gmail.com', name='someone'}
2017-03-03 21:40:44.913  INFO 6131 --- [nio-9120-exec-8] org.thiki.kanban.login.LoginService      : Matched result:User{id='fooUserId', email='someone@gmail.com', name='someone'}
21:40:44.918 [http-nio-9120-exec-8] INFO  org.thiki.kanban.login.LoginService - Login successfully:Identification{token='4988ca54a84321490e03fd906b5d2425afba80914c282271fd83ad1438ec8b55976cf77197a77b08c750bfb5e6173790f9f95f4e07a4f273d6fad3645e8377ed8ea865770a8aa4ff05168a98dc2417a4254405fb1639871cfc63f0dd5871a4805dc3778c106d37010b2c20adedd0117a2a8e63632744fa4e33151d880eed022e', userName='someone'}
2017-03-03 21:40:44.918  INFO 6131 --- [nio-9120-exec-8] org.thiki.kanban.login.LoginService      : Login successfully:Identification{token='4988ca54a84321490e03fd906b5d2425afba80914c282271fd83ad1438ec8b55976cf77197a77b08c750bfb5e6173790f9f95f4e07a4f273d6fad3645e8377ed8ea865770a8aa4ff05168a98dc2417a4254405fb1639871cfc63f0dd5871a4805dc3778c106d37010b2c20adedd0117a2a8e63632744fa4e33151d880eed022e', userName='someone'}
21:40:44.955 [http-nio-9120-exec-8] INFO  o.t.k.f.logback.SessionInterceptor - remove sessionId.
2017-03-03 21:40:44.955  INFO 6131 --- [nio-9120-exec-8] o.t.k.f.logback.SessionInterceptor       : remove sessionId.
21:40:45.069 [http-nio-9120-exec-9] INFO  o.t.k.f.logback.SessionInterceptor - init session:007f74c7-0017-11e7-af8b-0014781bc25c
2017-03-03 21:40:45.069  INFO 6131 --- [nio-9120-exec-9] o.t.k.f.logback.SessionInterceptor       : init session:007f74c7-0017-11e7-af8b-0014781bc25c
21:40:45.070 [http-nio-9120-exec-9] INFO  o.t.k.f.s.i.f.SecurityInterceptor - identification start.userName:null,uri:/kanban/login
2017-03-03 21:40:45.070  INFO 6131 --- [nio-9120-exec-9] o.t.k.f.s.i.filter.SecurityInterceptor   : identification start.userName:null,uri:/kanban/login
21:40:45.070 [http-nio-9120-exec-9] INFO  o.t.k.f.s.a.AuthenticationInterceptor - authentication start.currentURL:/kanban/login
2017-03-03 21:40:45.070  INFO 6131 --- [nio-9120-exec-9] o.t.k.f.s.a.AuthenticationInterceptor    : authentication start.currentURL:/kanban/login
21:40:45.071 [http-nio-9120-exec-9] INFO  o.thiki.kanban.login.LoginController - Login request arrived controller,identity:null
2017-03-03 21:40:45.071  INFO 6131 --- [nio-9120-exec-9] org.thiki.kanban.login.LoginController   : Login request arrived controller,identity:null
21:40:45.098 [http-nio-9120-exec-9] INFO  o.t.k.f.logback.SessionInterceptor - remove sessionId.
2017-03-03 21:40:45.098  INFO 6131 --- [nio-9120-exec-9] o.t.k.f.logback.SessionInterceptor       : remove sessionId.
21:40:45.102 [http-nio-9120-exec-9] INFO  o.t.k.f.logback.SessionInterceptor - init session:00847dd8-0017-11e7-af8b-0014781bc25c
2017-03-03 21:40:45.102  INFO 6131 --- [nio-9120-exec-9] o.t.k.f.logback.SessionInterceptor       : init session:00847dd8-0017-11e7-af8b-0014781bc25c
21:40:45.102 [http-nio-9120-exec-9] INFO  o.t.k.f.s.i.f.SecurityInterceptor - identification start.userName:null,uri:/kanban/error/invalidParamsException
2017-03-03 21:40:45.102  INFO 6131 --- [nio-9120-exec-9] o.t.k.f.s.i.filter.SecurityInterceptor   : identification start.userName:null,uri:/kanban/error/invalidParamsException
21:40:45.102 [http-nio-9120-exec-9] INFO  o.t.k.f.s.a.AuthenticationInterceptor - authentication start.currentURL:/kanban/error/invalidParamsException
2017-03-03 21:40:45.102  INFO 6131 --- [nio-9120-exec-9] o.t.k.f.s.a.AuthenticationInterceptor    : authentication start.currentURL:/kanban/error/invalidParamsException
21:40:45.106 [http-nio-9120-exec-9] INFO  o.t.k.f.logback.SessionInterceptor - remove sessionId.
2017-03-03 21:40:45.106  INFO 6131 --- [nio-9120-exec-9] o.t.k.f.logback.SessionInterceptor       : remove sessionId.
21:40:45.147 [http-nio-9120-exec-10] INFO  o.t.k.f.logback.SessionInterceptor - init session:008b5ba9-0017-11e7-af8b-0014781bc25c
2017-03-03 21:40:45.147  INFO 6131 --- [io-9120-exec-10] o.t.k.f.logback.SessionInterceptor       : init session:008b5ba9-0017-11e7-af8b-0014781bc25c
21:40:45.148 [http-nio-9120-exec-10] INFO  o.t.k.f.s.i.f.SecurityInterceptor - identification start.userName:null,uri:/kanban/login
2017-03-03 21:40:45.148  INFO 6131 --- [io-9120-exec-10] o.t.k.f.s.i.filter.SecurityInterceptor   : identification start.userName:null,uri:/kanban/login
21:40:45.148 [http-nio-9120-exec-10] INFO  o.t.k.f.s.a.AuthenticationInterceptor - authentication start.currentURL:/kanban/login
2017-03-03 21:40:45.148  INFO 6131 --- [io-9120-exec-10] o.t.k.f.s.a.AuthenticationInterceptor    : authentication start.currentURL:/kanban/login
21:40:45.149 [http-nio-9120-exec-10] INFO  o.thiki.kanban.login.LoginController - Login request arrived controller,identity:foo
2017-03-03 21:40:45.149  INFO 6131 --- [io-9120-exec-10] org.thiki.kanban.login.LoginController   : Login request arrived controller,identity:foo
21:40:45.156 [http-nio-9120-exec-10] INFO  org.thiki.kanban.login.LoginService - Login request arrived service,identity:foo
2017-03-03 21:40:45.156  INFO 6131 --- [io-9120-exec-10] org.thiki.kanban.login.LoginService      : Login request arrived service,identity:foo
21:40:45.169 [http-nio-9120-exec-10] INFO  org.thiki.kanban.login.LoginService - Load user:null
2017-03-03 21:40:45.169  INFO 6131 --- [io-9120-exec-10] org.thiki.kanban.login.LoginService      : Load user:null
21:40:45.170 [http-nio-9120-exec-10] INFO  o.t.k.f.logback.SessionInterceptor - remove sessionId.
2017-03-03 21:40:45.170  INFO 6131 --- [io-9120-exec-10] o.t.k.f.logback.SessionInterceptor       : remove sessionId.
21:40:45.173 [http-nio-9120-exec-10] INFO  o.t.k.f.logback.SessionInterceptor - init session:008f534a-0017-11e7-af8b-0014781bc25c
2017-03-03 21:40:45.173  INFO 6131 --- [io-9120-exec-10] o.t.k.f.logback.SessionInterceptor       : init session:008f534a-0017-11e7-af8b-0014781bc25c
21:40:45.174 [http-nio-9120-exec-10] INFO  o.t.k.f.s.i.f.SecurityInterceptor - identification start.userName:null,uri:/kanban/error/invalidParamsException
2017-03-03 21:40:45.174  INFO 6131 --- [io-9120-exec-10] o.t.k.f.s.i.filter.SecurityInterceptor   : identification start.userName:null,uri:/kanban/error/invalidParamsException
21:40:45.174 [http-nio-9120-exec-10] INFO  o.t.k.f.s.a.AuthenticationInterceptor - authentication start.currentURL:/kanban/error/invalidParamsException
2017-03-03 21:40:45.174  INFO 6131 --- [io-9120-exec-10] o.t.k.f.s.a.AuthenticationInterceptor    : authentication start.currentURL:/kanban/error/invalidParamsException
21:40:45.178 [http-nio-9120-exec-10] INFO  o.t.k.f.logback.SessionInterceptor - remove sessionId.
2017-03-03 21:40:45.178  INFO 6131 --- [io-9120-exec-10] o.t.k.f.logback.SessionInterceptor       : remove sessionId.
]]></system-out>
  <system-err><![CDATA[]]></system-err>
</testsuite>
