<?xml version="1.0" encoding="UTF-8"?>
<testsuite name="org.thiki.kanban.user.ProfileTest" tests="3" skipped="0" failures="0" errors="0" timestamp="2017-03-12T11:08:56" hostname="wisdom-HP" time="0.286">
  <properties/>
  <testcase name="updateProfile" classname="org.thiki.kanban.user.ProfileTest" time="0.109"/>
  <testcase name="loadProfile" classname="org.thiki.kanban.user.ProfileTest" time="0.104"/>
  <testcase name="initProfileIfProfileIsNotExist" classname="org.thiki.kanban.user.ProfileTest" time="0.069"/>
  <system-out><![CDATA[2017-03-12 19:08:56.270  INFO 6873 --- [    Test worker] o.s.t.c.support.AbstractContextLoader    : Could not detect default resource locations for test class [org.thiki.kanban.TestBase]: no resource found for suffixes {-context.xml, Context.groovy}.
2017-03-12 19:08:56.283  INFO 6873 --- [    Test worker] WebAppIntegrationTestContextBootstrapper : Loaded default TestExecutionListener class names from location [META-INF/spring.factories]: [org.springframework.test.context.web.ServletTestExecutionListener, org.springframework.test.context.support.DirtiesContextBeforeModesTestExecutionListener, org.springframework.test.context.support.DependencyInjectionTestExecutionListener, org.springframework.test.context.support.DirtiesContextTestExecutionListener, org.springframework.test.context.transaction.TransactionalTestExecutionListener, org.springframework.test.context.jdbc.SqlScriptsTestExecutionListener, org.springframework.boot.test.mock.mockito.MockitoTestExecutionListener, org.springframework.boot.test.mock.mockito.ResetMocksTestExecutionListener, org.springframework.boot.test.autoconfigure.restdocs.RestDocsTestExecutionListener, org.springframework.boot.test.autoconfigure.web.client.MockRestServiceServerResetTestExecutionListener, org.springframework.boot.test.autoconfigure.web.servlet.MockMvcPrintOnlyOnFailureTestExecutionListener, org.springframework.boot.test.autoconfigure.web.servlet.WebDriverTestExecutionListener]
2017-03-12 19:08:56.286  INFO 6873 --- [    Test worker] WebAppIntegrationTestContextBootstrapper : Using TestExecutionListeners: [org.springframework.test.context.web.ServletTestExecutionListener@3f78e6cf, org.springframework.test.context.support.DirtiesContextBeforeModesTestExecutionListener@2053f87f, org.springframework.test.context.support.DependencyInjectionTestExecutionListener@56fa0e63, org.springframework.test.context.support.DirtiesContextTestExecutionListener@59dc8322, org.springframework.test.context.transaction.TransactionalTestExecutionListener@21ea4848, org.springframework.test.context.jdbc.SqlScriptsTestExecutionListener@1ec5cc0a, org.springframework.boot.test.autoconfigure.web.servlet.MockMvcPrintOnlyOnFailureTestExecutionListener@184a50a7, org.springframework.boot.test.autoconfigure.web.servlet.WebDriverTestExecutionListener@25b2051f, org.springframework.boot.test.autoconfigure.web.client.MockRestServiceServerResetTestExecutionListener@56e9a1e9, org.springframework.boot.test.mock.mockito.MockitoTestExecutionListener@667c82a2, org.springframework.boot.test.mock.mockito.ResetMocksTestExecutionListener@2cf939a2, org.springframework.boot.test.autoconfigure.restdocs.RestDocsTestExecutionListener@19d64bdf]
19:08:56.314 [http-nio-9120-exec-13] INFO  o.t.k.f.logback.SessionInterceptor - init session:48f97ddd-0714-11e7-80b3-0014781bc25c
2017-03-12 19:08:56.314  INFO 6873 --- [io-9120-exec-13] o.t.k.f.logback.SessionInterceptor       : init session:48f97ddd-0714-11e7-80b3-0014781bc25c
19:08:56.315 [http-nio-9120-exec-13] INFO  o.t.k.f.s.i.f.SecurityInterceptor - identification start.userName:someone,uri:/kanban/users/someone/profile
2017-03-12 19:08:56.315  INFO 6873 --- [io-9120-exec-13] o.t.k.f.s.i.filter.SecurityInterceptor   : identification start.userName:someone,uri:/kanban/users/someone/profile
19:08:56.315 [http-nio-9120-exec-13] INFO  o.t.k.f.s.a.AuthenticationInterceptor - authentication start.currentURL:/kanban/users/someone/profile
2017-03-12 19:08:56.315  INFO 6873 --- [io-9120-exec-13] o.t.k.f.s.a.AuthenticationInterceptor    : authentication start.currentURL:/kanban/users/someone/profile
19:08:56.348 [http-nio-9120-exec-13] INFO  o.t.k.f.logback.SessionInterceptor - remove sessionId.
2017-03-12 19:08:56.348  INFO 6873 --- [io-9120-exec-13] o.t.k.f.logback.SessionInterceptor       : remove sessionId.
19:08:56.419 [http-nio-9120-exec-21] INFO  o.t.k.f.logback.SessionInterceptor - init session:4909836e-0714-11e7-80b3-0014781bc25c
2017-03-12 19:08:56.419  INFO 6873 --- [io-9120-exec-21] o.t.k.f.logback.SessionInterceptor       : init session:4909836e-0714-11e7-80b3-0014781bc25c
19:08:56.422 [http-nio-9120-exec-21] INFO  o.t.k.f.s.i.f.SecurityInterceptor - identification start.userName:someone,uri:/kanban/users/someone/profile
2017-03-12 19:08:56.422  INFO 6873 --- [io-9120-exec-21] o.t.k.f.s.i.filter.SecurityInterceptor   : identification start.userName:someone,uri:/kanban/users/someone/profile
19:08:56.423 [http-nio-9120-exec-21] INFO  o.t.k.f.s.a.AuthenticationInterceptor - authentication start.currentURL:/kanban/users/someone/profile
2017-03-12 19:08:56.423  INFO 6873 --- [io-9120-exec-21] o.t.k.f.s.a.AuthenticationInterceptor    : authentication start.currentURL:/kanban/users/someone/profile
19:08:56.433 [http-nio-9120-exec-21] INFO  o.t.k.f.logback.SessionInterceptor - remove sessionId.
2017-03-12 19:08:56.433  INFO 6873 --- [io-9120-exec-21] o.t.k.f.logback.SessionInterceptor       : remove sessionId.
19:08:56.522 [http-nio-9120-exec-19] INFO  o.t.k.f.logback.SessionInterceptor - init session:49193adf-0714-11e7-80b3-0014781bc25c
2017-03-12 19:08:56.522  INFO 6873 --- [io-9120-exec-19] o.t.k.f.logback.SessionInterceptor       : init session:49193adf-0714-11e7-80b3-0014781bc25c
19:08:56.523 [http-nio-9120-exec-19] INFO  o.t.k.f.s.i.f.SecurityInterceptor - identification start.userName:someone,uri:/kanban/users/someone/profile
2017-03-12 19:08:56.523  INFO 6873 --- [io-9120-exec-19] o.t.k.f.s.i.filter.SecurityInterceptor   : identification start.userName:someone,uri:/kanban/users/someone/profile
19:08:56.523 [http-nio-9120-exec-19] INFO  o.t.k.f.s.a.AuthenticationInterceptor - authentication start.currentURL:/kanban/users/someone/profile
2017-03-12 19:08:56.523  INFO 6873 --- [io-9120-exec-19] o.t.k.f.s.a.AuthenticationInterceptor    : authentication start.currentURL:/kanban/users/someone/profile
19:08:56.531 [http-nio-9120-exec-19] INFO  o.t.k.f.logback.SessionInterceptor - remove sessionId.
2017-03-12 19:08:56.531  INFO 6873 --- [io-9120-exec-19] o.t.k.f.logback.SessionInterceptor       : remove sessionId.
]]></system-out>
  <system-err><![CDATA[]]></system-err>
</testsuite>
