<?xml version="1.0" encoding="UTF-8"?>
<testsuite name="org.thiki.kanban.login.LoginControllerTest" tests="4" skipped="0" failures="0" errors="0" timestamp="2017-03-12T11:08:42" hostname="wisdom-HP" time="0.495">
  <properties/>
  <testcase name="login_shouldLoginFailedIfUserNameOrPasswordIsIncorrect" classname="org.thiki.kanban.login.LoginControllerTest" time="0.178"/>
  <testcase name="login_loginSuccessfully" classname="org.thiki.kanban.login.LoginControllerTest" time="0.141"/>
  <testcase name="login_loginFailed" classname="org.thiki.kanban.login.LoginControllerTest" time="0.094"/>
  <testcase name="login_loginFailedIfRegUserIsNotExists" classname="org.thiki.kanban.login.LoginControllerTest" time="0.074"/>
  <system-out><![CDATA[2017-03-12 19:08:42.877  INFO 6873 --- [    Test worker] o.s.t.c.support.AbstractContextLoader    : Could not detect default resource locations for test class [org.thiki.kanban.TestBase]: no resource found for suffixes {-context.xml, Context.groovy}.
2017-03-12 19:08:42.883  INFO 6873 --- [    Test worker] WebAppIntegrationTestContextBootstrapper : Loaded default TestExecutionListener class names from location [META-INF/spring.factories]: [org.springframework.test.context.web.ServletTestExecutionListener, org.springframework.test.context.support.DirtiesContextBeforeModesTestExecutionListener, org.springframework.test.context.support.DependencyInjectionTestExecutionListener, org.springframework.test.context.support.DirtiesContextTestExecutionListener, org.springframework.test.context.transaction.TransactionalTestExecutionListener, org.springframework.test.context.jdbc.SqlScriptsTestExecutionListener, org.springframework.boot.test.mock.mockito.MockitoTestExecutionListener, org.springframework.boot.test.mock.mockito.ResetMocksTestExecutionListener, org.springframework.boot.test.autoconfigure.restdocs.RestDocsTestExecutionListener, org.springframework.boot.test.autoconfigure.web.client.MockRestServiceServerResetTestExecutionListener, org.springframework.boot.test.autoconfigure.web.servlet.MockMvcPrintOnlyOnFailureTestExecutionListener, org.springframework.boot.test.autoconfigure.web.servlet.WebDriverTestExecutionListener]
2017-03-12 19:08:42.884  INFO 6873 --- [    Test worker] WebAppIntegrationTestContextBootstrapper : Using TestExecutionListeners: [org.springframework.test.context.web.ServletTestExecutionListener@4e3ade3e, org.springframework.test.context.support.DirtiesContextBeforeModesTestExecutionListener@4b7d78a, org.springframework.test.context.support.DependencyInjectionTestExecutionListener@7d42524e, org.springframework.test.context.support.DirtiesContextTestExecutionListener@797d4277, org.springframework.test.context.transaction.TransactionalTestExecutionListener@612ea848, org.springframework.test.context.jdbc.SqlScriptsTestExecutionListener@5b9f3860, org.springframework.boot.test.autoconfigure.web.servlet.MockMvcPrintOnlyOnFailureTestExecutionListener@3420c17f, org.springframework.boot.test.autoconfigure.web.servlet.WebDriverTestExecutionListener@27dd5376, org.springframework.boot.test.autoconfigure.web.client.MockRestServiceServerResetTestExecutionListener@3325c32d, org.springframework.boot.test.mock.mockito.MockitoTestExecutionListener@11dba111, org.springframework.boot.test.mock.mockito.ResetMocksTestExecutionListener@23c2a16c, org.springframework.boot.test.autoconfigure.restdocs.RestDocsTestExecutionListener@6ec91081]
19:08:42.962 [http-nio-9120-exec-9] INFO  o.t.k.f.logback.SessionInterceptor - init session:410423a2-0714-11e7-80b3-0014781bc25c
2017-03-12 19:08:42.962  INFO 6873 --- [nio-9120-exec-9] o.t.k.f.logback.SessionInterceptor       : init session:410423a2-0714-11e7-80b3-0014781bc25c
19:08:42.962 [http-nio-9120-exec-9] INFO  o.t.k.f.s.i.f.SecurityInterceptor - identification start.userName:null,uri:/kanban/login
2017-03-12 19:08:42.962  INFO 6873 --- [nio-9120-exec-9] o.t.k.f.s.i.filter.SecurityInterceptor   : identification start.userName:null,uri:/kanban/login
19:08:42.962 [http-nio-9120-exec-9] INFO  o.t.k.f.s.a.AuthenticationInterceptor - authentication start.currentURL:/kanban/login
2017-03-12 19:08:42.962  INFO 6873 --- [nio-9120-exec-9] o.t.k.f.s.a.AuthenticationInterceptor    : authentication start.currentURL:/kanban/login
19:08:42.977 [http-nio-9120-exec-9] INFO  o.thiki.kanban.login.LoginController - Login request arrived controller,identity:someone
2017-03-12 19:08:42.977  INFO 6873 --- [nio-9120-exec-9] org.thiki.kanban.login.LoginController   : Login request arrived controller,identity:someone
19:08:42.994 [http-nio-9120-exec-9] INFO  org.thiki.kanban.login.LoginService - Login request arrived service,identity:someone
2017-03-12 19:08:42.994  INFO 6873 --- [nio-9120-exec-9] org.thiki.kanban.login.LoginService      : Login request arrived service,identity:someone
19:08:43.006 [http-nio-9120-exec-9] INFO  org.thiki.kanban.login.LoginService - Load user:{"email":"someone@gmail.com","id":"fooUserId","profile":{"email":"someone@gmail.com","nickName":"someone"},"salt":"fooId","userName":"someone"}
2017-03-12 19:08:43.006  INFO 6873 --- [nio-9120-exec-9] org.thiki.kanban.login.LoginService      : Load user:{"email":"someone@gmail.com","id":"fooUserId","profile":{"email":"someone@gmail.com","nickName":"someone"},"salt":"fooId","userName":"someone"}
19:08:43.006 [http-nio-9120-exec-9] INFO  org.thiki.kanban.login.LoginService - Dencrypt password.
2017-03-12 19:08:43.006  INFO 6873 --- [nio-9120-exec-9] org.thiki.kanban.login.LoginService      : Dencrypt password.
19:08:43.014 [http-nio-9120-exec-9] INFO  org.thiki.kanban.login.LoginService - Encrypt password with md5.
2017-03-12 19:08:43.014  INFO 6873 --- [nio-9120-exec-9] org.thiki.kanban.login.LoginService      : Encrypt password with md5.
19:08:43.027 [http-nio-9120-exec-9] INFO  org.thiki.kanban.login.LoginService - Matched result:null
2017-03-12 19:08:43.027  INFO 6873 --- [nio-9120-exec-9] org.thiki.kanban.login.LoginService      : Matched result:null
19:08:43.029 [http-nio-9120-exec-9] INFO  o.t.k.f.logback.SessionInterceptor - remove sessionId.
2017-03-12 19:08:43.029  INFO 6873 --- [nio-9120-exec-9] o.t.k.f.logback.SessionInterceptor       : remove sessionId.
19:08:43.032 [http-nio-9120-exec-9] INFO  o.t.k.f.logback.SessionInterceptor - init session:410ed203-0714-11e7-80b3-0014781bc25c
2017-03-12 19:08:43.032  INFO 6873 --- [nio-9120-exec-9] o.t.k.f.logback.SessionInterceptor       : init session:410ed203-0714-11e7-80b3-0014781bc25c
19:08:43.032 [http-nio-9120-exec-9] INFO  o.t.k.f.s.i.f.SecurityInterceptor - identification start.userName:null,uri:/kanban/error/invalidParamsException
2017-03-12 19:08:43.032  INFO 6873 --- [nio-9120-exec-9] o.t.k.f.s.i.filter.SecurityInterceptor   : identification start.userName:null,uri:/kanban/error/invalidParamsException
19:08:43.033 [http-nio-9120-exec-9] INFO  o.t.k.f.s.a.AuthenticationInterceptor - authentication start.currentURL:/kanban/error/invalidParamsException
2017-03-12 19:08:43.033  INFO 6873 --- [nio-9120-exec-9] o.t.k.f.s.a.AuthenticationInterceptor    : authentication start.currentURL:/kanban/error/invalidParamsException
19:08:43.038 [http-nio-9120-exec-9] INFO  o.t.k.f.logback.SessionInterceptor - remove sessionId.
2017-03-12 19:08:43.038  INFO 6873 --- [nio-9120-exec-9] o.t.k.f.logback.SessionInterceptor       : remove sessionId.
19:08:43.093 [http-nio-9120-exec-10] INFO  o.t.k.f.logback.SessionInterceptor - init session:411820d4-0714-11e7-80b3-0014781bc25c
2017-03-12 19:08:43.093  INFO 6873 --- [io-9120-exec-10] o.t.k.f.logback.SessionInterceptor       : init session:411820d4-0714-11e7-80b3-0014781bc25c
19:08:43.093 [http-nio-9120-exec-10] INFO  o.t.k.f.s.i.f.SecurityInterceptor - identification start.userName:null,uri:/kanban/login
2017-03-12 19:08:43.093  INFO 6873 --- [io-9120-exec-10] o.t.k.f.s.i.filter.SecurityInterceptor   : identification start.userName:null,uri:/kanban/login
19:08:43.094 [http-nio-9120-exec-10] INFO  o.t.k.f.s.a.AuthenticationInterceptor - authentication start.currentURL:/kanban/login
2017-03-12 19:08:43.094  INFO 6873 --- [io-9120-exec-10] o.t.k.f.s.a.AuthenticationInterceptor    : authentication start.currentURL:/kanban/login
19:08:43.094 [http-nio-9120-exec-10] INFO  o.thiki.kanban.login.LoginController - Login request arrived controller,identity:someone
2017-03-12 19:08:43.094  INFO 6873 --- [io-9120-exec-10] org.thiki.kanban.login.LoginController   : Login request arrived controller,identity:someone
19:08:43.100 [http-nio-9120-exec-10] INFO  org.thiki.kanban.login.LoginService - Login request arrived service,identity:someone
2017-03-12 19:08:43.100  INFO 6873 --- [io-9120-exec-10] org.thiki.kanban.login.LoginService      : Login request arrived service,identity:someone
19:08:43.109 [http-nio-9120-exec-10] INFO  org.thiki.kanban.login.LoginService - Load user:{"email":"someone@gmail.com","id":"fooUserId","profile":{"email":"someone@gmail.com","nickName":"someone"},"salt":"fooId","userName":"someone"}
2017-03-12 19:08:43.109  INFO 6873 --- [io-9120-exec-10] org.thiki.kanban.login.LoginService      : Load user:{"email":"someone@gmail.com","id":"fooUserId","profile":{"email":"someone@gmail.com","nickName":"someone"},"salt":"fooId","userName":"someone"}
19:08:43.109 [http-nio-9120-exec-10] INFO  org.thiki.kanban.login.LoginService - Dencrypt password.
2017-03-12 19:08:43.109  INFO 6873 --- [io-9120-exec-10] org.thiki.kanban.login.LoginService      : Dencrypt password.
19:08:43.113 [http-nio-9120-exec-10] INFO  org.thiki.kanban.login.LoginService - Encrypt password with md5.
2017-03-12 19:08:43.113  INFO 6873 --- [io-9120-exec-10] org.thiki.kanban.login.LoginService      : Encrypt password with md5.
19:08:43.122 [http-nio-9120-exec-10] INFO  org.thiki.kanban.login.LoginService - Matched result:{"email":"someone@gmail.com","id":"fooUserId","profile":{"email":"someone@gmail.com","nickName":"someone"},"userName":"someone"}
2017-03-12 19:08:43.122  INFO 6873 --- [io-9120-exec-10] org.thiki.kanban.login.LoginService      : Matched result:{"email":"someone@gmail.com","id":"fooUserId","profile":{"email":"someone@gmail.com","nickName":"someone"},"userName":"someone"}
19:08:43.126 [http-nio-9120-exec-10] INFO  org.thiki.kanban.login.LoginService - Login successfully:Identification{token='4988ca54a84321490e03fd906b5d2425afba80914c282271fd83ad1438ec8b55976cf77197a77b08c750bfb5e6173790f9f95f4e07a4f273d6fad3645e8377ed8ea865770a8aa4ff05168a98dc2417a4254405fb1639871cfc63f0dd5871a4805dc3778c106d37010b2c20adedd0117a2a8e63632744fa4e33151d880eed022e', userName='someone'}
2017-03-12 19:08:43.126  INFO 6873 --- [io-9120-exec-10] org.thiki.kanban.login.LoginService      : Login successfully:Identification{token='4988ca54a84321490e03fd906b5d2425afba80914c282271fd83ad1438ec8b55976cf77197a77b08c750bfb5e6173790f9f95f4e07a4f273d6fad3645e8377ed8ea865770a8aa4ff05168a98dc2417a4254405fb1639871cfc63f0dd5871a4805dc3778c106d37010b2c20adedd0117a2a8e63632744fa4e33151d880eed022e', userName='someone'}
19:08:43.145 [http-nio-9120-exec-10] INFO  o.t.k.f.logback.SessionInterceptor - remove sessionId.
2017-03-12 19:08:43.145  INFO 6873 --- [io-9120-exec-10] o.t.k.f.logback.SessionInterceptor       : remove sessionId.
19:08:43.240 [http-nio-9120-exec-1] INFO  o.t.k.f.logback.SessionInterceptor - init session:412e8f05-0714-11e7-80b3-0014781bc25c
2017-03-12 19:08:43.240  INFO 6873 --- [nio-9120-exec-1] o.t.k.f.logback.SessionInterceptor       : init session:412e8f05-0714-11e7-80b3-0014781bc25c
19:08:43.240 [http-nio-9120-exec-1] INFO  o.t.k.f.s.i.f.SecurityInterceptor - identification start.userName:null,uri:/kanban/login
2017-03-12 19:08:43.240  INFO 6873 --- [nio-9120-exec-1] o.t.k.f.s.i.filter.SecurityInterceptor   : identification start.userName:null,uri:/kanban/login
19:08:43.241 [http-nio-9120-exec-1] INFO  o.t.k.f.s.a.AuthenticationInterceptor - authentication start.currentURL:/kanban/login
2017-03-12 19:08:43.241  INFO 6873 --- [nio-9120-exec-1] o.t.k.f.s.a.AuthenticationInterceptor    : authentication start.currentURL:/kanban/login
19:08:43.242 [http-nio-9120-exec-1] INFO  o.thiki.kanban.login.LoginController - Login request arrived controller,identity:null
2017-03-12 19:08:43.242  INFO 6873 --- [nio-9120-exec-1] org.thiki.kanban.login.LoginController   : Login request arrived controller,identity:null
19:08:43.268 [http-nio-9120-exec-1] INFO  o.t.k.f.logback.SessionInterceptor - remove sessionId.
2017-03-12 19:08:43.268  INFO 6873 --- [nio-9120-exec-1] o.t.k.f.logback.SessionInterceptor       : remove sessionId.
19:08:43.271 [http-nio-9120-exec-1] INFO  o.t.k.f.logback.SessionInterceptor - init session:413349f6-0714-11e7-80b3-0014781bc25c
2017-03-12 19:08:43.271  INFO 6873 --- [nio-9120-exec-1] o.t.k.f.logback.SessionInterceptor       : init session:413349f6-0714-11e7-80b3-0014781bc25c
19:08:43.272 [http-nio-9120-exec-1] INFO  o.t.k.f.s.i.f.SecurityInterceptor - identification start.userName:null,uri:/kanban/error/invalidParamsException
2017-03-12 19:08:43.272  INFO 6873 --- [nio-9120-exec-1] o.t.k.f.s.i.filter.SecurityInterceptor   : identification start.userName:null,uri:/kanban/error/invalidParamsException
19:08:43.272 [http-nio-9120-exec-1] INFO  o.t.k.f.s.a.AuthenticationInterceptor - authentication start.currentURL:/kanban/error/invalidParamsException
2017-03-12 19:08:43.272  INFO 6873 --- [nio-9120-exec-1] o.t.k.f.s.a.AuthenticationInterceptor    : authentication start.currentURL:/kanban/error/invalidParamsException
19:08:43.276 [http-nio-9120-exec-1] INFO  o.t.k.f.logback.SessionInterceptor - remove sessionId.
2017-03-12 19:08:43.276  INFO 6873 --- [nio-9120-exec-1] o.t.k.f.logback.SessionInterceptor       : remove sessionId.
19:08:43.330 [http-nio-9120-exec-3] INFO  o.t.k.f.logback.SessionInterceptor - init session:413c2397-0714-11e7-80b3-0014781bc25c
2017-03-12 19:08:43.330  INFO 6873 --- [nio-9120-exec-3] o.t.k.f.logback.SessionInterceptor       : init session:413c2397-0714-11e7-80b3-0014781bc25c
19:08:43.331 [http-nio-9120-exec-3] INFO  o.t.k.f.s.i.f.SecurityInterceptor - identification start.userName:null,uri:/kanban/login
2017-03-12 19:08:43.331  INFO 6873 --- [nio-9120-exec-3] o.t.k.f.s.i.filter.SecurityInterceptor   : identification start.userName:null,uri:/kanban/login
19:08:43.332 [http-nio-9120-exec-3] INFO  o.t.k.f.s.a.AuthenticationInterceptor - authentication start.currentURL:/kanban/login
2017-03-12 19:08:43.332  INFO 6873 --- [nio-9120-exec-3] o.t.k.f.s.a.AuthenticationInterceptor    : authentication start.currentURL:/kanban/login
19:08:43.333 [http-nio-9120-exec-3] INFO  o.thiki.kanban.login.LoginController - Login request arrived controller,identity:foo
2017-03-12 19:08:43.333  INFO 6873 --- [nio-9120-exec-3] org.thiki.kanban.login.LoginController   : Login request arrived controller,identity:foo
19:08:43.339 [http-nio-9120-exec-3] INFO  org.thiki.kanban.login.LoginService - Login request arrived service,identity:foo
2017-03-12 19:08:43.339  INFO 6873 --- [nio-9120-exec-3] org.thiki.kanban.login.LoginService      : Login request arrived service,identity:foo
19:08:43.349 [http-nio-9120-exec-3] INFO  org.thiki.kanban.login.LoginService - Load user:null
2017-03-12 19:08:43.349  INFO 6873 --- [nio-9120-exec-3] org.thiki.kanban.login.LoginService      : Load user:null
19:08:43.350 [http-nio-9120-exec-3] INFO  o.t.k.f.logback.SessionInterceptor - remove sessionId.
2017-03-12 19:08:43.350  INFO 6873 --- [nio-9120-exec-3] o.t.k.f.logback.SessionInterceptor       : remove sessionId.
19:08:43.353 [http-nio-9120-exec-3] INFO  o.t.k.f.logback.SessionInterceptor - init session:413fcd18-0714-11e7-80b3-0014781bc25c
2017-03-12 19:08:43.353  INFO 6873 --- [nio-9120-exec-3] o.t.k.f.logback.SessionInterceptor       : init session:413fcd18-0714-11e7-80b3-0014781bc25c
19:08:43.353 [http-nio-9120-exec-3] INFO  o.t.k.f.s.i.f.SecurityInterceptor - identification start.userName:null,uri:/kanban/error/invalidParamsException
2017-03-12 19:08:43.353  INFO 6873 --- [nio-9120-exec-3] o.t.k.f.s.i.filter.SecurityInterceptor   : identification start.userName:null,uri:/kanban/error/invalidParamsException
19:08:43.353 [http-nio-9120-exec-3] INFO  o.t.k.f.s.a.AuthenticationInterceptor - authentication start.currentURL:/kanban/error/invalidParamsException
2017-03-12 19:08:43.353  INFO 6873 --- [nio-9120-exec-3] o.t.k.f.s.a.AuthenticationInterceptor    : authentication start.currentURL:/kanban/error/invalidParamsException
19:08:43.359 [http-nio-9120-exec-3] INFO  o.t.k.f.logback.SessionInterceptor - remove sessionId.
2017-03-12 19:08:43.359  INFO 6873 --- [nio-9120-exec-3] o.t.k.f.logback.SessionInterceptor       : remove sessionId.
]]></system-out>
  <system-err><![CDATA[]]></system-err>
</testsuite>
